[0.095s] DEBUG:colcon:Command line arguments: ['/usr/bin/colcon', 'build']
[0.095s] DEBUG:colcon:Parsed command line arguments: Namespace(log_base=None, log_level=None, verb_name='build', build_base='build', install_base='install', merge_install=False, symlink_install=False, test_result_base=None, continue_on_error=False, executor='parallel', parallel_workers=12, event_handlers=None, ignore_user_meta=False, metas=['./colcon.meta'], base_paths=['.'], packages_ignore=None, packages_ignore_regex=None, paths=None, packages_up_to=None, packages_up_to_regex=None, packages_above=None, packages_above_and_dependencies=None, packages_above_depth=None, packages_select_by_dep=None, packages_skip_by_dep=None, packages_skip_up_to=None, packages_select_build_failed=False, packages_skip_build_finished=False, packages_select_test_failures=False, packages_skip_test_passed=False, packages_select=None, packages_skip=None, packages_select_regex=None, packages_skip_regex=None, packages_start=None, packages_end=None, allow_overriding=[], cmake_args=None, cmake_target=None, cmake_target_skip_unavailable=False, cmake_clean_cache=False, cmake_clean_first=False, cmake_force_configure=False, ament_cmake_args=None, catkin_cmake_args=None, catkin_skip_building_tests=False, mixin_files=None, mixin=None, verb_parser=<colcon_mixin.mixin.mixin_argument.MixinArgumentDecorator object at 0x7dbb71ad6dd0>, verb_extension=<colcon_core.verb.build.BuildVerb object at 0x7dbb71ad67d0>, main=<bound method BuildVerb.main of <colcon_core.verb.build.BuildVerb object at 0x7dbb71ad67d0>>, mixin_verb=('build',))
[0.230s] Level 1:colcon.colcon_core.package_discovery:discover_packages(colcon_meta) check parameters
[0.230s] Level 1:colcon.colcon_core.package_discovery:discover_packages(recursive) check parameters
[0.231s] Level 1:colcon.colcon_core.package_discovery:discover_packages(ignore) check parameters
[0.231s] Level 1:colcon.colcon_core.package_discovery:discover_packages(path) check parameters
[0.231s] Level 1:colcon.colcon_core.package_discovery:discover_packages(colcon_meta) discover
[0.231s] Level 1:colcon.colcon_core.package_discovery:discover_packages(recursive) discover
[0.231s] INFO:colcon.colcon_core.package_discovery:Crawling recursively for packages in '/home/zephra/ros_workspace_2025/perception_ws'
[0.231s] Level 1:colcon.colcon_core.package_identification:_identify(.) by extensions ['ignore', 'ignore_ament_install']
[0.231s] Level 1:colcon.colcon_core.package_identification:_identify(.) by extension 'ignore'
[0.231s] Level 1:colcon.colcon_core.package_identification:_identify(.) by extension 'ignore_ament_install'
[0.231s] Level 1:colcon.colcon_core.package_identification:_identify(.) by extensions ['colcon_pkg']
[0.231s] Level 1:colcon.colcon_core.package_identification:_identify(.) by extension 'colcon_pkg'
[0.231s] Level 1:colcon.colcon_core.package_identification:_identify(.) by extensions ['colcon_meta']
[0.231s] Level 1:colcon.colcon_core.package_identification:_identify(.) by extension 'colcon_meta'
[0.231s] Level 1:colcon.colcon_core.package_identification:_identify(.) by extensions ['ros']
[0.231s] Level 1:colcon.colcon_core.package_identification:_identify(.) by extension 'ros'
[0.240s] Level 1:colcon.colcon_core.package_identification:_identify(.) by extensions ['cmake', 'python']
[0.240s] Level 1:colcon.colcon_core.package_identification:_identify(.) by extension 'cmake'
[0.240s] Level 1:colcon.colcon_core.package_identification:_identify(.) by extension 'python'
[0.240s] Level 1:colcon.colcon_core.package_identification:_identify(.) by extensions ['python_setup_py']
[0.240s] Level 1:colcon.colcon_core.package_identification:_identify(.) by extension 'python_setup_py'
[0.241s] Level 1:colcon.colcon_core.package_identification:_identify(build) by extensions ['ignore', 'ignore_ament_install']
[0.241s] Level 1:colcon.colcon_core.package_identification:_identify(build) by extension 'ignore'
[0.241s] Level 1:colcon.colcon_core.package_identification:_identify(build) ignored
[0.241s] Level 1:colcon.colcon_core.package_identification:_identify(install) by extensions ['ignore', 'ignore_ament_install']
[0.241s] Level 1:colcon.colcon_core.package_identification:_identify(install) by extension 'ignore'
[0.241s] Level 1:colcon.colcon_core.package_identification:_identify(install) ignored
[0.241s] Level 1:colcon.colcon_core.package_identification:_identify(log) by extensions ['ignore', 'ignore_ament_install']
[0.241s] Level 1:colcon.colcon_core.package_identification:_identify(log) by extension 'ignore'
[0.241s] Level 1:colcon.colcon_core.package_identification:_identify(log) ignored
[0.242s] Level 1:colcon.colcon_core.package_identification:_identify(src) by extensions ['ignore', 'ignore_ament_install']
[0.242s] Level 1:colcon.colcon_core.package_identification:_identify(src) by extension 'ignore'
[0.242s] Level 1:colcon.colcon_core.package_identification:_identify(src) by extension 'ignore_ament_install'
[0.242s] Level 1:colcon.colcon_core.package_identification:_identify(src) by extensions ['colcon_pkg']
[0.242s] Level 1:colcon.colcon_core.package_identification:_identify(src) by extension 'colcon_pkg'
[0.242s] Level 1:colcon.colcon_core.package_identification:_identify(src) by extensions ['colcon_meta']
[0.242s] Level 1:colcon.colcon_core.package_identification:_identify(src) by extension 'colcon_meta'
[0.242s] Level 1:colcon.colcon_core.package_identification:_identify(src) by extensions ['ros']
[0.242s] Level 1:colcon.colcon_core.package_identification:_identify(src) by extension 'ros'
[0.242s] Level 1:colcon.colcon_core.package_identification:_identify(src) by extensions ['cmake', 'python']
[0.242s] Level 1:colcon.colcon_core.package_identification:_identify(src) by extension 'cmake'
[0.242s] Level 1:colcon.colcon_core.package_identification:_identify(src) by extension 'python'
[0.242s] Level 1:colcon.colcon_core.package_identification:_identify(src) by extensions ['python_setup_py']
[0.242s] Level 1:colcon.colcon_core.package_identification:_identify(src) by extension 'python_setup_py'
[0.242s] Level 1:colcon.colcon_core.package_identification:_identify(src/controller) by extensions ['ignore', 'ignore_ament_install']
[0.242s] Level 1:colcon.colcon_core.package_identification:_identify(src/controller) by extension 'ignore'
[0.242s] Level 1:colcon.colcon_core.package_identification:_identify(src/controller) by extension 'ignore_ament_install'
[0.242s] Level 1:colcon.colcon_core.package_identification:_identify(src/controller) by extensions ['colcon_pkg']
[0.242s] Level 1:colcon.colcon_core.package_identification:_identify(src/controller) by extension 'colcon_pkg'
[0.242s] Level 1:colcon.colcon_core.package_identification:_identify(src/controller) by extensions ['colcon_meta']
[0.242s] Level 1:colcon.colcon_core.package_identification:_identify(src/controller) by extension 'colcon_meta'
[0.243s] Level 1:colcon.colcon_core.package_identification:_identify(src/controller) by extensions ['ros']
[0.243s] Level 1:colcon.colcon_core.package_identification:_identify(src/controller) by extension 'ros'
[0.245s] DEBUG:colcon.colcon_core.package_identification:Package 'src/controller' with type 'ros.ament_python' and name 'controller'
[0.245s] Level 1:colcon.colcon_core.package_identification:_identify(src/px4_msgs) by extensions ['ignore', 'ignore_ament_install']
[0.246s] Level 1:colcon.colcon_core.package_identification:_identify(src/px4_msgs) by extension 'ignore'
[0.246s] Level 1:colcon.colcon_core.package_identification:_identify(src/px4_msgs) by extension 'ignore_ament_install'
[0.246s] Level 1:colcon.colcon_core.package_identification:_identify(src/px4_msgs) by extensions ['colcon_pkg']
[0.246s] Level 1:colcon.colcon_core.package_identification:_identify(src/px4_msgs) by extension 'colcon_pkg'
[0.246s] Level 1:colcon.colcon_core.package_identification:_identify(src/px4_msgs) by extensions ['colcon_meta']
[0.246s] Level 1:colcon.colcon_core.package_identification:_identify(src/px4_msgs) by extension 'colcon_meta'
[0.246s] Level 1:colcon.colcon_core.package_identification:_identify(src/px4_msgs) by extensions ['ros']
[0.246s] Level 1:colcon.colcon_core.package_identification:_identify(src/px4_msgs) by extension 'ros'
[0.246s] DEBUG:colcon.colcon_core.package_identification:Package 'src/px4_msgs' with type 'ros.ament_cmake' and name 'px4_msgs'
[0.246s] Level 1:colcon.colcon_core.package_identification:_identify(src/px4_ros_com) by extensions ['ignore', 'ignore_ament_install']
[0.247s] Level 1:colcon.colcon_core.package_identification:_identify(src/px4_ros_com) by extension 'ignore'
[0.247s] Level 1:colcon.colcon_core.package_identification:_identify(src/px4_ros_com) by extension 'ignore_ament_install'
[0.247s] Level 1:colcon.colcon_core.package_identification:_identify(src/px4_ros_com) by extensions ['colcon_pkg']
[0.247s] Level 1:colcon.colcon_core.package_identification:_identify(src/px4_ros_com) by extension 'colcon_pkg'
[0.247s] Level 1:colcon.colcon_core.package_identification:_identify(src/px4_ros_com) by extensions ['colcon_meta']
[0.247s] Level 1:colcon.colcon_core.package_identification:_identify(src/px4_ros_com) by extension 'colcon_meta'
[0.247s] Level 1:colcon.colcon_core.package_identification:_identify(src/px4_ros_com) by extensions ['ros']
[0.247s] Level 1:colcon.colcon_core.package_identification:_identify(src/px4_ros_com) by extension 'ros'
[0.248s] DEBUG:colcon.colcon_core.package_identification:Package 'src/px4_ros_com' with type 'ros.ament_cmake' and name 'px4_ros_com'
[0.248s] Level 1:colcon.colcon_core.package_discovery:discover_packages(recursive) using defaults
[0.248s] Level 1:colcon.colcon_core.package_discovery:discover_packages(ignore) discover
[0.248s] Level 1:colcon.colcon_core.package_discovery:discover_packages(ignore) using defaults
[0.248s] Level 1:colcon.colcon_core.package_discovery:discover_packages(path) discover
[0.248s] Level 1:colcon.colcon_core.package_discovery:discover_packages(path) using defaults
[0.280s] Level 1:colcon.colcon_core.package_discovery:discover_packages(prefix_path) check parameters
[0.280s] Level 1:colcon.colcon_core.package_discovery:discover_packages(prefix_path) discover
[0.281s] DEBUG:colcon.colcon_installed_package_information.package_discovery:Found 3 installed packages in /home/zephra/ros_workspace_2025/perception_ws/install
[0.282s] DEBUG:colcon.colcon_installed_package_information.package_discovery:Found 270 installed packages in /opt/ros/humble
[0.283s] Level 1:colcon.colcon_core.package_discovery:discover_packages(prefix_path) using defaults
[0.317s] Level 5:colcon.colcon_core.verb:set package 'controller' build argument 'cmake_args' from command line to 'None'
[0.317s] Level 5:colcon.colcon_core.verb:set package 'controller' build argument 'cmake_target' from command line to 'None'
[0.317s] Level 5:colcon.colcon_core.verb:set package 'controller' build argument 'cmake_target_skip_unavailable' from command line to 'False'
[0.317s] Level 5:colcon.colcon_core.verb:set package 'controller' build argument 'cmake_clean_cache' from command line to 'False'
[0.317s] Level 5:colcon.colcon_core.verb:set package 'controller' build argument 'cmake_clean_first' from command line to 'False'
[0.317s] Level 5:colcon.colcon_core.verb:set package 'controller' build argument 'cmake_force_configure' from command line to 'False'
[0.317s] Level 5:colcon.colcon_core.verb:set package 'controller' build argument 'ament_cmake_args' from command line to 'None'
[0.317s] Level 5:colcon.colcon_core.verb:set package 'controller' build argument 'catkin_cmake_args' from command line to 'None'
[0.317s] Level 5:colcon.colcon_core.verb:set package 'controller' build argument 'catkin_skip_building_tests' from command line to 'False'
[0.317s] DEBUG:colcon.colcon_core.verb:Building package 'controller' with the following arguments: {'ament_cmake_args': None, 'build_base': '/home/zephra/ros_workspace_2025/perception_ws/build/controller', 'catkin_cmake_args': None, 'catkin_skip_building_tests': False, 'cmake_args': None, 'cmake_clean_cache': False, 'cmake_clean_first': False, 'cmake_force_configure': False, 'cmake_target': None, 'cmake_target_skip_unavailable': False, 'install_base': '/home/zephra/ros_workspace_2025/perception_ws/install/controller', 'merge_install': False, 'path': '/home/zephra/ros_workspace_2025/perception_ws/src/controller', 'symlink_install': False, 'test_result_base': None}
[0.318s] Level 5:colcon.colcon_core.verb:set package 'px4_msgs' build argument 'cmake_args' from command line to 'None'
[0.318s] Level 5:colcon.colcon_core.verb:set package 'px4_msgs' build argument 'cmake_target' from command line to 'None'
[0.318s] Level 5:colcon.colcon_core.verb:set package 'px4_msgs' build argument 'cmake_target_skip_unavailable' from command line to 'False'
[0.318s] Level 5:colcon.colcon_core.verb:set package 'px4_msgs' build argument 'cmake_clean_cache' from command line to 'False'
[0.318s] Level 5:colcon.colcon_core.verb:set package 'px4_msgs' build argument 'cmake_clean_first' from command line to 'False'
[0.318s] Level 5:colcon.colcon_core.verb:set package 'px4_msgs' build argument 'cmake_force_configure' from command line to 'False'
[0.318s] Level 5:colcon.colcon_core.verb:set package 'px4_msgs' build argument 'ament_cmake_args' from command line to 'None'
[0.318s] Level 5:colcon.colcon_core.verb:set package 'px4_msgs' build argument 'catkin_cmake_args' from command line to 'None'
[0.318s] Level 5:colcon.colcon_core.verb:set package 'px4_msgs' build argument 'catkin_skip_building_tests' from command line to 'False'
[0.318s] DEBUG:colcon.colcon_core.verb:Building package 'px4_msgs' with the following arguments: {'ament_cmake_args': None, 'build_base': '/home/zephra/ros_workspace_2025/perception_ws/build/px4_msgs', 'catkin_cmake_args': None, 'catkin_skip_building_tests': False, 'cmake_args': None, 'cmake_clean_cache': False, 'cmake_clean_first': False, 'cmake_force_configure': False, 'cmake_target': None, 'cmake_target_skip_unavailable': False, 'install_base': '/home/zephra/ros_workspace_2025/perception_ws/install/px4_msgs', 'merge_install': False, 'path': '/home/zephra/ros_workspace_2025/perception_ws/src/px4_msgs', 'symlink_install': False, 'test_result_base': None}
[0.318s] Level 5:colcon.colcon_core.verb:set package 'px4_ros_com' build argument 'cmake_args' from command line to 'None'
[0.318s] Level 5:colcon.colcon_core.verb:set package 'px4_ros_com' build argument 'cmake_target' from command line to 'None'
[0.318s] Level 5:colcon.colcon_core.verb:set package 'px4_ros_com' build argument 'cmake_target_skip_unavailable' from command line to 'False'
[0.318s] Level 5:colcon.colcon_core.verb:set package 'px4_ros_com' build argument 'cmake_clean_cache' from command line to 'False'
[0.318s] Level 5:colcon.colcon_core.verb:set package 'px4_ros_com' build argument 'cmake_clean_first' from command line to 'False'
[0.318s] Level 5:colcon.colcon_core.verb:set package 'px4_ros_com' build argument 'cmake_force_configure' from command line to 'False'
[0.318s] Level 5:colcon.colcon_core.verb:set package 'px4_ros_com' build argument 'ament_cmake_args' from command line to 'None'
[0.318s] Level 5:colcon.colcon_core.verb:set package 'px4_ros_com' build argument 'catkin_cmake_args' from command line to 'None'
[0.318s] Level 5:colcon.colcon_core.verb:set package 'px4_ros_com' build argument 'catkin_skip_building_tests' from command line to 'False'
[0.318s] DEBUG:colcon.colcon_core.verb:Building package 'px4_ros_com' with the following arguments: {'ament_cmake_args': None, 'build_base': '/home/zephra/ros_workspace_2025/perception_ws/build/px4_ros_com', 'catkin_cmake_args': None, 'catkin_skip_building_tests': False, 'cmake_args': None, 'cmake_clean_cache': False, 'cmake_clean_first': False, 'cmake_force_configure': False, 'cmake_target': None, 'cmake_target_skip_unavailable': False, 'install_base': '/home/zephra/ros_workspace_2025/perception_ws/install/px4_ros_com', 'merge_install': False, 'path': '/home/zephra/ros_workspace_2025/perception_ws/src/px4_ros_com', 'symlink_install': False, 'test_result_base': None}
[0.318s] INFO:colcon.colcon_core.executor:Executing jobs using 'parallel' executor
[0.319s] DEBUG:colcon.colcon_parallel_executor.executor.parallel:run_until_complete
[0.320s] INFO:colcon.colcon_ros.task.ament_cmake.build:Building ROS package in '/home/zephra/ros_workspace_2025/perception_ws/src/px4_msgs' with build type 'ament_cmake'
[0.320s] INFO:colcon.colcon_cmake.task.cmake.build:Building CMake package in '/home/zephra/ros_workspace_2025/perception_ws/src/px4_msgs'
[0.324s] INFO:colcon.colcon_core.plugin_system:Skipping extension 'colcon_core.shell.bat': Not used on non-Windows systems
[0.324s] INFO:colcon.colcon_core.shell:Skip shell extension 'powershell' for command environment: Not usable outside of PowerShell
[0.324s] DEBUG:colcon.colcon_core.shell:Skip shell extension 'dsv' for command environment
[0.329s] INFO:colcon.colcon_ros.task.ament_python.build:Building ROS package in '/home/zephra/ros_workspace_2025/perception_ws/src/controller' with build type 'ament_python'
[0.330s] Level 1:colcon.colcon_core.shell:create_environment_hook('controller', 'ament_prefix_path')
[0.330s] INFO:colcon.colcon_core.shell:Creating environment hook '/home/zephra/ros_workspace_2025/perception_ws/install/controller/share/controller/hook/ament_prefix_path.ps1'
[0.331s] INFO:colcon.colcon_core.shell:Creating environment descriptor '/home/zephra/ros_workspace_2025/perception_ws/install/controller/share/controller/hook/ament_prefix_path.dsv'
[0.331s] INFO:colcon.colcon_core.shell:Creating environment hook '/home/zephra/ros_workspace_2025/perception_ws/install/controller/share/controller/hook/ament_prefix_path.sh'
[0.332s] INFO:colcon.colcon_core.shell:Skip shell extension 'powershell' for command environment: Not usable outside of PowerShell
[0.332s] DEBUG:colcon.colcon_core.shell:Skip shell extension 'dsv' for command environment
[0.346s] DEBUG:colcon.colcon_core.event_handler.log_command:Invoking command in '/home/zephra/ros_workspace_2025/perception_ws/build/px4_msgs': CMAKE_PREFIX_PATH=${CMAKE_PREFIX_PATH}:/home/zephra/ros_workspace_2025/perception_ws/install/controller:/opt/ros/humble /usr/bin/cmake --build /home/zephra/ros_workspace_2025/perception_ws/build/px4_msgs -- -j12 -l12
[0.621s] INFO:colcon.colcon_core.task.python.build:Building Python package in '/home/zephra/ros_workspace_2025/perception_ws/src/controller'
[0.621s] INFO:colcon.colcon_core.shell:Skip shell extension 'powershell' for command environment: Not usable outside of PowerShell
[0.622s] DEBUG:colcon.colcon_core.shell:Skip shell extension 'dsv' for command environment
[1.044s] DEBUG:colcon.colcon_core.event_handler.log_command:Invoking command in '/home/zephra/ros_workspace_2025/perception_ws/src/controller': PYTHONPATH=/home/zephra/ros_workspace_2025/perception_ws/build/controller/prefix_override:/usr/lib/python3/dist-packages/colcon_core/task/python/colcon_distutils_commands:/home/zephra/ros_workspace_2025/perception_ws/install/controller/lib/python3.10/site-packages:${PYTHONPATH} /usr/bin/python3 -W ignore:setup.py install is deprecated -W ignore:easy_install command is deprecated setup.py egg_info --egg-base ../../build/controller build --build-base /home/zephra/ros_workspace_2025/perception_ws/build/controller/build install --record /home/zephra/ros_workspace_2025/perception_ws/build/controller/install.log --single-version-externally-managed install_data
[1.466s] DEBUG:colcon.colcon_core.event_handler.log_command:Invoked command in '/home/zephra/ros_workspace_2025/perception_ws/src/controller' returned '0': PYTHONPATH=/home/zephra/ros_workspace_2025/perception_ws/build/controller/prefix_override:/usr/lib/python3/dist-packages/colcon_core/task/python/colcon_distutils_commands:/home/zephra/ros_workspace_2025/perception_ws/install/controller/lib/python3.10/site-packages:${PYTHONPATH} /usr/bin/python3 -W ignore:setup.py install is deprecated -W ignore:easy_install command is deprecated setup.py egg_info --egg-base ../../build/controller build --build-base /home/zephra/ros_workspace_2025/perception_ws/build/controller/build install --record /home/zephra/ros_workspace_2025/perception_ws/build/controller/install.log --single-version-externally-managed install_data
[1.468s] Level 1:colcon.colcon_core.environment:checking '/home/zephra/ros_workspace_2025/perception_ws/install/controller' for CMake module files
[1.469s] Level 1:colcon.colcon_core.environment:checking '/home/zephra/ros_workspace_2025/perception_ws/install/controller' for CMake config files
[1.471s] Level 1:colcon.colcon_core.environment:checking '/home/zephra/ros_workspace_2025/perception_ws/install/controller/lib'
[1.471s] Level 1:colcon.colcon_core.environment:checking '/home/zephra/ros_workspace_2025/perception_ws/install/controller/bin'
[1.471s] Level 1:colcon.colcon_core.environment:checking '/home/zephra/ros_workspace_2025/perception_ws/install/controller/lib/pkgconfig/controller.pc'
[1.472s] Level 1:colcon.colcon_core.environment:checking '/home/zephra/ros_workspace_2025/perception_ws/install/controller/lib/python3.10/site-packages'
[1.472s] Level 1:colcon.colcon_core.shell:create_environment_hook('controller', 'pythonpath')
[1.472s] INFO:colcon.colcon_core.shell:Creating environment hook '/home/zephra/ros_workspace_2025/perception_ws/install/controller/share/controller/hook/pythonpath.ps1'
[1.473s] INFO:colcon.colcon_core.shell:Creating environment descriptor '/home/zephra/ros_workspace_2025/perception_ws/install/controller/share/controller/hook/pythonpath.dsv'
[1.474s] INFO:colcon.colcon_core.shell:Creating environment hook '/home/zephra/ros_workspace_2025/perception_ws/install/controller/share/controller/hook/pythonpath.sh'
[1.474s] Level 1:colcon.colcon_core.environment:checking '/home/zephra/ros_workspace_2025/perception_ws/install/controller/bin'
[1.475s] Level 1:colcon.colcon_core.environment:create_environment_scripts_only(controller)
[1.475s] INFO:colcon.colcon_core.shell:Creating package script '/home/zephra/ros_workspace_2025/perception_ws/install/controller/share/controller/package.ps1'
[1.476s] INFO:colcon.colcon_core.shell:Creating package descriptor '/home/zephra/ros_workspace_2025/perception_ws/install/controller/share/controller/package.dsv'
[1.477s] INFO:colcon.colcon_core.shell:Creating package script '/home/zephra/ros_workspace_2025/perception_ws/install/controller/share/controller/package.sh'
[1.477s] INFO:colcon.colcon_core.shell:Creating package script '/home/zephra/ros_workspace_2025/perception_ws/install/controller/share/controller/package.bash'
[1.478s] INFO:colcon.colcon_core.shell:Creating package script '/home/zephra/ros_workspace_2025/perception_ws/install/controller/share/controller/package.zsh'
[1.479s] Level 1:colcon.colcon_core.environment:create_file_with_runtime_dependencies(/home/zephra/ros_workspace_2025/perception_ws/install/controller/share/colcon-core/packages/controller)
[1.555s] DEBUG:colcon.colcon_core.event_handler.log_command:Invoked command in '/home/zephra/ros_workspace_2025/perception_ws/build/px4_msgs' returned '0': CMAKE_PREFIX_PATH=${CMAKE_PREFIX_PATH}:/home/zephra/ros_workspace_2025/perception_ws/install/controller:/opt/ros/humble /usr/bin/cmake --build /home/zephra/ros_workspace_2025/perception_ws/build/px4_msgs -- -j12 -l12
[1.568s] DEBUG:colcon.colcon_core.event_handler.log_command:Invoking command in '/home/zephra/ros_workspace_2025/perception_ws/build/px4_msgs': CMAKE_PREFIX_PATH=${CMAKE_PREFIX_PATH}:/home/zephra/ros_workspace_2025/perception_ws/install/controller:/opt/ros/humble /usr/bin/cmake --install /home/zephra/ros_workspace_2025/perception_ws/build/px4_msgs
[2.070s] Level 1:colcon.colcon_core.environment:create_environment_scripts_only(px4_msgs)
[2.071s] Level 1:colcon.colcon_core.environment:checking '/home/zephra/ros_workspace_2025/perception_ws/install/px4_msgs' for CMake module files
[2.072s] DEBUG:colcon.colcon_core.event_handler.log_command:Invoked command in '/home/zephra/ros_workspace_2025/perception_ws/build/px4_msgs' returned '0': CMAKE_PREFIX_PATH=${CMAKE_PREFIX_PATH}:/home/zephra/ros_workspace_2025/perception_ws/install/controller:/opt/ros/humble /usr/bin/cmake --install /home/zephra/ros_workspace_2025/perception_ws/build/px4_msgs
[2.073s] Level 1:colcon.colcon_core.environment:checking '/home/zephra/ros_workspace_2025/perception_ws/install/px4_msgs' for CMake config files
[2.077s] Level 1:colcon.colcon_core.shell:create_environment_hook('px4_msgs', 'cmake_prefix_path')
[2.077s] INFO:colcon.colcon_core.shell:Creating environment hook '/home/zephra/ros_workspace_2025/perception_ws/install/px4_msgs/share/px4_msgs/hook/cmake_prefix_path.ps1'
[2.078s] INFO:colcon.colcon_core.shell:Creating environment descriptor '/home/zephra/ros_workspace_2025/perception_ws/install/px4_msgs/share/px4_msgs/hook/cmake_prefix_path.dsv'
[2.078s] INFO:colcon.colcon_core.shell:Creating environment hook '/home/zephra/ros_workspace_2025/perception_ws/install/px4_msgs/share/px4_msgs/hook/cmake_prefix_path.sh'
[2.079s] Level 1:colcon.colcon_core.environment:checking '/home/zephra/ros_workspace_2025/perception_ws/install/px4_msgs/lib'
[2.079s] Level 1:colcon.colcon_core.shell:create_environment_hook('px4_msgs', 'ld_library_path_lib')
[2.079s] INFO:colcon.colcon_core.shell:Creating environment hook '/home/zephra/ros_workspace_2025/perception_ws/install/px4_msgs/share/px4_msgs/hook/ld_library_path_lib.ps1'
[2.080s] INFO:colcon.colcon_core.shell:Creating environment descriptor '/home/zephra/ros_workspace_2025/perception_ws/install/px4_msgs/share/px4_msgs/hook/ld_library_path_lib.dsv'
[2.080s] INFO:colcon.colcon_core.shell:Creating environment hook '/home/zephra/ros_workspace_2025/perception_ws/install/px4_msgs/share/px4_msgs/hook/ld_library_path_lib.sh'
[2.080s] Level 1:colcon.colcon_core.environment:checking '/home/zephra/ros_workspace_2025/perception_ws/install/px4_msgs/bin'
[2.080s] Level 1:colcon.colcon_core.environment:checking '/home/zephra/ros_workspace_2025/perception_ws/install/px4_msgs/lib/pkgconfig/px4_msgs.pc'
[2.081s] Level 1:colcon.colcon_core.environment:checking '/home/zephra/ros_workspace_2025/perception_ws/install/px4_msgs/lib/python3.10/site-packages'
[2.081s] Level 1:colcon.colcon_core.environment:checking '/home/zephra/ros_workspace_2025/perception_ws/install/px4_msgs/bin'
[2.081s] INFO:colcon.colcon_core.shell:Creating package script '/home/zephra/ros_workspace_2025/perception_ws/install/px4_msgs/share/px4_msgs/package.ps1'
[2.081s] INFO:colcon.colcon_core.shell:Creating package descriptor '/home/zephra/ros_workspace_2025/perception_ws/install/px4_msgs/share/px4_msgs/package.dsv'
[2.082s] INFO:colcon.colcon_core.shell:Creating package script '/home/zephra/ros_workspace_2025/perception_ws/install/px4_msgs/share/px4_msgs/package.sh'
[2.082s] INFO:colcon.colcon_core.shell:Creating package script '/home/zephra/ros_workspace_2025/perception_ws/install/px4_msgs/share/px4_msgs/package.bash'
[2.082s] INFO:colcon.colcon_core.shell:Creating package script '/home/zephra/ros_workspace_2025/perception_ws/install/px4_msgs/share/px4_msgs/package.zsh'
[2.082s] Level 1:colcon.colcon_core.environment:create_file_with_runtime_dependencies(/home/zephra/ros_workspace_2025/perception_ws/install/px4_msgs/share/colcon-core/packages/px4_msgs)
[2.083s] Level 1:colcon.colcon_core.environment:create_environment_scripts_only(px4_msgs)
[2.083s] Level 1:colcon.colcon_core.environment:checking '/home/zephra/ros_workspace_2025/perception_ws/install/px4_msgs' for CMake module files
[2.084s] Level 1:colcon.colcon_core.environment:checking '/home/zephra/ros_workspace_2025/perception_ws/install/px4_msgs' for CMake config files
[2.088s] Level 1:colcon.colcon_core.shell:create_environment_hook('px4_msgs', 'cmake_prefix_path')
[2.088s] INFO:colcon.colcon_core.shell:Creating environment hook '/home/zephra/ros_workspace_2025/perception_ws/install/px4_msgs/share/px4_msgs/hook/cmake_prefix_path.ps1'
[2.089s] INFO:colcon.colcon_core.shell:Creating environment descriptor '/home/zephra/ros_workspace_2025/perception_ws/install/px4_msgs/share/px4_msgs/hook/cmake_prefix_path.dsv'
[2.089s] INFO:colcon.colcon_core.shell:Creating environment hook '/home/zephra/ros_workspace_2025/perception_ws/install/px4_msgs/share/px4_msgs/hook/cmake_prefix_path.sh'
[2.090s] Level 1:colcon.colcon_core.environment:checking '/home/zephra/ros_workspace_2025/perception_ws/install/px4_msgs/lib'
[2.090s] Level 1:colcon.colcon_core.shell:create_environment_hook('px4_msgs', 'ld_library_path_lib')
[2.090s] INFO:colcon.colcon_core.shell:Creating environment hook '/home/zephra/ros_workspace_2025/perception_ws/install/px4_msgs/share/px4_msgs/hook/ld_library_path_lib.ps1'
[2.091s] INFO:colcon.colcon_core.shell:Creating environment descriptor '/home/zephra/ros_workspace_2025/perception_ws/install/px4_msgs/share/px4_msgs/hook/ld_library_path_lib.dsv'
[2.091s] INFO:colcon.colcon_core.shell:Creating environment hook '/home/zephra/ros_workspace_2025/perception_ws/install/px4_msgs/share/px4_msgs/hook/ld_library_path_lib.sh'
[2.091s] Level 1:colcon.colcon_core.environment:checking '/home/zephra/ros_workspace_2025/perception_ws/install/px4_msgs/bin'
[2.092s] Level 1:colcon.colcon_core.environment:checking '/home/zephra/ros_workspace_2025/perception_ws/install/px4_msgs/lib/pkgconfig/px4_msgs.pc'
[2.092s] Level 1:colcon.colcon_core.environment:checking '/home/zephra/ros_workspace_2025/perception_ws/install/px4_msgs/lib/python3.10/site-packages'
[2.092s] Level 1:colcon.colcon_core.environment:checking '/home/zephra/ros_workspace_2025/perception_ws/install/px4_msgs/bin'
[2.092s] INFO:colcon.colcon_core.shell:Creating package script '/home/zephra/ros_workspace_2025/perception_ws/install/px4_msgs/share/px4_msgs/package.ps1'
[2.093s] INFO:colcon.colcon_core.shell:Creating package descriptor '/home/zephra/ros_workspace_2025/perception_ws/install/px4_msgs/share/px4_msgs/package.dsv'
[2.093s] INFO:colcon.colcon_core.shell:Creating package script '/home/zephra/ros_workspace_2025/perception_ws/install/px4_msgs/share/px4_msgs/package.sh'
[2.094s] INFO:colcon.colcon_core.shell:Creating package script '/home/zephra/ros_workspace_2025/perception_ws/install/px4_msgs/share/px4_msgs/package.bash'
[2.094s] INFO:colcon.colcon_core.shell:Creating package script '/home/zephra/ros_workspace_2025/perception_ws/install/px4_msgs/share/px4_msgs/package.zsh'
[2.094s] Level 1:colcon.colcon_core.environment:create_file_with_runtime_dependencies(/home/zephra/ros_workspace_2025/perception_ws/install/px4_msgs/share/colcon-core/packages/px4_msgs)
[2.095s] INFO:colcon.colcon_ros.task.ament_cmake.build:Building ROS package in '/home/zephra/ros_workspace_2025/perception_ws/src/px4_ros_com' with build type 'ament_cmake'
[2.095s] INFO:colcon.colcon_cmake.task.cmake.build:Building CMake package in '/home/zephra/ros_workspace_2025/perception_ws/src/px4_ros_com'
[2.095s] INFO:colcon.colcon_core.shell:Skip shell extension 'powershell' for command environment: Not usable outside of PowerShell
[2.095s] DEBUG:colcon.colcon_core.shell:Skip shell extension 'dsv' for command environment
[2.110s] DEBUG:colcon.colcon_core.event_handler.log_command:Invoking command in '/home/zephra/ros_workspace_2025/perception_ws/build/px4_ros_com': CMAKE_PREFIX_PATH=/home/zephra/ros_workspace_2025/perception_ws/install/px4_msgs:/home/zephra/ros_workspace_2025/perception_ws/install/px4_ros_com:/home/zephra/ros_workspace_2025/perception_ws/install/controller:/opt/ros/humble LD_LIBRARY_PATH=/home/zephra/ros_workspace_2025/perception_ws/install/px4_msgs/lib:/home/zephra/ros_workspace_2025/perception_ws/install/px4_ros_com/lib:/opt/ros/humble/opt/rviz_ogre_vendor/lib:/opt/ros/humble/lib/x86_64-linux-gnu:/opt/ros/humble/lib /usr/bin/cmake --build /home/zephra/ros_workspace_2025/perception_ws/build/px4_ros_com -- -j12 -l12
[2.497s] DEBUG:colcon.colcon_core.event_handler.log_command:Invoked command in '/home/zephra/ros_workspace_2025/perception_ws/build/px4_ros_com' returned '0': CMAKE_PREFIX_PATH=/home/zephra/ros_workspace_2025/perception_ws/install/px4_msgs:/home/zephra/ros_workspace_2025/perception_ws/install/px4_ros_com:/home/zephra/ros_workspace_2025/perception_ws/install/controller:/opt/ros/humble LD_LIBRARY_PATH=/home/zephra/ros_workspace_2025/perception_ws/install/px4_msgs/lib:/home/zephra/ros_workspace_2025/perception_ws/install/px4_ros_com/lib:/opt/ros/humble/opt/rviz_ogre_vendor/lib:/opt/ros/humble/lib/x86_64-linux-gnu:/opt/ros/humble/lib /usr/bin/cmake --build /home/zephra/ros_workspace_2025/perception_ws/build/px4_ros_com -- -j12 -l12
[2.497s] DEBUG:colcon.colcon_core.event_handler.log_command:Invoking command in '/home/zephra/ros_workspace_2025/perception_ws/build/px4_ros_com': CMAKE_PREFIX_PATH=/home/zephra/ros_workspace_2025/perception_ws/install/px4_msgs:/home/zephra/ros_workspace_2025/perception_ws/install/px4_ros_com:/home/zephra/ros_workspace_2025/perception_ws/install/controller:/opt/ros/humble LD_LIBRARY_PATH=/home/zephra/ros_workspace_2025/perception_ws/install/px4_msgs/lib:/home/zephra/ros_workspace_2025/perception_ws/install/px4_ros_com/lib:/opt/ros/humble/opt/rviz_ogre_vendor/lib:/opt/ros/humble/lib/x86_64-linux-gnu:/opt/ros/humble/lib /usr/bin/cmake --install /home/zephra/ros_workspace_2025/perception_ws/build/px4_ros_com
[2.554s] Level 1:colcon.colcon_core.environment:create_environment_scripts_only(px4_ros_com)
[2.554s] Level 1:colcon.colcon_core.environment:checking '/home/zephra/ros_workspace_2025/perception_ws/install/px4_ros_com' for CMake module files
[2.555s] DEBUG:colcon.colcon_core.event_handler.log_command:Invoked command in '/home/zephra/ros_workspace_2025/perception_ws/build/px4_ros_com' returned '0': CMAKE_PREFIX_PATH=/home/zephra/ros_workspace_2025/perception_ws/install/px4_msgs:/home/zephra/ros_workspace_2025/perception_ws/install/px4_ros_com:/home/zephra/ros_workspace_2025/perception_ws/install/controller:/opt/ros/humble LD_LIBRARY_PATH=/home/zephra/ros_workspace_2025/perception_ws/install/px4_msgs/lib:/home/zephra/ros_workspace_2025/perception_ws/install/px4_ros_com/lib:/opt/ros/humble/opt/rviz_ogre_vendor/lib:/opt/ros/humble/lib/x86_64-linux-gnu:/opt/ros/humble/lib /usr/bin/cmake --install /home/zephra/ros_workspace_2025/perception_ws/build/px4_ros_com
[2.556s] Level 1:colcon.colcon_core.environment:checking '/home/zephra/ros_workspace_2025/perception_ws/install/px4_ros_com' for CMake config files
[2.557s] Level 1:colcon.colcon_core.shell:create_environment_hook('px4_ros_com', 'cmake_prefix_path')
[2.558s] INFO:colcon.colcon_core.shell:Creating environment hook '/home/zephra/ros_workspace_2025/perception_ws/install/px4_ros_com/share/px4_ros_com/hook/cmake_prefix_path.ps1'
[2.559s] INFO:colcon.colcon_core.shell:Creating environment descriptor '/home/zephra/ros_workspace_2025/perception_ws/install/px4_ros_com/share/px4_ros_com/hook/cmake_prefix_path.dsv'
[2.559s] INFO:colcon.colcon_core.shell:Creating environment hook '/home/zephra/ros_workspace_2025/perception_ws/install/px4_ros_com/share/px4_ros_com/hook/cmake_prefix_path.sh'
[2.560s] Level 1:colcon.colcon_core.environment:checking '/home/zephra/ros_workspace_2025/perception_ws/install/px4_ros_com/lib'
[2.560s] Level 1:colcon.colcon_core.shell:create_environment_hook('px4_ros_com', 'ld_library_path_lib')
[2.560s] INFO:colcon.colcon_core.shell:Creating environment hook '/home/zephra/ros_workspace_2025/perception_ws/install/px4_ros_com/share/px4_ros_com/hook/ld_library_path_lib.ps1'
[2.560s] INFO:colcon.colcon_core.shell:Creating environment descriptor '/home/zephra/ros_workspace_2025/perception_ws/install/px4_ros_com/share/px4_ros_com/hook/ld_library_path_lib.dsv'
[2.560s] INFO:colcon.colcon_core.shell:Creating environment hook '/home/zephra/ros_workspace_2025/perception_ws/install/px4_ros_com/share/px4_ros_com/hook/ld_library_path_lib.sh'
[2.561s] Level 1:colcon.colcon_core.environment:checking '/home/zephra/ros_workspace_2025/perception_ws/install/px4_ros_com/bin'
[2.561s] Level 1:colcon.colcon_core.environment:checking '/home/zephra/ros_workspace_2025/perception_ws/install/px4_ros_com/lib/pkgconfig/px4_ros_com.pc'
[2.561s] Level 1:colcon.colcon_core.environment:checking '/home/zephra/ros_workspace_2025/perception_ws/install/px4_ros_com/lib/python3.10/site-packages'
[2.561s] Level 1:colcon.colcon_core.environment:checking '/home/zephra/ros_workspace_2025/perception_ws/install/px4_ros_com/bin'
[2.561s] INFO:colcon.colcon_core.shell:Creating package script '/home/zephra/ros_workspace_2025/perception_ws/install/px4_ros_com/share/px4_ros_com/package.ps1'
[2.561s] INFO:colcon.colcon_core.shell:Creating package descriptor '/home/zephra/ros_workspace_2025/perception_ws/install/px4_ros_com/share/px4_ros_com/package.dsv'
[2.562s] INFO:colcon.colcon_core.shell:Creating package script '/home/zephra/ros_workspace_2025/perception_ws/install/px4_ros_com/share/px4_ros_com/package.sh'
[2.562s] INFO:colcon.colcon_core.shell:Creating package script '/home/zephra/ros_workspace_2025/perception_ws/install/px4_ros_com/share/px4_ros_com/package.bash'
[2.562s] INFO:colcon.colcon_core.shell:Creating package script '/home/zephra/ros_workspace_2025/perception_ws/install/px4_ros_com/share/px4_ros_com/package.zsh'
[2.562s] Level 1:colcon.colcon_core.environment:create_file_with_runtime_dependencies(/home/zephra/ros_workspace_2025/perception_ws/install/px4_ros_com/share/colcon-core/packages/px4_ros_com)
[2.563s] Level 1:colcon.colcon_core.environment:create_environment_scripts_only(px4_ros_com)
[2.563s] Level 1:colcon.colcon_core.environment:checking '/home/zephra/ros_workspace_2025/perception_ws/install/px4_ros_com' for CMake module files
[2.563s] Level 1:colcon.colcon_core.environment:checking '/home/zephra/ros_workspace_2025/perception_ws/install/px4_ros_com' for CMake config files
[2.563s] Level 1:colcon.colcon_core.shell:create_environment_hook('px4_ros_com', 'cmake_prefix_path')
[2.563s] INFO:colcon.colcon_core.shell:Creating environment hook '/home/zephra/ros_workspace_2025/perception_ws/install/px4_ros_com/share/px4_ros_com/hook/cmake_prefix_path.ps1'
[2.564s] INFO:colcon.colcon_core.shell:Creating environment descriptor '/home/zephra/ros_workspace_2025/perception_ws/install/px4_ros_com/share/px4_ros_com/hook/cmake_prefix_path.dsv'
[2.564s] INFO:colcon.colcon_core.shell:Creating environment hook '/home/zephra/ros_workspace_2025/perception_ws/install/px4_ros_com/share/px4_ros_com/hook/cmake_prefix_path.sh'
[2.564s] Level 1:colcon.colcon_core.environment:checking '/home/zephra/ros_workspace_2025/perception_ws/install/px4_ros_com/lib'
[2.564s] Level 1:colcon.colcon_core.shell:create_environment_hook('px4_ros_com', 'ld_library_path_lib')
[2.564s] INFO:colcon.colcon_core.shell:Creating environment hook '/home/zephra/ros_workspace_2025/perception_ws/install/px4_ros_com/share/px4_ros_com/hook/ld_library_path_lib.ps1'
[2.564s] INFO:colcon.colcon_core.shell:Creating environment descriptor '/home/zephra/ros_workspace_2025/perception_ws/install/px4_ros_com/share/px4_ros_com/hook/ld_library_path_lib.dsv'
[2.565s] INFO:colcon.colcon_core.shell:Creating environment hook '/home/zephra/ros_workspace_2025/perception_ws/install/px4_ros_com/share/px4_ros_com/hook/ld_library_path_lib.sh'
[2.565s] Level 1:colcon.colcon_core.environment:checking '/home/zephra/ros_workspace_2025/perception_ws/install/px4_ros_com/bin'
[2.565s] Level 1:colcon.colcon_core.environment:checking '/home/zephra/ros_workspace_2025/perception_ws/install/px4_ros_com/lib/pkgconfig/px4_ros_com.pc'
[2.565s] Level 1:colcon.colcon_core.environment:checking '/home/zephra/ros_workspace_2025/perception_ws/install/px4_ros_com/lib/python3.10/site-packages'
[2.565s] Level 1:colcon.colcon_core.environment:checking '/home/zephra/ros_workspace_2025/perception_ws/install/px4_ros_com/bin'
[2.565s] INFO:colcon.colcon_core.shell:Creating package script '/home/zephra/ros_workspace_2025/perception_ws/install/px4_ros_com/share/px4_ros_com/package.ps1'
[2.566s] INFO:colcon.colcon_core.shell:Creating package descriptor '/home/zephra/ros_workspace_2025/perception_ws/install/px4_ros_com/share/px4_ros_com/package.dsv'
[2.566s] INFO:colcon.colcon_core.shell:Creating package script '/home/zephra/ros_workspace_2025/perception_ws/install/px4_ros_com/share/px4_ros_com/package.sh'
[2.567s] INFO:colcon.colcon_core.shell:Creating package script '/home/zephra/ros_workspace_2025/perception_ws/install/px4_ros_com/share/px4_ros_com/package.bash'
[2.567s] INFO:colcon.colcon_core.shell:Creating package script '/home/zephra/ros_workspace_2025/perception_ws/install/px4_ros_com/share/px4_ros_com/package.zsh'
[2.567s] Level 1:colcon.colcon_core.environment:create_file_with_runtime_dependencies(/home/zephra/ros_workspace_2025/perception_ws/install/px4_ros_com/share/colcon-core/packages/px4_ros_com)
[2.567s] DEBUG:colcon.colcon_parallel_executor.executor.parallel:closing loop
[2.568s] DEBUG:colcon.colcon_parallel_executor.executor.parallel:loop closed
[2.568s] DEBUG:colcon.colcon_parallel_executor.executor.parallel:run_until_complete finished with '0'
[2.568s] DEBUG:colcon.colcon_core.event_reactor:joining thread
[2.573s] INFO:colcon.colcon_core.plugin_system:Skipping extension 'colcon_notification.desktop_notification.terminal_notifier': Not used on non-Darwin systems
[2.573s] INFO:colcon.colcon_core.plugin_system:Skipping extension 'colcon_notification.desktop_notification.win32': Not used on non-Windows systems
[2.574s] INFO:colcon.colcon_notification.desktop_notification:Sending desktop notification using 'notify2'
[2.592s] DEBUG:colcon.colcon_core.event_reactor:joined thread
[2.592s] INFO:colcon.colcon_core.shell:Creating prefix script '/home/zephra/ros_workspace_2025/perception_ws/install/local_setup.ps1'
[2.594s] INFO:colcon.colcon_core.shell:Creating prefix util module '/home/zephra/ros_workspace_2025/perception_ws/install/_local_setup_util_ps1.py'
[2.596s] INFO:colcon.colcon_core.shell:Creating prefix chain script '/home/zephra/ros_workspace_2025/perception_ws/install/setup.ps1'
[2.597s] INFO:colcon.colcon_core.shell:Creating prefix script '/home/zephra/ros_workspace_2025/perception_ws/install/local_setup.sh'
[2.598s] INFO:colcon.colcon_core.shell:Creating prefix util module '/home/zephra/ros_workspace_2025/perception_ws/install/_local_setup_util_sh.py'
[2.599s] INFO:colcon.colcon_core.shell:Creating prefix chain script '/home/zephra/ros_workspace_2025/perception_ws/install/setup.sh'
[2.600s] INFO:colcon.colcon_core.shell:Creating prefix script '/home/zephra/ros_workspace_2025/perception_ws/install/local_setup.bash'
[2.600s] INFO:colcon.colcon_core.shell:Creating prefix chain script '/home/zephra/ros_workspace_2025/perception_ws/install/setup.bash'
[2.602s] INFO:colcon.colcon_core.shell:Creating prefix script '/home/zephra/ros_workspace_2025/perception_ws/install/local_setup.zsh'
[2.602s] INFO:colcon.colcon_core.shell:Creating prefix chain script '/home/zephra/ros_workspace_2025/perception_ws/install/setup.zsh'
