[0.237s] DEBUG:colcon:Command line arguments: ['/usr/bin/colcon', 'build']
[0.237s] DEBUG:colcon:Parsed command line arguments: Namespace(log_base=None, log_level=None, verb_name='build', build_base='build', install_base='install', merge_install=False, symlink_install=False, test_result_base=None, continue_on_error=False, executor='parallel', parallel_workers=12, event_handlers=None, ignore_user_meta=False, metas=['./colcon.meta'], base_paths=['.'], packages_ignore=None, packages_ignore_regex=None, paths=None, packages_up_to=None, packages_up_to_regex=None, packages_above=None, packages_above_and_dependencies=None, packages_above_depth=None, packages_select_by_dep=None, packages_skip_by_dep=None, packages_skip_up_to=None, packages_select_build_failed=False, packages_skip_build_finished=False, packages_select_test_failures=False, packages_skip_test_passed=False, packages_select=None, packages_skip=None, packages_select_regex=None, packages_skip_regex=None, packages_start=None, packages_end=None, allow_overriding=[], cmake_args=None, cmake_target=None, cmake_target_skip_unavailable=False, cmake_clean_cache=False, cmake_clean_first=False, cmake_force_configure=False, ament_cmake_args=None, catkin_cmake_args=None, catkin_skip_building_tests=False, mixin_files=None, mixin=None, verb_parser=<colcon_mixin.mixin.mixin_argument.MixinArgumentDecorator object at 0x71d6f8b3f130>, verb_extension=<colcon_core.verb.build.BuildVerb object at 0x71d6f8b3eb00>, main=<bound method BuildVerb.main of <colcon_core.verb.build.BuildVerb object at 0x71d6f8b3eb00>>, mixin_verb=('build',))
[0.473s] Level 1:colcon.colcon_core.package_discovery:discover_packages(colcon_meta) check parameters
[0.473s] Level 1:colcon.colcon_core.package_discovery:discover_packages(recursive) check parameters
[0.473s] Level 1:colcon.colcon_core.package_discovery:discover_packages(ignore) check parameters
[0.473s] Level 1:colcon.colcon_core.package_discovery:discover_packages(path) check parameters
[0.473s] Level 1:colcon.colcon_core.package_discovery:discover_packages(colcon_meta) discover
[0.473s] Level 1:colcon.colcon_core.package_discovery:discover_packages(recursive) discover
[0.473s] INFO:colcon.colcon_core.package_discovery:Crawling recursively for packages in '/home/zephra/ros_workspace_2025/perception_ws'
[0.474s] Level 1:colcon.colcon_core.package_identification:_identify(.) by extensions ['ignore', 'ignore_ament_install']
[0.474s] Level 1:colcon.colcon_core.package_identification:_identify(.) by extension 'ignore'
[0.474s] Level 1:colcon.colcon_core.package_identification:_identify(.) by extension 'ignore_ament_install'
[0.474s] Level 1:colcon.colcon_core.package_identification:_identify(.) by extensions ['colcon_pkg']
[0.474s] Level 1:colcon.colcon_core.package_identification:_identify(.) by extension 'colcon_pkg'
[0.474s] Level 1:colcon.colcon_core.package_identification:_identify(.) by extensions ['colcon_meta']
[0.474s] Level 1:colcon.colcon_core.package_identification:_identify(.) by extension 'colcon_meta'
[0.474s] Level 1:colcon.colcon_core.package_identification:_identify(.) by extensions ['ros']
[0.474s] Level 1:colcon.colcon_core.package_identification:_identify(.) by extension 'ros'
[0.489s] Level 1:colcon.colcon_core.package_identification:_identify(.) by extensions ['cmake', 'python']
[0.489s] Level 1:colcon.colcon_core.package_identification:_identify(.) by extension 'cmake'
[0.489s] Level 1:colcon.colcon_core.package_identification:_identify(.) by extension 'python'
[0.489s] Level 1:colcon.colcon_core.package_identification:_identify(.) by extensions ['python_setup_py']
[0.489s] Level 1:colcon.colcon_core.package_identification:_identify(.) by extension 'python_setup_py'
[0.489s] Level 1:colcon.colcon_core.package_identification:_identify(build) by extensions ['ignore', 'ignore_ament_install']
[0.489s] Level 1:colcon.colcon_core.package_identification:_identify(build) by extension 'ignore'
[0.489s] Level 1:colcon.colcon_core.package_identification:_identify(build) ignored
[0.489s] Level 1:colcon.colcon_core.package_identification:_identify(install) by extensions ['ignore', 'ignore_ament_install']
[0.489s] Level 1:colcon.colcon_core.package_identification:_identify(install) by extension 'ignore'
[0.489s] Level 1:colcon.colcon_core.package_identification:_identify(install) ignored
[0.490s] Level 1:colcon.colcon_core.package_identification:_identify(log) by extensions ['ignore', 'ignore_ament_install']
[0.490s] Level 1:colcon.colcon_core.package_identification:_identify(log) by extension 'ignore'
[0.490s] Level 1:colcon.colcon_core.package_identification:_identify(log) ignored
[0.490s] Level 1:colcon.colcon_core.package_identification:_identify(src) by extensions ['ignore', 'ignore_ament_install']
[0.490s] Level 1:colcon.colcon_core.package_identification:_identify(src) by extension 'ignore'
[0.490s] Level 1:colcon.colcon_core.package_identification:_identify(src) by extension 'ignore_ament_install'
[0.490s] Level 1:colcon.colcon_core.package_identification:_identify(src) by extensions ['colcon_pkg']
[0.490s] Level 1:colcon.colcon_core.package_identification:_identify(src) by extension 'colcon_pkg'
[0.490s] Level 1:colcon.colcon_core.package_identification:_identify(src) by extensions ['colcon_meta']
[0.490s] Level 1:colcon.colcon_core.package_identification:_identify(src) by extension 'colcon_meta'
[0.490s] Level 1:colcon.colcon_core.package_identification:_identify(src) by extensions ['ros']
[0.490s] Level 1:colcon.colcon_core.package_identification:_identify(src) by extension 'ros'
[0.490s] Level 1:colcon.colcon_core.package_identification:_identify(src) by extensions ['cmake', 'python']
[0.490s] Level 1:colcon.colcon_core.package_identification:_identify(src) by extension 'cmake'
[0.490s] Level 1:colcon.colcon_core.package_identification:_identify(src) by extension 'python'
[0.490s] Level 1:colcon.colcon_core.package_identification:_identify(src) by extensions ['python_setup_py']
[0.490s] Level 1:colcon.colcon_core.package_identification:_identify(src) by extension 'python_setup_py'
[0.490s] Level 1:colcon.colcon_core.package_identification:_identify(src/controller) by extensions ['ignore', 'ignore_ament_install']
[0.490s] Level 1:colcon.colcon_core.package_identification:_identify(src/controller) by extension 'ignore'
[0.490s] Level 1:colcon.colcon_core.package_identification:_identify(src/controller) by extension 'ignore_ament_install'
[0.490s] Level 1:colcon.colcon_core.package_identification:_identify(src/controller) by extensions ['colcon_pkg']
[0.490s] Level 1:colcon.colcon_core.package_identification:_identify(src/controller) by extension 'colcon_pkg'
[0.490s] Level 1:colcon.colcon_core.package_identification:_identify(src/controller) by extensions ['colcon_meta']
[0.490s] Level 1:colcon.colcon_core.package_identification:_identify(src/controller) by extension 'colcon_meta'
[0.490s] Level 1:colcon.colcon_core.package_identification:_identify(src/controller) by extensions ['ros']
[0.490s] Level 1:colcon.colcon_core.package_identification:_identify(src/controller) by extension 'ros'
[0.492s] DEBUG:colcon.colcon_core.package_identification:Package 'src/controller' with type 'ros.ament_python' and name 'controller'
[0.492s] Level 1:colcon.colcon_core.package_identification:_identify(src/px4_msgs) by extensions ['ignore', 'ignore_ament_install']
[0.493s] Level 1:colcon.colcon_core.package_identification:_identify(src/px4_msgs) by extension 'ignore'
[0.493s] Level 1:colcon.colcon_core.package_identification:_identify(src/px4_msgs) by extension 'ignore_ament_install'
[0.493s] Level 1:colcon.colcon_core.package_identification:_identify(src/px4_msgs) by extensions ['colcon_pkg']
[0.493s] Level 1:colcon.colcon_core.package_identification:_identify(src/px4_msgs) by extension 'colcon_pkg'
[0.493s] Level 1:colcon.colcon_core.package_identification:_identify(src/px4_msgs) by extensions ['colcon_meta']
[0.493s] Level 1:colcon.colcon_core.package_identification:_identify(src/px4_msgs) by extension 'colcon_meta'
[0.493s] Level 1:colcon.colcon_core.package_identification:_identify(src/px4_msgs) by extensions ['ros']
[0.493s] Level 1:colcon.colcon_core.package_identification:_identify(src/px4_msgs) by extension 'ros'
[0.493s] DEBUG:colcon.colcon_core.package_identification:Package 'src/px4_msgs' with type 'ros.ament_cmake' and name 'px4_msgs'
[0.493s] Level 1:colcon.colcon_core.package_identification:_identify(src/px4_ros_com) by extensions ['ignore', 'ignore_ament_install']
[0.493s] Level 1:colcon.colcon_core.package_identification:_identify(src/px4_ros_com) by extension 'ignore'
[0.494s] Level 1:colcon.colcon_core.package_identification:_identify(src/px4_ros_com) by extension 'ignore_ament_install'
[0.494s] Level 1:colcon.colcon_core.package_identification:_identify(src/px4_ros_com) by extensions ['colcon_pkg']
[0.494s] Level 1:colcon.colcon_core.package_identification:_identify(src/px4_ros_com) by extension 'colcon_pkg'
[0.494s] Level 1:colcon.colcon_core.package_identification:_identify(src/px4_ros_com) by extensions ['colcon_meta']
[0.494s] Level 1:colcon.colcon_core.package_identification:_identify(src/px4_ros_com) by extension 'colcon_meta'
[0.494s] Level 1:colcon.colcon_core.package_identification:_identify(src/px4_ros_com) by extensions ['ros']
[0.494s] Level 1:colcon.colcon_core.package_identification:_identify(src/px4_ros_com) by extension 'ros'
[0.495s] DEBUG:colcon.colcon_core.package_identification:Package 'src/px4_ros_com' with type 'ros.ament_cmake' and name 'px4_ros_com'
[0.495s] Level 1:colcon.colcon_core.package_discovery:discover_packages(recursive) using defaults
[0.495s] Level 1:colcon.colcon_core.package_discovery:discover_packages(ignore) discover
[0.495s] Level 1:colcon.colcon_core.package_discovery:discover_packages(ignore) using defaults
[0.495s] Level 1:colcon.colcon_core.package_discovery:discover_packages(path) discover
[0.495s] Level 1:colcon.colcon_core.package_discovery:discover_packages(path) using defaults
[0.539s] Level 1:colcon.colcon_core.package_discovery:discover_packages(prefix_path) check parameters
[0.539s] Level 1:colcon.colcon_core.package_discovery:discover_packages(prefix_path) discover
[0.541s] DEBUG:colcon.colcon_installed_package_information.package_discovery:Found 270 installed packages in /opt/ros/humble
[0.542s] Level 1:colcon.colcon_core.package_discovery:discover_packages(prefix_path) using defaults
[0.576s] Level 5:colcon.colcon_core.verb:set package 'controller' build argument 'cmake_args' from command line to 'None'
[0.576s] Level 5:colcon.colcon_core.verb:set package 'controller' build argument 'cmake_target' from command line to 'None'
[0.576s] Level 5:colcon.colcon_core.verb:set package 'controller' build argument 'cmake_target_skip_unavailable' from command line to 'False'
[0.576s] Level 5:colcon.colcon_core.verb:set package 'controller' build argument 'cmake_clean_cache' from command line to 'False'
[0.576s] Level 5:colcon.colcon_core.verb:set package 'controller' build argument 'cmake_clean_first' from command line to 'False'
[0.576s] Level 5:colcon.colcon_core.verb:set package 'controller' build argument 'cmake_force_configure' from command line to 'False'
[0.576s] Level 5:colcon.colcon_core.verb:set package 'controller' build argument 'ament_cmake_args' from command line to 'None'
[0.576s] Level 5:colcon.colcon_core.verb:set package 'controller' build argument 'catkin_cmake_args' from command line to 'None'
[0.576s] Level 5:colcon.colcon_core.verb:set package 'controller' build argument 'catkin_skip_building_tests' from command line to 'False'
[0.576s] DEBUG:colcon.colcon_core.verb:Building package 'controller' with the following arguments: {'ament_cmake_args': None, 'build_base': '/home/zephra/ros_workspace_2025/perception_ws/build/controller', 'catkin_cmake_args': None, 'catkin_skip_building_tests': False, 'cmake_args': None, 'cmake_clean_cache': False, 'cmake_clean_first': False, 'cmake_force_configure': False, 'cmake_target': None, 'cmake_target_skip_unavailable': False, 'install_base': '/home/zephra/ros_workspace_2025/perception_ws/install/controller', 'merge_install': False, 'path': '/home/zephra/ros_workspace_2025/perception_ws/src/controller', 'symlink_install': False, 'test_result_base': None}
[0.577s] Level 5:colcon.colcon_core.verb:set package 'px4_msgs' build argument 'cmake_args' from command line to 'None'
[0.577s] Level 5:colcon.colcon_core.verb:set package 'px4_msgs' build argument 'cmake_target' from command line to 'None'
[0.577s] Level 5:colcon.colcon_core.verb:set package 'px4_msgs' build argument 'cmake_target_skip_unavailable' from command line to 'False'
[0.577s] Level 5:colcon.colcon_core.verb:set package 'px4_msgs' build argument 'cmake_clean_cache' from command line to 'False'
[0.577s] Level 5:colcon.colcon_core.verb:set package 'px4_msgs' build argument 'cmake_clean_first' from command line to 'False'
[0.577s] Level 5:colcon.colcon_core.verb:set package 'px4_msgs' build argument 'cmake_force_configure' from command line to 'False'
[0.577s] Level 5:colcon.colcon_core.verb:set package 'px4_msgs' build argument 'ament_cmake_args' from command line to 'None'
[0.577s] Level 5:colcon.colcon_core.verb:set package 'px4_msgs' build argument 'catkin_cmake_args' from command line to 'None'
[0.577s] Level 5:colcon.colcon_core.verb:set package 'px4_msgs' build argument 'catkin_skip_building_tests' from command line to 'False'
[0.577s] DEBUG:colcon.colcon_core.verb:Building package 'px4_msgs' with the following arguments: {'ament_cmake_args': None, 'build_base': '/home/zephra/ros_workspace_2025/perception_ws/build/px4_msgs', 'catkin_cmake_args': None, 'catkin_skip_building_tests': False, 'cmake_args': None, 'cmake_clean_cache': False, 'cmake_clean_first': False, 'cmake_force_configure': False, 'cmake_target': None, 'cmake_target_skip_unavailable': False, 'install_base': '/home/zephra/ros_workspace_2025/perception_ws/install/px4_msgs', 'merge_install': False, 'path': '/home/zephra/ros_workspace_2025/perception_ws/src/px4_msgs', 'symlink_install': False, 'test_result_base': None}
[0.577s] Level 5:colcon.colcon_core.verb:set package 'px4_ros_com' build argument 'cmake_args' from command line to 'None'
[0.577s] Level 5:colcon.colcon_core.verb:set package 'px4_ros_com' build argument 'cmake_target' from command line to 'None'
[0.577s] Level 5:colcon.colcon_core.verb:set package 'px4_ros_com' build argument 'cmake_target_skip_unavailable' from command line to 'False'
[0.577s] Level 5:colcon.colcon_core.verb:set package 'px4_ros_com' build argument 'cmake_clean_cache' from command line to 'False'
[0.577s] Level 5:colcon.colcon_core.verb:set package 'px4_ros_com' build argument 'cmake_clean_first' from command line to 'False'
[0.577s] Level 5:colcon.colcon_core.verb:set package 'px4_ros_com' build argument 'cmake_force_configure' from command line to 'False'
[0.577s] Level 5:colcon.colcon_core.verb:set package 'px4_ros_com' build argument 'ament_cmake_args' from command line to 'None'
[0.577s] Level 5:colcon.colcon_core.verb:set package 'px4_ros_com' build argument 'catkin_cmake_args' from command line to 'None'
[0.577s] Level 5:colcon.colcon_core.verb:set package 'px4_ros_com' build argument 'catkin_skip_building_tests' from command line to 'False'
[0.577s] DEBUG:colcon.colcon_core.verb:Building package 'px4_ros_com' with the following arguments: {'ament_cmake_args': None, 'build_base': '/home/zephra/ros_workspace_2025/perception_ws/build/px4_ros_com', 'catkin_cmake_args': None, 'catkin_skip_building_tests': False, 'cmake_args': None, 'cmake_clean_cache': False, 'cmake_clean_first': False, 'cmake_force_configure': False, 'cmake_target': None, 'cmake_target_skip_unavailable': False, 'install_base': '/home/zephra/ros_workspace_2025/perception_ws/install/px4_ros_com', 'merge_install': False, 'path': '/home/zephra/ros_workspace_2025/perception_ws/src/px4_ros_com', 'symlink_install': False, 'test_result_base': None}
[0.577s] INFO:colcon.colcon_core.executor:Executing jobs using 'parallel' executor
[0.579s] DEBUG:colcon.colcon_parallel_executor.executor.parallel:run_until_complete
[0.579s] INFO:colcon.colcon_ros.task.ament_cmake.build:Building ROS package in '/home/zephra/ros_workspace_2025/perception_ws/src/px4_msgs' with build type 'ament_cmake'
[0.580s] INFO:colcon.colcon_cmake.task.cmake.build:Building CMake package in '/home/zephra/ros_workspace_2025/perception_ws/src/px4_msgs'
[0.585s] INFO:colcon.colcon_core.plugin_system:Skipping extension 'colcon_core.shell.bat': Not used on non-Windows systems
[0.585s] INFO:colcon.colcon_core.shell:Skip shell extension 'powershell' for command environment: Not usable outside of PowerShell
[0.586s] DEBUG:colcon.colcon_core.shell:Skip shell extension 'dsv' for command environment
[0.590s] INFO:colcon.colcon_ros.task.ament_python.build:Building ROS package in '/home/zephra/ros_workspace_2025/perception_ws/src/controller' with build type 'ament_python'
[0.590s] Level 1:colcon.colcon_core.shell:create_environment_hook('controller', 'ament_prefix_path')
[0.590s] INFO:colcon.colcon_core.shell:Creating environment hook '/home/zephra/ros_workspace_2025/perception_ws/install/controller/share/controller/hook/ament_prefix_path.ps1'
[0.591s] INFO:colcon.colcon_core.shell:Creating environment descriptor '/home/zephra/ros_workspace_2025/perception_ws/install/controller/share/controller/hook/ament_prefix_path.dsv'
[0.592s] INFO:colcon.colcon_core.shell:Creating environment hook '/home/zephra/ros_workspace_2025/perception_ws/install/controller/share/controller/hook/ament_prefix_path.sh'
[0.593s] INFO:colcon.colcon_core.shell:Skip shell extension 'powershell' for command environment: Not usable outside of PowerShell
[0.593s] DEBUG:colcon.colcon_core.shell:Skip shell extension 'dsv' for command environment
[0.603s] DEBUG:colcon.colcon_core.event_handler.log_command:Invoking command in '/home/zephra/ros_workspace_2025/perception_ws/build/px4_msgs': CMAKE_PREFIX_PATH=/opt/ros/humble /usr/bin/cmake --build /home/zephra/ros_workspace_2025/perception_ws/build/px4_msgs -- -j12 -l12
[0.896s] INFO:colcon.colcon_core.task.python.build:Building Python package in '/home/zephra/ros_workspace_2025/perception_ws/src/controller'
[0.897s] INFO:colcon.colcon_core.shell:Skip shell extension 'powershell' for command environment: Not usable outside of PowerShell
[0.897s] DEBUG:colcon.colcon_core.shell:Skip shell extension 'dsv' for command environment
[1.309s] DEBUG:colcon.colcon_core.event_handler.log_command:Invoking command in '/home/zephra/ros_workspace_2025/perception_ws/src/controller': PYTHONPATH=/home/zephra/ros_workspace_2025/perception_ws/build/controller/prefix_override:/usr/lib/python3/dist-packages/colcon_core/task/python/colcon_distutils_commands:/home/zephra/ros_workspace_2025/perception_ws/install/controller/lib/python3.10/site-packages:${PYTHONPATH} /usr/bin/python3 -W ignore:setup.py install is deprecated -W ignore:easy_install command is deprecated setup.py egg_info --egg-base ../../build/controller build --build-base /home/zephra/ros_workspace_2025/perception_ws/build/controller/build install --record /home/zephra/ros_workspace_2025/perception_ws/build/controller/install.log --single-version-externally-managed install_data
[1.738s] DEBUG:colcon.colcon_core.event_handler.log_command:Invoked command in '/home/zephra/ros_workspace_2025/perception_ws/src/controller' returned '0': PYTHONPATH=/home/zephra/ros_workspace_2025/perception_ws/build/controller/prefix_override:/usr/lib/python3/dist-packages/colcon_core/task/python/colcon_distutils_commands:/home/zephra/ros_workspace_2025/perception_ws/install/controller/lib/python3.10/site-packages:${PYTHONPATH} /usr/bin/python3 -W ignore:setup.py install is deprecated -W ignore:easy_install command is deprecated setup.py egg_info --egg-base ../../build/controller build --build-base /home/zephra/ros_workspace_2025/perception_ws/build/controller/build install --record /home/zephra/ros_workspace_2025/perception_ws/build/controller/install.log --single-version-externally-managed install_data
[1.743s] Level 1:colcon.colcon_core.environment:checking '/home/zephra/ros_workspace_2025/perception_ws/install/controller' for CMake module files
[1.743s] Level 1:colcon.colcon_core.environment:checking '/home/zephra/ros_workspace_2025/perception_ws/install/controller' for CMake config files
[1.744s] Level 1:colcon.colcon_core.environment:checking '/home/zephra/ros_workspace_2025/perception_ws/install/controller/lib'
[1.744s] Level 1:colcon.colcon_core.environment:checking '/home/zephra/ros_workspace_2025/perception_ws/install/controller/bin'
[1.744s] Level 1:colcon.colcon_core.environment:checking '/home/zephra/ros_workspace_2025/perception_ws/install/controller/lib/pkgconfig/controller.pc'
[1.744s] Level 1:colcon.colcon_core.environment:checking '/home/zephra/ros_workspace_2025/perception_ws/install/controller/lib/python3.10/site-packages'
[1.744s] Level 1:colcon.colcon_core.shell:create_environment_hook('controller', 'pythonpath')
[1.745s] INFO:colcon.colcon_core.shell:Creating environment hook '/home/zephra/ros_workspace_2025/perception_ws/install/controller/share/controller/hook/pythonpath.ps1'
[1.746s] INFO:colcon.colcon_core.shell:Creating environment descriptor '/home/zephra/ros_workspace_2025/perception_ws/install/controller/share/controller/hook/pythonpath.dsv'
[1.746s] INFO:colcon.colcon_core.shell:Creating environment hook '/home/zephra/ros_workspace_2025/perception_ws/install/controller/share/controller/hook/pythonpath.sh'
[1.747s] Level 1:colcon.colcon_core.environment:checking '/home/zephra/ros_workspace_2025/perception_ws/install/controller/bin'
[1.747s] Level 1:colcon.colcon_core.environment:create_environment_scripts_only(controller)
[1.747s] INFO:colcon.colcon_core.shell:Creating package script '/home/zephra/ros_workspace_2025/perception_ws/install/controller/share/controller/package.ps1'
[1.748s] INFO:colcon.colcon_core.shell:Creating package descriptor '/home/zephra/ros_workspace_2025/perception_ws/install/controller/share/controller/package.dsv'
[1.749s] INFO:colcon.colcon_core.shell:Creating package script '/home/zephra/ros_workspace_2025/perception_ws/install/controller/share/controller/package.sh'
[1.751s] INFO:colcon.colcon_core.shell:Creating package script '/home/zephra/ros_workspace_2025/perception_ws/install/controller/share/controller/package.bash'
[1.753s] INFO:colcon.colcon_core.shell:Creating package script '/home/zephra/ros_workspace_2025/perception_ws/install/controller/share/controller/package.zsh'
[1.754s] Level 1:colcon.colcon_core.environment:create_file_with_runtime_dependencies(/home/zephra/ros_workspace_2025/perception_ws/install/controller/share/colcon-core/packages/controller)
[1.857s] DEBUG:colcon.colcon_core.event_handler.log_command:Invoked command in '/home/zephra/ros_workspace_2025/perception_ws/build/px4_msgs' returned '0': CMAKE_PREFIX_PATH=/opt/ros/humble /usr/bin/cmake --build /home/zephra/ros_workspace_2025/perception_ws/build/px4_msgs -- -j12 -l12
[1.873s] DEBUG:colcon.colcon_core.event_handler.log_command:Invoking command in '/home/zephra/ros_workspace_2025/perception_ws/build/px4_msgs': CMAKE_PREFIX_PATH=/opt/ros/humble /usr/bin/cmake --install /home/zephra/ros_workspace_2025/perception_ws/build/px4_msgs
[2.360s] Level 1:colcon.colcon_core.environment:create_environment_scripts_only(px4_msgs)
[2.360s] Level 1:colcon.colcon_core.environment:checking '/home/zephra/ros_workspace_2025/perception_ws/install/px4_msgs' for CMake module files
[2.361s] DEBUG:colcon.colcon_core.event_handler.log_command:Invoked command in '/home/zephra/ros_workspace_2025/perception_ws/build/px4_msgs' returned '0': CMAKE_PREFIX_PATH=/opt/ros/humble /usr/bin/cmake --install /home/zephra/ros_workspace_2025/perception_ws/build/px4_msgs
[2.362s] Level 1:colcon.colcon_core.environment:checking '/home/zephra/ros_workspace_2025/perception_ws/install/px4_msgs' for CMake config files
[2.367s] Level 1:colcon.colcon_core.shell:create_environment_hook('px4_msgs', 'cmake_prefix_path')
[2.367s] INFO:colcon.colcon_core.shell:Creating environment hook '/home/zephra/ros_workspace_2025/perception_ws/install/px4_msgs/share/px4_msgs/hook/cmake_prefix_path.ps1'
[2.368s] INFO:colcon.colcon_core.shell:Creating environment descriptor '/home/zephra/ros_workspace_2025/perception_ws/install/px4_msgs/share/px4_msgs/hook/cmake_prefix_path.dsv'
[2.369s] INFO:colcon.colcon_core.shell:Creating environment hook '/home/zephra/ros_workspace_2025/perception_ws/install/px4_msgs/share/px4_msgs/hook/cmake_prefix_path.sh'
[2.369s] Level 1:colcon.colcon_core.environment:checking '/home/zephra/ros_workspace_2025/perception_ws/install/px4_msgs/lib'
[2.369s] Level 1:colcon.colcon_core.shell:create_environment_hook('px4_msgs', 'ld_library_path_lib')
[2.370s] INFO:colcon.colcon_core.shell:Creating environment hook '/home/zephra/ros_workspace_2025/perception_ws/install/px4_msgs/share/px4_msgs/hook/ld_library_path_lib.ps1'
[2.370s] INFO:colcon.colcon_core.shell:Creating environment descriptor '/home/zephra/ros_workspace_2025/perception_ws/install/px4_msgs/share/px4_msgs/hook/ld_library_path_lib.dsv'
[2.370s] INFO:colcon.colcon_core.shell:Creating environment hook '/home/zephra/ros_workspace_2025/perception_ws/install/px4_msgs/share/px4_msgs/hook/ld_library_path_lib.sh'
[2.371s] Level 1:colcon.colcon_core.environment:checking '/home/zephra/ros_workspace_2025/perception_ws/install/px4_msgs/bin'
[2.371s] Level 1:colcon.colcon_core.environment:checking '/home/zephra/ros_workspace_2025/perception_ws/install/px4_msgs/lib/pkgconfig/px4_msgs.pc'
[2.371s] Level 1:colcon.colcon_core.environment:checking '/home/zephra/ros_workspace_2025/perception_ws/install/px4_msgs/lib/python3.10/site-packages'
[2.371s] Level 1:colcon.colcon_core.environment:checking '/home/zephra/ros_workspace_2025/perception_ws/install/px4_msgs/bin'
[2.371s] INFO:colcon.colcon_core.shell:Creating package script '/home/zephra/ros_workspace_2025/perception_ws/install/px4_msgs/share/px4_msgs/package.ps1'
[2.372s] INFO:colcon.colcon_core.shell:Creating package descriptor '/home/zephra/ros_workspace_2025/perception_ws/install/px4_msgs/share/px4_msgs/package.dsv'
[2.372s] INFO:colcon.colcon_core.shell:Creating package script '/home/zephra/ros_workspace_2025/perception_ws/install/px4_msgs/share/px4_msgs/package.sh'
[2.372s] INFO:colcon.colcon_core.shell:Creating package script '/home/zephra/ros_workspace_2025/perception_ws/install/px4_msgs/share/px4_msgs/package.bash'
[2.372s] INFO:colcon.colcon_core.shell:Creating package script '/home/zephra/ros_workspace_2025/perception_ws/install/px4_msgs/share/px4_msgs/package.zsh'
[2.373s] Level 1:colcon.colcon_core.environment:create_file_with_runtime_dependencies(/home/zephra/ros_workspace_2025/perception_ws/install/px4_msgs/share/colcon-core/packages/px4_msgs)
[2.373s] Level 1:colcon.colcon_core.environment:create_environment_scripts_only(px4_msgs)
[2.373s] Level 1:colcon.colcon_core.environment:checking '/home/zephra/ros_workspace_2025/perception_ws/install/px4_msgs' for CMake module files
[2.374s] Level 1:colcon.colcon_core.environment:checking '/home/zephra/ros_workspace_2025/perception_ws/install/px4_msgs' for CMake config files
[2.376s] Level 1:colcon.colcon_core.shell:create_environment_hook('px4_msgs', 'cmake_prefix_path')
[2.376s] INFO:colcon.colcon_core.shell:Creating environment hook '/home/zephra/ros_workspace_2025/perception_ws/install/px4_msgs/share/px4_msgs/hook/cmake_prefix_path.ps1'
[2.376s] INFO:colcon.colcon_core.shell:Creating environment descriptor '/home/zephra/ros_workspace_2025/perception_ws/install/px4_msgs/share/px4_msgs/hook/cmake_prefix_path.dsv'
[2.376s] INFO:colcon.colcon_core.shell:Creating environment hook '/home/zephra/ros_workspace_2025/perception_ws/install/px4_msgs/share/px4_msgs/hook/cmake_prefix_path.sh'
[2.377s] Level 1:colcon.colcon_core.environment:checking '/home/zephra/ros_workspace_2025/perception_ws/install/px4_msgs/lib'
[2.377s] Level 1:colcon.colcon_core.shell:create_environment_hook('px4_msgs', 'ld_library_path_lib')
[2.377s] INFO:colcon.colcon_core.shell:Creating environment hook '/home/zephra/ros_workspace_2025/perception_ws/install/px4_msgs/share/px4_msgs/hook/ld_library_path_lib.ps1'
[2.377s] INFO:colcon.colcon_core.shell:Creating environment descriptor '/home/zephra/ros_workspace_2025/perception_ws/install/px4_msgs/share/px4_msgs/hook/ld_library_path_lib.dsv'
[2.377s] INFO:colcon.colcon_core.shell:Creating environment hook '/home/zephra/ros_workspace_2025/perception_ws/install/px4_msgs/share/px4_msgs/hook/ld_library_path_lib.sh'
[2.378s] Level 1:colcon.colcon_core.environment:checking '/home/zephra/ros_workspace_2025/perception_ws/install/px4_msgs/bin'
[2.378s] Level 1:colcon.colcon_core.environment:checking '/home/zephra/ros_workspace_2025/perception_ws/install/px4_msgs/lib/pkgconfig/px4_msgs.pc'
[2.378s] Level 1:colcon.colcon_core.environment:checking '/home/zephra/ros_workspace_2025/perception_ws/install/px4_msgs/lib/python3.10/site-packages'
[2.378s] Level 1:colcon.colcon_core.environment:checking '/home/zephra/ros_workspace_2025/perception_ws/install/px4_msgs/bin'
[2.378s] INFO:colcon.colcon_core.shell:Creating package script '/home/zephra/ros_workspace_2025/perception_ws/install/px4_msgs/share/px4_msgs/package.ps1'
[2.379s] INFO:colcon.colcon_core.shell:Creating package descriptor '/home/zephra/ros_workspace_2025/perception_ws/install/px4_msgs/share/px4_msgs/package.dsv'
[2.379s] INFO:colcon.colcon_core.shell:Creating package script '/home/zephra/ros_workspace_2025/perception_ws/install/px4_msgs/share/px4_msgs/package.sh'
[2.380s] INFO:colcon.colcon_core.shell:Creating package script '/home/zephra/ros_workspace_2025/perception_ws/install/px4_msgs/share/px4_msgs/package.bash'
[2.380s] INFO:colcon.colcon_core.shell:Creating package script '/home/zephra/ros_workspace_2025/perception_ws/install/px4_msgs/share/px4_msgs/package.zsh'
[2.380s] Level 1:colcon.colcon_core.environment:create_file_with_runtime_dependencies(/home/zephra/ros_workspace_2025/perception_ws/install/px4_msgs/share/colcon-core/packages/px4_msgs)
[2.381s] INFO:colcon.colcon_ros.task.ament_cmake.build:Building ROS package in '/home/zephra/ros_workspace_2025/perception_ws/src/px4_ros_com' with build type 'ament_cmake'
[2.381s] INFO:colcon.colcon_cmake.task.cmake.build:Building CMake package in '/home/zephra/ros_workspace_2025/perception_ws/src/px4_ros_com'
[2.381s] INFO:colcon.colcon_core.shell:Skip shell extension 'powershell' for command environment: Not usable outside of PowerShell
[2.381s] DEBUG:colcon.colcon_core.shell:Skip shell extension 'dsv' for command environment
[2.394s] DEBUG:colcon.colcon_core.event_handler.log_command:Invoking command in '/home/zephra/ros_workspace_2025/perception_ws/build/px4_ros_com': AMENT_PREFIX_PATH=/home/zephra/ros_workspace_2025/perception_ws/install/px4_msgs:${AMENT_PREFIX_PATH} CMAKE_PREFIX_PATH=/home/zephra/ros_workspace_2025/perception_ws/install/px4_msgs:/opt/ros/humble LD_LIBRARY_PATH=/home/zephra/ros_workspace_2025/perception_ws/install/px4_msgs/lib:${LD_LIBRARY_PATH} PYTHONPATH=/home/zephra/ros_workspace_2025/perception_ws/install/px4_msgs/local/lib/python3.10/dist-packages:${PYTHONPATH} /usr/bin/cmake --build /home/zephra/ros_workspace_2025/perception_ws/build/px4_ros_com -- -j12 -l12
[2.809s] DEBUG:colcon.colcon_core.event_handler.log_command:Invoked command in '/home/zephra/ros_workspace_2025/perception_ws/build/px4_ros_com' returned '0': AMENT_PREFIX_PATH=/home/zephra/ros_workspace_2025/perception_ws/install/px4_msgs:${AMENT_PREFIX_PATH} CMAKE_PREFIX_PATH=/home/zephra/ros_workspace_2025/perception_ws/install/px4_msgs:/opt/ros/humble LD_LIBRARY_PATH=/home/zephra/ros_workspace_2025/perception_ws/install/px4_msgs/lib:${LD_LIBRARY_PATH} PYTHONPATH=/home/zephra/ros_workspace_2025/perception_ws/install/px4_msgs/local/lib/python3.10/dist-packages:${PYTHONPATH} /usr/bin/cmake --build /home/zephra/ros_workspace_2025/perception_ws/build/px4_ros_com -- -j12 -l12
[2.812s] DEBUG:colcon.colcon_core.event_handler.log_command:Invoking command in '/home/zephra/ros_workspace_2025/perception_ws/build/px4_ros_com': AMENT_PREFIX_PATH=/home/zephra/ros_workspace_2025/perception_ws/install/px4_msgs:${AMENT_PREFIX_PATH} CMAKE_PREFIX_PATH=/home/zephra/ros_workspace_2025/perception_ws/install/px4_msgs:/opt/ros/humble LD_LIBRARY_PATH=/home/zephra/ros_workspace_2025/perception_ws/install/px4_msgs/lib:${LD_LIBRARY_PATH} PYTHONPATH=/home/zephra/ros_workspace_2025/perception_ws/install/px4_msgs/local/lib/python3.10/dist-packages:${PYTHONPATH} /usr/bin/cmake --install /home/zephra/ros_workspace_2025/perception_ws/build/px4_ros_com
[2.869s] Level 1:colcon.colcon_core.environment:create_environment_scripts_only(px4_ros_com)
[2.870s] Level 1:colcon.colcon_core.environment:checking '/home/zephra/ros_workspace_2025/perception_ws/install/px4_ros_com' for CMake module files
[2.871s] DEBUG:colcon.colcon_core.event_handler.log_command:Invoked command in '/home/zephra/ros_workspace_2025/perception_ws/build/px4_ros_com' returned '0': AMENT_PREFIX_PATH=/home/zephra/ros_workspace_2025/perception_ws/install/px4_msgs:${AMENT_PREFIX_PATH} CMAKE_PREFIX_PATH=/home/zephra/ros_workspace_2025/perception_ws/install/px4_msgs:/opt/ros/humble LD_LIBRARY_PATH=/home/zephra/ros_workspace_2025/perception_ws/install/px4_msgs/lib:${LD_LIBRARY_PATH} PYTHONPATH=/home/zephra/ros_workspace_2025/perception_ws/install/px4_msgs/local/lib/python3.10/dist-packages:${PYTHONPATH} /usr/bin/cmake --install /home/zephra/ros_workspace_2025/perception_ws/build/px4_ros_com
[2.872s] Level 1:colcon.colcon_core.environment:checking '/home/zephra/ros_workspace_2025/perception_ws/install/px4_ros_com' for CMake config files
[2.872s] Level 1:colcon.colcon_core.shell:create_environment_hook('px4_ros_com', 'cmake_prefix_path')
[2.873s] INFO:colcon.colcon_core.shell:Creating environment hook '/home/zephra/ros_workspace_2025/perception_ws/install/px4_ros_com/share/px4_ros_com/hook/cmake_prefix_path.ps1'
[2.873s] INFO:colcon.colcon_core.shell:Creating environment descriptor '/home/zephra/ros_workspace_2025/perception_ws/install/px4_ros_com/share/px4_ros_com/hook/cmake_prefix_path.dsv'
[2.874s] INFO:colcon.colcon_core.shell:Creating environment hook '/home/zephra/ros_workspace_2025/perception_ws/install/px4_ros_com/share/px4_ros_com/hook/cmake_prefix_path.sh'
[2.874s] Level 1:colcon.colcon_core.environment:checking '/home/zephra/ros_workspace_2025/perception_ws/install/px4_ros_com/lib'
[2.874s] Level 1:colcon.colcon_core.shell:create_environment_hook('px4_ros_com', 'ld_library_path_lib')
[2.875s] INFO:colcon.colcon_core.shell:Creating environment hook '/home/zephra/ros_workspace_2025/perception_ws/install/px4_ros_com/share/px4_ros_com/hook/ld_library_path_lib.ps1'
[2.875s] INFO:colcon.colcon_core.shell:Creating environment descriptor '/home/zephra/ros_workspace_2025/perception_ws/install/px4_ros_com/share/px4_ros_com/hook/ld_library_path_lib.dsv'
[2.876s] INFO:colcon.colcon_core.shell:Creating environment hook '/home/zephra/ros_workspace_2025/perception_ws/install/px4_ros_com/share/px4_ros_com/hook/ld_library_path_lib.sh'
[2.876s] Level 1:colcon.colcon_core.environment:checking '/home/zephra/ros_workspace_2025/perception_ws/install/px4_ros_com/bin'
[2.876s] Level 1:colcon.colcon_core.environment:checking '/home/zephra/ros_workspace_2025/perception_ws/install/px4_ros_com/lib/pkgconfig/px4_ros_com.pc'
[2.877s] Level 1:colcon.colcon_core.environment:checking '/home/zephra/ros_workspace_2025/perception_ws/install/px4_ros_com/lib/python3.10/site-packages'
[2.877s] Level 1:colcon.colcon_core.environment:checking '/home/zephra/ros_workspace_2025/perception_ws/install/px4_ros_com/bin'
[2.877s] INFO:colcon.colcon_core.shell:Creating package script '/home/zephra/ros_workspace_2025/perception_ws/install/px4_ros_com/share/px4_ros_com/package.ps1'
[2.878s] INFO:colcon.colcon_core.shell:Creating package descriptor '/home/zephra/ros_workspace_2025/perception_ws/install/px4_ros_com/share/px4_ros_com/package.dsv'
[2.878s] INFO:colcon.colcon_core.shell:Creating package script '/home/zephra/ros_workspace_2025/perception_ws/install/px4_ros_com/share/px4_ros_com/package.sh'
[2.879s] INFO:colcon.colcon_core.shell:Creating package script '/home/zephra/ros_workspace_2025/perception_ws/install/px4_ros_com/share/px4_ros_com/package.bash'
[2.880s] INFO:colcon.colcon_core.shell:Creating package script '/home/zephra/ros_workspace_2025/perception_ws/install/px4_ros_com/share/px4_ros_com/package.zsh'
[2.881s] Level 1:colcon.colcon_core.environment:create_file_with_runtime_dependencies(/home/zephra/ros_workspace_2025/perception_ws/install/px4_ros_com/share/colcon-core/packages/px4_ros_com)
[2.882s] Level 1:colcon.colcon_core.environment:create_environment_scripts_only(px4_ros_com)
[2.882s] Level 1:colcon.colcon_core.environment:checking '/home/zephra/ros_workspace_2025/perception_ws/install/px4_ros_com' for CMake module files
[2.884s] Level 1:colcon.colcon_core.environment:checking '/home/zephra/ros_workspace_2025/perception_ws/install/px4_ros_com' for CMake config files
[2.885s] Level 1:colcon.colcon_core.shell:create_environment_hook('px4_ros_com', 'cmake_prefix_path')
[2.885s] INFO:colcon.colcon_core.shell:Creating environment hook '/home/zephra/ros_workspace_2025/perception_ws/install/px4_ros_com/share/px4_ros_com/hook/cmake_prefix_path.ps1'
[2.886s] INFO:colcon.colcon_core.shell:Creating environment descriptor '/home/zephra/ros_workspace_2025/perception_ws/install/px4_ros_com/share/px4_ros_com/hook/cmake_prefix_path.dsv'
[2.887s] INFO:colcon.colcon_core.shell:Creating environment hook '/home/zephra/ros_workspace_2025/perception_ws/install/px4_ros_com/share/px4_ros_com/hook/cmake_prefix_path.sh'
[2.888s] Level 1:colcon.colcon_core.environment:checking '/home/zephra/ros_workspace_2025/perception_ws/install/px4_ros_com/lib'
[2.888s] Level 1:colcon.colcon_core.shell:create_environment_hook('px4_ros_com', 'ld_library_path_lib')
[2.888s] INFO:colcon.colcon_core.shell:Creating environment hook '/home/zephra/ros_workspace_2025/perception_ws/install/px4_ros_com/share/px4_ros_com/hook/ld_library_path_lib.ps1'
[2.889s] INFO:colcon.colcon_core.shell:Creating environment descriptor '/home/zephra/ros_workspace_2025/perception_ws/install/px4_ros_com/share/px4_ros_com/hook/ld_library_path_lib.dsv'
[2.889s] INFO:colcon.colcon_core.shell:Creating environment hook '/home/zephra/ros_workspace_2025/perception_ws/install/px4_ros_com/share/px4_ros_com/hook/ld_library_path_lib.sh'
[2.890s] Level 1:colcon.colcon_core.environment:checking '/home/zephra/ros_workspace_2025/perception_ws/install/px4_ros_com/bin'
[2.890s] Level 1:colcon.colcon_core.environment:checking '/home/zephra/ros_workspace_2025/perception_ws/install/px4_ros_com/lib/pkgconfig/px4_ros_com.pc'
[2.890s] Level 1:colcon.colcon_core.environment:checking '/home/zephra/ros_workspace_2025/perception_ws/install/px4_ros_com/lib/python3.10/site-packages'
[2.891s] Level 1:colcon.colcon_core.environment:checking '/home/zephra/ros_workspace_2025/perception_ws/install/px4_ros_com/bin'
[2.891s] INFO:colcon.colcon_core.shell:Creating package script '/home/zephra/ros_workspace_2025/perception_ws/install/px4_ros_com/share/px4_ros_com/package.ps1'
[2.892s] INFO:colcon.colcon_core.shell:Creating package descriptor '/home/zephra/ros_workspace_2025/perception_ws/install/px4_ros_com/share/px4_ros_com/package.dsv'
[2.893s] INFO:colcon.colcon_core.shell:Creating package script '/home/zephra/ros_workspace_2025/perception_ws/install/px4_ros_com/share/px4_ros_com/package.sh'
[2.894s] INFO:colcon.colcon_core.shell:Creating package script '/home/zephra/ros_workspace_2025/perception_ws/install/px4_ros_com/share/px4_ros_com/package.bash'
[2.894s] INFO:colcon.colcon_core.shell:Creating package script '/home/zephra/ros_workspace_2025/perception_ws/install/px4_ros_com/share/px4_ros_com/package.zsh'
[2.895s] Level 1:colcon.colcon_core.environment:create_file_with_runtime_dependencies(/home/zephra/ros_workspace_2025/perception_ws/install/px4_ros_com/share/colcon-core/packages/px4_ros_com)
[2.896s] DEBUG:colcon.colcon_parallel_executor.executor.parallel:closing loop
[2.896s] DEBUG:colcon.colcon_parallel_executor.executor.parallel:loop closed
[2.897s] DEBUG:colcon.colcon_parallel_executor.executor.parallel:run_until_complete finished with '0'
[2.897s] DEBUG:colcon.colcon_core.event_reactor:joining thread
[2.904s] INFO:colcon.colcon_core.plugin_system:Skipping extension 'colcon_notification.desktop_notification.terminal_notifier': Not used on non-Darwin systems
[2.905s] INFO:colcon.colcon_core.plugin_system:Skipping extension 'colcon_notification.desktop_notification.win32': Not used on non-Windows systems
[2.905s] INFO:colcon.colcon_notification.desktop_notification:Sending desktop notification using 'notify2'
[2.919s] DEBUG:colcon.colcon_core.event_reactor:joined thread
[2.920s] INFO:colcon.colcon_core.shell:Creating prefix script '/home/zephra/ros_workspace_2025/perception_ws/install/local_setup.ps1'
[2.920s] INFO:colcon.colcon_core.shell:Creating prefix util module '/home/zephra/ros_workspace_2025/perception_ws/install/_local_setup_util_ps1.py'
[2.921s] INFO:colcon.colcon_core.shell:Creating prefix chain script '/home/zephra/ros_workspace_2025/perception_ws/install/setup.ps1'
[2.922s] INFO:colcon.colcon_core.shell:Creating prefix script '/home/zephra/ros_workspace_2025/perception_ws/install/local_setup.sh'
[2.922s] INFO:colcon.colcon_core.shell:Creating prefix util module '/home/zephra/ros_workspace_2025/perception_ws/install/_local_setup_util_sh.py'
[2.923s] INFO:colcon.colcon_core.shell:Creating prefix chain script '/home/zephra/ros_workspace_2025/perception_ws/install/setup.sh'
[2.925s] INFO:colcon.colcon_core.shell:Creating prefix script '/home/zephra/ros_workspace_2025/perception_ws/install/local_setup.bash'
[2.926s] INFO:colcon.colcon_core.shell:Creating prefix chain script '/home/zephra/ros_workspace_2025/perception_ws/install/setup.bash'
[2.928s] INFO:colcon.colcon_core.shell:Creating prefix script '/home/zephra/ros_workspace_2025/perception_ws/install/local_setup.zsh'
[2.929s] INFO:colcon.colcon_core.shell:Creating prefix chain script '/home/zephra/ros_workspace_2025/perception_ws/install/setup.zsh'
