[0.835s] Invoking command in '/home/conor/Documents/aero2025/ros_workspace_2025/perception_ws/src/controller': PYTHONPATH=/home/conor/Documents/aero2025/ros_workspace_2025/perception_ws/build/controller/prefix_override:/usr/lib/python3/dist-packages/colcon_core/task/python/colcon_distutils_commands:/home/conor/Documents/aero2025/ros_workspace_2025/perception_ws/install/controller/lib/python3.10/site-packages:${PYTHONPATH} /usr/bin/python3 -W ignore:setup.py install is deprecated setup.py egg_info --egg-base ../../build/controller build --build-base /home/conor/Documents/aero2025/ros_workspace_2025/perception_ws/build/controller/build install --record /home/conor/Documents/aero2025/ros_workspace_2025/perception_ws/build/controller/install.log --single-version-externally-managed install_data
[1.093s] running egg_info
[1.110s] writing ../../build/controller/controller.egg-info/PKG-INFO
[1.111s] writing dependency_links to ../../build/controller/controller.egg-info/dependency_links.txt
[1.111s] writing requirements to ../../build/controller/controller.egg-info/requires.txt
[1.112s] writing top-level names to ../../build/controller/controller.egg-info/top_level.txt
[1.143s] reading manifest file '../../build/controller/controller.egg-info/SOURCES.txt'
[1.143s] writing manifest file '../../build/controller/controller.egg-info/SOURCES.txt'
[1.143s] running build
[1.143s] running build_py
[1.144s] copying controller/takeoff_and_land.py -> /home/conor/Documents/aero2025/ros_workspace_2025/perception_ws/build/controller/build/lib/controller
[1.144s] copying controller/camera.py -> /home/conor/Documents/aero2025/ros_workspace_2025/perception_ws/build/controller/build/lib/controller
[1.144s] copying controller/__init__.py -> /home/conor/Documents/aero2025/ros_workspace_2025/perception_ws/build/controller/build/lib/controller
[1.144s] running install
[1.149s] running install_lib
[1.161s] copying /home/conor/Documents/aero2025/ros_workspace_2025/perception_ws/build/controller/build/lib/controller/takeoff_and_land.py -> /home/conor/Documents/aero2025/ros_workspace_2025/perception_ws/install/controller/lib/python3.10/site-packages/controller
[1.161s] byte-compiling /home/conor/Documents/aero2025/ros_workspace_2025/perception_ws/install/controller/lib/python3.10/site-packages/controller/takeoff_and_land.py to takeoff_and_land.cpython-310.pyc
[1.162s] running install_data
[1.162s] copying resource/controller -> /home/conor/Documents/aero2025/ros_workspace_2025/perception_ws/install/controller/share/ament_index/resource_index/packages
[1.162s] copying package.xml -> /home/conor/Documents/aero2025/ros_workspace_2025/perception_ws/install/controller/share/controller
[1.163s] running install_egg_info
[1.178s] removing '/home/conor/Documents/aero2025/ros_workspace_2025/perception_ws/install/controller/lib/python3.10/site-packages/controller-0.0.0-py3.10.egg-info' (and everything under it)
[1.178s] Copying ../../build/controller/controller.egg-info to /home/conor/Documents/aero2025/ros_workspace_2025/perception_ws/install/controller/lib/python3.10/site-packages/controller-0.0.0-py3.10.egg-info
[1.178s] running install_scripts
[1.320s] writing list of installed files to '/home/conor/Documents/aero2025/ros_workspace_2025/perception_ws/build/controller/install.log'
[1.346s] Invoked command in '/home/conor/Documents/aero2025/ros_workspace_2025/perception_ws/src/controller' returned '0': PYTHONPATH=/home/conor/Documents/aero2025/ros_workspace_2025/perception_ws/build/controller/prefix_override:/usr/lib/python3/dist-packages/colcon_core/task/python/colcon_distutils_commands:/home/conor/Documents/aero2025/ros_workspace_2025/perception_ws/install/controller/lib/python3.10/site-packages:${PYTHONPATH} /usr/bin/python3 -W ignore:setup.py install is deprecated setup.py egg_info --egg-base ../../build/controller build --build-base /home/conor/Documents/aero2025/ros_workspace_2025/perception_ws/build/controller/build install --record /home/conor/Documents/aero2025/ros_workspace_2025/perception_ws/build/controller/install.log --single-version-externally-managed install_data
