running egg_info
writing ../../build/fixedWing/fixedWing.egg-info/PKG-INFO
writing dependency_links to ../../build/fixedWing/fixedWing.egg-info/dependency_links.txt
writing requirements to ../../build/fixedWing/fixedWing.egg-info/requires.txt
writing top-level names to ../../build/fixedWing/fixedWing.egg-info/top_level.txt
reading manifest file '../../build/fixedWing/fixedWing.egg-info/SOURCES.txt'
writing manifest file '../../build/fixedWing/fixedWing.egg-info/SOURCES.txt'
running build
running build_py
copying fixedWing/fixedWingTakeOff.py -> /home/keshav/ros_workspace_2025/perception_ws/build/fixedWing/build/lib/fixedWing
copying fixedWing/__init__.py -> /home/keshav/ros_workspace_2025/perception_ws/build/fixedWing/build/lib/fixedWing
running install
running install_lib
running install_data
copying resource/fixedWing -> /home/keshav/ros_workspace_2025/perception_ws/install/fixedWing/share/ament_index/resource_index/packages
copying package.xml -> /home/keshav/ros_workspace_2025/perception_ws/install/fixedWing/share/fixedWing
running install_egg_info
removing '/home/keshav/ros_workspace_2025/perception_ws/install/fixedWing/lib/python3.10/site-packages/fixedWing-0.0.0-py3.10.egg-info' (and everything under it)
Copying ../../build/fixedWing/fixedWing.egg-info to /home/keshav/ros_workspace_2025/perception_ws/install/fixedWing/lib/python3.10/site-packages/fixedWing-0.0.0-py3.10.egg-info
running install_scripts
writing list of installed files to '/home/keshav/ros_workspace_2025/perception_ws/build/fixedWing/install.log'
