[0.091s] DEBUG:colcon:Command line arguments: ['/usr/bin/colcon', 'build']
[0.091s] DEBUG:colcon:Parsed command line arguments: Namespace(log_base=None, log_level=None, verb_name='build', build_base='build', install_base='install', merge_install=False, symlink_install=False, test_result_base=None, continue_on_error=False, executor='parallel', parallel_workers=12, event_handlers=None, ignore_user_meta=False, metas=['./colcon.meta'], base_paths=['.'], packages_ignore=None, packages_ignore_regex=None, paths=None, packages_up_to=None, packages_up_to_regex=None, packages_above=None, packages_above_and_dependencies=None, packages_above_depth=None, packages_select_by_dep=None, packages_skip_by_dep=None, packages_skip_up_to=None, packages_select_build_failed=False, packages_skip_build_finished=False, packages_select_test_failures=False, packages_skip_test_passed=False, packages_select=None, packages_skip=None, packages_select_regex=None, packages_skip_regex=None, packages_start=None, packages_end=None, allow_overriding=[], cmake_args=None, cmake_target=None, cmake_target_skip_unavailable=False, cmake_clean_cache=False, cmake_clean_first=False, cmake_force_configure=False, ament_cmake_args=None, catkin_cmake_args=None, catkin_skip_building_tests=False, mixin_files=None, mixin=None, verb_parser=<colcon_mixin.mixin.mixin_argument.MixinArgumentDecorator object at 0x7ff0b0432dd0>, verb_extension=<colcon_core.verb.build.BuildVerb object at 0x7ff0b04327d0>, main=<bound method BuildVerb.main of <colcon_core.verb.build.BuildVerb object at 0x7ff0b04327d0>>, mixin_verb=('build',))
[0.214s] Level 1:colcon.colcon_core.package_discovery:discover_packages(colcon_meta) check parameters
[0.214s] Level 1:colcon.colcon_core.package_discovery:discover_packages(recursive) check parameters
[0.214s] Level 1:colcon.colcon_core.package_discovery:discover_packages(ignore) check parameters
[0.214s] Level 1:colcon.colcon_core.package_discovery:discover_packages(path) check parameters
[0.214s] Level 1:colcon.colcon_core.package_discovery:discover_packages(colcon_meta) discover
[0.214s] Level 1:colcon.colcon_core.package_discovery:discover_packages(recursive) discover
[0.214s] INFO:colcon.colcon_core.package_discovery:Crawling recursively for packages in '/home/zephra/ros_workspace_2025/perception_ws'
[0.214s] Level 1:colcon.colcon_core.package_identification:_identify(.) by extensions ['ignore', 'ignore_ament_install']
[0.214s] Level 1:colcon.colcon_core.package_identification:_identify(.) by extension 'ignore'
[0.215s] Level 1:colcon.colcon_core.package_identification:_identify(.) by extension 'ignore_ament_install'
[0.215s] Level 1:colcon.colcon_core.package_identification:_identify(.) by extensions ['colcon_pkg']
[0.215s] Level 1:colcon.colcon_core.package_identification:_identify(.) by extension 'colcon_pkg'
[0.215s] Level 1:colcon.colcon_core.package_identification:_identify(.) by extensions ['colcon_meta']
[0.215s] Level 1:colcon.colcon_core.package_identification:_identify(.) by extension 'colcon_meta'
[0.215s] Level 1:colcon.colcon_core.package_identification:_identify(.) by extensions ['ros']
[0.215s] Level 1:colcon.colcon_core.package_identification:_identify(.) by extension 'ros'
[0.228s] Level 1:colcon.colcon_core.package_identification:_identify(.) by extensions ['cmake', 'python']
[0.228s] Level 1:colcon.colcon_core.package_identification:_identify(.) by extension 'cmake'
[0.228s] Level 1:colcon.colcon_core.package_identification:_identify(.) by extension 'python'
[0.228s] Level 1:colcon.colcon_core.package_identification:_identify(.) by extensions ['python_setup_py']
[0.228s] Level 1:colcon.colcon_core.package_identification:_identify(.) by extension 'python_setup_py'
[0.228s] Level 1:colcon.colcon_core.package_identification:_identify(build) by extensions ['ignore', 'ignore_ament_install']
[0.228s] Level 1:colcon.colcon_core.package_identification:_identify(build) by extension 'ignore'
[0.228s] Level 1:colcon.colcon_core.package_identification:_identify(build) ignored
[0.229s] Level 1:colcon.colcon_core.package_identification:_identify(install) by extensions ['ignore', 'ignore_ament_install']
[0.229s] Level 1:colcon.colcon_core.package_identification:_identify(install) by extension 'ignore'
[0.229s] Level 1:colcon.colcon_core.package_identification:_identify(install) ignored
[0.229s] Level 1:colcon.colcon_core.package_identification:_identify(log) by extensions ['ignore', 'ignore_ament_install']
[0.229s] Level 1:colcon.colcon_core.package_identification:_identify(log) by extension 'ignore'
[0.229s] Level 1:colcon.colcon_core.package_identification:_identify(log) ignored
[0.229s] Level 1:colcon.colcon_core.package_identification:_identify(src) by extensions ['ignore', 'ignore_ament_install']
[0.229s] Level 1:colcon.colcon_core.package_identification:_identify(src) by extension 'ignore'
[0.229s] Level 1:colcon.colcon_core.package_identification:_identify(src) by extension 'ignore_ament_install'
[0.229s] Level 1:colcon.colcon_core.package_identification:_identify(src) by extensions ['colcon_pkg']
[0.229s] Level 1:colcon.colcon_core.package_identification:_identify(src) by extension 'colcon_pkg'
[0.229s] Level 1:colcon.colcon_core.package_identification:_identify(src) by extensions ['colcon_meta']
[0.229s] Level 1:colcon.colcon_core.package_identification:_identify(src) by extension 'colcon_meta'
[0.229s] Level 1:colcon.colcon_core.package_identification:_identify(src) by extensions ['ros']
[0.229s] Level 1:colcon.colcon_core.package_identification:_identify(src) by extension 'ros'
[0.229s] Level 1:colcon.colcon_core.package_identification:_identify(src) by extensions ['cmake', 'python']
[0.229s] Level 1:colcon.colcon_core.package_identification:_identify(src) by extension 'cmake'
[0.229s] Level 1:colcon.colcon_core.package_identification:_identify(src) by extension 'python'
[0.229s] Level 1:colcon.colcon_core.package_identification:_identify(src) by extensions ['python_setup_py']
[0.230s] Level 1:colcon.colcon_core.package_identification:_identify(src) by extension 'python_setup_py'
[0.230s] Level 1:colcon.colcon_core.package_identification:_identify(src/controller) by extensions ['ignore', 'ignore_ament_install']
[0.230s] Level 1:colcon.colcon_core.package_identification:_identify(src/controller) by extension 'ignore'
[0.230s] Level 1:colcon.colcon_core.package_identification:_identify(src/controller) by extension 'ignore_ament_install'
[0.230s] Level 1:colcon.colcon_core.package_identification:_identify(src/controller) by extensions ['colcon_pkg']
[0.230s] Level 1:colcon.colcon_core.package_identification:_identify(src/controller) by extension 'colcon_pkg'
[0.230s] Level 1:colcon.colcon_core.package_identification:_identify(src/controller) by extensions ['colcon_meta']
[0.230s] Level 1:colcon.colcon_core.package_identification:_identify(src/controller) by extension 'colcon_meta'
[0.230s] Level 1:colcon.colcon_core.package_identification:_identify(src/controller) by extensions ['ros']
[0.230s] Level 1:colcon.colcon_core.package_identification:_identify(src/controller) by extension 'ros'
[0.232s] DEBUG:colcon.colcon_core.package_identification:Package 'src/controller' with type 'ros.ament_python' and name 'controller'
[0.232s] Level 1:colcon.colcon_core.package_identification:_identify(src/px4_msgs) by extensions ['ignore', 'ignore_ament_install']
[0.232s] Level 1:colcon.colcon_core.package_identification:_identify(src/px4_msgs) by extension 'ignore'
[0.233s] Level 1:colcon.colcon_core.package_identification:_identify(src/px4_msgs) by extension 'ignore_ament_install'
[0.233s] Level 1:colcon.colcon_core.package_identification:_identify(src/px4_msgs) by extensions ['colcon_pkg']
[0.233s] Level 1:colcon.colcon_core.package_identification:_identify(src/px4_msgs) by extension 'colcon_pkg'
[0.233s] Level 1:colcon.colcon_core.package_identification:_identify(src/px4_msgs) by extensions ['colcon_meta']
[0.233s] Level 1:colcon.colcon_core.package_identification:_identify(src/px4_msgs) by extension 'colcon_meta'
[0.233s] Level 1:colcon.colcon_core.package_identification:_identify(src/px4_msgs) by extensions ['ros']
[0.233s] Level 1:colcon.colcon_core.package_identification:_identify(src/px4_msgs) by extension 'ros'
[0.233s] DEBUG:colcon.colcon_core.package_identification:Package 'src/px4_msgs' with type 'ros.ament_cmake' and name 'px4_msgs'
[0.233s] Level 1:colcon.colcon_core.package_identification:_identify(src/px4_ros_com) by extensions ['ignore', 'ignore_ament_install']
[0.233s] Level 1:colcon.colcon_core.package_identification:_identify(src/px4_ros_com) by extension 'ignore'
[0.233s] Level 1:colcon.colcon_core.package_identification:_identify(src/px4_ros_com) by extension 'ignore_ament_install'
[0.233s] Level 1:colcon.colcon_core.package_identification:_identify(src/px4_ros_com) by extensions ['colcon_pkg']
[0.233s] Level 1:colcon.colcon_core.package_identification:_identify(src/px4_ros_com) by extension 'colcon_pkg'
[0.233s] Level 1:colcon.colcon_core.package_identification:_identify(src/px4_ros_com) by extensions ['colcon_meta']
[0.233s] Level 1:colcon.colcon_core.package_identification:_identify(src/px4_ros_com) by extension 'colcon_meta'
[0.233s] Level 1:colcon.colcon_core.package_identification:_identify(src/px4_ros_com) by extensions ['ros']
[0.233s] Level 1:colcon.colcon_core.package_identification:_identify(src/px4_ros_com) by extension 'ros'
[0.234s] DEBUG:colcon.colcon_core.package_identification:Package 'src/px4_ros_com' with type 'ros.ament_cmake' and name 'px4_ros_com'
[0.234s] Level 1:colcon.colcon_core.package_discovery:discover_packages(recursive) using defaults
[0.234s] Level 1:colcon.colcon_core.package_discovery:discover_packages(ignore) discover
[0.234s] Level 1:colcon.colcon_core.package_discovery:discover_packages(ignore) using defaults
[0.234s] Level 1:colcon.colcon_core.package_discovery:discover_packages(path) discover
[0.234s] Level 1:colcon.colcon_core.package_discovery:discover_packages(path) using defaults
[0.264s] Level 1:colcon.colcon_core.package_discovery:discover_packages(prefix_path) check parameters
[0.264s] Level 1:colcon.colcon_core.package_discovery:discover_packages(prefix_path) discover
[0.265s] DEBUG:colcon.colcon_installed_package_information.package_discovery:Found 3 installed packages in /home/zephra/ros_workspace_2025/perception_ws/install
[0.266s] DEBUG:colcon.colcon_installed_package_information.package_discovery:Found 270 installed packages in /opt/ros/humble
[0.267s] Level 1:colcon.colcon_core.package_discovery:discover_packages(prefix_path) using defaults
[0.290s] Level 5:colcon.colcon_core.verb:set package 'controller' build argument 'cmake_args' from command line to 'None'
[0.290s] Level 5:colcon.colcon_core.verb:set package 'controller' build argument 'cmake_target' from command line to 'None'
[0.290s] Level 5:colcon.colcon_core.verb:set package 'controller' build argument 'cmake_target_skip_unavailable' from command line to 'False'
[0.290s] Level 5:colcon.colcon_core.verb:set package 'controller' build argument 'cmake_clean_cache' from command line to 'False'
[0.290s] Level 5:colcon.colcon_core.verb:set package 'controller' build argument 'cmake_clean_first' from command line to 'False'
[0.290s] Level 5:colcon.colcon_core.verb:set package 'controller' build argument 'cmake_force_configure' from command line to 'False'
[0.290s] Level 5:colcon.colcon_core.verb:set package 'controller' build argument 'ament_cmake_args' from command line to 'None'
[0.290s] Level 5:colcon.colcon_core.verb:set package 'controller' build argument 'catkin_cmake_args' from command line to 'None'
[0.290s] Level 5:colcon.colcon_core.verb:set package 'controller' build argument 'catkin_skip_building_tests' from command line to 'False'
[0.290s] DEBUG:colcon.colcon_core.verb:Building package 'controller' with the following arguments: {'ament_cmake_args': None, 'build_base': '/home/zephra/ros_workspace_2025/perception_ws/build/controller', 'catkin_cmake_args': None, 'catkin_skip_building_tests': False, 'cmake_args': None, 'cmake_clean_cache': False, 'cmake_clean_first': False, 'cmake_force_configure': False, 'cmake_target': None, 'cmake_target_skip_unavailable': False, 'install_base': '/home/zephra/ros_workspace_2025/perception_ws/install/controller', 'merge_install': False, 'path': '/home/zephra/ros_workspace_2025/perception_ws/src/controller', 'symlink_install': False, 'test_result_base': None}
[0.291s] Level 5:colcon.colcon_core.verb:set package 'px4_msgs' build argument 'cmake_args' from command line to 'None'
[0.291s] Level 5:colcon.colcon_core.verb:set package 'px4_msgs' build argument 'cmake_target' from command line to 'None'
[0.291s] Level 5:colcon.colcon_core.verb:set package 'px4_msgs' build argument 'cmake_target_skip_unavailable' from command line to 'False'
[0.291s] Level 5:colcon.colcon_core.verb:set package 'px4_msgs' build argument 'cmake_clean_cache' from command line to 'False'
[0.291s] Level 5:colcon.colcon_core.verb:set package 'px4_msgs' build argument 'cmake_clean_first' from command line to 'False'
[0.291s] Level 5:colcon.colcon_core.verb:set package 'px4_msgs' build argument 'cmake_force_configure' from command line to 'False'
[0.291s] Level 5:colcon.colcon_core.verb:set package 'px4_msgs' build argument 'ament_cmake_args' from command line to 'None'
[0.291s] Level 5:colcon.colcon_core.verb:set package 'px4_msgs' build argument 'catkin_cmake_args' from command line to 'None'
[0.291s] Level 5:colcon.colcon_core.verb:set package 'px4_msgs' build argument 'catkin_skip_building_tests' from command line to 'False'
[0.291s] DEBUG:colcon.colcon_core.verb:Building package 'px4_msgs' with the following arguments: {'ament_cmake_args': None, 'build_base': '/home/zephra/ros_workspace_2025/perception_ws/build/px4_msgs', 'catkin_cmake_args': None, 'catkin_skip_building_tests': False, 'cmake_args': None, 'cmake_clean_cache': False, 'cmake_clean_first': False, 'cmake_force_configure': False, 'cmake_target': None, 'cmake_target_skip_unavailable': False, 'install_base': '/home/zephra/ros_workspace_2025/perception_ws/install/px4_msgs', 'merge_install': False, 'path': '/home/zephra/ros_workspace_2025/perception_ws/src/px4_msgs', 'symlink_install': False, 'test_result_base': None}
[0.291s] Level 5:colcon.colcon_core.verb:set package 'px4_ros_com' build argument 'cmake_args' from command line to 'None'
[0.291s] Level 5:colcon.colcon_core.verb:set package 'px4_ros_com' build argument 'cmake_target' from command line to 'None'
[0.291s] Level 5:colcon.colcon_core.verb:set package 'px4_ros_com' build argument 'cmake_target_skip_unavailable' from command line to 'False'
[0.291s] Level 5:colcon.colcon_core.verb:set package 'px4_ros_com' build argument 'cmake_clean_cache' from command line to 'False'
[0.291s] Level 5:colcon.colcon_core.verb:set package 'px4_ros_com' build argument 'cmake_clean_first' from command line to 'False'
[0.291s] Level 5:colcon.colcon_core.verb:set package 'px4_ros_com' build argument 'cmake_force_configure' from command line to 'False'
[0.291s] Level 5:colcon.colcon_core.verb:set package 'px4_ros_com' build argument 'ament_cmake_args' from command line to 'None'
[0.291s] Level 5:colcon.colcon_core.verb:set package 'px4_ros_com' build argument 'catkin_cmake_args' from command line to 'None'
[0.291s] Level 5:colcon.colcon_core.verb:set package 'px4_ros_com' build argument 'catkin_skip_building_tests' from command line to 'False'
[0.291s] DEBUG:colcon.colcon_core.verb:Building package 'px4_ros_com' with the following arguments: {'ament_cmake_args': None, 'build_base': '/home/zephra/ros_workspace_2025/perception_ws/build/px4_ros_com', 'catkin_cmake_args': None, 'catkin_skip_building_tests': False, 'cmake_args': None, 'cmake_clean_cache': False, 'cmake_clean_first': False, 'cmake_force_configure': False, 'cmake_target': None, 'cmake_target_skip_unavailable': False, 'install_base': '/home/zephra/ros_workspace_2025/perception_ws/install/px4_ros_com', 'merge_install': False, 'path': '/home/zephra/ros_workspace_2025/perception_ws/src/px4_ros_com', 'symlink_install': False, 'test_result_base': None}
[0.291s] INFO:colcon.colcon_core.executor:Executing jobs using 'parallel' executor
[0.292s] DEBUG:colcon.colcon_parallel_executor.executor.parallel:run_until_complete
[0.293s] INFO:colcon.colcon_ros.task.ament_cmake.build:Building ROS package in '/home/zephra/ros_workspace_2025/perception_ws/src/px4_msgs' with build type 'ament_cmake'
[0.293s] INFO:colcon.colcon_cmake.task.cmake.build:Building CMake package in '/home/zephra/ros_workspace_2025/perception_ws/src/px4_msgs'
[0.295s] INFO:colcon.colcon_core.plugin_system:Skipping extension 'colcon_core.shell.bat': Not used on non-Windows systems
[0.295s] INFO:colcon.colcon_core.shell:Skip shell extension 'powershell' for command environment: Not usable outside of PowerShell
[0.295s] DEBUG:colcon.colcon_core.shell:Skip shell extension 'dsv' for command environment
[0.297s] INFO:colcon.colcon_ros.task.ament_python.build:Building ROS package in '/home/zephra/ros_workspace_2025/perception_ws/src/controller' with build type 'ament_python'
[0.298s] Level 1:colcon.colcon_core.shell:create_environment_hook('controller', 'ament_prefix_path')
[0.298s] INFO:colcon.colcon_core.shell:Creating environment hook '/home/zephra/ros_workspace_2025/perception_ws/install/controller/share/controller/hook/ament_prefix_path.ps1'
[0.298s] INFO:colcon.colcon_core.shell:Creating environment descriptor '/home/zephra/ros_workspace_2025/perception_ws/install/controller/share/controller/hook/ament_prefix_path.dsv'
[0.298s] INFO:colcon.colcon_core.shell:Creating environment hook '/home/zephra/ros_workspace_2025/perception_ws/install/controller/share/controller/hook/ament_prefix_path.sh'
[0.299s] INFO:colcon.colcon_core.shell:Skip shell extension 'powershell' for command environment: Not usable outside of PowerShell
[0.299s] DEBUG:colcon.colcon_core.shell:Skip shell extension 'dsv' for command environment
[0.306s] DEBUG:colcon.colcon_core.event_handler.log_command:Invoking command in '/home/zephra/ros_workspace_2025/perception_ws/build/px4_msgs': CMAKE_PREFIX_PATH=${CMAKE_PREFIX_PATH}:/home/zephra/ros_workspace_2025/perception_ws/install/controller:/opt/ros/humble /usr/bin/cmake --build /home/zephra/ros_workspace_2025/perception_ws/build/px4_msgs -- -j12 -l12
[0.526s] INFO:colcon.colcon_core.task.python.build:Building Python package in '/home/zephra/ros_workspace_2025/perception_ws/src/controller'
[0.527s] INFO:colcon.colcon_core.shell:Skip shell extension 'powershell' for command environment: Not usable outside of PowerShell
[0.527s] DEBUG:colcon.colcon_core.shell:Skip shell extension 'dsv' for command environment
[0.810s] DEBUG:colcon.colcon_core.event_handler.log_command:Invoking command in '/home/zephra/ros_workspace_2025/perception_ws/src/controller': PYTHONPATH=/home/zephra/ros_workspace_2025/perception_ws/build/controller/prefix_override:/usr/lib/python3/dist-packages/colcon_core/task/python/colcon_distutils_commands:/home/zephra/ros_workspace_2025/perception_ws/install/controller/lib/python3.10/site-packages:${PYTHONPATH} /usr/bin/python3 -W ignore:setup.py install is deprecated -W ignore:easy_install command is deprecated setup.py egg_info --egg-base ../../build/controller build --build-base /home/zephra/ros_workspace_2025/perception_ws/build/controller/build install --record /home/zephra/ros_workspace_2025/perception_ws/build/controller/install.log --single-version-externally-managed install_data
[1.098s] DEBUG:colcon.colcon_core.event_handler.log_command:Invoked command in '/home/zephra/ros_workspace_2025/perception_ws/src/controller' returned '0': PYTHONPATH=/home/zephra/ros_workspace_2025/perception_ws/build/controller/prefix_override:/usr/lib/python3/dist-packages/colcon_core/task/python/colcon_distutils_commands:/home/zephra/ros_workspace_2025/perception_ws/install/controller/lib/python3.10/site-packages:${PYTHONPATH} /usr/bin/python3 -W ignore:setup.py install is deprecated -W ignore:easy_install command is deprecated setup.py egg_info --egg-base ../../build/controller build --build-base /home/zephra/ros_workspace_2025/perception_ws/build/controller/build install --record /home/zephra/ros_workspace_2025/perception_ws/build/controller/install.log --single-version-externally-managed install_data
[1.101s] Level 1:colcon.colcon_core.environment:checking '/home/zephra/ros_workspace_2025/perception_ws/install/controller' for CMake module files
[1.101s] Level 1:colcon.colcon_core.environment:checking '/home/zephra/ros_workspace_2025/perception_ws/install/controller' for CMake config files
[1.102s] Level 1:colcon.colcon_core.environment:checking '/home/zephra/ros_workspace_2025/perception_ws/install/controller/lib'
[1.103s] Level 1:colcon.colcon_core.environment:checking '/home/zephra/ros_workspace_2025/perception_ws/install/controller/bin'
[1.103s] Level 1:colcon.colcon_core.environment:checking '/home/zephra/ros_workspace_2025/perception_ws/install/controller/lib/pkgconfig/controller.pc'
[1.103s] Level 1:colcon.colcon_core.environment:checking '/home/zephra/ros_workspace_2025/perception_ws/install/controller/lib/python3.10/site-packages'
[1.103s] Level 1:colcon.colcon_core.shell:create_environment_hook('controller', 'pythonpath')
[1.103s] INFO:colcon.colcon_core.shell:Creating environment hook '/home/zephra/ros_workspace_2025/perception_ws/install/controller/share/controller/hook/pythonpath.ps1'
[1.104s] INFO:colcon.colcon_core.shell:Creating environment descriptor '/home/zephra/ros_workspace_2025/perception_ws/install/controller/share/controller/hook/pythonpath.dsv'
[1.105s] INFO:colcon.colcon_core.shell:Creating environment hook '/home/zephra/ros_workspace_2025/perception_ws/install/controller/share/controller/hook/pythonpath.sh'
[1.105s] Level 1:colcon.colcon_core.environment:checking '/home/zephra/ros_workspace_2025/perception_ws/install/controller/bin'
[1.105s] Level 1:colcon.colcon_core.environment:create_environment_scripts_only(controller)
[1.106s] INFO:colcon.colcon_core.shell:Creating package script '/home/zephra/ros_workspace_2025/perception_ws/install/controller/share/controller/package.ps1'
[1.107s] INFO:colcon.colcon_core.shell:Creating package descriptor '/home/zephra/ros_workspace_2025/perception_ws/install/controller/share/controller/package.dsv'
[1.108s] INFO:colcon.colcon_core.shell:Creating package script '/home/zephra/ros_workspace_2025/perception_ws/install/controller/share/controller/package.sh'
[1.109s] INFO:colcon.colcon_core.shell:Creating package script '/home/zephra/ros_workspace_2025/perception_ws/install/controller/share/controller/package.bash'
[1.110s] INFO:colcon.colcon_core.shell:Creating package script '/home/zephra/ros_workspace_2025/perception_ws/install/controller/share/controller/package.zsh'
[1.111s] Level 1:colcon.colcon_core.environment:create_file_with_runtime_dependencies(/home/zephra/ros_workspace_2025/perception_ws/install/controller/share/colcon-core/packages/controller)
[1.252s] DEBUG:colcon.colcon_core.event_handler.log_command:Invoked command in '/home/zephra/ros_workspace_2025/perception_ws/build/px4_msgs' returned '0': CMAKE_PREFIX_PATH=${CMAKE_PREFIX_PATH}:/home/zephra/ros_workspace_2025/perception_ws/install/controller:/opt/ros/humble /usr/bin/cmake --build /home/zephra/ros_workspace_2025/perception_ws/build/px4_msgs -- -j12 -l12
[1.262s] DEBUG:colcon.colcon_core.event_handler.log_command:Invoking command in '/home/zephra/ros_workspace_2025/perception_ws/build/px4_msgs': CMAKE_PREFIX_PATH=${CMAKE_PREFIX_PATH}:/home/zephra/ros_workspace_2025/perception_ws/install/controller:/opt/ros/humble /usr/bin/cmake --install /home/zephra/ros_workspace_2025/perception_ws/build/px4_msgs
[1.620s] Level 1:colcon.colcon_core.environment:create_environment_scripts_only(px4_msgs)
[1.621s] Level 1:colcon.colcon_core.environment:checking '/home/zephra/ros_workspace_2025/perception_ws/install/px4_msgs' for CMake module files
[1.621s] DEBUG:colcon.colcon_core.event_handler.log_command:Invoked command in '/home/zephra/ros_workspace_2025/perception_ws/build/px4_msgs' returned '0': CMAKE_PREFIX_PATH=${CMAKE_PREFIX_PATH}:/home/zephra/ros_workspace_2025/perception_ws/install/controller:/opt/ros/humble /usr/bin/cmake --install /home/zephra/ros_workspace_2025/perception_ws/build/px4_msgs
[1.622s] Level 1:colcon.colcon_core.environment:checking '/home/zephra/ros_workspace_2025/perception_ws/install/px4_msgs' for CMake config files
[1.626s] Level 1:colcon.colcon_core.shell:create_environment_hook('px4_msgs', 'cmake_prefix_path')
[1.627s] INFO:colcon.colcon_core.shell:Creating environment hook '/home/zephra/ros_workspace_2025/perception_ws/install/px4_msgs/share/px4_msgs/hook/cmake_prefix_path.ps1'
[1.627s] INFO:colcon.colcon_core.shell:Creating environment descriptor '/home/zephra/ros_workspace_2025/perception_ws/install/px4_msgs/share/px4_msgs/hook/cmake_prefix_path.dsv'
[1.627s] INFO:colcon.colcon_core.shell:Creating environment hook '/home/zephra/ros_workspace_2025/perception_ws/install/px4_msgs/share/px4_msgs/hook/cmake_prefix_path.sh'
[1.628s] Level 1:colcon.colcon_core.environment:checking '/home/zephra/ros_workspace_2025/perception_ws/install/px4_msgs/lib'
[1.628s] Level 1:colcon.colcon_core.shell:create_environment_hook('px4_msgs', 'ld_library_path_lib')
[1.628s] INFO:colcon.colcon_core.shell:Creating environment hook '/home/zephra/ros_workspace_2025/perception_ws/install/px4_msgs/share/px4_msgs/hook/ld_library_path_lib.ps1'
[1.628s] INFO:colcon.colcon_core.shell:Creating environment descriptor '/home/zephra/ros_workspace_2025/perception_ws/install/px4_msgs/share/px4_msgs/hook/ld_library_path_lib.dsv'
[1.629s] INFO:colcon.colcon_core.shell:Creating environment hook '/home/zephra/ros_workspace_2025/perception_ws/install/px4_msgs/share/px4_msgs/hook/ld_library_path_lib.sh'
[1.629s] Level 1:colcon.colcon_core.environment:checking '/home/zephra/ros_workspace_2025/perception_ws/install/px4_msgs/bin'
[1.629s] Level 1:colcon.colcon_core.environment:checking '/home/zephra/ros_workspace_2025/perception_ws/install/px4_msgs/lib/pkgconfig/px4_msgs.pc'
[1.629s] Level 1:colcon.colcon_core.environment:checking '/home/zephra/ros_workspace_2025/perception_ws/install/px4_msgs/lib/python3.10/site-packages'
[1.629s] Level 1:colcon.colcon_core.environment:checking '/home/zephra/ros_workspace_2025/perception_ws/install/px4_msgs/bin'
[1.629s] INFO:colcon.colcon_core.shell:Creating package script '/home/zephra/ros_workspace_2025/perception_ws/install/px4_msgs/share/px4_msgs/package.ps1'
[1.630s] INFO:colcon.colcon_core.shell:Creating package descriptor '/home/zephra/ros_workspace_2025/perception_ws/install/px4_msgs/share/px4_msgs/package.dsv'
[1.630s] INFO:colcon.colcon_core.shell:Creating package script '/home/zephra/ros_workspace_2025/perception_ws/install/px4_msgs/share/px4_msgs/package.sh'
[1.630s] INFO:colcon.colcon_core.shell:Creating package script '/home/zephra/ros_workspace_2025/perception_ws/install/px4_msgs/share/px4_msgs/package.bash'
[1.630s] INFO:colcon.colcon_core.shell:Creating package script '/home/zephra/ros_workspace_2025/perception_ws/install/px4_msgs/share/px4_msgs/package.zsh'
[1.631s] Level 1:colcon.colcon_core.environment:create_file_with_runtime_dependencies(/home/zephra/ros_workspace_2025/perception_ws/install/px4_msgs/share/colcon-core/packages/px4_msgs)
[1.631s] Level 1:colcon.colcon_core.environment:create_environment_scripts_only(px4_msgs)
[1.631s] Level 1:colcon.colcon_core.environment:checking '/home/zephra/ros_workspace_2025/perception_ws/install/px4_msgs' for CMake module files
[1.631s] Level 1:colcon.colcon_core.environment:checking '/home/zephra/ros_workspace_2025/perception_ws/install/px4_msgs' for CMake config files
[1.633s] Level 1:colcon.colcon_core.shell:create_environment_hook('px4_msgs', 'cmake_prefix_path')
[1.634s] INFO:colcon.colcon_core.shell:Creating environment hook '/home/zephra/ros_workspace_2025/perception_ws/install/px4_msgs/share/px4_msgs/hook/cmake_prefix_path.ps1'
[1.634s] INFO:colcon.colcon_core.shell:Creating environment descriptor '/home/zephra/ros_workspace_2025/perception_ws/install/px4_msgs/share/px4_msgs/hook/cmake_prefix_path.dsv'
[1.634s] INFO:colcon.colcon_core.shell:Creating environment hook '/home/zephra/ros_workspace_2025/perception_ws/install/px4_msgs/share/px4_msgs/hook/cmake_prefix_path.sh'
[1.635s] Level 1:colcon.colcon_core.environment:checking '/home/zephra/ros_workspace_2025/perception_ws/install/px4_msgs/lib'
[1.635s] Level 1:colcon.colcon_core.shell:create_environment_hook('px4_msgs', 'ld_library_path_lib')
[1.635s] INFO:colcon.colcon_core.shell:Creating environment hook '/home/zephra/ros_workspace_2025/perception_ws/install/px4_msgs/share/px4_msgs/hook/ld_library_path_lib.ps1'
[1.635s] INFO:colcon.colcon_core.shell:Creating environment descriptor '/home/zephra/ros_workspace_2025/perception_ws/install/px4_msgs/share/px4_msgs/hook/ld_library_path_lib.dsv'
[1.635s] INFO:colcon.colcon_core.shell:Creating environment hook '/home/zephra/ros_workspace_2025/perception_ws/install/px4_msgs/share/px4_msgs/hook/ld_library_path_lib.sh'
[1.636s] Level 1:colcon.colcon_core.environment:checking '/home/zephra/ros_workspace_2025/perception_ws/install/px4_msgs/bin'
[1.636s] Level 1:colcon.colcon_core.environment:checking '/home/zephra/ros_workspace_2025/perception_ws/install/px4_msgs/lib/pkgconfig/px4_msgs.pc'
[1.636s] Level 1:colcon.colcon_core.environment:checking '/home/zephra/ros_workspace_2025/perception_ws/install/px4_msgs/lib/python3.10/site-packages'
[1.636s] Level 1:colcon.colcon_core.environment:checking '/home/zephra/ros_workspace_2025/perception_ws/install/px4_msgs/bin'
[1.636s] INFO:colcon.colcon_core.shell:Creating package script '/home/zephra/ros_workspace_2025/perception_ws/install/px4_msgs/share/px4_msgs/package.ps1'
[1.636s] INFO:colcon.colcon_core.shell:Creating package descriptor '/home/zephra/ros_workspace_2025/perception_ws/install/px4_msgs/share/px4_msgs/package.dsv'
[1.637s] INFO:colcon.colcon_core.shell:Creating package script '/home/zephra/ros_workspace_2025/perception_ws/install/px4_msgs/share/px4_msgs/package.sh'
[1.637s] INFO:colcon.colcon_core.shell:Creating package script '/home/zephra/ros_workspace_2025/perception_ws/install/px4_msgs/share/px4_msgs/package.bash'
[1.637s] INFO:colcon.colcon_core.shell:Creating package script '/home/zephra/ros_workspace_2025/perception_ws/install/px4_msgs/share/px4_msgs/package.zsh'
[1.638s] Level 1:colcon.colcon_core.environment:create_file_with_runtime_dependencies(/home/zephra/ros_workspace_2025/perception_ws/install/px4_msgs/share/colcon-core/packages/px4_msgs)
[1.638s] INFO:colcon.colcon_ros.task.ament_cmake.build:Building ROS package in '/home/zephra/ros_workspace_2025/perception_ws/src/px4_ros_com' with build type 'ament_cmake'
[1.638s] INFO:colcon.colcon_cmake.task.cmake.build:Building CMake package in '/home/zephra/ros_workspace_2025/perception_ws/src/px4_ros_com'
[1.638s] INFO:colcon.colcon_core.shell:Skip shell extension 'powershell' for command environment: Not usable outside of PowerShell
[1.638s] DEBUG:colcon.colcon_core.shell:Skip shell extension 'dsv' for command environment
[1.649s] DEBUG:colcon.colcon_core.event_handler.log_command:Invoking command in '/home/zephra/ros_workspace_2025/perception_ws/build/px4_ros_com': CMAKE_PREFIX_PATH=/home/zephra/ros_workspace_2025/perception_ws/install/px4_msgs:/home/zephra/ros_workspace_2025/perception_ws/install/px4_ros_com:/home/zephra/ros_workspace_2025/perception_ws/install/controller:/opt/ros/humble LD_LIBRARY_PATH=/home/zephra/ros_workspace_2025/perception_ws/install/px4_msgs/lib:/home/zephra/ros_workspace_2025/perception_ws/install/px4_ros_com/lib:/opt/ros/humble/opt/rviz_ogre_vendor/lib:/opt/ros/humble/lib/x86_64-linux-gnu:/opt/ros/humble/lib /usr/bin/cmake --build /home/zephra/ros_workspace_2025/perception_ws/build/px4_ros_com -- -j12 -l12
[1.955s] DEBUG:colcon.colcon_core.event_handler.log_command:Invoked command in '/home/zephra/ros_workspace_2025/perception_ws/build/px4_ros_com' returned '0': CMAKE_PREFIX_PATH=/home/zephra/ros_workspace_2025/perception_ws/install/px4_msgs:/home/zephra/ros_workspace_2025/perception_ws/install/px4_ros_com:/home/zephra/ros_workspace_2025/perception_ws/install/controller:/opt/ros/humble LD_LIBRARY_PATH=/home/zephra/ros_workspace_2025/perception_ws/install/px4_msgs/lib:/home/zephra/ros_workspace_2025/perception_ws/install/px4_ros_com/lib:/opt/ros/humble/opt/rviz_ogre_vendor/lib:/opt/ros/humble/lib/x86_64-linux-gnu:/opt/ros/humble/lib /usr/bin/cmake --build /home/zephra/ros_workspace_2025/perception_ws/build/px4_ros_com -- -j12 -l12
[1.957s] DEBUG:colcon.colcon_core.event_handler.log_command:Invoking command in '/home/zephra/ros_workspace_2025/perception_ws/build/px4_ros_com': CMAKE_PREFIX_PATH=/home/zephra/ros_workspace_2025/perception_ws/install/px4_msgs:/home/zephra/ros_workspace_2025/perception_ws/install/px4_ros_com:/home/zephra/ros_workspace_2025/perception_ws/install/controller:/opt/ros/humble LD_LIBRARY_PATH=/home/zephra/ros_workspace_2025/perception_ws/install/px4_msgs/lib:/home/zephra/ros_workspace_2025/perception_ws/install/px4_ros_com/lib:/opt/ros/humble/opt/rviz_ogre_vendor/lib:/opt/ros/humble/lib/x86_64-linux-gnu:/opt/ros/humble/lib /usr/bin/cmake --install /home/zephra/ros_workspace_2025/perception_ws/build/px4_ros_com
[2.001s] Level 1:colcon.colcon_core.environment:create_environment_scripts_only(px4_ros_com)
[2.002s] Level 1:colcon.colcon_core.environment:checking '/home/zephra/ros_workspace_2025/perception_ws/install/px4_ros_com' for CMake module files
[2.002s] DEBUG:colcon.colcon_core.event_handler.log_command:Invoked command in '/home/zephra/ros_workspace_2025/perception_ws/build/px4_ros_com' returned '0': CMAKE_PREFIX_PATH=/home/zephra/ros_workspace_2025/perception_ws/install/px4_msgs:/home/zephra/ros_workspace_2025/perception_ws/install/px4_ros_com:/home/zephra/ros_workspace_2025/perception_ws/install/controller:/opt/ros/humble LD_LIBRARY_PATH=/home/zephra/ros_workspace_2025/perception_ws/install/px4_msgs/lib:/home/zephra/ros_workspace_2025/perception_ws/install/px4_ros_com/lib:/opt/ros/humble/opt/rviz_ogre_vendor/lib:/opt/ros/humble/lib/x86_64-linux-gnu:/opt/ros/humble/lib /usr/bin/cmake --install /home/zephra/ros_workspace_2025/perception_ws/build/px4_ros_com
[2.003s] Level 1:colcon.colcon_core.environment:checking '/home/zephra/ros_workspace_2025/perception_ws/install/px4_ros_com' for CMake config files
[2.004s] Level 1:colcon.colcon_core.shell:create_environment_hook('px4_ros_com', 'cmake_prefix_path')
[2.004s] INFO:colcon.colcon_core.shell:Creating environment hook '/home/zephra/ros_workspace_2025/perception_ws/install/px4_ros_com/share/px4_ros_com/hook/cmake_prefix_path.ps1'
[2.004s] INFO:colcon.colcon_core.shell:Creating environment descriptor '/home/zephra/ros_workspace_2025/perception_ws/install/px4_ros_com/share/px4_ros_com/hook/cmake_prefix_path.dsv'
[2.005s] INFO:colcon.colcon_core.shell:Creating environment hook '/home/zephra/ros_workspace_2025/perception_ws/install/px4_ros_com/share/px4_ros_com/hook/cmake_prefix_path.sh'
[2.005s] Level 1:colcon.colcon_core.environment:checking '/home/zephra/ros_workspace_2025/perception_ws/install/px4_ros_com/lib'
[2.005s] Level 1:colcon.colcon_core.shell:create_environment_hook('px4_ros_com', 'ld_library_path_lib')
[2.005s] INFO:colcon.colcon_core.shell:Creating environment hook '/home/zephra/ros_workspace_2025/perception_ws/install/px4_ros_com/share/px4_ros_com/hook/ld_library_path_lib.ps1'
[2.006s] INFO:colcon.colcon_core.shell:Creating environment descriptor '/home/zephra/ros_workspace_2025/perception_ws/install/px4_ros_com/share/px4_ros_com/hook/ld_library_path_lib.dsv'
[2.007s] INFO:colcon.colcon_core.shell:Creating environment hook '/home/zephra/ros_workspace_2025/perception_ws/install/px4_ros_com/share/px4_ros_com/hook/ld_library_path_lib.sh'
[2.007s] Level 1:colcon.colcon_core.environment:checking '/home/zephra/ros_workspace_2025/perception_ws/install/px4_ros_com/bin'
[2.007s] Level 1:colcon.colcon_core.environment:checking '/home/zephra/ros_workspace_2025/perception_ws/install/px4_ros_com/lib/pkgconfig/px4_ros_com.pc'
[2.008s] Level 1:colcon.colcon_core.environment:checking '/home/zephra/ros_workspace_2025/perception_ws/install/px4_ros_com/lib/python3.10/site-packages'
[2.008s] Level 1:colcon.colcon_core.environment:checking '/home/zephra/ros_workspace_2025/perception_ws/install/px4_ros_com/bin'
[2.008s] INFO:colcon.colcon_core.shell:Creating package script '/home/zephra/ros_workspace_2025/perception_ws/install/px4_ros_com/share/px4_ros_com/package.ps1'
[2.009s] INFO:colcon.colcon_core.shell:Creating package descriptor '/home/zephra/ros_workspace_2025/perception_ws/install/px4_ros_com/share/px4_ros_com/package.dsv'
[2.009s] INFO:colcon.colcon_core.shell:Creating package script '/home/zephra/ros_workspace_2025/perception_ws/install/px4_ros_com/share/px4_ros_com/package.sh'
[2.010s] INFO:colcon.colcon_core.shell:Creating package script '/home/zephra/ros_workspace_2025/perception_ws/install/px4_ros_com/share/px4_ros_com/package.bash'
[2.010s] INFO:colcon.colcon_core.shell:Creating package script '/home/zephra/ros_workspace_2025/perception_ws/install/px4_ros_com/share/px4_ros_com/package.zsh'
[2.010s] Level 1:colcon.colcon_core.environment:create_file_with_runtime_dependencies(/home/zephra/ros_workspace_2025/perception_ws/install/px4_ros_com/share/colcon-core/packages/px4_ros_com)
[2.011s] Level 1:colcon.colcon_core.environment:create_environment_scripts_only(px4_ros_com)
[2.011s] Level 1:colcon.colcon_core.environment:checking '/home/zephra/ros_workspace_2025/perception_ws/install/px4_ros_com' for CMake module files
[2.012s] Level 1:colcon.colcon_core.environment:checking '/home/zephra/ros_workspace_2025/perception_ws/install/px4_ros_com' for CMake config files
[2.012s] Level 1:colcon.colcon_core.shell:create_environment_hook('px4_ros_com', 'cmake_prefix_path')
[2.012s] INFO:colcon.colcon_core.shell:Creating environment hook '/home/zephra/ros_workspace_2025/perception_ws/install/px4_ros_com/share/px4_ros_com/hook/cmake_prefix_path.ps1'
[2.013s] INFO:colcon.colcon_core.shell:Creating environment descriptor '/home/zephra/ros_workspace_2025/perception_ws/install/px4_ros_com/share/px4_ros_com/hook/cmake_prefix_path.dsv'
[2.013s] INFO:colcon.colcon_core.shell:Creating environment hook '/home/zephra/ros_workspace_2025/perception_ws/install/px4_ros_com/share/px4_ros_com/hook/cmake_prefix_path.sh'
[2.014s] Level 1:colcon.colcon_core.environment:checking '/home/zephra/ros_workspace_2025/perception_ws/install/px4_ros_com/lib'
[2.014s] Level 1:colcon.colcon_core.shell:create_environment_hook('px4_ros_com', 'ld_library_path_lib')
[2.014s] INFO:colcon.colcon_core.shell:Creating environment hook '/home/zephra/ros_workspace_2025/perception_ws/install/px4_ros_com/share/px4_ros_com/hook/ld_library_path_lib.ps1'
[2.014s] INFO:colcon.colcon_core.shell:Creating environment descriptor '/home/zephra/ros_workspace_2025/perception_ws/install/px4_ros_com/share/px4_ros_com/hook/ld_library_path_lib.dsv'
[2.014s] INFO:colcon.colcon_core.shell:Creating environment hook '/home/zephra/ros_workspace_2025/perception_ws/install/px4_ros_com/share/px4_ros_com/hook/ld_library_path_lib.sh'
[2.015s] Level 1:colcon.colcon_core.environment:checking '/home/zephra/ros_workspace_2025/perception_ws/install/px4_ros_com/bin'
[2.015s] Level 1:colcon.colcon_core.environment:checking '/home/zephra/ros_workspace_2025/perception_ws/install/px4_ros_com/lib/pkgconfig/px4_ros_com.pc'
[2.015s] Level 1:colcon.colcon_core.environment:checking '/home/zephra/ros_workspace_2025/perception_ws/install/px4_ros_com/lib/python3.10/site-packages'
[2.015s] Level 1:colcon.colcon_core.environment:checking '/home/zephra/ros_workspace_2025/perception_ws/install/px4_ros_com/bin'
[2.015s] INFO:colcon.colcon_core.shell:Creating package script '/home/zephra/ros_workspace_2025/perception_ws/install/px4_ros_com/share/px4_ros_com/package.ps1'
[2.016s] INFO:colcon.colcon_core.shell:Creating package descriptor '/home/zephra/ros_workspace_2025/perception_ws/install/px4_ros_com/share/px4_ros_com/package.dsv'
[2.016s] INFO:colcon.colcon_core.shell:Creating package script '/home/zephra/ros_workspace_2025/perception_ws/install/px4_ros_com/share/px4_ros_com/package.sh'
[2.017s] INFO:colcon.colcon_core.shell:Creating package script '/home/zephra/ros_workspace_2025/perception_ws/install/px4_ros_com/share/px4_ros_com/package.bash'
[2.017s] INFO:colcon.colcon_core.shell:Creating package script '/home/zephra/ros_workspace_2025/perception_ws/install/px4_ros_com/share/px4_ros_com/package.zsh'
[2.017s] Level 1:colcon.colcon_core.environment:create_file_with_runtime_dependencies(/home/zephra/ros_workspace_2025/perception_ws/install/px4_ros_com/share/colcon-core/packages/px4_ros_com)
[2.017s] DEBUG:colcon.colcon_parallel_executor.executor.parallel:closing loop
[2.017s] DEBUG:colcon.colcon_parallel_executor.executor.parallel:loop closed
[2.017s] DEBUG:colcon.colcon_parallel_executor.executor.parallel:run_until_complete finished with '0'
[2.017s] DEBUG:colcon.colcon_core.event_reactor:joining thread
[2.024s] INFO:colcon.colcon_core.plugin_system:Skipping extension 'colcon_notification.desktop_notification.terminal_notifier': Not used on non-Darwin systems
[2.024s] INFO:colcon.colcon_core.plugin_system:Skipping extension 'colcon_notification.desktop_notification.win32': Not used on non-Windows systems
[2.024s] INFO:colcon.colcon_notification.desktop_notification:Sending desktop notification using 'notify2'
[2.034s] DEBUG:colcon.colcon_core.event_reactor:joined thread
[2.034s] INFO:colcon.colcon_core.shell:Creating prefix script '/home/zephra/ros_workspace_2025/perception_ws/install/local_setup.ps1'
[2.035s] INFO:colcon.colcon_core.shell:Creating prefix util module '/home/zephra/ros_workspace_2025/perception_ws/install/_local_setup_util_ps1.py'
[2.036s] INFO:colcon.colcon_core.shell:Creating prefix chain script '/home/zephra/ros_workspace_2025/perception_ws/install/setup.ps1'
[2.038s] INFO:colcon.colcon_core.shell:Creating prefix script '/home/zephra/ros_workspace_2025/perception_ws/install/local_setup.sh'
[2.038s] INFO:colcon.colcon_core.shell:Creating prefix util module '/home/zephra/ros_workspace_2025/perception_ws/install/_local_setup_util_sh.py'
[2.039s] INFO:colcon.colcon_core.shell:Creating prefix chain script '/home/zephra/ros_workspace_2025/perception_ws/install/setup.sh'
[2.040s] INFO:colcon.colcon_core.shell:Creating prefix script '/home/zephra/ros_workspace_2025/perception_ws/install/local_setup.bash'
[2.041s] INFO:colcon.colcon_core.shell:Creating prefix chain script '/home/zephra/ros_workspace_2025/perception_ws/install/setup.bash'
[2.042s] INFO:colcon.colcon_core.shell:Creating prefix script '/home/zephra/ros_workspace_2025/perception_ws/install/local_setup.zsh'
[2.043s] INFO:colcon.colcon_core.shell:Creating prefix chain script '/home/zephra/ros_workspace_2025/perception_ws/install/setup.zsh'
