[0.841s] Invoking command in '/home/zephra/ros_workspace_2025/perception_ws/src/controller': PYTHONPATH=/home/zephra/ros_workspace_2025/perception_ws/build/controller/prefix_override:/usr/lib/python3/dist-packages/colcon_core/task/python/colcon_distutils_commands:/home/zephra/ros_workspace_2025/perception_ws/install/controller/lib/python3.10/site-packages:${PYTHONPATH} /usr/bin/python3 -W ignore:setup.py install is deprecated -W ignore:easy_install command is deprecated setup.py egg_info --egg-base ../../build/controller build --build-base /home/zephra/ros_workspace_2025/perception_ws/build/controller/build install --record /home/zephra/ros_workspace_2025/perception_ws/build/controller/install.log --single-version-externally-managed install_data
[1.339s] running egg_info
[1.340s] writing ../../build/controller/controller.egg-info/PKG-INFO
[1.341s] writing dependency_links to ../../build/controller/controller.egg-info/dependency_links.txt
[1.341s] writing entry points to ../../build/controller/controller.egg-info/entry_points.txt
[1.341s] writing requirements to ../../build/controller/controller.egg-info/requires.txt
[1.342s] writing top-level names to ../../build/controller/controller.egg-info/top_level.txt
[1.344s] reading manifest file '../../build/controller/controller.egg-info/SOURCES.txt'
[1.346s] writing manifest file '../../build/controller/controller.egg-info/SOURCES.txt'
[1.346s] running build
[1.346s] running build_py
[1.347s] copying controller/figure_8.py -> /home/zephra/ros_workspace_2025/perception_ws/build/controller/build/lib/controller
[1.347s] running install
[1.348s] running install_lib
[1.349s] copying /home/zephra/ros_workspace_2025/perception_ws/build/controller/build/lib/controller/figure_8.py -> /home/zephra/ros_workspace_2025/perception_ws/install/controller/lib/python3.10/site-packages/controller
[1.350s] byte-compiling /home/zephra/ros_workspace_2025/perception_ws/install/controller/lib/python3.10/site-packages/controller/figure_8.py to figure_8.cpython-310.pyc
[1.352s] running install_data
[1.353s] running install_egg_info
[1.355s] removing '/home/zephra/ros_workspace_2025/perception_ws/install/controller/lib/python3.10/site-packages/controller-0.0.0-py3.10.egg-info' (and everything under it)
[1.355s] Copying ../../build/controller/controller.egg-info to /home/zephra/ros_workspace_2025/perception_ws/install/controller/lib/python3.10/site-packages/controller-0.0.0-py3.10.egg-info
[1.356s] running install_scripts
[1.392s] writing list of installed files to '/home/zephra/ros_workspace_2025/perception_ws/build/controller/install.log'
[1.454s] Invoked command in '/home/zephra/ros_workspace_2025/perception_ws/src/controller' returned '0': PYTHONPATH=/home/zephra/ros_workspace_2025/perception_ws/build/controller/prefix_override:/usr/lib/python3/dist-packages/colcon_core/task/python/colcon_distutils_commands:/home/zephra/ros_workspace_2025/perception_ws/install/controller/lib/python3.10/site-packages:${PYTHONPATH} /usr/bin/python3 -W ignore:setup.py install is deprecated -W ignore:easy_install command is deprecated setup.py egg_info --egg-base ../../build/controller build --build-base /home/zephra/ros_workspace_2025/perception_ws/build/controller/build install --record /home/zephra/ros_workspace_2025/perception_ws/build/controller/install.log --single-version-externally-managed install_data
