[0.112s] DEBUG:colcon:Command line arguments: ['/usr/bin/colcon', 'build']
[0.112s] DEBUG:colcon:Parsed command line arguments: Namespace(log_base=None, log_level=None, verb_name='build', build_base='build', install_base='install', merge_install=False, symlink_install=False, test_result_base=None, continue_on_error=False, executor='parallel', parallel_workers=12, event_handlers=None, ignore_user_meta=False, metas=['./colcon.meta'], base_paths=['.'], packages_ignore=None, packages_ignore_regex=None, paths=None, packages_up_to=None, packages_up_to_regex=None, packages_above=None, packages_above_and_dependencies=None, packages_above_depth=None, packages_select_by_dep=None, packages_skip_by_dep=None, packages_skip_up_to=None, packages_select_build_failed=False, packages_skip_build_finished=False, packages_select_test_failures=False, packages_skip_test_passed=False, packages_select=None, packages_skip=None, packages_select_regex=None, packages_skip_regex=None, packages_start=None, packages_end=None, allow_overriding=[], cmake_args=None, cmake_target=None, cmake_target_skip_unavailable=False, cmake_clean_cache=False, cmake_clean_first=False, cmake_force_configure=False, ament_cmake_args=None, catkin_cmake_args=None, catkin_skip_building_tests=False, mixin_files=None, mixin=None, verb_parser=<colcon_mixin.mixin.mixin_argument.MixinArgumentDecorator object at 0x7ae515d5b3a0>, verb_extension=<colcon_core.verb.build.BuildVerb object at 0x7ae515d10d30>, main=<bound method BuildVerb.main of <colcon_core.verb.build.BuildVerb object at 0x7ae515d10d30>>, mixin_verb=('build',))
[0.144s] Level 1:colcon.colcon_core.package_discovery:discover_packages(colcon_meta) check parameters
[0.145s] Level 1:colcon.colcon_core.package_discovery:discover_packages(recursive) check parameters
[0.145s] Level 1:colcon.colcon_core.package_discovery:discover_packages(ignore) check parameters
[0.145s] Level 1:colcon.colcon_core.package_discovery:discover_packages(path) check parameters
[0.145s] Level 1:colcon.colcon_core.package_discovery:discover_packages(colcon_meta) discover
[0.145s] Level 1:colcon.colcon_core.package_discovery:discover_packages(recursive) discover
[0.145s] INFO:colcon.colcon_core.package_discovery:Crawling recursively for packages in '/home/keshav/ros_workspace_2025/perception_ws'
[0.145s] Level 1:colcon.colcon_core.package_identification:_identify(.) by extensions ['ignore', 'ignore_ament_install']
[0.145s] Level 1:colcon.colcon_core.package_identification:_identify(.) by extension 'ignore'
[0.145s] Level 1:colcon.colcon_core.package_identification:_identify(.) by extension 'ignore_ament_install'
[0.145s] Level 1:colcon.colcon_core.package_identification:_identify(.) by extensions ['colcon_pkg']
[0.145s] Level 1:colcon.colcon_core.package_identification:_identify(.) by extension 'colcon_pkg'
[0.145s] Level 1:colcon.colcon_core.package_identification:_identify(.) by extensions ['colcon_meta']
[0.145s] Level 1:colcon.colcon_core.package_identification:_identify(.) by extension 'colcon_meta'
[0.145s] Level 1:colcon.colcon_core.package_identification:_identify(.) by extensions ['ros']
[0.145s] Level 1:colcon.colcon_core.package_identification:_identify(.) by extension 'ros'
[0.158s] Level 1:colcon.colcon_core.package_identification:_identify(.) by extensions ['cmake', 'python']
[0.158s] Level 1:colcon.colcon_core.package_identification:_identify(.) by extension 'cmake'
[0.158s] Level 1:colcon.colcon_core.package_identification:_identify(.) by extension 'python'
[0.158s] Level 1:colcon.colcon_core.package_identification:_identify(.) by extensions ['python_setup_py']
[0.158s] Level 1:colcon.colcon_core.package_identification:_identify(.) by extension 'python_setup_py'
[0.158s] Level 1:colcon.colcon_core.package_identification:_identify(build) by extensions ['ignore', 'ignore_ament_install']
[0.158s] Level 1:colcon.colcon_core.package_identification:_identify(build) by extension 'ignore'
[0.158s] Level 1:colcon.colcon_core.package_identification:_identify(build) ignored
[0.158s] Level 1:colcon.colcon_core.package_identification:_identify(install) by extensions ['ignore', 'ignore_ament_install']
[0.158s] Level 1:colcon.colcon_core.package_identification:_identify(install) by extension 'ignore'
[0.158s] Level 1:colcon.colcon_core.package_identification:_identify(install) ignored
[0.158s] Level 1:colcon.colcon_core.package_identification:_identify(log) by extensions ['ignore', 'ignore_ament_install']
[0.158s] Level 1:colcon.colcon_core.package_identification:_identify(log) by extension 'ignore'
[0.158s] Level 1:colcon.colcon_core.package_identification:_identify(log) ignored
[0.159s] Level 1:colcon.colcon_core.package_identification:_identify(src) by extensions ['ignore', 'ignore_ament_install']
[0.159s] Level 1:colcon.colcon_core.package_identification:_identify(src) by extension 'ignore'
[0.159s] Level 1:colcon.colcon_core.package_identification:_identify(src) by extension 'ignore_ament_install'
[0.159s] Level 1:colcon.colcon_core.package_identification:_identify(src) by extensions ['colcon_pkg']
[0.159s] Level 1:colcon.colcon_core.package_identification:_identify(src) by extension 'colcon_pkg'
[0.159s] Level 1:colcon.colcon_core.package_identification:_identify(src) by extensions ['colcon_meta']
[0.159s] Level 1:colcon.colcon_core.package_identification:_identify(src) by extension 'colcon_meta'
[0.159s] Level 1:colcon.colcon_core.package_identification:_identify(src) by extensions ['ros']
[0.159s] Level 1:colcon.colcon_core.package_identification:_identify(src) by extension 'ros'
[0.159s] Level 1:colcon.colcon_core.package_identification:_identify(src) by extensions ['cmake', 'python']
[0.159s] Level 1:colcon.colcon_core.package_identification:_identify(src) by extension 'cmake'
[0.159s] Level 1:colcon.colcon_core.package_identification:_identify(src) by extension 'python'
[0.159s] Level 1:colcon.colcon_core.package_identification:_identify(src) by extensions ['python_setup_py']
[0.159s] Level 1:colcon.colcon_core.package_identification:_identify(src) by extension 'python_setup_py'
[0.159s] Level 1:colcon.colcon_core.package_identification:_identify(src/bucketDetector) by extensions ['ignore', 'ignore_ament_install']
[0.159s] Level 1:colcon.colcon_core.package_identification:_identify(src/bucketDetector) by extension 'ignore'
[0.159s] Level 1:colcon.colcon_core.package_identification:_identify(src/bucketDetector) by extension 'ignore_ament_install'
[0.159s] Level 1:colcon.colcon_core.package_identification:_identify(src/bucketDetector) by extensions ['colcon_pkg']
[0.159s] Level 1:colcon.colcon_core.package_identification:_identify(src/bucketDetector) by extension 'colcon_pkg'
[0.159s] Level 1:colcon.colcon_core.package_identification:_identify(src/bucketDetector) by extensions ['colcon_meta']
[0.159s] Level 1:colcon.colcon_core.package_identification:_identify(src/bucketDetector) by extension 'colcon_meta'
[0.159s] Level 1:colcon.colcon_core.package_identification:_identify(src/bucketDetector) by extensions ['ros']
[0.160s] Level 1:colcon.colcon_core.package_identification:_identify(src/bucketDetector) by extension 'ros'
[0.162s] DEBUG:colcon.colcon_core.package_identification:Package 'src/bucketDetector' with type 'ros.ament_python' and name 'bucketDetector'
[0.162s] Level 1:colcon.colcon_core.package_identification:_identify(src/controller) by extensions ['ignore', 'ignore_ament_install']
[0.162s] Level 1:colcon.colcon_core.package_identification:_identify(src/controller) by extension 'ignore'
[0.162s] Level 1:colcon.colcon_core.package_identification:_identify(src/controller) by extension 'ignore_ament_install'
[0.162s] Level 1:colcon.colcon_core.package_identification:_identify(src/controller) by extensions ['colcon_pkg']
[0.162s] Level 1:colcon.colcon_core.package_identification:_identify(src/controller) by extension 'colcon_pkg'
[0.163s] Level 1:colcon.colcon_core.package_identification:_identify(src/controller) by extensions ['colcon_meta']
[0.163s] Level 1:colcon.colcon_core.package_identification:_identify(src/controller) by extension 'colcon_meta'
[0.163s] Level 1:colcon.colcon_core.package_identification:_identify(src/controller) by extensions ['ros']
[0.163s] Level 1:colcon.colcon_core.package_identification:_identify(src/controller) by extension 'ros'
[0.163s] DEBUG:colcon.colcon_core.package_identification:Package 'src/controller' with type 'ros.ament_python' and name 'controller'
[0.163s] Level 1:colcon.colcon_core.package_identification:_identify(src/fixedWing) by extensions ['ignore', 'ignore_ament_install']
[0.163s] Level 1:colcon.colcon_core.package_identification:_identify(src/fixedWing) by extension 'ignore'
[0.164s] Level 1:colcon.colcon_core.package_identification:_identify(src/fixedWing) by extension 'ignore_ament_install'
[0.164s] Level 1:colcon.colcon_core.package_identification:_identify(src/fixedWing) by extensions ['colcon_pkg']
[0.164s] Level 1:colcon.colcon_core.package_identification:_identify(src/fixedWing) by extension 'colcon_pkg'
[0.164s] Level 1:colcon.colcon_core.package_identification:_identify(src/fixedWing) by extensions ['colcon_meta']
[0.164s] Level 1:colcon.colcon_core.package_identification:_identify(src/fixedWing) by extension 'colcon_meta'
[0.164s] Level 1:colcon.colcon_core.package_identification:_identify(src/fixedWing) by extensions ['ros']
[0.164s] Level 1:colcon.colcon_core.package_identification:_identify(src/fixedWing) by extension 'ros'
[0.164s] DEBUG:colcon.colcon_core.package_identification:Package 'src/fixedWing' with type 'ros.ament_python' and name 'fixedWing'
[0.164s] Level 1:colcon.colcon_core.package_identification:_identify(src/px4_msgs) by extensions ['ignore', 'ignore_ament_install']
[0.165s] Level 1:colcon.colcon_core.package_identification:_identify(src/px4_msgs) by extension 'ignore'
[0.165s] Level 1:colcon.colcon_core.package_identification:_identify(src/px4_msgs) by extension 'ignore_ament_install'
[0.165s] Level 1:colcon.colcon_core.package_identification:_identify(src/px4_msgs) by extensions ['colcon_pkg']
[0.165s] Level 1:colcon.colcon_core.package_identification:_identify(src/px4_msgs) by extension 'colcon_pkg'
[0.165s] Level 1:colcon.colcon_core.package_identification:_identify(src/px4_msgs) by extensions ['colcon_meta']
[0.165s] Level 1:colcon.colcon_core.package_identification:_identify(src/px4_msgs) by extension 'colcon_meta'
[0.165s] Level 1:colcon.colcon_core.package_identification:_identify(src/px4_msgs) by extensions ['ros']
[0.165s] Level 1:colcon.colcon_core.package_identification:_identify(src/px4_msgs) by extension 'ros'
[0.166s] DEBUG:colcon.colcon_core.package_identification:Package 'src/px4_msgs' with type 'ros.ament_cmake' and name 'px4_msgs'
[0.166s] Level 1:colcon.colcon_core.package_identification:_identify(src/px4_ros_com) by extensions ['ignore', 'ignore_ament_install']
[0.166s] Level 1:colcon.colcon_core.package_identification:_identify(src/px4_ros_com) by extension 'ignore'
[0.166s] Level 1:colcon.colcon_core.package_identification:_identify(src/px4_ros_com) by extension 'ignore_ament_install'
[0.166s] Level 1:colcon.colcon_core.package_identification:_identify(src/px4_ros_com) by extensions ['colcon_pkg']
[0.166s] Level 1:colcon.colcon_core.package_identification:_identify(src/px4_ros_com) by extension 'colcon_pkg'
[0.166s] Level 1:colcon.colcon_core.package_identification:_identify(src/px4_ros_com) by extensions ['colcon_meta']
[0.166s] Level 1:colcon.colcon_core.package_identification:_identify(src/px4_ros_com) by extension 'colcon_meta'
[0.166s] Level 1:colcon.colcon_core.package_identification:_identify(src/px4_ros_com) by extensions ['ros']
[0.166s] Level 1:colcon.colcon_core.package_identification:_identify(src/px4_ros_com) by extension 'ros'
[0.167s] DEBUG:colcon.colcon_core.package_identification:Package 'src/px4_ros_com' with type 'ros.ament_cmake' and name 'px4_ros_com'
[0.167s] Level 1:colcon.colcon_core.package_discovery:discover_packages(recursive) using defaults
[0.167s] Level 1:colcon.colcon_core.package_discovery:discover_packages(ignore) discover
[0.167s] Level 1:colcon.colcon_core.package_discovery:discover_packages(ignore) using defaults
[0.167s] Level 1:colcon.colcon_core.package_discovery:discover_packages(path) discover
[0.167s] Level 1:colcon.colcon_core.package_discovery:discover_packages(path) using defaults
[0.185s] Level 1:colcon.colcon_core.package_discovery:discover_packages(prefix_path) check parameters
[0.185s] Level 1:colcon.colcon_core.package_discovery:discover_packages(prefix_path) discover
[0.187s] DEBUG:colcon.colcon_installed_package_information.package_discovery:Found 4 installed packages in /home/keshav/ros_workspace_2025/perception_ws/install
[0.189s] DEBUG:colcon.colcon_installed_package_information.package_discovery:Found 276 installed packages in /opt/ros/humble
[0.190s] Level 1:colcon.colcon_core.package_discovery:discover_packages(prefix_path) using defaults
[0.225s] Level 5:colcon.colcon_core.verb:set package 'bucketDetector' build argument 'cmake_args' from command line to 'None'
[0.225s] Level 5:colcon.colcon_core.verb:set package 'bucketDetector' build argument 'cmake_target' from command line to 'None'
[0.225s] Level 5:colcon.colcon_core.verb:set package 'bucketDetector' build argument 'cmake_target_skip_unavailable' from command line to 'False'
[0.225s] Level 5:colcon.colcon_core.verb:set package 'bucketDetector' build argument 'cmake_clean_cache' from command line to 'False'
[0.225s] Level 5:colcon.colcon_core.verb:set package 'bucketDetector' build argument 'cmake_clean_first' from command line to 'False'
[0.225s] Level 5:colcon.colcon_core.verb:set package 'bucketDetector' build argument 'cmake_force_configure' from command line to 'False'
[0.225s] Level 5:colcon.colcon_core.verb:set package 'bucketDetector' build argument 'ament_cmake_args' from command line to 'None'
[0.225s] Level 5:colcon.colcon_core.verb:set package 'bucketDetector' build argument 'catkin_cmake_args' from command line to 'None'
[0.225s] Level 5:colcon.colcon_core.verb:set package 'bucketDetector' build argument 'catkin_skip_building_tests' from command line to 'False'
[0.225s] DEBUG:colcon.colcon_core.verb:Building package 'bucketDetector' with the following arguments: {'ament_cmake_args': None, 'build_base': '/home/keshav/ros_workspace_2025/perception_ws/build/bucketDetector', 'catkin_cmake_args': None, 'catkin_skip_building_tests': False, 'cmake_args': None, 'cmake_clean_cache': False, 'cmake_clean_first': False, 'cmake_force_configure': False, 'cmake_target': None, 'cmake_target_skip_unavailable': False, 'install_base': '/home/keshav/ros_workspace_2025/perception_ws/install/bucketDetector', 'merge_install': False, 'path': '/home/keshav/ros_workspace_2025/perception_ws/src/bucketDetector', 'symlink_install': False, 'test_result_base': None}
[0.225s] Level 5:colcon.colcon_core.verb:set package 'controller' build argument 'cmake_args' from command line to 'None'
[0.225s] Level 5:colcon.colcon_core.verb:set package 'controller' build argument 'cmake_target' from command line to 'None'
[0.225s] Level 5:colcon.colcon_core.verb:set package 'controller' build argument 'cmake_target_skip_unavailable' from command line to 'False'
[0.225s] Level 5:colcon.colcon_core.verb:set package 'controller' build argument 'cmake_clean_cache' from command line to 'False'
[0.225s] Level 5:colcon.colcon_core.verb:set package 'controller' build argument 'cmake_clean_first' from command line to 'False'
[0.225s] Level 5:colcon.colcon_core.verb:set package 'controller' build argument 'cmake_force_configure' from command line to 'False'
[0.225s] Level 5:colcon.colcon_core.verb:set package 'controller' build argument 'ament_cmake_args' from command line to 'None'
[0.225s] Level 5:colcon.colcon_core.verb:set package 'controller' build argument 'catkin_cmake_args' from command line to 'None'
[0.225s] Level 5:colcon.colcon_core.verb:set package 'controller' build argument 'catkin_skip_building_tests' from command line to 'False'
[0.225s] DEBUG:colcon.colcon_core.verb:Building package 'controller' with the following arguments: {'ament_cmake_args': None, 'build_base': '/home/keshav/ros_workspace_2025/perception_ws/build/controller', 'catkin_cmake_args': None, 'catkin_skip_building_tests': False, 'cmake_args': None, 'cmake_clean_cache': False, 'cmake_clean_first': False, 'cmake_force_configure': False, 'cmake_target': None, 'cmake_target_skip_unavailable': False, 'install_base': '/home/keshav/ros_workspace_2025/perception_ws/install/controller', 'merge_install': False, 'path': '/home/keshav/ros_workspace_2025/perception_ws/src/controller', 'symlink_install': False, 'test_result_base': None}
[0.226s] Level 5:colcon.colcon_core.verb:set package 'fixedWing' build argument 'cmake_args' from command line to 'None'
[0.226s] Level 5:colcon.colcon_core.verb:set package 'fixedWing' build argument 'cmake_target' from command line to 'None'
[0.226s] Level 5:colcon.colcon_core.verb:set package 'fixedWing' build argument 'cmake_target_skip_unavailable' from command line to 'False'
[0.226s] Level 5:colcon.colcon_core.verb:set package 'fixedWing' build argument 'cmake_clean_cache' from command line to 'False'
[0.226s] Level 5:colcon.colcon_core.verb:set package 'fixedWing' build argument 'cmake_clean_first' from command line to 'False'
[0.226s] Level 5:colcon.colcon_core.verb:set package 'fixedWing' build argument 'cmake_force_configure' from command line to 'False'
[0.226s] Level 5:colcon.colcon_core.verb:set package 'fixedWing' build argument 'ament_cmake_args' from command line to 'None'
[0.226s] Level 5:colcon.colcon_core.verb:set package 'fixedWing' build argument 'catkin_cmake_args' from command line to 'None'
[0.226s] Level 5:colcon.colcon_core.verb:set package 'fixedWing' build argument 'catkin_skip_building_tests' from command line to 'False'
[0.226s] DEBUG:colcon.colcon_core.verb:Building package 'fixedWing' with the following arguments: {'ament_cmake_args': None, 'build_base': '/home/keshav/ros_workspace_2025/perception_ws/build/fixedWing', 'catkin_cmake_args': None, 'catkin_skip_building_tests': False, 'cmake_args': None, 'cmake_clean_cache': False, 'cmake_clean_first': False, 'cmake_force_configure': False, 'cmake_target': None, 'cmake_target_skip_unavailable': False, 'install_base': '/home/keshav/ros_workspace_2025/perception_ws/install/fixedWing', 'merge_install': False, 'path': '/home/keshav/ros_workspace_2025/perception_ws/src/fixedWing', 'symlink_install': False, 'test_result_base': None}
[0.226s] Level 5:colcon.colcon_core.verb:set package 'px4_msgs' build argument 'cmake_args' from command line to 'None'
[0.226s] Level 5:colcon.colcon_core.verb:set package 'px4_msgs' build argument 'cmake_target' from command line to 'None'
[0.226s] Level 5:colcon.colcon_core.verb:set package 'px4_msgs' build argument 'cmake_target_skip_unavailable' from command line to 'False'
[0.226s] Level 5:colcon.colcon_core.verb:set package 'px4_msgs' build argument 'cmake_clean_cache' from command line to 'False'
[0.226s] Level 5:colcon.colcon_core.verb:set package 'px4_msgs' build argument 'cmake_clean_first' from command line to 'False'
[0.226s] Level 5:colcon.colcon_core.verb:set package 'px4_msgs' build argument 'cmake_force_configure' from command line to 'False'
[0.226s] Level 5:colcon.colcon_core.verb:set package 'px4_msgs' build argument 'ament_cmake_args' from command line to 'None'
[0.226s] Level 5:colcon.colcon_core.verb:set package 'px4_msgs' build argument 'catkin_cmake_args' from command line to 'None'
[0.226s] Level 5:colcon.colcon_core.verb:set package 'px4_msgs' build argument 'catkin_skip_building_tests' from command line to 'False'
[0.227s] DEBUG:colcon.colcon_core.verb:Building package 'px4_msgs' with the following arguments: {'ament_cmake_args': None, 'build_base': '/home/keshav/ros_workspace_2025/perception_ws/build/px4_msgs', 'catkin_cmake_args': None, 'catkin_skip_building_tests': False, 'cmake_args': None, 'cmake_clean_cache': False, 'cmake_clean_first': False, 'cmake_force_configure': False, 'cmake_target': None, 'cmake_target_skip_unavailable': False, 'install_base': '/home/keshav/ros_workspace_2025/perception_ws/install/px4_msgs', 'merge_install': False, 'path': '/home/keshav/ros_workspace_2025/perception_ws/src/px4_msgs', 'symlink_install': False, 'test_result_base': None}
[0.227s] Level 5:colcon.colcon_core.verb:set package 'px4_ros_com' build argument 'cmake_args' from command line to 'None'
[0.227s] Level 5:colcon.colcon_core.verb:set package 'px4_ros_com' build argument 'cmake_target' from command line to 'None'
[0.227s] Level 5:colcon.colcon_core.verb:set package 'px4_ros_com' build argument 'cmake_target_skip_unavailable' from command line to 'False'
[0.227s] Level 5:colcon.colcon_core.verb:set package 'px4_ros_com' build argument 'cmake_clean_cache' from command line to 'False'
[0.227s] Level 5:colcon.colcon_core.verb:set package 'px4_ros_com' build argument 'cmake_clean_first' from command line to 'False'
[0.227s] Level 5:colcon.colcon_core.verb:set package 'px4_ros_com' build argument 'cmake_force_configure' from command line to 'False'
[0.227s] Level 5:colcon.colcon_core.verb:set package 'px4_ros_com' build argument 'ament_cmake_args' from command line to 'None'
[0.227s] Level 5:colcon.colcon_core.verb:set package 'px4_ros_com' build argument 'catkin_cmake_args' from command line to 'None'
[0.227s] Level 5:colcon.colcon_core.verb:set package 'px4_ros_com' build argument 'catkin_skip_building_tests' from command line to 'False'
[0.227s] DEBUG:colcon.colcon_core.verb:Building package 'px4_ros_com' with the following arguments: {'ament_cmake_args': None, 'build_base': '/home/keshav/ros_workspace_2025/perception_ws/build/px4_ros_com', 'catkin_cmake_args': None, 'catkin_skip_building_tests': False, 'cmake_args': None, 'cmake_clean_cache': False, 'cmake_clean_first': False, 'cmake_force_configure': False, 'cmake_target': None, 'cmake_target_skip_unavailable': False, 'install_base': '/home/keshav/ros_workspace_2025/perception_ws/install/px4_ros_com', 'merge_install': False, 'path': '/home/keshav/ros_workspace_2025/perception_ws/src/px4_ros_com', 'symlink_install': False, 'test_result_base': None}
[0.227s] INFO:colcon.colcon_core.executor:Executing jobs using 'parallel' executor
[0.228s] DEBUG:colcon.colcon_parallel_executor.executor.parallel:run_until_complete
[0.228s] INFO:colcon.colcon_ros.task.ament_cmake.build:Building ROS package in '/home/keshav/ros_workspace_2025/perception_ws/src/px4_msgs' with build type 'ament_cmake'
[0.228s] INFO:colcon.colcon_cmake.task.cmake.build:Building CMake package in '/home/keshav/ros_workspace_2025/perception_ws/src/px4_msgs'
[0.231s] INFO:colcon.colcon_core.plugin_system:Skipping extension 'colcon_core.shell.bat': Not used on non-Windows systems
[0.231s] INFO:colcon.colcon_core.shell:Skip shell extension 'powershell' for command environment: Not usable outside of PowerShell
[0.231s] DEBUG:colcon.colcon_core.shell:Skip shell extension 'dsv' for command environment
[0.234s] INFO:colcon.colcon_ros.task.ament_python.build:Building ROS package in '/home/keshav/ros_workspace_2025/perception_ws/src/bucketDetector' with build type 'ament_python'
[0.234s] Level 1:colcon.colcon_core.shell:create_environment_hook('bucketDetector', 'ament_prefix_path')
[0.234s] INFO:colcon.colcon_core.shell:Creating environment hook '/home/keshav/ros_workspace_2025/perception_ws/install/bucketDetector/share/bucketDetector/hook/ament_prefix_path.ps1'
[0.235s] INFO:colcon.colcon_core.shell:Creating environment descriptor '/home/keshav/ros_workspace_2025/perception_ws/install/bucketDetector/share/bucketDetector/hook/ament_prefix_path.dsv'
[0.235s] INFO:colcon.colcon_core.shell:Creating environment hook '/home/keshav/ros_workspace_2025/perception_ws/install/bucketDetector/share/bucketDetector/hook/ament_prefix_path.sh'
[0.236s] INFO:colcon.colcon_core.shell:Skip shell extension 'powershell' for command environment: Not usable outside of PowerShell
[0.236s] DEBUG:colcon.colcon_core.shell:Skip shell extension 'dsv' for command environment
[0.239s] INFO:colcon.colcon_ros.task.ament_python.build:Building ROS package in '/home/keshav/ros_workspace_2025/perception_ws/src/controller' with build type 'ament_python'
[0.239s] Level 1:colcon.colcon_core.shell:create_environment_hook('controller', 'ament_prefix_path')
[0.239s] INFO:colcon.colcon_core.shell:Creating environment hook '/home/keshav/ros_workspace_2025/perception_ws/install/controller/share/controller/hook/ament_prefix_path.ps1'
[0.239s] INFO:colcon.colcon_core.shell:Creating environment descriptor '/home/keshav/ros_workspace_2025/perception_ws/install/controller/share/controller/hook/ament_prefix_path.dsv'
[0.240s] INFO:colcon.colcon_core.shell:Creating environment hook '/home/keshav/ros_workspace_2025/perception_ws/install/controller/share/controller/hook/ament_prefix_path.sh'
[0.240s] INFO:colcon.colcon_core.shell:Skip shell extension 'powershell' for command environment: Not usable outside of PowerShell
[0.240s] DEBUG:colcon.colcon_core.shell:Skip shell extension 'dsv' for command environment
[0.243s] INFO:colcon.colcon_ros.task.ament_python.build:Building ROS package in '/home/keshav/ros_workspace_2025/perception_ws/src/fixedWing' with build type 'ament_python'
[0.243s] Level 1:colcon.colcon_core.shell:create_environment_hook('fixedWing', 'ament_prefix_path')
[0.243s] INFO:colcon.colcon_core.shell:Creating environment hook '/home/keshav/ros_workspace_2025/perception_ws/install/fixedWing/share/fixedWing/hook/ament_prefix_path.ps1'
[0.243s] INFO:colcon.colcon_core.shell:Creating environment descriptor '/home/keshav/ros_workspace_2025/perception_ws/install/fixedWing/share/fixedWing/hook/ament_prefix_path.dsv'
[0.244s] INFO:colcon.colcon_core.shell:Creating environment hook '/home/keshav/ros_workspace_2025/perception_ws/install/fixedWing/share/fixedWing/hook/ament_prefix_path.sh'
[0.244s] INFO:colcon.colcon_core.shell:Skip shell extension 'powershell' for command environment: Not usable outside of PowerShell
[0.244s] DEBUG:colcon.colcon_core.shell:Skip shell extension 'dsv' for command environment
[0.252s] DEBUG:colcon.colcon_core.event_handler.log_command:Invoking command in '/home/keshav/ros_workspace_2025/perception_ws/build/px4_msgs': CMAKE_PREFIX_PATH=${CMAKE_PREFIX_PATH}:/home/keshav/ros_workspace_2025/perception_ws/install/fixedWing:/home/keshav/ros_workspace_2025/perception_ws/install/controller:/opt/ros/humble /usr/bin/cmake --build /home/keshav/ros_workspace_2025/perception_ws/build/px4_msgs -- -j12 -l12
[0.449s] INFO:colcon.colcon_core.task.python.build:Building Python package in '/home/keshav/ros_workspace_2025/perception_ws/src/bucketDetector'
[0.449s] INFO:colcon.colcon_core.shell:Skip shell extension 'powershell' for command environment: Not usable outside of PowerShell
[0.449s] DEBUG:colcon.colcon_core.shell:Skip shell extension 'dsv' for command environment
[0.650s] INFO:colcon.colcon_core.task.python.build:Building Python package in '/home/keshav/ros_workspace_2025/perception_ws/src/controller'
[0.650s] INFO:colcon.colcon_core.shell:Skip shell extension 'powershell' for command environment: Not usable outside of PowerShell
[0.650s] DEBUG:colcon.colcon_core.shell:Skip shell extension 'dsv' for command environment
[0.855s] INFO:colcon.colcon_core.task.python.build:Building Python package in '/home/keshav/ros_workspace_2025/perception_ws/src/fixedWing'
[0.856s] INFO:colcon.colcon_core.shell:Skip shell extension 'powershell' for command environment: Not usable outside of PowerShell
[0.856s] DEBUG:colcon.colcon_core.shell:Skip shell extension 'dsv' for command environment
[1.642s] DEBUG:colcon.colcon_core.event_handler.log_command:Invoking command in '/home/keshav/ros_workspace_2025/perception_ws/src/bucketDetector': PYTHONPATH=/home/keshav/ros_workspace_2025/perception_ws/build/bucketDetector/prefix_override:/usr/lib/python3/dist-packages/colcon_core/task/python/colcon_distutils_commands:/home/keshav/ros_workspace_2025/perception_ws/install/bucketDetector/lib/python3.10/site-packages:${PYTHONPATH} /usr/bin/python3 -W ignore:setup.py install is deprecated -W ignore:easy_install command is deprecated setup.py egg_info --egg-base ../../build/bucketDetector build --build-base /home/keshav/ros_workspace_2025/perception_ws/build/bucketDetector/build install --record /home/keshav/ros_workspace_2025/perception_ws/build/bucketDetector/install.log --single-version-externally-managed install_data
[1.679s] DEBUG:colcon.colcon_core.event_handler.log_command:Invoking command in '/home/keshav/ros_workspace_2025/perception_ws/src/controller': PYTHONPATH=/home/keshav/ros_workspace_2025/perception_ws/build/controller/prefix_override:/usr/lib/python3/dist-packages/colcon_core/task/python/colcon_distutils_commands:/home/keshav/ros_workspace_2025/perception_ws/install/controller/lib/python3.10/site-packages:${PYTHONPATH} /usr/bin/python3 -W ignore:setup.py install is deprecated -W ignore:easy_install command is deprecated setup.py egg_info --egg-base ../../build/controller build --build-base /home/keshav/ros_workspace_2025/perception_ws/build/controller/build install --record /home/keshav/ros_workspace_2025/perception_ws/build/controller/install.log --single-version-externally-managed install_data
[1.692s] DEBUG:colcon.colcon_core.event_handler.log_command:Invoking command in '/home/keshav/ros_workspace_2025/perception_ws/src/fixedWing': PYTHONPATH=/home/keshav/ros_workspace_2025/perception_ws/build/fixedWing/prefix_override:/usr/lib/python3/dist-packages/colcon_core/task/python/colcon_distutils_commands:/home/keshav/ros_workspace_2025/perception_ws/install/fixedWing/lib/python3.10/site-packages:${PYTHONPATH} /usr/bin/python3 -W ignore:setup.py install is deprecated -W ignore:easy_install command is deprecated setup.py egg_info --egg-base ../../build/fixedWing build --build-base /home/keshav/ros_workspace_2025/perception_ws/build/fixedWing/build install --record /home/keshav/ros_workspace_2025/perception_ws/build/fixedWing/install.log --single-version-externally-managed install_data
[1.948s] DEBUG:colcon.colcon_core.event_handler.log_command:Invoked command in '/home/keshav/ros_workspace_2025/perception_ws/build/px4_msgs' returned '0': CMAKE_PREFIX_PATH=${CMAKE_PREFIX_PATH}:/home/keshav/ros_workspace_2025/perception_ws/install/fixedWing:/home/keshav/ros_workspace_2025/perception_ws/install/controller:/opt/ros/humble /usr/bin/cmake --build /home/keshav/ros_workspace_2025/perception_ws/build/px4_msgs -- -j12 -l12
[1.959s] DEBUG:colcon.colcon_core.event_handler.log_command:Invoking command in '/home/keshav/ros_workspace_2025/perception_ws/build/px4_msgs': CMAKE_PREFIX_PATH=${CMAKE_PREFIX_PATH}:/home/keshav/ros_workspace_2025/perception_ws/install/fixedWing:/home/keshav/ros_workspace_2025/perception_ws/install/controller:/opt/ros/humble /usr/bin/cmake --install /home/keshav/ros_workspace_2025/perception_ws/build/px4_msgs
[2.375s] Level 1:colcon.colcon_core.environment:checking '/home/keshav/ros_workspace_2025/perception_ws/install/bucketDetector' for CMake module files
[2.378s] Level 1:colcon.colcon_core.environment:checking '/home/keshav/ros_workspace_2025/perception_ws/install/bucketDetector' for CMake config files
[2.385s] Level 1:colcon.colcon_core.environment:checking '/home/keshav/ros_workspace_2025/perception_ws/install/bucketDetector/lib'
[2.386s] Level 1:colcon.colcon_core.environment:checking '/home/keshav/ros_workspace_2025/perception_ws/install/bucketDetector/bin'
[2.386s] Level 1:colcon.colcon_core.environment:checking '/home/keshav/ros_workspace_2025/perception_ws/install/bucketDetector/lib/pkgconfig/bucketDetector.pc'
[2.386s] Level 1:colcon.colcon_core.environment:checking '/home/keshav/ros_workspace_2025/perception_ws/install/bucketDetector/lib/python3.10/site-packages'
[2.387s] Level 1:colcon.colcon_core.shell:create_environment_hook('bucketDetector', 'pythonpath')
[2.387s] INFO:colcon.colcon_core.shell:Creating environment hook '/home/keshav/ros_workspace_2025/perception_ws/install/bucketDetector/share/bucketDetector/hook/pythonpath.ps1'
[2.389s] INFO:colcon.colcon_core.shell:Creating environment descriptor '/home/keshav/ros_workspace_2025/perception_ws/install/bucketDetector/share/bucketDetector/hook/pythonpath.dsv'
[2.389s] INFO:colcon.colcon_core.shell:Creating environment hook '/home/keshav/ros_workspace_2025/perception_ws/install/bucketDetector/share/bucketDetector/hook/pythonpath.sh'
[2.391s] Level 1:colcon.colcon_core.environment:checking '/home/keshav/ros_workspace_2025/perception_ws/install/bucketDetector/bin'
[2.392s] Level 1:colcon.colcon_core.environment:create_environment_scripts_only(bucketDetector)
[2.392s] INFO:colcon.colcon_core.shell:Creating package script '/home/keshav/ros_workspace_2025/perception_ws/install/bucketDetector/share/bucketDetector/package.ps1'
[2.394s] INFO:colcon.colcon_core.shell:Creating package descriptor '/home/keshav/ros_workspace_2025/perception_ws/install/bucketDetector/share/bucketDetector/package.dsv'
[2.397s] INFO:colcon.colcon_core.shell:Creating package script '/home/keshav/ros_workspace_2025/perception_ws/install/bucketDetector/share/bucketDetector/package.sh'
[2.399s] INFO:colcon.colcon_core.shell:Creating package script '/home/keshav/ros_workspace_2025/perception_ws/install/bucketDetector/share/bucketDetector/package.bash'
[2.400s] INFO:colcon.colcon_core.shell:Creating package script '/home/keshav/ros_workspace_2025/perception_ws/install/bucketDetector/share/bucketDetector/package.zsh'
[2.402s] Level 1:colcon.colcon_core.environment:create_file_with_runtime_dependencies(/home/keshav/ros_workspace_2025/perception_ws/install/bucketDetector/share/colcon-core/packages/bucketDetector)
[2.483s] DEBUG:colcon.colcon_core.event_handler.log_command:Invoked command in '/home/keshav/ros_workspace_2025/perception_ws/src/bucketDetector' returned '0': PYTHONPATH=/home/keshav/ros_workspace_2025/perception_ws/build/bucketDetector/prefix_override:/usr/lib/python3/dist-packages/colcon_core/task/python/colcon_distutils_commands:/home/keshav/ros_workspace_2025/perception_ws/install/bucketDetector/lib/python3.10/site-packages:${PYTHONPATH} /usr/bin/python3 -W ignore:setup.py install is deprecated -W ignore:easy_install command is deprecated setup.py egg_info --egg-base ../../build/bucketDetector build --build-base /home/keshav/ros_workspace_2025/perception_ws/build/bucketDetector/build install --record /home/keshav/ros_workspace_2025/perception_ws/build/bucketDetector/install.log --single-version-externally-managed install_data
[2.511s] Level 1:colcon.colcon_core.environment:create_environment_scripts_only(px4_msgs)
[2.511s] Level 1:colcon.colcon_core.environment:checking '/home/keshav/ros_workspace_2025/perception_ws/install/px4_msgs' for CMake module files
[2.512s] DEBUG:colcon.colcon_core.event_handler.log_command:Invoked command in '/home/keshav/ros_workspace_2025/perception_ws/build/px4_msgs' returned '0': CMAKE_PREFIX_PATH=${CMAKE_PREFIX_PATH}:/home/keshav/ros_workspace_2025/perception_ws/install/fixedWing:/home/keshav/ros_workspace_2025/perception_ws/install/controller:/opt/ros/humble /usr/bin/cmake --install /home/keshav/ros_workspace_2025/perception_ws/build/px4_msgs
[2.513s] Level 1:colcon.colcon_core.environment:checking '/home/keshav/ros_workspace_2025/perception_ws/install/px4_msgs' for CMake config files
[2.513s] Level 1:colcon.colcon_core.shell:create_environment_hook('px4_msgs', 'cmake_prefix_path')
[2.513s] INFO:colcon.colcon_core.shell:Creating environment hook '/home/keshav/ros_workspace_2025/perception_ws/install/px4_msgs/share/px4_msgs/hook/cmake_prefix_path.ps1'
[2.514s] INFO:colcon.colcon_core.shell:Creating environment descriptor '/home/keshav/ros_workspace_2025/perception_ws/install/px4_msgs/share/px4_msgs/hook/cmake_prefix_path.dsv'
[2.514s] INFO:colcon.colcon_core.shell:Creating environment hook '/home/keshav/ros_workspace_2025/perception_ws/install/px4_msgs/share/px4_msgs/hook/cmake_prefix_path.sh'
[2.515s] Level 1:colcon.colcon_core.environment:checking '/home/keshav/ros_workspace_2025/perception_ws/install/px4_msgs/lib'
[2.515s] Level 1:colcon.colcon_core.shell:create_environment_hook('px4_msgs', 'ld_library_path_lib')
[2.516s] INFO:colcon.colcon_core.shell:Creating environment hook '/home/keshav/ros_workspace_2025/perception_ws/install/px4_msgs/share/px4_msgs/hook/ld_library_path_lib.ps1'
[2.516s] INFO:colcon.colcon_core.shell:Creating environment descriptor '/home/keshav/ros_workspace_2025/perception_ws/install/px4_msgs/share/px4_msgs/hook/ld_library_path_lib.dsv'
[2.517s] INFO:colcon.colcon_core.shell:Creating environment hook '/home/keshav/ros_workspace_2025/perception_ws/install/px4_msgs/share/px4_msgs/hook/ld_library_path_lib.sh'
[2.517s] Level 1:colcon.colcon_core.environment:checking '/home/keshav/ros_workspace_2025/perception_ws/install/px4_msgs/bin'
[2.517s] Level 1:colcon.colcon_core.environment:checking '/home/keshav/ros_workspace_2025/perception_ws/install/px4_msgs/lib/pkgconfig/px4_msgs.pc'
[2.518s] Level 1:colcon.colcon_core.environment:checking '/home/keshav/ros_workspace_2025/perception_ws/install/px4_msgs/lib/python3.10/site-packages'
[2.518s] Level 1:colcon.colcon_core.environment:checking '/home/keshav/ros_workspace_2025/perception_ws/install/px4_msgs/bin'
[2.519s] INFO:colcon.colcon_core.shell:Creating package script '/home/keshav/ros_workspace_2025/perception_ws/install/px4_msgs/share/px4_msgs/package.ps1'
[2.520s] INFO:colcon.colcon_core.shell:Creating package descriptor '/home/keshav/ros_workspace_2025/perception_ws/install/px4_msgs/share/px4_msgs/package.dsv'
[2.520s] INFO:colcon.colcon_core.shell:Creating package script '/home/keshav/ros_workspace_2025/perception_ws/install/px4_msgs/share/px4_msgs/package.sh'
[2.521s] INFO:colcon.colcon_core.shell:Creating package script '/home/keshav/ros_workspace_2025/perception_ws/install/px4_msgs/share/px4_msgs/package.bash'
[2.522s] INFO:colcon.colcon_core.shell:Creating package script '/home/keshav/ros_workspace_2025/perception_ws/install/px4_msgs/share/px4_msgs/package.zsh'
[2.522s] Level 1:colcon.colcon_core.environment:create_file_with_runtime_dependencies(/home/keshav/ros_workspace_2025/perception_ws/install/px4_msgs/share/colcon-core/packages/px4_msgs)
[2.523s] Level 1:colcon.colcon_core.environment:create_environment_scripts_only(px4_msgs)
[2.523s] Level 1:colcon.colcon_core.environment:checking '/home/keshav/ros_workspace_2025/perception_ws/install/px4_msgs' for CMake module files
[2.524s] Level 1:colcon.colcon_core.environment:checking '/home/keshav/ros_workspace_2025/perception_ws/install/px4_msgs' for CMake config files
[2.525s] Level 1:colcon.colcon_core.shell:create_environment_hook('px4_msgs', 'cmake_prefix_path')
[2.525s] INFO:colcon.colcon_core.shell:Creating environment hook '/home/keshav/ros_workspace_2025/perception_ws/install/px4_msgs/share/px4_msgs/hook/cmake_prefix_path.ps1'
[2.526s] INFO:colcon.colcon_core.shell:Creating environment descriptor '/home/keshav/ros_workspace_2025/perception_ws/install/px4_msgs/share/px4_msgs/hook/cmake_prefix_path.dsv'
[2.526s] INFO:colcon.colcon_core.shell:Creating environment hook '/home/keshav/ros_workspace_2025/perception_ws/install/px4_msgs/share/px4_msgs/hook/cmake_prefix_path.sh'
[2.527s] Level 1:colcon.colcon_core.environment:checking '/home/keshav/ros_workspace_2025/perception_ws/install/px4_msgs/lib'
[2.527s] Level 1:colcon.colcon_core.shell:create_environment_hook('px4_msgs', 'ld_library_path_lib')
[2.527s] INFO:colcon.colcon_core.shell:Creating environment hook '/home/keshav/ros_workspace_2025/perception_ws/install/px4_msgs/share/px4_msgs/hook/ld_library_path_lib.ps1'
[2.528s] INFO:colcon.colcon_core.shell:Creating environment descriptor '/home/keshav/ros_workspace_2025/perception_ws/install/px4_msgs/share/px4_msgs/hook/ld_library_path_lib.dsv'
[2.528s] INFO:colcon.colcon_core.shell:Creating environment hook '/home/keshav/ros_workspace_2025/perception_ws/install/px4_msgs/share/px4_msgs/hook/ld_library_path_lib.sh'
[2.529s] Level 1:colcon.colcon_core.environment:checking '/home/keshav/ros_workspace_2025/perception_ws/install/px4_msgs/bin'
[2.529s] Level 1:colcon.colcon_core.environment:checking '/home/keshav/ros_workspace_2025/perception_ws/install/px4_msgs/lib/pkgconfig/px4_msgs.pc'
[2.529s] Level 1:colcon.colcon_core.environment:checking '/home/keshav/ros_workspace_2025/perception_ws/install/px4_msgs/lib/python3.10/site-packages'
[2.530s] Level 1:colcon.colcon_core.environment:checking '/home/keshav/ros_workspace_2025/perception_ws/install/px4_msgs/bin'
[2.530s] INFO:colcon.colcon_core.shell:Creating package script '/home/keshav/ros_workspace_2025/perception_ws/install/px4_msgs/share/px4_msgs/package.ps1'
[2.531s] INFO:colcon.colcon_core.shell:Creating package descriptor '/home/keshav/ros_workspace_2025/perception_ws/install/px4_msgs/share/px4_msgs/package.dsv'
[2.532s] INFO:colcon.colcon_core.shell:Creating package script '/home/keshav/ros_workspace_2025/perception_ws/install/px4_msgs/share/px4_msgs/package.sh'
[2.533s] INFO:colcon.colcon_core.shell:Creating package script '/home/keshav/ros_workspace_2025/perception_ws/install/px4_msgs/share/px4_msgs/package.bash'
[2.533s] INFO:colcon.colcon_core.shell:Creating package script '/home/keshav/ros_workspace_2025/perception_ws/install/px4_msgs/share/px4_msgs/package.zsh'
[2.534s] Level 1:colcon.colcon_core.environment:create_file_with_runtime_dependencies(/home/keshav/ros_workspace_2025/perception_ws/install/px4_msgs/share/colcon-core/packages/px4_msgs)
[2.534s] INFO:colcon.colcon_ros.task.ament_cmake.build:Building ROS package in '/home/keshav/ros_workspace_2025/perception_ws/src/px4_ros_com' with build type 'ament_cmake'
[2.534s] INFO:colcon.colcon_cmake.task.cmake.build:Building CMake package in '/home/keshav/ros_workspace_2025/perception_ws/src/px4_ros_com'
[2.535s] INFO:colcon.colcon_core.shell:Skip shell extension 'powershell' for command environment: Not usable outside of PowerShell
[2.535s] DEBUG:colcon.colcon_core.shell:Skip shell extension 'dsv' for command environment
[2.555s] DEBUG:colcon.colcon_core.event_handler.log_command:Invoking command in '/home/keshav/ros_workspace_2025/perception_ws/build/px4_ros_com': CMAKE_PREFIX_PATH=/home/keshav/ros_workspace_2025/perception_ws/install/px4_msgs:/home/keshav/ros_workspace_2025/perception_ws/install/px4_ros_com:/home/keshav/ros_workspace_2025/perception_ws/install/fixedWing:/home/keshav/ros_workspace_2025/perception_ws/install/controller:/opt/ros/humble LD_LIBRARY_PATH=/home/keshav/ros_workspace_2025/perception_ws/install/px4_msgs/lib:/home/keshav/ros_workspace_2025/perception_ws/install/px4_ros_com/lib:/opt/ros/humble/opt/rviz_ogre_vendor/lib:/opt/ros/humble/lib/x86_64-linux-gnu:/opt/ros/humble/lib /usr/bin/cmake --build /home/keshav/ros_workspace_2025/perception_ws/build/px4_ros_com -- -j12 -l12
[2.564s] Level 1:colcon.colcon_core.environment:checking '/home/keshav/ros_workspace_2025/perception_ws/install/controller' for CMake module files
[2.564s] DEBUG:colcon.colcon_core.event_handler.log_command:Invoked command in '/home/keshav/ros_workspace_2025/perception_ws/src/controller' returned '0': PYTHONPATH=/home/keshav/ros_workspace_2025/perception_ws/build/controller/prefix_override:/usr/lib/python3/dist-packages/colcon_core/task/python/colcon_distutils_commands:/home/keshav/ros_workspace_2025/perception_ws/install/controller/lib/python3.10/site-packages:${PYTHONPATH} /usr/bin/python3 -W ignore:setup.py install is deprecated -W ignore:easy_install command is deprecated setup.py egg_info --egg-base ../../build/controller build --build-base /home/keshav/ros_workspace_2025/perception_ws/build/controller/build install --record /home/keshav/ros_workspace_2025/perception_ws/build/controller/install.log --single-version-externally-managed install_data
[2.565s] Level 1:colcon.colcon_core.environment:checking '/home/keshav/ros_workspace_2025/perception_ws/install/controller' for CMake config files
[2.566s] Level 1:colcon.colcon_core.environment:checking '/home/keshav/ros_workspace_2025/perception_ws/install/controller/lib'
[2.566s] Level 1:colcon.colcon_core.environment:checking '/home/keshav/ros_workspace_2025/perception_ws/install/controller/bin'
[2.566s] Level 1:colcon.colcon_core.environment:checking '/home/keshav/ros_workspace_2025/perception_ws/install/controller/lib/pkgconfig/controller.pc'
[2.566s] Level 1:colcon.colcon_core.environment:checking '/home/keshav/ros_workspace_2025/perception_ws/install/controller/lib/python3.10/site-packages'
[2.566s] Level 1:colcon.colcon_core.shell:create_environment_hook('controller', 'pythonpath')
[2.567s] INFO:colcon.colcon_core.shell:Creating environment hook '/home/keshav/ros_workspace_2025/perception_ws/install/controller/share/controller/hook/pythonpath.ps1'
[2.567s] INFO:colcon.colcon_core.shell:Creating environment descriptor '/home/keshav/ros_workspace_2025/perception_ws/install/controller/share/controller/hook/pythonpath.dsv'
[2.568s] INFO:colcon.colcon_core.shell:Creating environment hook '/home/keshav/ros_workspace_2025/perception_ws/install/controller/share/controller/hook/pythonpath.sh'
[2.569s] Level 1:colcon.colcon_core.environment:checking '/home/keshav/ros_workspace_2025/perception_ws/install/controller/bin'
[2.569s] Level 1:colcon.colcon_core.environment:create_environment_scripts_only(controller)
[2.569s] INFO:colcon.colcon_core.shell:Creating package script '/home/keshav/ros_workspace_2025/perception_ws/install/controller/share/controller/package.ps1'
[2.570s] INFO:colcon.colcon_core.shell:Creating package descriptor '/home/keshav/ros_workspace_2025/perception_ws/install/controller/share/controller/package.dsv'
[2.571s] INFO:colcon.colcon_core.shell:Creating package script '/home/keshav/ros_workspace_2025/perception_ws/install/controller/share/controller/package.sh'
[2.571s] INFO:colcon.colcon_core.shell:Creating package script '/home/keshav/ros_workspace_2025/perception_ws/install/controller/share/controller/package.bash'
[2.572s] INFO:colcon.colcon_core.shell:Creating package script '/home/keshav/ros_workspace_2025/perception_ws/install/controller/share/controller/package.zsh'
[2.572s] Level 1:colcon.colcon_core.environment:create_file_with_runtime_dependencies(/home/keshav/ros_workspace_2025/perception_ws/install/controller/share/colcon-core/packages/controller)
[2.581s] Level 1:colcon.colcon_core.environment:checking '/home/keshav/ros_workspace_2025/perception_ws/install/fixedWing' for CMake module files
[2.581s] DEBUG:colcon.colcon_core.event_handler.log_command:Invoked command in '/home/keshav/ros_workspace_2025/perception_ws/src/fixedWing' returned '0': PYTHONPATH=/home/keshav/ros_workspace_2025/perception_ws/build/fixedWing/prefix_override:/usr/lib/python3/dist-packages/colcon_core/task/python/colcon_distutils_commands:/home/keshav/ros_workspace_2025/perception_ws/install/fixedWing/lib/python3.10/site-packages:${PYTHONPATH} /usr/bin/python3 -W ignore:setup.py install is deprecated -W ignore:easy_install command is deprecated setup.py egg_info --egg-base ../../build/fixedWing build --build-base /home/keshav/ros_workspace_2025/perception_ws/build/fixedWing/build install --record /home/keshav/ros_workspace_2025/perception_ws/build/fixedWing/install.log --single-version-externally-managed install_data
[2.582s] Level 1:colcon.colcon_core.environment:checking '/home/keshav/ros_workspace_2025/perception_ws/install/fixedWing' for CMake config files
[2.582s] Level 1:colcon.colcon_core.environment:checking '/home/keshav/ros_workspace_2025/perception_ws/install/fixedWing/lib'
[2.583s] Level 1:colcon.colcon_core.environment:checking '/home/keshav/ros_workspace_2025/perception_ws/install/fixedWing/bin'
[2.583s] Level 1:colcon.colcon_core.environment:checking '/home/keshav/ros_workspace_2025/perception_ws/install/fixedWing/lib/pkgconfig/fixedWing.pc'
[2.583s] Level 1:colcon.colcon_core.environment:checking '/home/keshav/ros_workspace_2025/perception_ws/install/fixedWing/lib/python3.10/site-packages'
[2.583s] Level 1:colcon.colcon_core.shell:create_environment_hook('fixedWing', 'pythonpath')
[2.584s] INFO:colcon.colcon_core.shell:Creating environment hook '/home/keshav/ros_workspace_2025/perception_ws/install/fixedWing/share/fixedWing/hook/pythonpath.ps1'
[2.584s] INFO:colcon.colcon_core.shell:Creating environment descriptor '/home/keshav/ros_workspace_2025/perception_ws/install/fixedWing/share/fixedWing/hook/pythonpath.dsv'
[2.585s] INFO:colcon.colcon_core.shell:Creating environment hook '/home/keshav/ros_workspace_2025/perception_ws/install/fixedWing/share/fixedWing/hook/pythonpath.sh'
[2.586s] Level 1:colcon.colcon_core.environment:checking '/home/keshav/ros_workspace_2025/perception_ws/install/fixedWing/bin'
[2.586s] Level 1:colcon.colcon_core.environment:create_environment_scripts_only(fixedWing)
[2.586s] INFO:colcon.colcon_core.shell:Creating package script '/home/keshav/ros_workspace_2025/perception_ws/install/fixedWing/share/fixedWing/package.ps1'
[2.587s] INFO:colcon.colcon_core.shell:Creating package descriptor '/home/keshav/ros_workspace_2025/perception_ws/install/fixedWing/share/fixedWing/package.dsv'
[2.588s] INFO:colcon.colcon_core.shell:Creating package script '/home/keshav/ros_workspace_2025/perception_ws/install/fixedWing/share/fixedWing/package.sh'
[2.588s] INFO:colcon.colcon_core.shell:Creating package script '/home/keshav/ros_workspace_2025/perception_ws/install/fixedWing/share/fixedWing/package.bash'
[2.589s] INFO:colcon.colcon_core.shell:Creating package script '/home/keshav/ros_workspace_2025/perception_ws/install/fixedWing/share/fixedWing/package.zsh'
[2.589s] Level 1:colcon.colcon_core.environment:create_file_with_runtime_dependencies(/home/keshav/ros_workspace_2025/perception_ws/install/fixedWing/share/colcon-core/packages/fixedWing)
[2.980s] DEBUG:colcon.colcon_core.event_handler.log_command:Invoked command in '/home/keshav/ros_workspace_2025/perception_ws/build/px4_ros_com' returned '0': CMAKE_PREFIX_PATH=/home/keshav/ros_workspace_2025/perception_ws/install/px4_msgs:/home/keshav/ros_workspace_2025/perception_ws/install/px4_ros_com:/home/keshav/ros_workspace_2025/perception_ws/install/fixedWing:/home/keshav/ros_workspace_2025/perception_ws/install/controller:/opt/ros/humble LD_LIBRARY_PATH=/home/keshav/ros_workspace_2025/perception_ws/install/px4_msgs/lib:/home/keshav/ros_workspace_2025/perception_ws/install/px4_ros_com/lib:/opt/ros/humble/opt/rviz_ogre_vendor/lib:/opt/ros/humble/lib/x86_64-linux-gnu:/opt/ros/humble/lib /usr/bin/cmake --build /home/keshav/ros_workspace_2025/perception_ws/build/px4_ros_com -- -j12 -l12
[2.982s] DEBUG:colcon.colcon_core.event_handler.log_command:Invoking command in '/home/keshav/ros_workspace_2025/perception_ws/build/px4_ros_com': CMAKE_PREFIX_PATH=/home/keshav/ros_workspace_2025/perception_ws/install/px4_msgs:/home/keshav/ros_workspace_2025/perception_ws/install/px4_ros_com:/home/keshav/ros_workspace_2025/perception_ws/install/fixedWing:/home/keshav/ros_workspace_2025/perception_ws/install/controller:/opt/ros/humble LD_LIBRARY_PATH=/home/keshav/ros_workspace_2025/perception_ws/install/px4_msgs/lib:/home/keshav/ros_workspace_2025/perception_ws/install/px4_ros_com/lib:/opt/ros/humble/opt/rviz_ogre_vendor/lib:/opt/ros/humble/lib/x86_64-linux-gnu:/opt/ros/humble/lib /usr/bin/cmake --install /home/keshav/ros_workspace_2025/perception_ws/build/px4_ros_com
[3.043s] Level 1:colcon.colcon_core.environment:create_environment_scripts_only(px4_ros_com)
[3.044s] Level 1:colcon.colcon_core.environment:checking '/home/keshav/ros_workspace_2025/perception_ws/install/px4_ros_com' for CMake module files
[3.044s] DEBUG:colcon.colcon_core.event_handler.log_command:Invoked command in '/home/keshav/ros_workspace_2025/perception_ws/build/px4_ros_com' returned '0': CMAKE_PREFIX_PATH=/home/keshav/ros_workspace_2025/perception_ws/install/px4_msgs:/home/keshav/ros_workspace_2025/perception_ws/install/px4_ros_com:/home/keshav/ros_workspace_2025/perception_ws/install/fixedWing:/home/keshav/ros_workspace_2025/perception_ws/install/controller:/opt/ros/humble LD_LIBRARY_PATH=/home/keshav/ros_workspace_2025/perception_ws/install/px4_msgs/lib:/home/keshav/ros_workspace_2025/perception_ws/install/px4_ros_com/lib:/opt/ros/humble/opt/rviz_ogre_vendor/lib:/opt/ros/humble/lib/x86_64-linux-gnu:/opt/ros/humble/lib /usr/bin/cmake --install /home/keshav/ros_workspace_2025/perception_ws/build/px4_ros_com
[3.045s] Level 1:colcon.colcon_core.environment:checking '/home/keshav/ros_workspace_2025/perception_ws/install/px4_ros_com' for CMake config files
[3.045s] Level 1:colcon.colcon_core.shell:create_environment_hook('px4_ros_com', 'cmake_prefix_path')
[3.046s] INFO:colcon.colcon_core.shell:Creating environment hook '/home/keshav/ros_workspace_2025/perception_ws/install/px4_ros_com/share/px4_ros_com/hook/cmake_prefix_path.ps1'
[3.046s] INFO:colcon.colcon_core.shell:Creating environment descriptor '/home/keshav/ros_workspace_2025/perception_ws/install/px4_ros_com/share/px4_ros_com/hook/cmake_prefix_path.dsv'
[3.047s] INFO:colcon.colcon_core.shell:Creating environment hook '/home/keshav/ros_workspace_2025/perception_ws/install/px4_ros_com/share/px4_ros_com/hook/cmake_prefix_path.sh'
[3.047s] Level 1:colcon.colcon_core.environment:checking '/home/keshav/ros_workspace_2025/perception_ws/install/px4_ros_com/lib'
[3.047s] Level 1:colcon.colcon_core.shell:create_environment_hook('px4_ros_com', 'ld_library_path_lib')
[3.048s] INFO:colcon.colcon_core.shell:Creating environment hook '/home/keshav/ros_workspace_2025/perception_ws/install/px4_ros_com/share/px4_ros_com/hook/ld_library_path_lib.ps1'
[3.048s] INFO:colcon.colcon_core.shell:Creating environment descriptor '/home/keshav/ros_workspace_2025/perception_ws/install/px4_ros_com/share/px4_ros_com/hook/ld_library_path_lib.dsv'
[3.049s] INFO:colcon.colcon_core.shell:Creating environment hook '/home/keshav/ros_workspace_2025/perception_ws/install/px4_ros_com/share/px4_ros_com/hook/ld_library_path_lib.sh'
[3.049s] Level 1:colcon.colcon_core.environment:checking '/home/keshav/ros_workspace_2025/perception_ws/install/px4_ros_com/bin'
[3.049s] Level 1:colcon.colcon_core.environment:checking '/home/keshav/ros_workspace_2025/perception_ws/install/px4_ros_com/lib/pkgconfig/px4_ros_com.pc'
[3.049s] Level 1:colcon.colcon_core.environment:checking '/home/keshav/ros_workspace_2025/perception_ws/install/px4_ros_com/lib/python3.10/site-packages'
[3.050s] Level 1:colcon.colcon_core.environment:checking '/home/keshav/ros_workspace_2025/perception_ws/install/px4_ros_com/bin'
[3.050s] INFO:colcon.colcon_core.shell:Creating package script '/home/keshav/ros_workspace_2025/perception_ws/install/px4_ros_com/share/px4_ros_com/package.ps1'
[3.051s] INFO:colcon.colcon_core.shell:Creating package descriptor '/home/keshav/ros_workspace_2025/perception_ws/install/px4_ros_com/share/px4_ros_com/package.dsv'
[3.051s] INFO:colcon.colcon_core.shell:Creating package script '/home/keshav/ros_workspace_2025/perception_ws/install/px4_ros_com/share/px4_ros_com/package.sh'
[3.052s] INFO:colcon.colcon_core.shell:Creating package script '/home/keshav/ros_workspace_2025/perception_ws/install/px4_ros_com/share/px4_ros_com/package.bash'
[3.052s] INFO:colcon.colcon_core.shell:Creating package script '/home/keshav/ros_workspace_2025/perception_ws/install/px4_ros_com/share/px4_ros_com/package.zsh'
[3.053s] Level 1:colcon.colcon_core.environment:create_file_with_runtime_dependencies(/home/keshav/ros_workspace_2025/perception_ws/install/px4_ros_com/share/colcon-core/packages/px4_ros_com)
[3.054s] Level 1:colcon.colcon_core.environment:create_environment_scripts_only(px4_ros_com)
[3.054s] Level 1:colcon.colcon_core.environment:checking '/home/keshav/ros_workspace_2025/perception_ws/install/px4_ros_com' for CMake module files
[3.055s] Level 1:colcon.colcon_core.environment:checking '/home/keshav/ros_workspace_2025/perception_ws/install/px4_ros_com' for CMake config files
[3.055s] Level 1:colcon.colcon_core.shell:create_environment_hook('px4_ros_com', 'cmake_prefix_path')
[3.055s] INFO:colcon.colcon_core.shell:Creating environment hook '/home/keshav/ros_workspace_2025/perception_ws/install/px4_ros_com/share/px4_ros_com/hook/cmake_prefix_path.ps1'
[3.056s] INFO:colcon.colcon_core.shell:Creating environment descriptor '/home/keshav/ros_workspace_2025/perception_ws/install/px4_ros_com/share/px4_ros_com/hook/cmake_prefix_path.dsv'
[3.056s] INFO:colcon.colcon_core.shell:Creating environment hook '/home/keshav/ros_workspace_2025/perception_ws/install/px4_ros_com/share/px4_ros_com/hook/cmake_prefix_path.sh'
[3.057s] Level 1:colcon.colcon_core.environment:checking '/home/keshav/ros_workspace_2025/perception_ws/install/px4_ros_com/lib'
[3.057s] Level 1:colcon.colcon_core.shell:create_environment_hook('px4_ros_com', 'ld_library_path_lib')
[3.057s] INFO:colcon.colcon_core.shell:Creating environment hook '/home/keshav/ros_workspace_2025/perception_ws/install/px4_ros_com/share/px4_ros_com/hook/ld_library_path_lib.ps1'
[3.058s] INFO:colcon.colcon_core.shell:Creating environment descriptor '/home/keshav/ros_workspace_2025/perception_ws/install/px4_ros_com/share/px4_ros_com/hook/ld_library_path_lib.dsv'
[3.058s] INFO:colcon.colcon_core.shell:Creating environment hook '/home/keshav/ros_workspace_2025/perception_ws/install/px4_ros_com/share/px4_ros_com/hook/ld_library_path_lib.sh'
[3.058s] Level 1:colcon.colcon_core.environment:checking '/home/keshav/ros_workspace_2025/perception_ws/install/px4_ros_com/bin'
[3.059s] Level 1:colcon.colcon_core.environment:checking '/home/keshav/ros_workspace_2025/perception_ws/install/px4_ros_com/lib/pkgconfig/px4_ros_com.pc'
[3.059s] Level 1:colcon.colcon_core.environment:checking '/home/keshav/ros_workspace_2025/perception_ws/install/px4_ros_com/lib/python3.10/site-packages'
[3.059s] Level 1:colcon.colcon_core.environment:checking '/home/keshav/ros_workspace_2025/perception_ws/install/px4_ros_com/bin'
[3.060s] INFO:colcon.colcon_core.shell:Creating package script '/home/keshav/ros_workspace_2025/perception_ws/install/px4_ros_com/share/px4_ros_com/package.ps1'
[3.060s] INFO:colcon.colcon_core.shell:Creating package descriptor '/home/keshav/ros_workspace_2025/perception_ws/install/px4_ros_com/share/px4_ros_com/package.dsv'
[3.061s] INFO:colcon.colcon_core.shell:Creating package script '/home/keshav/ros_workspace_2025/perception_ws/install/px4_ros_com/share/px4_ros_com/package.sh'
[3.062s] INFO:colcon.colcon_core.shell:Creating package script '/home/keshav/ros_workspace_2025/perception_ws/install/px4_ros_com/share/px4_ros_com/package.bash'
[3.062s] INFO:colcon.colcon_core.shell:Creating package script '/home/keshav/ros_workspace_2025/perception_ws/install/px4_ros_com/share/px4_ros_com/package.zsh'
[3.063s] Level 1:colcon.colcon_core.environment:create_file_with_runtime_dependencies(/home/keshav/ros_workspace_2025/perception_ws/install/px4_ros_com/share/colcon-core/packages/px4_ros_com)
[3.063s] DEBUG:colcon.colcon_parallel_executor.executor.parallel:closing loop
[3.064s] DEBUG:colcon.colcon_parallel_executor.executor.parallel:loop closed
[3.064s] DEBUG:colcon.colcon_parallel_executor.executor.parallel:run_until_complete finished with '0'
[3.064s] DEBUG:colcon.colcon_core.event_reactor:joining thread
[3.071s] INFO:colcon.colcon_core.plugin_system:Skipping extension 'colcon_notification.desktop_notification.terminal_notifier': Not used on non-Darwin systems
[3.071s] INFO:colcon.colcon_core.plugin_system:Skipping extension 'colcon_notification.desktop_notification.win32': Not used on non-Windows systems
[3.072s] INFO:colcon.colcon_notification.desktop_notification:Sending desktop notification using 'notify2'
[3.083s] DEBUG:colcon.colcon_core.event_reactor:joined thread
[3.083s] INFO:colcon.colcon_core.shell:Creating prefix script '/home/keshav/ros_workspace_2025/perception_ws/install/local_setup.ps1'
[3.085s] INFO:colcon.colcon_core.shell:Creating prefix util module '/home/keshav/ros_workspace_2025/perception_ws/install/_local_setup_util_ps1.py'
[3.087s] INFO:colcon.colcon_core.shell:Creating prefix chain script '/home/keshav/ros_workspace_2025/perception_ws/install/setup.ps1'
[3.089s] INFO:colcon.colcon_core.shell:Creating prefix script '/home/keshav/ros_workspace_2025/perception_ws/install/local_setup.sh'
[3.090s] INFO:colcon.colcon_core.shell:Creating prefix util module '/home/keshav/ros_workspace_2025/perception_ws/install/_local_setup_util_sh.py'
[3.091s] INFO:colcon.colcon_core.shell:Creating prefix chain script '/home/keshav/ros_workspace_2025/perception_ws/install/setup.sh'
[3.092s] INFO:colcon.colcon_core.shell:Creating prefix script '/home/keshav/ros_workspace_2025/perception_ws/install/local_setup.bash'
[3.093s] INFO:colcon.colcon_core.shell:Creating prefix chain script '/home/keshav/ros_workspace_2025/perception_ws/install/setup.bash'
[3.095s] INFO:colcon.colcon_core.shell:Creating prefix script '/home/keshav/ros_workspace_2025/perception_ws/install/local_setup.zsh'
[3.095s] INFO:colcon.colcon_core.shell:Creating prefix chain script '/home/keshav/ros_workspace_2025/perception_ws/install/setup.zsh'
