[0.708s] Invoking command in '/home/keshav/ros_workspace_2025/perception_ws/src/bucketDetector': PYTHONPATH=/home/keshav/ros_workspace_2025/perception_ws/build/bucketDetector/prefix_override:/usr/lib/python3/dist-packages/colcon_core/task/python/colcon_distutils_commands:/home/keshav/ros_workspace_2025/perception_ws/install/bucketDetector/lib/python3.10/site-packages:${PYTHONPATH} /usr/bin/python3 -W ignore:setup.py install is deprecated -W ignore:easy_install command is deprecated setup.py egg_info --egg-base ../../build/bucketDetector build --build-base /home/keshav/ros_workspace_2025/perception_ws/build/bucketDetector/build install --record /home/keshav/ros_workspace_2025/perception_ws/build/bucketDetector/install.log --single-version-externally-managed install_data
[0.849s] /home/keshav/.local/lib/python3.10/site-packages/setuptools/_distutils/dist.py:270: UserWarning: Unknown distribution option: 'tests_require'
[0.849s]   warnings.warn(msg)
[0.945s] running egg_info
[0.960s] writing ../../build/bucketDetector/bucketDetector.egg-info/PKG-INFO
[0.961s] writing dependency_links to ../../build/bucketDetector/bucketDetector.egg-info/dependency_links.txt
[0.961s] writing requirements to ../../build/bucketDetector/bucketDetector.egg-info/requires.txt
[0.961s] writing top-level names to ../../build/bucketDetector/bucketDetector.egg-info/top_level.txt
[0.994s] reading manifest file '../../build/bucketDetector/bucketDetector.egg-info/SOURCES.txt'
[0.995s] writing manifest file '../../build/bucketDetector/bucketDetector.egg-info/SOURCES.txt'
[0.995s] running build
[0.996s] running build_py
[0.996s] copying bucketDetector/bucketDetector.py -> /home/keshav/ros_workspace_2025/perception_ws/build/bucketDetector/build/lib/bucketDetector
[0.996s] copying bucketDetector/__init__.py -> /home/keshav/ros_workspace_2025/perception_ws/build/bucketDetector/build/lib/bucketDetector
[0.996s] running install
[1.000s] running install_lib
[1.017s] copying /home/keshav/ros_workspace_2025/perception_ws/build/bucketDetector/build/lib/bucketDetector/bucketDetector.py -> /home/keshav/ros_workspace_2025/perception_ws/install/bucketDetector/lib/python3.10/site-packages/bucketDetector
[1.017s] byte-compiling /home/keshav/ros_workspace_2025/perception_ws/install/bucketDetector/lib/python3.10/site-packages/bucketDetector/bucketDetector.py to bucketDetector.cpython-310.pyc
[1.018s] running install_data
[1.018s] copying resource/bucketDetector -> /home/keshav/ros_workspace_2025/perception_ws/install/bucketDetector/share/ament_index/resource_index/packages
[1.019s] copying package.xml -> /home/keshav/ros_workspace_2025/perception_ws/install/bucketDetector/share/bucketDetector
[1.019s] running install_egg_info
[1.036s] removing '/home/keshav/ros_workspace_2025/perception_ws/install/bucketDetector/lib/python3.10/site-packages/bucketDetector-0.0.0-py3.10.egg-info' (and everything under it)
[1.036s] Copying ../../build/bucketDetector/bucketDetector.egg-info to /home/keshav/ros_workspace_2025/perception_ws/install/bucketDetector/lib/python3.10/site-packages/bucketDetector-0.0.0-py3.10.egg-info
[1.037s] running install_scripts
[1.165s] writing list of installed files to '/home/keshav/ros_workspace_2025/perception_ws/build/bucketDetector/install.log'
[1.184s] Invoked command in '/home/keshav/ros_workspace_2025/perception_ws/src/bucketDetector' returned '0': PYTHONPATH=/home/keshav/ros_workspace_2025/perception_ws/build/bucketDetector/prefix_override:/usr/lib/python3/dist-packages/colcon_core/task/python/colcon_distutils_commands:/home/keshav/ros_workspace_2025/perception_ws/install/bucketDetector/lib/python3.10/site-packages:${PYTHONPATH} /usr/bin/python3 -W ignore:setup.py install is deprecated -W ignore:easy_install command is deprecated setup.py egg_info --egg-base ../../build/bucketDetector build --build-base /home/keshav/ros_workspace_2025/perception_ws/build/bucketDetector/build install --record /home/keshav/ros_workspace_2025/perception_ws/build/bucketDetector/install.log --single-version-externally-managed install_data
