[0.850s] Invoking command in '/home/conor/Documents/aero2025/ros_workspace_2025/perception_ws/src/controller': PYTHONPATH=/home/conor/Documents/aero2025/ros_workspace_2025/perception_ws/build/controller/prefix_override:/usr/lib/python3/dist-packages/colcon_core/task/python/colcon_distutils_commands:/home/conor/Documents/aero2025/ros_workspace_2025/perception_ws/install/controller/lib/python3.10/site-packages:${PYTHONPATH} /usr/bin/python3 -W ignore:setup.py install is deprecated setup.py egg_info --egg-base ../../build/controller build --build-base /home/conor/Documents/aero2025/ros_workspace_2025/perception_ws/build/controller/build install --record /home/conor/Documents/aero2025/ros_workspace_2025/perception_ws/build/controller/install.log --single-version-externally-managed install_data
[1.102s] running egg_info
[1.117s] writing ../../build/controller/controller.egg-info/PKG-INFO
[1.117s] writing dependency_links to ../../build/controller/controller.egg-info/dependency_links.txt
[1.118s] writing requirements to ../../build/controller/controller.egg-info/requires.txt
[1.118s] writing top-level names to ../../build/controller/controller.egg-info/top_level.txt
[1.150s] reading manifest file '../../build/controller/controller.egg-info/SOURCES.txt'
[1.151s] writing manifest file '../../build/controller/controller.egg-info/SOURCES.txt'
[1.152s] running build
[1.152s] running build_py
[1.152s] copying controller/takeoff_and_land.py -> /home/conor/Documents/aero2025/ros_workspace_2025/perception_ws/build/controller/build/lib/controller
[1.152s] copying controller/camera.py -> /home/conor/Documents/aero2025/ros_workspace_2025/perception_ws/build/controller/build/lib/controller
[1.152s] copying controller/__init__.py -> /home/conor/Documents/aero2025/ros_workspace_2025/perception_ws/build/controller/build/lib/controller
[1.153s] running install
[1.159s] running install_lib
[1.174s] running install_data
[1.174s] copying resource/controller -> /home/conor/Documents/aero2025/ros_workspace_2025/perception_ws/install/controller/share/ament_index/resource_index/packages
[1.175s] copying package.xml -> /home/conor/Documents/aero2025/ros_workspace_2025/perception_ws/install/controller/share/controller
[1.175s] running install_egg_info
[1.191s] removing '/home/conor/Documents/aero2025/ros_workspace_2025/perception_ws/install/controller/lib/python3.10/site-packages/controller-0.0.0-py3.10.egg-info' (and everything under it)
[1.191s] Copying ../../build/controller/controller.egg-info to /home/conor/Documents/aero2025/ros_workspace_2025/perception_ws/install/controller/lib/python3.10/site-packages/controller-0.0.0-py3.10.egg-info
[1.192s] running install_scripts
[1.340s] writing list of installed files to '/home/conor/Documents/aero2025/ros_workspace_2025/perception_ws/build/controller/install.log'
[1.367s] Invoked command in '/home/conor/Documents/aero2025/ros_workspace_2025/perception_ws/src/controller' returned '0': PYTHONPATH=/home/conor/Documents/aero2025/ros_workspace_2025/perception_ws/build/controller/prefix_override:/usr/lib/python3/dist-packages/colcon_core/task/python/colcon_distutils_commands:/home/conor/Documents/aero2025/ros_workspace_2025/perception_ws/install/controller/lib/python3.10/site-packages:${PYTHONPATH} /usr/bin/python3 -W ignore:setup.py install is deprecated setup.py egg_info --egg-base ../../build/controller build --build-base /home/conor/Documents/aero2025/ros_workspace_2025/perception_ws/build/controller/build install --record /home/conor/Documents/aero2025/ros_workspace_2025/perception_ws/build/controller/install.log --single-version-externally-managed install_data
