[0.105s] DEBUG:colcon:Command line arguments: ['/usr/bin/colcon', 'build']
[0.105s] DEBUG:colcon:Parsed command line arguments: Namespace(log_base=None, log_level=None, verb_name='build', build_base='build', install_base='install', merge_install=False, symlink_install=False, test_result_base=None, continue_on_error=False, executor='parallel', parallel_workers=12, event_handlers=None, ignore_user_meta=False, metas=['./colcon.meta'], base_paths=['.'], packages_ignore=None, packages_ignore_regex=None, paths=None, packages_up_to=None, packages_up_to_regex=None, packages_above=None, packages_above_and_dependencies=None, packages_above_depth=None, packages_select_by_dep=None, packages_skip_by_dep=None, packages_skip_up_to=None, packages_select_build_failed=False, packages_skip_build_finished=False, packages_select_test_failures=False, packages_skip_test_passed=False, packages_select=None, packages_skip=None, packages_select_regex=None, packages_skip_regex=None, packages_start=None, packages_end=None, allow_overriding=[], cmake_args=None, cmake_target=None, cmake_target_skip_unavailable=False, cmake_clean_cache=False, cmake_clean_first=False, cmake_force_configure=False, ament_cmake_args=None, catkin_cmake_args=None, catkin_skip_building_tests=False, mixin_files=None, mixin=None, verb_parser=<colcon_mixin.mixin.mixin_argument.MixinArgumentDecorator object at 0x7f2cdf7f6dd0>, verb_extension=<colcon_core.verb.build.BuildVerb object at 0x7f2cdf7f67d0>, main=<bound method BuildVerb.main of <colcon_core.verb.build.BuildVerb object at 0x7f2cdf7f67d0>>, mixin_verb=('build',))
[0.253s] Level 1:colcon.colcon_core.package_discovery:discover_packages(colcon_meta) check parameters
[0.253s] Level 1:colcon.colcon_core.package_discovery:discover_packages(recursive) check parameters
[0.253s] Level 1:colcon.colcon_core.package_discovery:discover_packages(ignore) check parameters
[0.253s] Level 1:colcon.colcon_core.package_discovery:discover_packages(path) check parameters
[0.253s] Level 1:colcon.colcon_core.package_discovery:discover_packages(colcon_meta) discover
[0.253s] Level 1:colcon.colcon_core.package_discovery:discover_packages(recursive) discover
[0.253s] INFO:colcon.colcon_core.package_discovery:Crawling recursively for packages in '/home/zephra/ros_workspace_2025/perception_ws'
[0.253s] Level 1:colcon.colcon_core.package_identification:_identify(.) by extensions ['ignore', 'ignore_ament_install']
[0.253s] Level 1:colcon.colcon_core.package_identification:_identify(.) by extension 'ignore'
[0.254s] Level 1:colcon.colcon_core.package_identification:_identify(.) by extension 'ignore_ament_install'
[0.254s] Level 1:colcon.colcon_core.package_identification:_identify(.) by extensions ['colcon_pkg']
[0.254s] Level 1:colcon.colcon_core.package_identification:_identify(.) by extension 'colcon_pkg'
[0.254s] Level 1:colcon.colcon_core.package_identification:_identify(.) by extensions ['colcon_meta']
[0.254s] Level 1:colcon.colcon_core.package_identification:_identify(.) by extension 'colcon_meta'
[0.254s] Level 1:colcon.colcon_core.package_identification:_identify(.) by extensions ['ros']
[0.254s] Level 1:colcon.colcon_core.package_identification:_identify(.) by extension 'ros'
[0.265s] Level 1:colcon.colcon_core.package_identification:_identify(.) by extensions ['cmake', 'python']
[0.265s] Level 1:colcon.colcon_core.package_identification:_identify(.) by extension 'cmake'
[0.265s] Level 1:colcon.colcon_core.package_identification:_identify(.) by extension 'python'
[0.265s] Level 1:colcon.colcon_core.package_identification:_identify(.) by extensions ['python_setup_py']
[0.265s] Level 1:colcon.colcon_core.package_identification:_identify(.) by extension 'python_setup_py'
[0.266s] Level 1:colcon.colcon_core.package_identification:_identify(build) by extensions ['ignore', 'ignore_ament_install']
[0.266s] Level 1:colcon.colcon_core.package_identification:_identify(build) by extension 'ignore'
[0.266s] Level 1:colcon.colcon_core.package_identification:_identify(build) ignored
[0.266s] Level 1:colcon.colcon_core.package_identification:_identify(install) by extensions ['ignore', 'ignore_ament_install']
[0.266s] Level 1:colcon.colcon_core.package_identification:_identify(install) by extension 'ignore'
[0.266s] Level 1:colcon.colcon_core.package_identification:_identify(install) ignored
[0.266s] Level 1:colcon.colcon_core.package_identification:_identify(log) by extensions ['ignore', 'ignore_ament_install']
[0.266s] Level 1:colcon.colcon_core.package_identification:_identify(log) by extension 'ignore'
[0.266s] Level 1:colcon.colcon_core.package_identification:_identify(log) ignored
[0.266s] Level 1:colcon.colcon_core.package_identification:_identify(src) by extensions ['ignore', 'ignore_ament_install']
[0.266s] Level 1:colcon.colcon_core.package_identification:_identify(src) by extension 'ignore'
[0.266s] Level 1:colcon.colcon_core.package_identification:_identify(src) by extension 'ignore_ament_install'
[0.266s] Level 1:colcon.colcon_core.package_identification:_identify(src) by extensions ['colcon_pkg']
[0.266s] Level 1:colcon.colcon_core.package_identification:_identify(src) by extension 'colcon_pkg'
[0.267s] Level 1:colcon.colcon_core.package_identification:_identify(src) by extensions ['colcon_meta']
[0.267s] Level 1:colcon.colcon_core.package_identification:_identify(src) by extension 'colcon_meta'
[0.267s] Level 1:colcon.colcon_core.package_identification:_identify(src) by extensions ['ros']
[0.267s] Level 1:colcon.colcon_core.package_identification:_identify(src) by extension 'ros'
[0.267s] Level 1:colcon.colcon_core.package_identification:_identify(src) by extensions ['cmake', 'python']
[0.267s] Level 1:colcon.colcon_core.package_identification:_identify(src) by extension 'cmake'
[0.267s] Level 1:colcon.colcon_core.package_identification:_identify(src) by extension 'python'
[0.267s] Level 1:colcon.colcon_core.package_identification:_identify(src) by extensions ['python_setup_py']
[0.267s] Level 1:colcon.colcon_core.package_identification:_identify(src) by extension 'python_setup_py'
[0.267s] Level 1:colcon.colcon_core.package_identification:_identify(src/controller) by extensions ['ignore', 'ignore_ament_install']
[0.267s] Level 1:colcon.colcon_core.package_identification:_identify(src/controller) by extension 'ignore'
[0.267s] Level 1:colcon.colcon_core.package_identification:_identify(src/controller) by extension 'ignore_ament_install'
[0.267s] Level 1:colcon.colcon_core.package_identification:_identify(src/controller) by extensions ['colcon_pkg']
[0.268s] Level 1:colcon.colcon_core.package_identification:_identify(src/controller) by extension 'colcon_pkg'
[0.268s] Level 1:colcon.colcon_core.package_identification:_identify(src/controller) by extensions ['colcon_meta']
[0.268s] Level 1:colcon.colcon_core.package_identification:_identify(src/controller) by extension 'colcon_meta'
[0.268s] Level 1:colcon.colcon_core.package_identification:_identify(src/controller) by extensions ['ros']
[0.268s] Level 1:colcon.colcon_core.package_identification:_identify(src/controller) by extension 'ros'
[0.271s] DEBUG:colcon.colcon_core.package_identification:Package 'src/controller' with type 'ros.ament_python' and name 'controller'
[0.271s] Level 1:colcon.colcon_core.package_identification:_identify(src/px4_msgs) by extensions ['ignore', 'ignore_ament_install']
[0.271s] Level 1:colcon.colcon_core.package_identification:_identify(src/px4_msgs) by extension 'ignore'
[0.271s] Level 1:colcon.colcon_core.package_identification:_identify(src/px4_msgs) by extension 'ignore_ament_install'
[0.271s] Level 1:colcon.colcon_core.package_identification:_identify(src/px4_msgs) by extensions ['colcon_pkg']
[0.271s] Level 1:colcon.colcon_core.package_identification:_identify(src/px4_msgs) by extension 'colcon_pkg'
[0.271s] Level 1:colcon.colcon_core.package_identification:_identify(src/px4_msgs) by extensions ['colcon_meta']
[0.271s] Level 1:colcon.colcon_core.package_identification:_identify(src/px4_msgs) by extension 'colcon_meta'
[0.271s] Level 1:colcon.colcon_core.package_identification:_identify(src/px4_msgs) by extensions ['ros']
[0.271s] Level 1:colcon.colcon_core.package_identification:_identify(src/px4_msgs) by extension 'ros'
[0.272s] DEBUG:colcon.colcon_core.package_identification:Package 'src/px4_msgs' with type 'ros.ament_cmake' and name 'px4_msgs'
[0.272s] Level 1:colcon.colcon_core.package_identification:_identify(src/px4_ros_com) by extensions ['ignore', 'ignore_ament_install']
[0.272s] Level 1:colcon.colcon_core.package_identification:_identify(src/px4_ros_com) by extension 'ignore'
[0.272s] Level 1:colcon.colcon_core.package_identification:_identify(src/px4_ros_com) by extension 'ignore_ament_install'
[0.272s] Level 1:colcon.colcon_core.package_identification:_identify(src/px4_ros_com) by extensions ['colcon_pkg']
[0.273s] Level 1:colcon.colcon_core.package_identification:_identify(src/px4_ros_com) by extension 'colcon_pkg'
[0.273s] Level 1:colcon.colcon_core.package_identification:_identify(src/px4_ros_com) by extensions ['colcon_meta']
[0.273s] Level 1:colcon.colcon_core.package_identification:_identify(src/px4_ros_com) by extension 'colcon_meta'
[0.273s] Level 1:colcon.colcon_core.package_identification:_identify(src/px4_ros_com) by extensions ['ros']
[0.273s] Level 1:colcon.colcon_core.package_identification:_identify(src/px4_ros_com) by extension 'ros'
[0.274s] DEBUG:colcon.colcon_core.package_identification:Package 'src/px4_ros_com' with type 'ros.ament_cmake' and name 'px4_ros_com'
[0.274s] Level 1:colcon.colcon_core.package_discovery:discover_packages(recursive) using defaults
[0.274s] Level 1:colcon.colcon_core.package_discovery:discover_packages(ignore) discover
[0.274s] Level 1:colcon.colcon_core.package_discovery:discover_packages(ignore) using defaults
[0.274s] Level 1:colcon.colcon_core.package_discovery:discover_packages(path) discover
[0.274s] Level 1:colcon.colcon_core.package_discovery:discover_packages(path) using defaults
[0.307s] Level 1:colcon.colcon_core.package_discovery:discover_packages(prefix_path) check parameters
[0.307s] Level 1:colcon.colcon_core.package_discovery:discover_packages(prefix_path) discover
[0.309s] DEBUG:colcon.colcon_installed_package_information.package_discovery:Found 3 installed packages in /home/zephra/ros_workspace_2025/perception_ws/install
[0.311s] DEBUG:colcon.colcon_installed_package_information.package_discovery:Found 270 installed packages in /opt/ros/humble
[0.313s] Level 1:colcon.colcon_core.package_discovery:discover_packages(prefix_path) using defaults
[0.340s] Level 5:colcon.colcon_core.verb:set package 'controller' build argument 'cmake_args' from command line to 'None'
[0.340s] Level 5:colcon.colcon_core.verb:set package 'controller' build argument 'cmake_target' from command line to 'None'
[0.340s] Level 5:colcon.colcon_core.verb:set package 'controller' build argument 'cmake_target_skip_unavailable' from command line to 'False'
[0.340s] Level 5:colcon.colcon_core.verb:set package 'controller' build argument 'cmake_clean_cache' from command line to 'False'
[0.340s] Level 5:colcon.colcon_core.verb:set package 'controller' build argument 'cmake_clean_first' from command line to 'False'
[0.340s] Level 5:colcon.colcon_core.verb:set package 'controller' build argument 'cmake_force_configure' from command line to 'False'
[0.340s] Level 5:colcon.colcon_core.verb:set package 'controller' build argument 'ament_cmake_args' from command line to 'None'
[0.340s] Level 5:colcon.colcon_core.verb:set package 'controller' build argument 'catkin_cmake_args' from command line to 'None'
[0.340s] Level 5:colcon.colcon_core.verb:set package 'controller' build argument 'catkin_skip_building_tests' from command line to 'False'
[0.340s] DEBUG:colcon.colcon_core.verb:Building package 'controller' with the following arguments: {'ament_cmake_args': None, 'build_base': '/home/zephra/ros_workspace_2025/perception_ws/build/controller', 'catkin_cmake_args': None, 'catkin_skip_building_tests': False, 'cmake_args': None, 'cmake_clean_cache': False, 'cmake_clean_first': False, 'cmake_force_configure': False, 'cmake_target': None, 'cmake_target_skip_unavailable': False, 'install_base': '/home/zephra/ros_workspace_2025/perception_ws/install/controller', 'merge_install': False, 'path': '/home/zephra/ros_workspace_2025/perception_ws/src/controller', 'symlink_install': False, 'test_result_base': None}
[0.340s] Level 5:colcon.colcon_core.verb:set package 'px4_msgs' build argument 'cmake_args' from command line to 'None'
[0.340s] Level 5:colcon.colcon_core.verb:set package 'px4_msgs' build argument 'cmake_target' from command line to 'None'
[0.340s] Level 5:colcon.colcon_core.verb:set package 'px4_msgs' build argument 'cmake_target_skip_unavailable' from command line to 'False'
[0.340s] Level 5:colcon.colcon_core.verb:set package 'px4_msgs' build argument 'cmake_clean_cache' from command line to 'False'
[0.340s] Level 5:colcon.colcon_core.verb:set package 'px4_msgs' build argument 'cmake_clean_first' from command line to 'False'
[0.340s] Level 5:colcon.colcon_core.verb:set package 'px4_msgs' build argument 'cmake_force_configure' from command line to 'False'
[0.340s] Level 5:colcon.colcon_core.verb:set package 'px4_msgs' build argument 'ament_cmake_args' from command line to 'None'
[0.340s] Level 5:colcon.colcon_core.verb:set package 'px4_msgs' build argument 'catkin_cmake_args' from command line to 'None'
[0.340s] Level 5:colcon.colcon_core.verb:set package 'px4_msgs' build argument 'catkin_skip_building_tests' from command line to 'False'
[0.340s] DEBUG:colcon.colcon_core.verb:Building package 'px4_msgs' with the following arguments: {'ament_cmake_args': None, 'build_base': '/home/zephra/ros_workspace_2025/perception_ws/build/px4_msgs', 'catkin_cmake_args': None, 'catkin_skip_building_tests': False, 'cmake_args': None, 'cmake_clean_cache': False, 'cmake_clean_first': False, 'cmake_force_configure': False, 'cmake_target': None, 'cmake_target_skip_unavailable': False, 'install_base': '/home/zephra/ros_workspace_2025/perception_ws/install/px4_msgs', 'merge_install': False, 'path': '/home/zephra/ros_workspace_2025/perception_ws/src/px4_msgs', 'symlink_install': False, 'test_result_base': None}
[0.341s] Level 5:colcon.colcon_core.verb:set package 'px4_ros_com' build argument 'cmake_args' from command line to 'None'
[0.341s] Level 5:colcon.colcon_core.verb:set package 'px4_ros_com' build argument 'cmake_target' from command line to 'None'
[0.341s] Level 5:colcon.colcon_core.verb:set package 'px4_ros_com' build argument 'cmake_target_skip_unavailable' from command line to 'False'
[0.341s] Level 5:colcon.colcon_core.verb:set package 'px4_ros_com' build argument 'cmake_clean_cache' from command line to 'False'
[0.341s] Level 5:colcon.colcon_core.verb:set package 'px4_ros_com' build argument 'cmake_clean_first' from command line to 'False'
[0.341s] Level 5:colcon.colcon_core.verb:set package 'px4_ros_com' build argument 'cmake_force_configure' from command line to 'False'
[0.341s] Level 5:colcon.colcon_core.verb:set package 'px4_ros_com' build argument 'ament_cmake_args' from command line to 'None'
[0.341s] Level 5:colcon.colcon_core.verb:set package 'px4_ros_com' build argument 'catkin_cmake_args' from command line to 'None'
[0.341s] Level 5:colcon.colcon_core.verb:set package 'px4_ros_com' build argument 'catkin_skip_building_tests' from command line to 'False'
[0.341s] DEBUG:colcon.colcon_core.verb:Building package 'px4_ros_com' with the following arguments: {'ament_cmake_args': None, 'build_base': '/home/zephra/ros_workspace_2025/perception_ws/build/px4_ros_com', 'catkin_cmake_args': None, 'catkin_skip_building_tests': False, 'cmake_args': None, 'cmake_clean_cache': False, 'cmake_clean_first': False, 'cmake_force_configure': False, 'cmake_target': None, 'cmake_target_skip_unavailable': False, 'install_base': '/home/zephra/ros_workspace_2025/perception_ws/install/px4_ros_com', 'merge_install': False, 'path': '/home/zephra/ros_workspace_2025/perception_ws/src/px4_ros_com', 'symlink_install': False, 'test_result_base': None}
[0.341s] INFO:colcon.colcon_core.executor:Executing jobs using 'parallel' executor
[0.342s] DEBUG:colcon.colcon_parallel_executor.executor.parallel:run_until_complete
[0.342s] INFO:colcon.colcon_ros.task.ament_cmake.build:Building ROS package in '/home/zephra/ros_workspace_2025/perception_ws/src/px4_msgs' with build type 'ament_cmake'
[0.343s] INFO:colcon.colcon_cmake.task.cmake.build:Building CMake package in '/home/zephra/ros_workspace_2025/perception_ws/src/px4_msgs'
[0.346s] INFO:colcon.colcon_core.plugin_system:Skipping extension 'colcon_core.shell.bat': Not used on non-Windows systems
[0.346s] INFO:colcon.colcon_core.shell:Skip shell extension 'powershell' for command environment: Not usable outside of PowerShell
[0.346s] DEBUG:colcon.colcon_core.shell:Skip shell extension 'dsv' for command environment
[0.350s] INFO:colcon.colcon_ros.task.ament_python.build:Building ROS package in '/home/zephra/ros_workspace_2025/perception_ws/src/controller' with build type 'ament_python'
[0.350s] Level 1:colcon.colcon_core.shell:create_environment_hook('controller', 'ament_prefix_path')
[0.350s] INFO:colcon.colcon_core.shell:Creating environment hook '/home/zephra/ros_workspace_2025/perception_ws/install/controller/share/controller/hook/ament_prefix_path.ps1'
[0.351s] INFO:colcon.colcon_core.shell:Creating environment descriptor '/home/zephra/ros_workspace_2025/perception_ws/install/controller/share/controller/hook/ament_prefix_path.dsv'
[0.352s] INFO:colcon.colcon_core.shell:Creating environment hook '/home/zephra/ros_workspace_2025/perception_ws/install/controller/share/controller/hook/ament_prefix_path.sh'
[0.352s] INFO:colcon.colcon_core.shell:Skip shell extension 'powershell' for command environment: Not usable outside of PowerShell
[0.352s] DEBUG:colcon.colcon_core.shell:Skip shell extension 'dsv' for command environment
[0.361s] DEBUG:colcon.colcon_core.event_handler.log_command:Invoking command in '/home/zephra/ros_workspace_2025/perception_ws/build/px4_msgs': CMAKE_PREFIX_PATH=${CMAKE_PREFIX_PATH}:/home/zephra/ros_workspace_2025/perception_ws/install/controller:/opt/ros/humble /usr/bin/cmake --build /home/zephra/ros_workspace_2025/perception_ws/build/px4_msgs -- -j12 -l12
[0.644s] INFO:colcon.colcon_core.task.python.build:Building Python package in '/home/zephra/ros_workspace_2025/perception_ws/src/controller'
[0.645s] INFO:colcon.colcon_core.shell:Skip shell extension 'powershell' for command environment: Not usable outside of PowerShell
[0.645s] DEBUG:colcon.colcon_core.shell:Skip shell extension 'dsv' for command environment
[1.003s] DEBUG:colcon.colcon_core.event_handler.log_command:Invoking command in '/home/zephra/ros_workspace_2025/perception_ws/src/controller': PYTHONPATH=/home/zephra/ros_workspace_2025/perception_ws/build/controller/prefix_override:/usr/lib/python3/dist-packages/colcon_core/task/python/colcon_distutils_commands:/home/zephra/ros_workspace_2025/perception_ws/install/controller/lib/python3.10/site-packages:${PYTHONPATH} /usr/bin/python3 -W ignore:setup.py install is deprecated -W ignore:easy_install command is deprecated setup.py egg_info --egg-base ../../build/controller build --build-base /home/zephra/ros_workspace_2025/perception_ws/build/controller/build install --record /home/zephra/ros_workspace_2025/perception_ws/build/controller/install.log --single-version-externally-managed install_data
[1.433s] DEBUG:colcon.colcon_core.event_handler.log_command:Invoked command in '/home/zephra/ros_workspace_2025/perception_ws/src/controller' returned '0': PYTHONPATH=/home/zephra/ros_workspace_2025/perception_ws/build/controller/prefix_override:/usr/lib/python3/dist-packages/colcon_core/task/python/colcon_distutils_commands:/home/zephra/ros_workspace_2025/perception_ws/install/controller/lib/python3.10/site-packages:${PYTHONPATH} /usr/bin/python3 -W ignore:setup.py install is deprecated -W ignore:easy_install command is deprecated setup.py egg_info --egg-base ../../build/controller build --build-base /home/zephra/ros_workspace_2025/perception_ws/build/controller/build install --record /home/zephra/ros_workspace_2025/perception_ws/build/controller/install.log --single-version-externally-managed install_data
[1.436s] Level 1:colcon.colcon_core.environment:checking '/home/zephra/ros_workspace_2025/perception_ws/install/controller' for CMake module files
[1.437s] Level 1:colcon.colcon_core.environment:checking '/home/zephra/ros_workspace_2025/perception_ws/install/controller' for CMake config files
[1.438s] Level 1:colcon.colcon_core.environment:checking '/home/zephra/ros_workspace_2025/perception_ws/install/controller/lib'
[1.438s] Level 1:colcon.colcon_core.environment:checking '/home/zephra/ros_workspace_2025/perception_ws/install/controller/bin'
[1.438s] Level 1:colcon.colcon_core.environment:checking '/home/zephra/ros_workspace_2025/perception_ws/install/controller/lib/pkgconfig/controller.pc'
[1.439s] Level 1:colcon.colcon_core.environment:checking '/home/zephra/ros_workspace_2025/perception_ws/install/controller/lib/python3.10/site-packages'
[1.439s] Level 1:colcon.colcon_core.shell:create_environment_hook('controller', 'pythonpath')
[1.439s] INFO:colcon.colcon_core.shell:Creating environment hook '/home/zephra/ros_workspace_2025/perception_ws/install/controller/share/controller/hook/pythonpath.ps1'
[1.439s] INFO:colcon.colcon_core.shell:Creating environment descriptor '/home/zephra/ros_workspace_2025/perception_ws/install/controller/share/controller/hook/pythonpath.dsv'
[1.440s] INFO:colcon.colcon_core.shell:Creating environment hook '/home/zephra/ros_workspace_2025/perception_ws/install/controller/share/controller/hook/pythonpath.sh'
[1.440s] Level 1:colcon.colcon_core.environment:checking '/home/zephra/ros_workspace_2025/perception_ws/install/controller/bin'
[1.440s] Level 1:colcon.colcon_core.environment:create_environment_scripts_only(controller)
[1.440s] INFO:colcon.colcon_core.shell:Creating package script '/home/zephra/ros_workspace_2025/perception_ws/install/controller/share/controller/package.ps1'
[1.442s] INFO:colcon.colcon_core.shell:Creating package descriptor '/home/zephra/ros_workspace_2025/perception_ws/install/controller/share/controller/package.dsv'
[1.443s] INFO:colcon.colcon_core.shell:Creating package script '/home/zephra/ros_workspace_2025/perception_ws/install/controller/share/controller/package.sh'
[1.445s] INFO:colcon.colcon_core.shell:Creating package script '/home/zephra/ros_workspace_2025/perception_ws/install/controller/share/controller/package.bash'
[1.447s] INFO:colcon.colcon_core.shell:Creating package script '/home/zephra/ros_workspace_2025/perception_ws/install/controller/share/controller/package.zsh'
[1.448s] Level 1:colcon.colcon_core.environment:create_file_with_runtime_dependencies(/home/zephra/ros_workspace_2025/perception_ws/install/controller/share/colcon-core/packages/controller)
[1.507s] DEBUG:colcon.colcon_core.event_handler.log_command:Invoked command in '/home/zephra/ros_workspace_2025/perception_ws/build/px4_msgs' returned '0': CMAKE_PREFIX_PATH=${CMAKE_PREFIX_PATH}:/home/zephra/ros_workspace_2025/perception_ws/install/controller:/opt/ros/humble /usr/bin/cmake --build /home/zephra/ros_workspace_2025/perception_ws/build/px4_msgs -- -j12 -l12
[1.521s] DEBUG:colcon.colcon_core.event_handler.log_command:Invoking command in '/home/zephra/ros_workspace_2025/perception_ws/build/px4_msgs': CMAKE_PREFIX_PATH=${CMAKE_PREFIX_PATH}:/home/zephra/ros_workspace_2025/perception_ws/install/controller:/opt/ros/humble /usr/bin/cmake --install /home/zephra/ros_workspace_2025/perception_ws/build/px4_msgs
[2.009s] Level 1:colcon.colcon_core.environment:create_environment_scripts_only(px4_msgs)
[2.010s] Level 1:colcon.colcon_core.environment:checking '/home/zephra/ros_workspace_2025/perception_ws/install/px4_msgs' for CMake module files
[2.011s] DEBUG:colcon.colcon_core.event_handler.log_command:Invoked command in '/home/zephra/ros_workspace_2025/perception_ws/build/px4_msgs' returned '0': CMAKE_PREFIX_PATH=${CMAKE_PREFIX_PATH}:/home/zephra/ros_workspace_2025/perception_ws/install/controller:/opt/ros/humble /usr/bin/cmake --install /home/zephra/ros_workspace_2025/perception_ws/build/px4_msgs
[2.012s] Level 1:colcon.colcon_core.environment:checking '/home/zephra/ros_workspace_2025/perception_ws/install/px4_msgs' for CMake config files
[2.015s] Level 1:colcon.colcon_core.shell:create_environment_hook('px4_msgs', 'cmake_prefix_path')
[2.015s] INFO:colcon.colcon_core.shell:Creating environment hook '/home/zephra/ros_workspace_2025/perception_ws/install/px4_msgs/share/px4_msgs/hook/cmake_prefix_path.ps1'
[2.016s] INFO:colcon.colcon_core.shell:Creating environment descriptor '/home/zephra/ros_workspace_2025/perception_ws/install/px4_msgs/share/px4_msgs/hook/cmake_prefix_path.dsv'
[2.017s] INFO:colcon.colcon_core.shell:Creating environment hook '/home/zephra/ros_workspace_2025/perception_ws/install/px4_msgs/share/px4_msgs/hook/cmake_prefix_path.sh'
[2.017s] Level 1:colcon.colcon_core.environment:checking '/home/zephra/ros_workspace_2025/perception_ws/install/px4_msgs/lib'
[2.017s] Level 1:colcon.colcon_core.shell:create_environment_hook('px4_msgs', 'ld_library_path_lib')
[2.018s] INFO:colcon.colcon_core.shell:Creating environment hook '/home/zephra/ros_workspace_2025/perception_ws/install/px4_msgs/share/px4_msgs/hook/ld_library_path_lib.ps1'
[2.018s] INFO:colcon.colcon_core.shell:Creating environment descriptor '/home/zephra/ros_workspace_2025/perception_ws/install/px4_msgs/share/px4_msgs/hook/ld_library_path_lib.dsv'
[2.018s] INFO:colcon.colcon_core.shell:Creating environment hook '/home/zephra/ros_workspace_2025/perception_ws/install/px4_msgs/share/px4_msgs/hook/ld_library_path_lib.sh'
[2.018s] Level 1:colcon.colcon_core.environment:checking '/home/zephra/ros_workspace_2025/perception_ws/install/px4_msgs/bin'
[2.019s] Level 1:colcon.colcon_core.environment:checking '/home/zephra/ros_workspace_2025/perception_ws/install/px4_msgs/lib/pkgconfig/px4_msgs.pc'
[2.019s] Level 1:colcon.colcon_core.environment:checking '/home/zephra/ros_workspace_2025/perception_ws/install/px4_msgs/lib/python3.10/site-packages'
[2.019s] Level 1:colcon.colcon_core.environment:checking '/home/zephra/ros_workspace_2025/perception_ws/install/px4_msgs/bin'
[2.019s] INFO:colcon.colcon_core.shell:Creating package script '/home/zephra/ros_workspace_2025/perception_ws/install/px4_msgs/share/px4_msgs/package.ps1'
[2.020s] INFO:colcon.colcon_core.shell:Creating package descriptor '/home/zephra/ros_workspace_2025/perception_ws/install/px4_msgs/share/px4_msgs/package.dsv'
[2.020s] INFO:colcon.colcon_core.shell:Creating package script '/home/zephra/ros_workspace_2025/perception_ws/install/px4_msgs/share/px4_msgs/package.sh'
[2.020s] INFO:colcon.colcon_core.shell:Creating package script '/home/zephra/ros_workspace_2025/perception_ws/install/px4_msgs/share/px4_msgs/package.bash'
[2.020s] INFO:colcon.colcon_core.shell:Creating package script '/home/zephra/ros_workspace_2025/perception_ws/install/px4_msgs/share/px4_msgs/package.zsh'
[2.021s] Level 1:colcon.colcon_core.environment:create_file_with_runtime_dependencies(/home/zephra/ros_workspace_2025/perception_ws/install/px4_msgs/share/colcon-core/packages/px4_msgs)
[2.021s] Level 1:colcon.colcon_core.environment:create_environment_scripts_only(px4_msgs)
[2.021s] Level 1:colcon.colcon_core.environment:checking '/home/zephra/ros_workspace_2025/perception_ws/install/px4_msgs' for CMake module files
[2.022s] Level 1:colcon.colcon_core.environment:checking '/home/zephra/ros_workspace_2025/perception_ws/install/px4_msgs' for CMake config files
[2.024s] Level 1:colcon.colcon_core.shell:create_environment_hook('px4_msgs', 'cmake_prefix_path')
[2.024s] INFO:colcon.colcon_core.shell:Creating environment hook '/home/zephra/ros_workspace_2025/perception_ws/install/px4_msgs/share/px4_msgs/hook/cmake_prefix_path.ps1'
[2.024s] INFO:colcon.colcon_core.shell:Creating environment descriptor '/home/zephra/ros_workspace_2025/perception_ws/install/px4_msgs/share/px4_msgs/hook/cmake_prefix_path.dsv'
[2.024s] INFO:colcon.colcon_core.shell:Creating environment hook '/home/zephra/ros_workspace_2025/perception_ws/install/px4_msgs/share/px4_msgs/hook/cmake_prefix_path.sh'
[2.025s] Level 1:colcon.colcon_core.environment:checking '/home/zephra/ros_workspace_2025/perception_ws/install/px4_msgs/lib'
[2.025s] Level 1:colcon.colcon_core.shell:create_environment_hook('px4_msgs', 'ld_library_path_lib')
[2.025s] INFO:colcon.colcon_core.shell:Creating environment hook '/home/zephra/ros_workspace_2025/perception_ws/install/px4_msgs/share/px4_msgs/hook/ld_library_path_lib.ps1'
[2.025s] INFO:colcon.colcon_core.shell:Creating environment descriptor '/home/zephra/ros_workspace_2025/perception_ws/install/px4_msgs/share/px4_msgs/hook/ld_library_path_lib.dsv'
[2.026s] INFO:colcon.colcon_core.shell:Creating environment hook '/home/zephra/ros_workspace_2025/perception_ws/install/px4_msgs/share/px4_msgs/hook/ld_library_path_lib.sh'
[2.026s] Level 1:colcon.colcon_core.environment:checking '/home/zephra/ros_workspace_2025/perception_ws/install/px4_msgs/bin'
[2.026s] Level 1:colcon.colcon_core.environment:checking '/home/zephra/ros_workspace_2025/perception_ws/install/px4_msgs/lib/pkgconfig/px4_msgs.pc'
[2.027s] Level 1:colcon.colcon_core.environment:checking '/home/zephra/ros_workspace_2025/perception_ws/install/px4_msgs/lib/python3.10/site-packages'
[2.027s] Level 1:colcon.colcon_core.environment:checking '/home/zephra/ros_workspace_2025/perception_ws/install/px4_msgs/bin'
[2.028s] INFO:colcon.colcon_core.shell:Creating package script '/home/zephra/ros_workspace_2025/perception_ws/install/px4_msgs/share/px4_msgs/package.ps1'
[2.029s] INFO:colcon.colcon_core.shell:Creating package descriptor '/home/zephra/ros_workspace_2025/perception_ws/install/px4_msgs/share/px4_msgs/package.dsv'
[2.030s] INFO:colcon.colcon_core.shell:Creating package script '/home/zephra/ros_workspace_2025/perception_ws/install/px4_msgs/share/px4_msgs/package.sh'
[2.031s] INFO:colcon.colcon_core.shell:Creating package script '/home/zephra/ros_workspace_2025/perception_ws/install/px4_msgs/share/px4_msgs/package.bash'
[2.032s] INFO:colcon.colcon_core.shell:Creating package script '/home/zephra/ros_workspace_2025/perception_ws/install/px4_msgs/share/px4_msgs/package.zsh'
[2.032s] Level 1:colcon.colcon_core.environment:create_file_with_runtime_dependencies(/home/zephra/ros_workspace_2025/perception_ws/install/px4_msgs/share/colcon-core/packages/px4_msgs)
[2.033s] INFO:colcon.colcon_ros.task.ament_cmake.build:Building ROS package in '/home/zephra/ros_workspace_2025/perception_ws/src/px4_ros_com' with build type 'ament_cmake'
[2.033s] INFO:colcon.colcon_cmake.task.cmake.build:Building CMake package in '/home/zephra/ros_workspace_2025/perception_ws/src/px4_ros_com'
[2.034s] INFO:colcon.colcon_core.shell:Skip shell extension 'powershell' for command environment: Not usable outside of PowerShell
[2.034s] DEBUG:colcon.colcon_core.shell:Skip shell extension 'dsv' for command environment
[2.050s] DEBUG:colcon.colcon_core.event_handler.log_command:Invoking command in '/home/zephra/ros_workspace_2025/perception_ws/build/px4_ros_com': CMAKE_PREFIX_PATH=/home/zephra/ros_workspace_2025/perception_ws/install/px4_msgs:/home/zephra/ros_workspace_2025/perception_ws/install/px4_ros_com:/home/zephra/ros_workspace_2025/perception_ws/install/controller:/opt/ros/humble LD_LIBRARY_PATH=/home/zephra/ros_workspace_2025/perception_ws/install/px4_msgs/lib:/home/zephra/ros_workspace_2025/perception_ws/install/px4_ros_com/lib:/opt/ros/humble/opt/rviz_ogre_vendor/lib:/opt/ros/humble/lib/x86_64-linux-gnu:/opt/ros/humble/lib /usr/bin/cmake --build /home/zephra/ros_workspace_2025/perception_ws/build/px4_ros_com -- -j12 -l12
[2.489s] DEBUG:colcon.colcon_core.event_handler.log_command:Invoked command in '/home/zephra/ros_workspace_2025/perception_ws/build/px4_ros_com' returned '0': CMAKE_PREFIX_PATH=/home/zephra/ros_workspace_2025/perception_ws/install/px4_msgs:/home/zephra/ros_workspace_2025/perception_ws/install/px4_ros_com:/home/zephra/ros_workspace_2025/perception_ws/install/controller:/opt/ros/humble LD_LIBRARY_PATH=/home/zephra/ros_workspace_2025/perception_ws/install/px4_msgs/lib:/home/zephra/ros_workspace_2025/perception_ws/install/px4_ros_com/lib:/opt/ros/humble/opt/rviz_ogre_vendor/lib:/opt/ros/humble/lib/x86_64-linux-gnu:/opt/ros/humble/lib /usr/bin/cmake --build /home/zephra/ros_workspace_2025/perception_ws/build/px4_ros_com -- -j12 -l12
[2.490s] DEBUG:colcon.colcon_core.event_handler.log_command:Invoking command in '/home/zephra/ros_workspace_2025/perception_ws/build/px4_ros_com': CMAKE_PREFIX_PATH=/home/zephra/ros_workspace_2025/perception_ws/install/px4_msgs:/home/zephra/ros_workspace_2025/perception_ws/install/px4_ros_com:/home/zephra/ros_workspace_2025/perception_ws/install/controller:/opt/ros/humble LD_LIBRARY_PATH=/home/zephra/ros_workspace_2025/perception_ws/install/px4_msgs/lib:/home/zephra/ros_workspace_2025/perception_ws/install/px4_ros_com/lib:/opt/ros/humble/opt/rviz_ogre_vendor/lib:/opt/ros/humble/lib/x86_64-linux-gnu:/opt/ros/humble/lib /usr/bin/cmake --install /home/zephra/ros_workspace_2025/perception_ws/build/px4_ros_com
[2.557s] Level 1:colcon.colcon_core.environment:create_environment_scripts_only(px4_ros_com)
[2.557s] Level 1:colcon.colcon_core.environment:checking '/home/zephra/ros_workspace_2025/perception_ws/install/px4_ros_com' for CMake module files
[2.558s] DEBUG:colcon.colcon_core.event_handler.log_command:Invoked command in '/home/zephra/ros_workspace_2025/perception_ws/build/px4_ros_com' returned '0': CMAKE_PREFIX_PATH=/home/zephra/ros_workspace_2025/perception_ws/install/px4_msgs:/home/zephra/ros_workspace_2025/perception_ws/install/px4_ros_com:/home/zephra/ros_workspace_2025/perception_ws/install/controller:/opt/ros/humble LD_LIBRARY_PATH=/home/zephra/ros_workspace_2025/perception_ws/install/px4_msgs/lib:/home/zephra/ros_workspace_2025/perception_ws/install/px4_ros_com/lib:/opt/ros/humble/opt/rviz_ogre_vendor/lib:/opt/ros/humble/lib/x86_64-linux-gnu:/opt/ros/humble/lib /usr/bin/cmake --install /home/zephra/ros_workspace_2025/perception_ws/build/px4_ros_com
[2.558s] Level 1:colcon.colcon_core.environment:checking '/home/zephra/ros_workspace_2025/perception_ws/install/px4_ros_com' for CMake config files
[2.559s] Level 1:colcon.colcon_core.shell:create_environment_hook('px4_ros_com', 'cmake_prefix_path')
[2.559s] INFO:colcon.colcon_core.shell:Creating environment hook '/home/zephra/ros_workspace_2025/perception_ws/install/px4_ros_com/share/px4_ros_com/hook/cmake_prefix_path.ps1'
[2.560s] INFO:colcon.colcon_core.shell:Creating environment descriptor '/home/zephra/ros_workspace_2025/perception_ws/install/px4_ros_com/share/px4_ros_com/hook/cmake_prefix_path.dsv'
[2.561s] INFO:colcon.colcon_core.shell:Creating environment hook '/home/zephra/ros_workspace_2025/perception_ws/install/px4_ros_com/share/px4_ros_com/hook/cmake_prefix_path.sh'
[2.562s] Level 1:colcon.colcon_core.environment:checking '/home/zephra/ros_workspace_2025/perception_ws/install/px4_ros_com/lib'
[2.562s] Level 1:colcon.colcon_core.shell:create_environment_hook('px4_ros_com', 'ld_library_path_lib')
[2.562s] INFO:colcon.colcon_core.shell:Creating environment hook '/home/zephra/ros_workspace_2025/perception_ws/install/px4_ros_com/share/px4_ros_com/hook/ld_library_path_lib.ps1'
[2.563s] INFO:colcon.colcon_core.shell:Creating environment descriptor '/home/zephra/ros_workspace_2025/perception_ws/install/px4_ros_com/share/px4_ros_com/hook/ld_library_path_lib.dsv'
[2.563s] INFO:colcon.colcon_core.shell:Creating environment hook '/home/zephra/ros_workspace_2025/perception_ws/install/px4_ros_com/share/px4_ros_com/hook/ld_library_path_lib.sh'
[2.564s] Level 1:colcon.colcon_core.environment:checking '/home/zephra/ros_workspace_2025/perception_ws/install/px4_ros_com/bin'
[2.564s] Level 1:colcon.colcon_core.environment:checking '/home/zephra/ros_workspace_2025/perception_ws/install/px4_ros_com/lib/pkgconfig/px4_ros_com.pc'
[2.564s] Level 1:colcon.colcon_core.environment:checking '/home/zephra/ros_workspace_2025/perception_ws/install/px4_ros_com/lib/python3.10/site-packages'
[2.564s] Level 1:colcon.colcon_core.environment:checking '/home/zephra/ros_workspace_2025/perception_ws/install/px4_ros_com/bin'
[2.565s] INFO:colcon.colcon_core.shell:Creating package script '/home/zephra/ros_workspace_2025/perception_ws/install/px4_ros_com/share/px4_ros_com/package.ps1'
[2.565s] INFO:colcon.colcon_core.shell:Creating package descriptor '/home/zephra/ros_workspace_2025/perception_ws/install/px4_ros_com/share/px4_ros_com/package.dsv'
[2.566s] INFO:colcon.colcon_core.shell:Creating package script '/home/zephra/ros_workspace_2025/perception_ws/install/px4_ros_com/share/px4_ros_com/package.sh'
[2.566s] INFO:colcon.colcon_core.shell:Creating package script '/home/zephra/ros_workspace_2025/perception_ws/install/px4_ros_com/share/px4_ros_com/package.bash'
[2.566s] INFO:colcon.colcon_core.shell:Creating package script '/home/zephra/ros_workspace_2025/perception_ws/install/px4_ros_com/share/px4_ros_com/package.zsh'
[2.567s] Level 1:colcon.colcon_core.environment:create_file_with_runtime_dependencies(/home/zephra/ros_workspace_2025/perception_ws/install/px4_ros_com/share/colcon-core/packages/px4_ros_com)
[2.567s] Level 1:colcon.colcon_core.environment:create_environment_scripts_only(px4_ros_com)
[2.568s] Level 1:colcon.colcon_core.environment:checking '/home/zephra/ros_workspace_2025/perception_ws/install/px4_ros_com' for CMake module files
[2.568s] Level 1:colcon.colcon_core.environment:checking '/home/zephra/ros_workspace_2025/perception_ws/install/px4_ros_com' for CMake config files
[2.568s] Level 1:colcon.colcon_core.shell:create_environment_hook('px4_ros_com', 'cmake_prefix_path')
[2.569s] INFO:colcon.colcon_core.shell:Creating environment hook '/home/zephra/ros_workspace_2025/perception_ws/install/px4_ros_com/share/px4_ros_com/hook/cmake_prefix_path.ps1'
[2.569s] INFO:colcon.colcon_core.shell:Creating environment descriptor '/home/zephra/ros_workspace_2025/perception_ws/install/px4_ros_com/share/px4_ros_com/hook/cmake_prefix_path.dsv'
[2.569s] INFO:colcon.colcon_core.shell:Creating environment hook '/home/zephra/ros_workspace_2025/perception_ws/install/px4_ros_com/share/px4_ros_com/hook/cmake_prefix_path.sh'
[2.570s] Level 1:colcon.colcon_core.environment:checking '/home/zephra/ros_workspace_2025/perception_ws/install/px4_ros_com/lib'
[2.570s] Level 1:colcon.colcon_core.shell:create_environment_hook('px4_ros_com', 'ld_library_path_lib')
[2.570s] INFO:colcon.colcon_core.shell:Creating environment hook '/home/zephra/ros_workspace_2025/perception_ws/install/px4_ros_com/share/px4_ros_com/hook/ld_library_path_lib.ps1'
[2.570s] INFO:colcon.colcon_core.shell:Creating environment descriptor '/home/zephra/ros_workspace_2025/perception_ws/install/px4_ros_com/share/px4_ros_com/hook/ld_library_path_lib.dsv'
[2.571s] INFO:colcon.colcon_core.shell:Creating environment hook '/home/zephra/ros_workspace_2025/perception_ws/install/px4_ros_com/share/px4_ros_com/hook/ld_library_path_lib.sh'
[2.571s] Level 1:colcon.colcon_core.environment:checking '/home/zephra/ros_workspace_2025/perception_ws/install/px4_ros_com/bin'
[2.571s] Level 1:colcon.colcon_core.environment:checking '/home/zephra/ros_workspace_2025/perception_ws/install/px4_ros_com/lib/pkgconfig/px4_ros_com.pc'
[2.571s] Level 1:colcon.colcon_core.environment:checking '/home/zephra/ros_workspace_2025/perception_ws/install/px4_ros_com/lib/python3.10/site-packages'
[2.571s] Level 1:colcon.colcon_core.environment:checking '/home/zephra/ros_workspace_2025/perception_ws/install/px4_ros_com/bin'
[2.571s] INFO:colcon.colcon_core.shell:Creating package script '/home/zephra/ros_workspace_2025/perception_ws/install/px4_ros_com/share/px4_ros_com/package.ps1'
[2.572s] INFO:colcon.colcon_core.shell:Creating package descriptor '/home/zephra/ros_workspace_2025/perception_ws/install/px4_ros_com/share/px4_ros_com/package.dsv'
[2.572s] INFO:colcon.colcon_core.shell:Creating package script '/home/zephra/ros_workspace_2025/perception_ws/install/px4_ros_com/share/px4_ros_com/package.sh'
[2.572s] INFO:colcon.colcon_core.shell:Creating package script '/home/zephra/ros_workspace_2025/perception_ws/install/px4_ros_com/share/px4_ros_com/package.bash'
[2.573s] INFO:colcon.colcon_core.shell:Creating package script '/home/zephra/ros_workspace_2025/perception_ws/install/px4_ros_com/share/px4_ros_com/package.zsh'
[2.573s] Level 1:colcon.colcon_core.environment:create_file_with_runtime_dependencies(/home/zephra/ros_workspace_2025/perception_ws/install/px4_ros_com/share/colcon-core/packages/px4_ros_com)
[2.573s] DEBUG:colcon.colcon_parallel_executor.executor.parallel:closing loop
[2.573s] DEBUG:colcon.colcon_parallel_executor.executor.parallel:loop closed
[2.573s] DEBUG:colcon.colcon_parallel_executor.executor.parallel:run_until_complete finished with '0'
[2.573s] DEBUG:colcon.colcon_core.event_reactor:joining thread
[2.580s] INFO:colcon.colcon_core.plugin_system:Skipping extension 'colcon_notification.desktop_notification.terminal_notifier': Not used on non-Darwin systems
[2.580s] INFO:colcon.colcon_core.plugin_system:Skipping extension 'colcon_notification.desktop_notification.win32': Not used on non-Windows systems
[2.580s] INFO:colcon.colcon_notification.desktop_notification:Sending desktop notification using 'notify2'
[2.596s] DEBUG:colcon.colcon_core.event_reactor:joined thread
[2.597s] INFO:colcon.colcon_core.shell:Creating prefix script '/home/zephra/ros_workspace_2025/perception_ws/install/local_setup.ps1'
[2.598s] INFO:colcon.colcon_core.shell:Creating prefix util module '/home/zephra/ros_workspace_2025/perception_ws/install/_local_setup_util_ps1.py'
[2.598s] INFO:colcon.colcon_core.shell:Creating prefix chain script '/home/zephra/ros_workspace_2025/perception_ws/install/setup.ps1'
[2.599s] INFO:colcon.colcon_core.shell:Creating prefix script '/home/zephra/ros_workspace_2025/perception_ws/install/local_setup.sh'
[2.600s] INFO:colcon.colcon_core.shell:Creating prefix util module '/home/zephra/ros_workspace_2025/perception_ws/install/_local_setup_util_sh.py'
[2.600s] INFO:colcon.colcon_core.shell:Creating prefix chain script '/home/zephra/ros_workspace_2025/perception_ws/install/setup.sh'
[2.602s] INFO:colcon.colcon_core.shell:Creating prefix script '/home/zephra/ros_workspace_2025/perception_ws/install/local_setup.bash'
[2.603s] INFO:colcon.colcon_core.shell:Creating prefix chain script '/home/zephra/ros_workspace_2025/perception_ws/install/setup.bash'
[2.605s] INFO:colcon.colcon_core.shell:Creating prefix script '/home/zephra/ros_workspace_2025/perception_ws/install/local_setup.zsh'
[2.605s] INFO:colcon.colcon_core.shell:Creating prefix chain script '/home/zephra/ros_workspace_2025/perception_ws/install/setup.zsh'
