[0.225s] DEBUG:colcon:Command line arguments: ['/usr/bin/colcon', 'build']
[0.225s] DEBUG:colcon:Parsed command line arguments: Namespace(log_base=None, log_level=None, verb_name='build', build_base='build', install_base='install', merge_install=False, symlink_install=False, test_result_base=None, continue_on_error=False, executor='parallel', parallel_workers=12, event_handlers=None, ignore_user_meta=False, metas=['./colcon.meta'], base_paths=['.'], packages_ignore=None, packages_ignore_regex=None, paths=None, packages_up_to=None, packages_up_to_regex=None, packages_above=None, packages_above_and_dependencies=None, packages_above_depth=None, packages_select_by_dep=None, packages_skip_by_dep=None, packages_skip_up_to=None, packages_select_build_failed=False, packages_skip_build_finished=False, packages_select_test_failures=False, packages_skip_test_passed=False, packages_select=None, packages_skip=None, packages_select_regex=None, packages_skip_regex=None, packages_start=None, packages_end=None, allow_overriding=[], cmake_args=None, cmake_target=None, cmake_target_skip_unavailable=False, cmake_clean_cache=False, cmake_clean_first=False, cmake_force_configure=False, ament_cmake_args=None, catkin_cmake_args=None, catkin_skip_building_tests=False, mixin_files=None, mixin=None, verb_parser=<colcon_mixin.mixin.mixin_argument.MixinArgumentDecorator object at 0x7b9b67d47130>, verb_extension=<colcon_core.verb.build.BuildVerb object at 0x7b9b67d46b00>, main=<bound method BuildVerb.main of <colcon_core.verb.build.BuildVerb object at 0x7b9b67d46b00>>, mixin_verb=('build',))
[0.424s] Level 1:colcon.colcon_core.package_discovery:discover_packages(colcon_meta) check parameters
[0.424s] Level 1:colcon.colcon_core.package_discovery:discover_packages(recursive) check parameters
[0.424s] Level 1:colcon.colcon_core.package_discovery:discover_packages(ignore) check parameters
[0.424s] Level 1:colcon.colcon_core.package_discovery:discover_packages(path) check parameters
[0.424s] Level 1:colcon.colcon_core.package_discovery:discover_packages(colcon_meta) discover
[0.424s] Level 1:colcon.colcon_core.package_discovery:discover_packages(recursive) discover
[0.424s] INFO:colcon.colcon_core.package_discovery:Crawling recursively for packages in '/home/zephra/ros_workspace_2025/perception_ws'
[0.424s] Level 1:colcon.colcon_core.package_identification:_identify(.) by extensions ['ignore', 'ignore_ament_install']
[0.425s] Level 1:colcon.colcon_core.package_identification:_identify(.) by extension 'ignore'
[0.425s] Level 1:colcon.colcon_core.package_identification:_identify(.) by extension 'ignore_ament_install'
[0.425s] Level 1:colcon.colcon_core.package_identification:_identify(.) by extensions ['colcon_pkg']
[0.425s] Level 1:colcon.colcon_core.package_identification:_identify(.) by extension 'colcon_pkg'
[0.425s] Level 1:colcon.colcon_core.package_identification:_identify(.) by extensions ['colcon_meta']
[0.425s] Level 1:colcon.colcon_core.package_identification:_identify(.) by extension 'colcon_meta'
[0.425s] Level 1:colcon.colcon_core.package_identification:_identify(.) by extensions ['ros']
[0.425s] Level 1:colcon.colcon_core.package_identification:_identify(.) by extension 'ros'
[0.437s] Level 1:colcon.colcon_core.package_identification:_identify(.) by extensions ['cmake', 'python']
[0.437s] Level 1:colcon.colcon_core.package_identification:_identify(.) by extension 'cmake'
[0.437s] Level 1:colcon.colcon_core.package_identification:_identify(.) by extension 'python'
[0.437s] Level 1:colcon.colcon_core.package_identification:_identify(.) by extensions ['python_setup_py']
[0.437s] Level 1:colcon.colcon_core.package_identification:_identify(.) by extension 'python_setup_py'
[0.437s] Level 1:colcon.colcon_core.package_identification:_identify(build) by extensions ['ignore', 'ignore_ament_install']
[0.437s] Level 1:colcon.colcon_core.package_identification:_identify(build) by extension 'ignore'
[0.437s] Level 1:colcon.colcon_core.package_identification:_identify(build) ignored
[0.437s] Level 1:colcon.colcon_core.package_identification:_identify(install) by extensions ['ignore', 'ignore_ament_install']
[0.437s] Level 1:colcon.colcon_core.package_identification:_identify(install) by extension 'ignore'
[0.437s] Level 1:colcon.colcon_core.package_identification:_identify(install) ignored
[0.437s] Level 1:colcon.colcon_core.package_identification:_identify(log) by extensions ['ignore', 'ignore_ament_install']
[0.438s] Level 1:colcon.colcon_core.package_identification:_identify(log) by extension 'ignore'
[0.438s] Level 1:colcon.colcon_core.package_identification:_identify(log) ignored
[0.438s] Level 1:colcon.colcon_core.package_identification:_identify(src) by extensions ['ignore', 'ignore_ament_install']
[0.438s] Level 1:colcon.colcon_core.package_identification:_identify(src) by extension 'ignore'
[0.438s] Level 1:colcon.colcon_core.package_identification:_identify(src) by extension 'ignore_ament_install'
[0.438s] Level 1:colcon.colcon_core.package_identification:_identify(src) by extensions ['colcon_pkg']
[0.438s] Level 1:colcon.colcon_core.package_identification:_identify(src) by extension 'colcon_pkg'
[0.438s] Level 1:colcon.colcon_core.package_identification:_identify(src) by extensions ['colcon_meta']
[0.438s] Level 1:colcon.colcon_core.package_identification:_identify(src) by extension 'colcon_meta'
[0.438s] Level 1:colcon.colcon_core.package_identification:_identify(src) by extensions ['ros']
[0.438s] Level 1:colcon.colcon_core.package_identification:_identify(src) by extension 'ros'
[0.438s] Level 1:colcon.colcon_core.package_identification:_identify(src) by extensions ['cmake', 'python']
[0.438s] Level 1:colcon.colcon_core.package_identification:_identify(src) by extension 'cmake'
[0.438s] Level 1:colcon.colcon_core.package_identification:_identify(src) by extension 'python'
[0.438s] Level 1:colcon.colcon_core.package_identification:_identify(src) by extensions ['python_setup_py']
[0.438s] Level 1:colcon.colcon_core.package_identification:_identify(src) by extension 'python_setup_py'
[0.438s] Level 1:colcon.colcon_core.package_identification:_identify(src/controller) by extensions ['ignore', 'ignore_ament_install']
[0.438s] Level 1:colcon.colcon_core.package_identification:_identify(src/controller) by extension 'ignore'
[0.438s] Level 1:colcon.colcon_core.package_identification:_identify(src/controller) by extension 'ignore_ament_install'
[0.438s] Level 1:colcon.colcon_core.package_identification:_identify(src/controller) by extensions ['colcon_pkg']
[0.438s] Level 1:colcon.colcon_core.package_identification:_identify(src/controller) by extension 'colcon_pkg'
[0.438s] Level 1:colcon.colcon_core.package_identification:_identify(src/controller) by extensions ['colcon_meta']
[0.438s] Level 1:colcon.colcon_core.package_identification:_identify(src/controller) by extension 'colcon_meta'
[0.438s] Level 1:colcon.colcon_core.package_identification:_identify(src/controller) by extensions ['ros']
[0.438s] Level 1:colcon.colcon_core.package_identification:_identify(src/controller) by extension 'ros'
[0.441s] DEBUG:colcon.colcon_core.package_identification:Package 'src/controller' with type 'ros.ament_python' and name 'controller'
[0.441s] Level 1:colcon.colcon_core.package_identification:_identify(src/px4_msgs) by extensions ['ignore', 'ignore_ament_install']
[0.441s] Level 1:colcon.colcon_core.package_identification:_identify(src/px4_msgs) by extension 'ignore'
[0.441s] Level 1:colcon.colcon_core.package_identification:_identify(src/px4_msgs) by extension 'ignore_ament_install'
[0.441s] Level 1:colcon.colcon_core.package_identification:_identify(src/px4_msgs) by extensions ['colcon_pkg']
[0.441s] Level 1:colcon.colcon_core.package_identification:_identify(src/px4_msgs) by extension 'colcon_pkg'
[0.441s] Level 1:colcon.colcon_core.package_identification:_identify(src/px4_msgs) by extensions ['colcon_meta']
[0.441s] Level 1:colcon.colcon_core.package_identification:_identify(src/px4_msgs) by extension 'colcon_meta'
[0.441s] Level 1:colcon.colcon_core.package_identification:_identify(src/px4_msgs) by extensions ['ros']
[0.441s] Level 1:colcon.colcon_core.package_identification:_identify(src/px4_msgs) by extension 'ros'
[0.442s] DEBUG:colcon.colcon_core.package_identification:Package 'src/px4_msgs' with type 'ros.ament_cmake' and name 'px4_msgs'
[0.443s] Level 1:colcon.colcon_core.package_identification:_identify(src/px4_ros_com) by extensions ['ignore', 'ignore_ament_install']
[0.443s] Level 1:colcon.colcon_core.package_identification:_identify(src/px4_ros_com) by extension 'ignore'
[0.443s] Level 1:colcon.colcon_core.package_identification:_identify(src/px4_ros_com) by extension 'ignore_ament_install'
[0.443s] Level 1:colcon.colcon_core.package_identification:_identify(src/px4_ros_com) by extensions ['colcon_pkg']
[0.443s] Level 1:colcon.colcon_core.package_identification:_identify(src/px4_ros_com) by extension 'colcon_pkg'
[0.443s] Level 1:colcon.colcon_core.package_identification:_identify(src/px4_ros_com) by extensions ['colcon_meta']
[0.443s] Level 1:colcon.colcon_core.package_identification:_identify(src/px4_ros_com) by extension 'colcon_meta'
[0.443s] Level 1:colcon.colcon_core.package_identification:_identify(src/px4_ros_com) by extensions ['ros']
[0.443s] Level 1:colcon.colcon_core.package_identification:_identify(src/px4_ros_com) by extension 'ros'
[0.445s] DEBUG:colcon.colcon_core.package_identification:Package 'src/px4_ros_com' with type 'ros.ament_cmake' and name 'px4_ros_com'
[0.445s] Level 1:colcon.colcon_core.package_discovery:discover_packages(recursive) using defaults
[0.445s] Level 1:colcon.colcon_core.package_discovery:discover_packages(ignore) discover
[0.445s] Level 1:colcon.colcon_core.package_discovery:discover_packages(ignore) using defaults
[0.445s] Level 1:colcon.colcon_core.package_discovery:discover_packages(path) discover
[0.445s] Level 1:colcon.colcon_core.package_discovery:discover_packages(path) using defaults
[0.486s] Level 1:colcon.colcon_core.package_discovery:discover_packages(prefix_path) check parameters
[0.486s] Level 1:colcon.colcon_core.package_discovery:discover_packages(prefix_path) discover
[0.488s] DEBUG:colcon.colcon_installed_package_information.package_discovery:Found 270 installed packages in /opt/ros/humble
[0.489s] Level 1:colcon.colcon_core.package_discovery:discover_packages(prefix_path) using defaults
[0.523s] Level 5:colcon.colcon_core.verb:set package 'controller' build argument 'cmake_args' from command line to 'None'
[0.523s] Level 5:colcon.colcon_core.verb:set package 'controller' build argument 'cmake_target' from command line to 'None'
[0.523s] Level 5:colcon.colcon_core.verb:set package 'controller' build argument 'cmake_target_skip_unavailable' from command line to 'False'
[0.523s] Level 5:colcon.colcon_core.verb:set package 'controller' build argument 'cmake_clean_cache' from command line to 'False'
[0.523s] Level 5:colcon.colcon_core.verb:set package 'controller' build argument 'cmake_clean_first' from command line to 'False'
[0.523s] Level 5:colcon.colcon_core.verb:set package 'controller' build argument 'cmake_force_configure' from command line to 'False'
[0.523s] Level 5:colcon.colcon_core.verb:set package 'controller' build argument 'ament_cmake_args' from command line to 'None'
[0.523s] Level 5:colcon.colcon_core.verb:set package 'controller' build argument 'catkin_cmake_args' from command line to 'None'
[0.523s] Level 5:colcon.colcon_core.verb:set package 'controller' build argument 'catkin_skip_building_tests' from command line to 'False'
[0.523s] DEBUG:colcon.colcon_core.verb:Building package 'controller' with the following arguments: {'ament_cmake_args': None, 'build_base': '/home/zephra/ros_workspace_2025/perception_ws/build/controller', 'catkin_cmake_args': None, 'catkin_skip_building_tests': False, 'cmake_args': None, 'cmake_clean_cache': False, 'cmake_clean_first': False, 'cmake_force_configure': False, 'cmake_target': None, 'cmake_target_skip_unavailable': False, 'install_base': '/home/zephra/ros_workspace_2025/perception_ws/install/controller', 'merge_install': False, 'path': '/home/zephra/ros_workspace_2025/perception_ws/src/controller', 'symlink_install': False, 'test_result_base': None}
[0.523s] Level 5:colcon.colcon_core.verb:set package 'px4_msgs' build argument 'cmake_args' from command line to 'None'
[0.523s] Level 5:colcon.colcon_core.verb:set package 'px4_msgs' build argument 'cmake_target' from command line to 'None'
[0.523s] Level 5:colcon.colcon_core.verb:set package 'px4_msgs' build argument 'cmake_target_skip_unavailable' from command line to 'False'
[0.523s] Level 5:colcon.colcon_core.verb:set package 'px4_msgs' build argument 'cmake_clean_cache' from command line to 'False'
[0.524s] Level 5:colcon.colcon_core.verb:set package 'px4_msgs' build argument 'cmake_clean_first' from command line to 'False'
[0.524s] Level 5:colcon.colcon_core.verb:set package 'px4_msgs' build argument 'cmake_force_configure' from command line to 'False'
[0.524s] Level 5:colcon.colcon_core.verb:set package 'px4_msgs' build argument 'ament_cmake_args' from command line to 'None'
[0.524s] Level 5:colcon.colcon_core.verb:set package 'px4_msgs' build argument 'catkin_cmake_args' from command line to 'None'
[0.524s] Level 5:colcon.colcon_core.verb:set package 'px4_msgs' build argument 'catkin_skip_building_tests' from command line to 'False'
[0.524s] DEBUG:colcon.colcon_core.verb:Building package 'px4_msgs' with the following arguments: {'ament_cmake_args': None, 'build_base': '/home/zephra/ros_workspace_2025/perception_ws/build/px4_msgs', 'catkin_cmake_args': None, 'catkin_skip_building_tests': False, 'cmake_args': None, 'cmake_clean_cache': False, 'cmake_clean_first': False, 'cmake_force_configure': False, 'cmake_target': None, 'cmake_target_skip_unavailable': False, 'install_base': '/home/zephra/ros_workspace_2025/perception_ws/install/px4_msgs', 'merge_install': False, 'path': '/home/zephra/ros_workspace_2025/perception_ws/src/px4_msgs', 'symlink_install': False, 'test_result_base': None}
[0.524s] Level 5:colcon.colcon_core.verb:set package 'px4_ros_com' build argument 'cmake_args' from command line to 'None'
[0.524s] Level 5:colcon.colcon_core.verb:set package 'px4_ros_com' build argument 'cmake_target' from command line to 'None'
[0.524s] Level 5:colcon.colcon_core.verb:set package 'px4_ros_com' build argument 'cmake_target_skip_unavailable' from command line to 'False'
[0.524s] Level 5:colcon.colcon_core.verb:set package 'px4_ros_com' build argument 'cmake_clean_cache' from command line to 'False'
[0.524s] Level 5:colcon.colcon_core.verb:set package 'px4_ros_com' build argument 'cmake_clean_first' from command line to 'False'
[0.524s] Level 5:colcon.colcon_core.verb:set package 'px4_ros_com' build argument 'cmake_force_configure' from command line to 'False'
[0.524s] Level 5:colcon.colcon_core.verb:set package 'px4_ros_com' build argument 'ament_cmake_args' from command line to 'None'
[0.524s] Level 5:colcon.colcon_core.verb:set package 'px4_ros_com' build argument 'catkin_cmake_args' from command line to 'None'
[0.524s] Level 5:colcon.colcon_core.verb:set package 'px4_ros_com' build argument 'catkin_skip_building_tests' from command line to 'False'
[0.524s] DEBUG:colcon.colcon_core.verb:Building package 'px4_ros_com' with the following arguments: {'ament_cmake_args': None, 'build_base': '/home/zephra/ros_workspace_2025/perception_ws/build/px4_ros_com', 'catkin_cmake_args': None, 'catkin_skip_building_tests': False, 'cmake_args': None, 'cmake_clean_cache': False, 'cmake_clean_first': False, 'cmake_force_configure': False, 'cmake_target': None, 'cmake_target_skip_unavailable': False, 'install_base': '/home/zephra/ros_workspace_2025/perception_ws/install/px4_ros_com', 'merge_install': False, 'path': '/home/zephra/ros_workspace_2025/perception_ws/src/px4_ros_com', 'symlink_install': False, 'test_result_base': None}
[0.524s] INFO:colcon.colcon_core.executor:Executing jobs using 'parallel' executor
[0.526s] DEBUG:colcon.colcon_parallel_executor.executor.parallel:run_until_complete
[0.527s] INFO:colcon.colcon_ros.task.ament_cmake.build:Building ROS package in '/home/zephra/ros_workspace_2025/perception_ws/src/px4_msgs' with build type 'ament_cmake'
[0.527s] INFO:colcon.colcon_cmake.task.cmake.build:Building CMake package in '/home/zephra/ros_workspace_2025/perception_ws/src/px4_msgs'
[0.532s] INFO:colcon.colcon_core.plugin_system:Skipping extension 'colcon_core.shell.bat': Not used on non-Windows systems
[0.532s] INFO:colcon.colcon_core.shell:Skip shell extension 'powershell' for command environment: Not usable outside of PowerShell
[0.532s] DEBUG:colcon.colcon_core.shell:Skip shell extension 'dsv' for command environment
[0.536s] INFO:colcon.colcon_ros.task.ament_python.build:Building ROS package in '/home/zephra/ros_workspace_2025/perception_ws/src/controller' with build type 'ament_python'
[0.536s] Level 1:colcon.colcon_core.shell:create_environment_hook('controller', 'ament_prefix_path')
[0.537s] INFO:colcon.colcon_core.shell:Creating environment hook '/home/zephra/ros_workspace_2025/perception_ws/install/controller/share/controller/hook/ament_prefix_path.ps1'
[0.537s] INFO:colcon.colcon_core.shell:Creating environment descriptor '/home/zephra/ros_workspace_2025/perception_ws/install/controller/share/controller/hook/ament_prefix_path.dsv'
[0.538s] INFO:colcon.colcon_core.shell:Creating environment hook '/home/zephra/ros_workspace_2025/perception_ws/install/controller/share/controller/hook/ament_prefix_path.sh'
[0.539s] INFO:colcon.colcon_core.shell:Skip shell extension 'powershell' for command environment: Not usable outside of PowerShell
[0.539s] DEBUG:colcon.colcon_core.shell:Skip shell extension 'dsv' for command environment
[0.550s] DEBUG:colcon.colcon_core.event_handler.log_command:Invoking command in '/home/zephra/ros_workspace_2025/perception_ws/build/px4_msgs': CMAKE_PREFIX_PATH=/opt/ros/humble /usr/bin/cmake --build /home/zephra/ros_workspace_2025/perception_ws/build/px4_msgs -- -j12 -l12
[0.852s] INFO:colcon.colcon_core.task.python.build:Building Python package in '/home/zephra/ros_workspace_2025/perception_ws/src/controller'
[0.852s] INFO:colcon.colcon_core.shell:Skip shell extension 'powershell' for command environment: Not usable outside of PowerShell
[0.853s] DEBUG:colcon.colcon_core.shell:Skip shell extension 'dsv' for command environment
[1.229s] DEBUG:colcon.colcon_core.event_handler.log_command:Invoking command in '/home/zephra/ros_workspace_2025/perception_ws/src/controller': PYTHONPATH=/home/zephra/ros_workspace_2025/perception_ws/build/controller/prefix_override:/usr/lib/python3/dist-packages/colcon_core/task/python/colcon_distutils_commands:/home/zephra/ros_workspace_2025/perception_ws/install/controller/lib/python3.10/site-packages:${PYTHONPATH} /usr/bin/python3 -W ignore:setup.py install is deprecated -W ignore:easy_install command is deprecated setup.py egg_info --egg-base ../../build/controller build --build-base /home/zephra/ros_workspace_2025/perception_ws/build/controller/build install --record /home/zephra/ros_workspace_2025/perception_ws/build/controller/install.log --single-version-externally-managed install_data
[1.675s] DEBUG:colcon.colcon_core.event_handler.log_command:Invoked command in '/home/zephra/ros_workspace_2025/perception_ws/src/controller' returned '0': PYTHONPATH=/home/zephra/ros_workspace_2025/perception_ws/build/controller/prefix_override:/usr/lib/python3/dist-packages/colcon_core/task/python/colcon_distutils_commands:/home/zephra/ros_workspace_2025/perception_ws/install/controller/lib/python3.10/site-packages:${PYTHONPATH} /usr/bin/python3 -W ignore:setup.py install is deprecated -W ignore:easy_install command is deprecated setup.py egg_info --egg-base ../../build/controller build --build-base /home/zephra/ros_workspace_2025/perception_ws/build/controller/build install --record /home/zephra/ros_workspace_2025/perception_ws/build/controller/install.log --single-version-externally-managed install_data
[1.680s] Level 1:colcon.colcon_core.environment:checking '/home/zephra/ros_workspace_2025/perception_ws/install/controller' for CMake module files
[1.681s] Level 1:colcon.colcon_core.environment:checking '/home/zephra/ros_workspace_2025/perception_ws/install/controller' for CMake config files
[1.681s] Level 1:colcon.colcon_core.environment:checking '/home/zephra/ros_workspace_2025/perception_ws/install/controller/lib'
[1.682s] Level 1:colcon.colcon_core.environment:checking '/home/zephra/ros_workspace_2025/perception_ws/install/controller/bin'
[1.682s] Level 1:colcon.colcon_core.environment:checking '/home/zephra/ros_workspace_2025/perception_ws/install/controller/lib/pkgconfig/controller.pc'
[1.682s] Level 1:colcon.colcon_core.environment:checking '/home/zephra/ros_workspace_2025/perception_ws/install/controller/lib/python3.10/site-packages'
[1.682s] Level 1:colcon.colcon_core.shell:create_environment_hook('controller', 'pythonpath')
[1.682s] INFO:colcon.colcon_core.shell:Creating environment hook '/home/zephra/ros_workspace_2025/perception_ws/install/controller/share/controller/hook/pythonpath.ps1'
[1.683s] INFO:colcon.colcon_core.shell:Creating environment descriptor '/home/zephra/ros_workspace_2025/perception_ws/install/controller/share/controller/hook/pythonpath.dsv'
[1.683s] INFO:colcon.colcon_core.shell:Creating environment hook '/home/zephra/ros_workspace_2025/perception_ws/install/controller/share/controller/hook/pythonpath.sh'
[1.684s] Level 1:colcon.colcon_core.environment:checking '/home/zephra/ros_workspace_2025/perception_ws/install/controller/bin'
[1.684s] Level 1:colcon.colcon_core.environment:create_environment_scripts_only(controller)
[1.684s] INFO:colcon.colcon_core.shell:Creating package script '/home/zephra/ros_workspace_2025/perception_ws/install/controller/share/controller/package.ps1'
[1.685s] INFO:colcon.colcon_core.shell:Creating package descriptor '/home/zephra/ros_workspace_2025/perception_ws/install/controller/share/controller/package.dsv'
[1.685s] INFO:colcon.colcon_core.shell:Creating package script '/home/zephra/ros_workspace_2025/perception_ws/install/controller/share/controller/package.sh'
[1.686s] INFO:colcon.colcon_core.shell:Creating package script '/home/zephra/ros_workspace_2025/perception_ws/install/controller/share/controller/package.bash'
[1.686s] INFO:colcon.colcon_core.shell:Creating package script '/home/zephra/ros_workspace_2025/perception_ws/install/controller/share/controller/package.zsh'
[1.687s] Level 1:colcon.colcon_core.environment:create_file_with_runtime_dependencies(/home/zephra/ros_workspace_2025/perception_ws/install/controller/share/colcon-core/packages/controller)
[1.773s] DEBUG:colcon.colcon_core.event_handler.log_command:Invoked command in '/home/zephra/ros_workspace_2025/perception_ws/build/px4_msgs' returned '0': CMAKE_PREFIX_PATH=/opt/ros/humble /usr/bin/cmake --build /home/zephra/ros_workspace_2025/perception_ws/build/px4_msgs -- -j12 -l12
[1.786s] DEBUG:colcon.colcon_core.event_handler.log_command:Invoking command in '/home/zephra/ros_workspace_2025/perception_ws/build/px4_msgs': CMAKE_PREFIX_PATH=/opt/ros/humble /usr/bin/cmake --install /home/zephra/ros_workspace_2025/perception_ws/build/px4_msgs
[2.278s] Level 1:colcon.colcon_core.environment:create_environment_scripts_only(px4_msgs)
[2.279s] Level 1:colcon.colcon_core.environment:checking '/home/zephra/ros_workspace_2025/perception_ws/install/px4_msgs' for CMake module files
[2.279s] DEBUG:colcon.colcon_core.event_handler.log_command:Invoked command in '/home/zephra/ros_workspace_2025/perception_ws/build/px4_msgs' returned '0': CMAKE_PREFIX_PATH=/opt/ros/humble /usr/bin/cmake --install /home/zephra/ros_workspace_2025/perception_ws/build/px4_msgs
[2.280s] Level 1:colcon.colcon_core.environment:checking '/home/zephra/ros_workspace_2025/perception_ws/install/px4_msgs' for CMake config files
[2.285s] Level 1:colcon.colcon_core.shell:create_environment_hook('px4_msgs', 'cmake_prefix_path')
[2.285s] INFO:colcon.colcon_core.shell:Creating environment hook '/home/zephra/ros_workspace_2025/perception_ws/install/px4_msgs/share/px4_msgs/hook/cmake_prefix_path.ps1'
[2.285s] INFO:colcon.colcon_core.shell:Creating environment descriptor '/home/zephra/ros_workspace_2025/perception_ws/install/px4_msgs/share/px4_msgs/hook/cmake_prefix_path.dsv'
[2.286s] INFO:colcon.colcon_core.shell:Creating environment hook '/home/zephra/ros_workspace_2025/perception_ws/install/px4_msgs/share/px4_msgs/hook/cmake_prefix_path.sh'
[2.286s] Level 1:colcon.colcon_core.environment:checking '/home/zephra/ros_workspace_2025/perception_ws/install/px4_msgs/lib'
[2.286s] Level 1:colcon.colcon_core.shell:create_environment_hook('px4_msgs', 'ld_library_path_lib')
[2.286s] INFO:colcon.colcon_core.shell:Creating environment hook '/home/zephra/ros_workspace_2025/perception_ws/install/px4_msgs/share/px4_msgs/hook/ld_library_path_lib.ps1'
[2.287s] INFO:colcon.colcon_core.shell:Creating environment descriptor '/home/zephra/ros_workspace_2025/perception_ws/install/px4_msgs/share/px4_msgs/hook/ld_library_path_lib.dsv'
[2.287s] INFO:colcon.colcon_core.shell:Creating environment hook '/home/zephra/ros_workspace_2025/perception_ws/install/px4_msgs/share/px4_msgs/hook/ld_library_path_lib.sh'
[2.288s] Level 1:colcon.colcon_core.environment:checking '/home/zephra/ros_workspace_2025/perception_ws/install/px4_msgs/bin'
[2.288s] Level 1:colcon.colcon_core.environment:checking '/home/zephra/ros_workspace_2025/perception_ws/install/px4_msgs/lib/pkgconfig/px4_msgs.pc'
[2.289s] Level 1:colcon.colcon_core.environment:checking '/home/zephra/ros_workspace_2025/perception_ws/install/px4_msgs/lib/python3.10/site-packages'
[2.289s] Level 1:colcon.colcon_core.environment:checking '/home/zephra/ros_workspace_2025/perception_ws/install/px4_msgs/bin'
[2.290s] INFO:colcon.colcon_core.shell:Creating package script '/home/zephra/ros_workspace_2025/perception_ws/install/px4_msgs/share/px4_msgs/package.ps1'
[2.291s] INFO:colcon.colcon_core.shell:Creating package descriptor '/home/zephra/ros_workspace_2025/perception_ws/install/px4_msgs/share/px4_msgs/package.dsv'
[2.291s] INFO:colcon.colcon_core.shell:Creating package script '/home/zephra/ros_workspace_2025/perception_ws/install/px4_msgs/share/px4_msgs/package.sh'
[2.292s] INFO:colcon.colcon_core.shell:Creating package script '/home/zephra/ros_workspace_2025/perception_ws/install/px4_msgs/share/px4_msgs/package.bash'
[2.293s] INFO:colcon.colcon_core.shell:Creating package script '/home/zephra/ros_workspace_2025/perception_ws/install/px4_msgs/share/px4_msgs/package.zsh'
[2.293s] Level 1:colcon.colcon_core.environment:create_file_with_runtime_dependencies(/home/zephra/ros_workspace_2025/perception_ws/install/px4_msgs/share/colcon-core/packages/px4_msgs)
[2.293s] Level 1:colcon.colcon_core.environment:create_environment_scripts_only(px4_msgs)
[2.294s] Level 1:colcon.colcon_core.environment:checking '/home/zephra/ros_workspace_2025/perception_ws/install/px4_msgs' for CMake module files
[2.294s] Level 1:colcon.colcon_core.environment:checking '/home/zephra/ros_workspace_2025/perception_ws/install/px4_msgs' for CMake config files
[2.296s] Level 1:colcon.colcon_core.shell:create_environment_hook('px4_msgs', 'cmake_prefix_path')
[2.296s] INFO:colcon.colcon_core.shell:Creating environment hook '/home/zephra/ros_workspace_2025/perception_ws/install/px4_msgs/share/px4_msgs/hook/cmake_prefix_path.ps1'
[2.297s] INFO:colcon.colcon_core.shell:Creating environment descriptor '/home/zephra/ros_workspace_2025/perception_ws/install/px4_msgs/share/px4_msgs/hook/cmake_prefix_path.dsv'
[2.297s] INFO:colcon.colcon_core.shell:Creating environment hook '/home/zephra/ros_workspace_2025/perception_ws/install/px4_msgs/share/px4_msgs/hook/cmake_prefix_path.sh'
[2.297s] Level 1:colcon.colcon_core.environment:checking '/home/zephra/ros_workspace_2025/perception_ws/install/px4_msgs/lib'
[2.297s] Level 1:colcon.colcon_core.shell:create_environment_hook('px4_msgs', 'ld_library_path_lib')
[2.297s] INFO:colcon.colcon_core.shell:Creating environment hook '/home/zephra/ros_workspace_2025/perception_ws/install/px4_msgs/share/px4_msgs/hook/ld_library_path_lib.ps1'
[2.298s] INFO:colcon.colcon_core.shell:Creating environment descriptor '/home/zephra/ros_workspace_2025/perception_ws/install/px4_msgs/share/px4_msgs/hook/ld_library_path_lib.dsv'
[2.298s] INFO:colcon.colcon_core.shell:Creating environment hook '/home/zephra/ros_workspace_2025/perception_ws/install/px4_msgs/share/px4_msgs/hook/ld_library_path_lib.sh'
[2.298s] Level 1:colcon.colcon_core.environment:checking '/home/zephra/ros_workspace_2025/perception_ws/install/px4_msgs/bin'
[2.298s] Level 1:colcon.colcon_core.environment:checking '/home/zephra/ros_workspace_2025/perception_ws/install/px4_msgs/lib/pkgconfig/px4_msgs.pc'
[2.299s] Level 1:colcon.colcon_core.environment:checking '/home/zephra/ros_workspace_2025/perception_ws/install/px4_msgs/lib/python3.10/site-packages'
[2.299s] Level 1:colcon.colcon_core.environment:checking '/home/zephra/ros_workspace_2025/perception_ws/install/px4_msgs/bin'
[2.299s] INFO:colcon.colcon_core.shell:Creating package script '/home/zephra/ros_workspace_2025/perception_ws/install/px4_msgs/share/px4_msgs/package.ps1'
[2.300s] INFO:colcon.colcon_core.shell:Creating package descriptor '/home/zephra/ros_workspace_2025/perception_ws/install/px4_msgs/share/px4_msgs/package.dsv'
[2.301s] INFO:colcon.colcon_core.shell:Creating package script '/home/zephra/ros_workspace_2025/perception_ws/install/px4_msgs/share/px4_msgs/package.sh'
[2.302s] INFO:colcon.colcon_core.shell:Creating package script '/home/zephra/ros_workspace_2025/perception_ws/install/px4_msgs/share/px4_msgs/package.bash'
[2.303s] INFO:colcon.colcon_core.shell:Creating package script '/home/zephra/ros_workspace_2025/perception_ws/install/px4_msgs/share/px4_msgs/package.zsh'
[2.304s] Level 1:colcon.colcon_core.environment:create_file_with_runtime_dependencies(/home/zephra/ros_workspace_2025/perception_ws/install/px4_msgs/share/colcon-core/packages/px4_msgs)
[2.305s] INFO:colcon.colcon_ros.task.ament_cmake.build:Building ROS package in '/home/zephra/ros_workspace_2025/perception_ws/src/px4_ros_com' with build type 'ament_cmake'
[2.305s] INFO:colcon.colcon_cmake.task.cmake.build:Building CMake package in '/home/zephra/ros_workspace_2025/perception_ws/src/px4_ros_com'
[2.305s] INFO:colcon.colcon_core.shell:Skip shell extension 'powershell' for command environment: Not usable outside of PowerShell
[2.305s] DEBUG:colcon.colcon_core.shell:Skip shell extension 'dsv' for command environment
[2.322s] DEBUG:colcon.colcon_core.event_handler.log_command:Invoking command in '/home/zephra/ros_workspace_2025/perception_ws/build/px4_ros_com': AMENT_PREFIX_PATH=/home/zephra/ros_workspace_2025/perception_ws/install/px4_msgs:${AMENT_PREFIX_PATH} CMAKE_PREFIX_PATH=/home/zephra/ros_workspace_2025/perception_ws/install/px4_msgs:/opt/ros/humble LD_LIBRARY_PATH=/home/zephra/ros_workspace_2025/perception_ws/install/px4_msgs/lib:${LD_LIBRARY_PATH} PYTHONPATH=/home/zephra/ros_workspace_2025/perception_ws/install/px4_msgs/local/lib/python3.10/dist-packages:${PYTHONPATH} /usr/bin/cmake --build /home/zephra/ros_workspace_2025/perception_ws/build/px4_ros_com -- -j12 -l12
[2.712s] DEBUG:colcon.colcon_core.event_handler.log_command:Invoked command in '/home/zephra/ros_workspace_2025/perception_ws/build/px4_ros_com' returned '0': AMENT_PREFIX_PATH=/home/zephra/ros_workspace_2025/perception_ws/install/px4_msgs:${AMENT_PREFIX_PATH} CMAKE_PREFIX_PATH=/home/zephra/ros_workspace_2025/perception_ws/install/px4_msgs:/opt/ros/humble LD_LIBRARY_PATH=/home/zephra/ros_workspace_2025/perception_ws/install/px4_msgs/lib:${LD_LIBRARY_PATH} PYTHONPATH=/home/zephra/ros_workspace_2025/perception_ws/install/px4_msgs/local/lib/python3.10/dist-packages:${PYTHONPATH} /usr/bin/cmake --build /home/zephra/ros_workspace_2025/perception_ws/build/px4_ros_com -- -j12 -l12
[2.714s] DEBUG:colcon.colcon_core.event_handler.log_command:Invoking command in '/home/zephra/ros_workspace_2025/perception_ws/build/px4_ros_com': AMENT_PREFIX_PATH=/home/zephra/ros_workspace_2025/perception_ws/install/px4_msgs:${AMENT_PREFIX_PATH} CMAKE_PREFIX_PATH=/home/zephra/ros_workspace_2025/perception_ws/install/px4_msgs:/opt/ros/humble LD_LIBRARY_PATH=/home/zephra/ros_workspace_2025/perception_ws/install/px4_msgs/lib:${LD_LIBRARY_PATH} PYTHONPATH=/home/zephra/ros_workspace_2025/perception_ws/install/px4_msgs/local/lib/python3.10/dist-packages:${PYTHONPATH} /usr/bin/cmake --install /home/zephra/ros_workspace_2025/perception_ws/build/px4_ros_com
[2.769s] Level 1:colcon.colcon_core.environment:create_environment_scripts_only(px4_ros_com)
[2.770s] Level 1:colcon.colcon_core.environment:checking '/home/zephra/ros_workspace_2025/perception_ws/install/px4_ros_com' for CMake module files
[2.770s] DEBUG:colcon.colcon_core.event_handler.log_command:Invoked command in '/home/zephra/ros_workspace_2025/perception_ws/build/px4_ros_com' returned '0': AMENT_PREFIX_PATH=/home/zephra/ros_workspace_2025/perception_ws/install/px4_msgs:${AMENT_PREFIX_PATH} CMAKE_PREFIX_PATH=/home/zephra/ros_workspace_2025/perception_ws/install/px4_msgs:/opt/ros/humble LD_LIBRARY_PATH=/home/zephra/ros_workspace_2025/perception_ws/install/px4_msgs/lib:${LD_LIBRARY_PATH} PYTHONPATH=/home/zephra/ros_workspace_2025/perception_ws/install/px4_msgs/local/lib/python3.10/dist-packages:${PYTHONPATH} /usr/bin/cmake --install /home/zephra/ros_workspace_2025/perception_ws/build/px4_ros_com
[2.770s] Level 1:colcon.colcon_core.environment:checking '/home/zephra/ros_workspace_2025/perception_ws/install/px4_ros_com' for CMake config files
[2.770s] Level 1:colcon.colcon_core.shell:create_environment_hook('px4_ros_com', 'cmake_prefix_path')
[2.771s] INFO:colcon.colcon_core.shell:Creating environment hook '/home/zephra/ros_workspace_2025/perception_ws/install/px4_ros_com/share/px4_ros_com/hook/cmake_prefix_path.ps1'
[2.771s] INFO:colcon.colcon_core.shell:Creating environment descriptor '/home/zephra/ros_workspace_2025/perception_ws/install/px4_ros_com/share/px4_ros_com/hook/cmake_prefix_path.dsv'
[2.771s] INFO:colcon.colcon_core.shell:Creating environment hook '/home/zephra/ros_workspace_2025/perception_ws/install/px4_ros_com/share/px4_ros_com/hook/cmake_prefix_path.sh'
[2.772s] Level 1:colcon.colcon_core.environment:checking '/home/zephra/ros_workspace_2025/perception_ws/install/px4_ros_com/lib'
[2.772s] Level 1:colcon.colcon_core.shell:create_environment_hook('px4_ros_com', 'ld_library_path_lib')
[2.772s] INFO:colcon.colcon_core.shell:Creating environment hook '/home/zephra/ros_workspace_2025/perception_ws/install/px4_ros_com/share/px4_ros_com/hook/ld_library_path_lib.ps1'
[2.773s] INFO:colcon.colcon_core.shell:Creating environment descriptor '/home/zephra/ros_workspace_2025/perception_ws/install/px4_ros_com/share/px4_ros_com/hook/ld_library_path_lib.dsv'
[2.774s] INFO:colcon.colcon_core.shell:Creating environment hook '/home/zephra/ros_workspace_2025/perception_ws/install/px4_ros_com/share/px4_ros_com/hook/ld_library_path_lib.sh'
[2.774s] Level 1:colcon.colcon_core.environment:checking '/home/zephra/ros_workspace_2025/perception_ws/install/px4_ros_com/bin'
[2.774s] Level 1:colcon.colcon_core.environment:checking '/home/zephra/ros_workspace_2025/perception_ws/install/px4_ros_com/lib/pkgconfig/px4_ros_com.pc'
[2.775s] Level 1:colcon.colcon_core.environment:checking '/home/zephra/ros_workspace_2025/perception_ws/install/px4_ros_com/lib/python3.10/site-packages'
[2.775s] Level 1:colcon.colcon_core.environment:checking '/home/zephra/ros_workspace_2025/perception_ws/install/px4_ros_com/bin'
[2.775s] INFO:colcon.colcon_core.shell:Creating package script '/home/zephra/ros_workspace_2025/perception_ws/install/px4_ros_com/share/px4_ros_com/package.ps1'
[2.777s] INFO:colcon.colcon_core.shell:Creating package descriptor '/home/zephra/ros_workspace_2025/perception_ws/install/px4_ros_com/share/px4_ros_com/package.dsv'
[2.777s] INFO:colcon.colcon_core.shell:Creating package script '/home/zephra/ros_workspace_2025/perception_ws/install/px4_ros_com/share/px4_ros_com/package.sh'
[2.778s] INFO:colcon.colcon_core.shell:Creating package script '/home/zephra/ros_workspace_2025/perception_ws/install/px4_ros_com/share/px4_ros_com/package.bash'
[2.779s] INFO:colcon.colcon_core.shell:Creating package script '/home/zephra/ros_workspace_2025/perception_ws/install/px4_ros_com/share/px4_ros_com/package.zsh'
[2.780s] Level 1:colcon.colcon_core.environment:create_file_with_runtime_dependencies(/home/zephra/ros_workspace_2025/perception_ws/install/px4_ros_com/share/colcon-core/packages/px4_ros_com)
[2.780s] Level 1:colcon.colcon_core.environment:create_environment_scripts_only(px4_ros_com)
[2.781s] Level 1:colcon.colcon_core.environment:checking '/home/zephra/ros_workspace_2025/perception_ws/install/px4_ros_com' for CMake module files
[2.781s] Level 1:colcon.colcon_core.environment:checking '/home/zephra/ros_workspace_2025/perception_ws/install/px4_ros_com' for CMake config files
[2.782s] Level 1:colcon.colcon_core.shell:create_environment_hook('px4_ros_com', 'cmake_prefix_path')
[2.782s] INFO:colcon.colcon_core.shell:Creating environment hook '/home/zephra/ros_workspace_2025/perception_ws/install/px4_ros_com/share/px4_ros_com/hook/cmake_prefix_path.ps1'
[2.783s] INFO:colcon.colcon_core.shell:Creating environment descriptor '/home/zephra/ros_workspace_2025/perception_ws/install/px4_ros_com/share/px4_ros_com/hook/cmake_prefix_path.dsv'
[2.783s] INFO:colcon.colcon_core.shell:Creating environment hook '/home/zephra/ros_workspace_2025/perception_ws/install/px4_ros_com/share/px4_ros_com/hook/cmake_prefix_path.sh'
[2.784s] Level 1:colcon.colcon_core.environment:checking '/home/zephra/ros_workspace_2025/perception_ws/install/px4_ros_com/lib'
[2.784s] Level 1:colcon.colcon_core.shell:create_environment_hook('px4_ros_com', 'ld_library_path_lib')
[2.784s] INFO:colcon.colcon_core.shell:Creating environment hook '/home/zephra/ros_workspace_2025/perception_ws/install/px4_ros_com/share/px4_ros_com/hook/ld_library_path_lib.ps1'
[2.784s] INFO:colcon.colcon_core.shell:Creating environment descriptor '/home/zephra/ros_workspace_2025/perception_ws/install/px4_ros_com/share/px4_ros_com/hook/ld_library_path_lib.dsv'
[2.784s] INFO:colcon.colcon_core.shell:Creating environment hook '/home/zephra/ros_workspace_2025/perception_ws/install/px4_ros_com/share/px4_ros_com/hook/ld_library_path_lib.sh'
[2.785s] Level 1:colcon.colcon_core.environment:checking '/home/zephra/ros_workspace_2025/perception_ws/install/px4_ros_com/bin'
[2.785s] Level 1:colcon.colcon_core.environment:checking '/home/zephra/ros_workspace_2025/perception_ws/install/px4_ros_com/lib/pkgconfig/px4_ros_com.pc'
[2.785s] Level 1:colcon.colcon_core.environment:checking '/home/zephra/ros_workspace_2025/perception_ws/install/px4_ros_com/lib/python3.10/site-packages'
[2.785s] Level 1:colcon.colcon_core.environment:checking '/home/zephra/ros_workspace_2025/perception_ws/install/px4_ros_com/bin'
[2.786s] INFO:colcon.colcon_core.shell:Creating package script '/home/zephra/ros_workspace_2025/perception_ws/install/px4_ros_com/share/px4_ros_com/package.ps1'
[2.787s] INFO:colcon.colcon_core.shell:Creating package descriptor '/home/zephra/ros_workspace_2025/perception_ws/install/px4_ros_com/share/px4_ros_com/package.dsv'
[2.787s] INFO:colcon.colcon_core.shell:Creating package script '/home/zephra/ros_workspace_2025/perception_ws/install/px4_ros_com/share/px4_ros_com/package.sh'
[2.788s] INFO:colcon.colcon_core.shell:Creating package script '/home/zephra/ros_workspace_2025/perception_ws/install/px4_ros_com/share/px4_ros_com/package.bash'
[2.788s] INFO:colcon.colcon_core.shell:Creating package script '/home/zephra/ros_workspace_2025/perception_ws/install/px4_ros_com/share/px4_ros_com/package.zsh'
[2.788s] Level 1:colcon.colcon_core.environment:create_file_with_runtime_dependencies(/home/zephra/ros_workspace_2025/perception_ws/install/px4_ros_com/share/colcon-core/packages/px4_ros_com)
[2.788s] DEBUG:colcon.colcon_parallel_executor.executor.parallel:closing loop
[2.789s] DEBUG:colcon.colcon_parallel_executor.executor.parallel:loop closed
[2.789s] DEBUG:colcon.colcon_parallel_executor.executor.parallel:run_until_complete finished with '0'
[2.789s] DEBUG:colcon.colcon_core.event_reactor:joining thread
[2.797s] INFO:colcon.colcon_core.plugin_system:Skipping extension 'colcon_notification.desktop_notification.terminal_notifier': Not used on non-Darwin systems
[2.797s] INFO:colcon.colcon_core.plugin_system:Skipping extension 'colcon_notification.desktop_notification.win32': Not used on non-Windows systems
[2.798s] INFO:colcon.colcon_notification.desktop_notification:Sending desktop notification using 'notify2'
[2.808s] DEBUG:colcon.colcon_core.event_reactor:joined thread
[2.809s] INFO:colcon.colcon_core.shell:Creating prefix script '/home/zephra/ros_workspace_2025/perception_ws/install/local_setup.ps1'
[2.810s] INFO:colcon.colcon_core.shell:Creating prefix util module '/home/zephra/ros_workspace_2025/perception_ws/install/_local_setup_util_ps1.py'
[2.812s] INFO:colcon.colcon_core.shell:Creating prefix chain script '/home/zephra/ros_workspace_2025/perception_ws/install/setup.ps1'
[2.814s] INFO:colcon.colcon_core.shell:Creating prefix script '/home/zephra/ros_workspace_2025/perception_ws/install/local_setup.sh'
[2.815s] INFO:colcon.colcon_core.shell:Creating prefix util module '/home/zephra/ros_workspace_2025/perception_ws/install/_local_setup_util_sh.py'
[2.816s] INFO:colcon.colcon_core.shell:Creating prefix chain script '/home/zephra/ros_workspace_2025/perception_ws/install/setup.sh'
[2.818s] INFO:colcon.colcon_core.shell:Creating prefix script '/home/zephra/ros_workspace_2025/perception_ws/install/local_setup.bash'
[2.819s] INFO:colcon.colcon_core.shell:Creating prefix chain script '/home/zephra/ros_workspace_2025/perception_ws/install/setup.bash'
[2.821s] INFO:colcon.colcon_core.shell:Creating prefix script '/home/zephra/ros_workspace_2025/perception_ws/install/local_setup.zsh'
[2.822s] INFO:colcon.colcon_core.shell:Creating prefix chain script '/home/zephra/ros_workspace_2025/perception_ws/install/setup.zsh'
