[0.674s] Invoking command in '/home/conor/Documents/aero2025/ros_workspace_2025/perception_ws/src/controller': PYTHONPATH=/home/conor/Documents/aero2025/ros_workspace_2025/perception_ws/build/controller/prefix_override:/usr/lib/python3/dist-packages/colcon_core/task/python/colcon_distutils_commands:/home/conor/Documents/aero2025/ros_workspace_2025/perception_ws/install/controller/lib/python3.10/site-packages:${PYTHONPATH} /usr/bin/python3 -W ignore:setup.py install is deprecated setup.py egg_info --egg-base ../../build/controller build --build-base /home/conor/Documents/aero2025/ros_workspace_2025/perception_ws/build/controller/build install --record /home/conor/Documents/aero2025/ros_workspace_2025/perception_ws/build/controller/install.log --single-version-externally-managed install_data
[0.841s] running egg_info
[0.850s] writing ../../build/controller/controller.egg-info/PKG-INFO
[0.850s] writing dependency_links to ../../build/controller/controller.egg-info/dependency_links.txt
[0.851s] writing requirements to ../../build/controller/controller.egg-info/requires.txt
[0.851s] writing top-level names to ../../build/controller/controller.egg-info/top_level.txt
[0.873s] reading manifest file '../../build/controller/controller.egg-info/SOURCES.txt'
[0.874s] writing manifest file '../../build/controller/controller.egg-info/SOURCES.txt'
[0.874s] running build
[0.874s] running build_py
[0.874s] copying controller/text.py -> /home/conor/Documents/aero2025/ros_workspace_2025/perception_ws/build/controller/build/lib/controller
[0.874s] copying controller/takeoff_and_land.py -> /home/conor/Documents/aero2025/ros_workspace_2025/perception_ws/build/controller/build/lib/controller
[0.874s] copying controller/camera.py -> /home/conor/Documents/aero2025/ros_workspace_2025/perception_ws/build/controller/build/lib/controller
[0.874s] copying controller/__init__.py -> /home/conor/Documents/aero2025/ros_workspace_2025/perception_ws/build/controller/build/lib/controller
[0.875s] running install
[0.879s] running install_lib
[0.890s] copying /home/conor/Documents/aero2025/ros_workspace_2025/perception_ws/build/controller/build/lib/controller/text.py -> /home/conor/Documents/aero2025/ros_workspace_2025/perception_ws/install/controller/lib/python3.10/site-packages/controller
[0.891s] byte-compiling /home/conor/Documents/aero2025/ros_workspace_2025/perception_ws/install/controller/lib/python3.10/site-packages/controller/text.py to text.cpython-310.pyc
[0.892s] running install_data
[0.892s] copying resource/controller -> /home/conor/Documents/aero2025/ros_workspace_2025/perception_ws/install/controller/share/ament_index/resource_index/packages
[0.892s] copying package.xml -> /home/conor/Documents/aero2025/ros_workspace_2025/perception_ws/install/controller/share/controller
[0.892s] running install_egg_info
[0.903s] removing '/home/conor/Documents/aero2025/ros_workspace_2025/perception_ws/install/controller/lib/python3.10/site-packages/controller-0.0.0-py3.10.egg-info' (and everything under it)
[0.904s] Copying ../../build/controller/controller.egg-info to /home/conor/Documents/aero2025/ros_workspace_2025/perception_ws/install/controller/lib/python3.10/site-packages/controller-0.0.0-py3.10.egg-info
[0.904s] running install_scripts
[0.994s] writing list of installed files to '/home/conor/Documents/aero2025/ros_workspace_2025/perception_ws/build/controller/install.log'
[1.010s] Invoked command in '/home/conor/Documents/aero2025/ros_workspace_2025/perception_ws/src/controller' returned '0': PYTHONPATH=/home/conor/Documents/aero2025/ros_workspace_2025/perception_ws/build/controller/prefix_override:/usr/lib/python3/dist-packages/colcon_core/task/python/colcon_distutils_commands:/home/conor/Documents/aero2025/ros_workspace_2025/perception_ws/install/controller/lib/python3.10/site-packages:${PYTHONPATH} /usr/bin/python3 -W ignore:setup.py install is deprecated setup.py egg_info --egg-base ../../build/controller build --build-base /home/conor/Documents/aero2025/ros_workspace_2025/perception_ws/build/controller/build install --record /home/conor/Documents/aero2025/ros_workspace_2025/perception_ws/build/controller/install.log --single-version-externally-managed install_data
