[0.704s] Invoking command in '/home/zephra/ros_workspace_2025/perception_ws/src/controller': PYTHONPATH=/home/zephra/ros_workspace_2025/perception_ws/build/controller/prefix_override:/usr/lib/python3/dist-packages/colcon_core/task/python/colcon_distutils_commands:/home/zephra/ros_workspace_2025/perception_ws/install/controller/lib/python3.10/site-packages:${PYTHONPATH} /usr/bin/python3 -W ignore:setup.py install is deprecated -W ignore:easy_install command is deprecated setup.py egg_info --egg-base ../../build/controller build --build-base /home/zephra/ros_workspace_2025/perception_ws/build/controller/build install --record /home/zephra/ros_workspace_2025/perception_ws/build/controller/install.log --single-version-externally-managed install_data
[1.034s] running egg_info
[1.035s] writing ../../build/controller/controller.egg-info/PKG-INFO
[1.036s] writing dependency_links to ../../build/controller/controller.egg-info/dependency_links.txt
[1.036s] writing entry points to ../../build/controller/controller.egg-info/entry_points.txt
[1.036s] writing requirements to ../../build/controller/controller.egg-info/requires.txt
[1.036s] writing top-level names to ../../build/controller/controller.egg-info/top_level.txt
[1.038s] reading manifest file '../../build/controller/controller.egg-info/SOURCES.txt'
[1.038s] writing manifest file '../../build/controller/controller.egg-info/SOURCES.txt'
[1.039s] running build
[1.039s] running build_py
[1.039s] copying controller/figure_8.py -> /home/zephra/ros_workspace_2025/perception_ws/build/controller/build/lib/controller
[1.039s] running install
[1.040s] running install_lib
[1.041s] copying /home/zephra/ros_workspace_2025/perception_ws/build/controller/build/lib/controller/figure_8.py -> /home/zephra/ros_workspace_2025/perception_ws/install/controller/lib/python3.10/site-packages/controller
[1.042s] byte-compiling /home/zephra/ros_workspace_2025/perception_ws/install/controller/lib/python3.10/site-packages/controller/figure_8.py to figure_8.cpython-310.pyc
[1.043s] running install_data
[1.044s] running install_egg_info
[1.045s] removing '/home/zephra/ros_workspace_2025/perception_ws/install/controller/lib/python3.10/site-packages/controller-0.0.0-py3.10.egg-info' (and everything under it)
[1.045s] Copying ../../build/controller/controller.egg-info to /home/zephra/ros_workspace_2025/perception_ws/install/controller/lib/python3.10/site-packages/controller-0.0.0-py3.10.egg-info
[1.045s] running install_scripts
[1.070s] writing list of installed files to '/home/zephra/ros_workspace_2025/perception_ws/build/controller/install.log'
[1.112s] Invoked command in '/home/zephra/ros_workspace_2025/perception_ws/src/controller' returned '0': PYTHONPATH=/home/zephra/ros_workspace_2025/perception_ws/build/controller/prefix_override:/usr/lib/python3/dist-packages/colcon_core/task/python/colcon_distutils_commands:/home/zephra/ros_workspace_2025/perception_ws/install/controller/lib/python3.10/site-packages:${PYTHONPATH} /usr/bin/python3 -W ignore:setup.py install is deprecated -W ignore:easy_install command is deprecated setup.py egg_info --egg-base ../../build/controller build --build-base /home/zephra/ros_workspace_2025/perception_ws/build/controller/build install --record /home/zephra/ros_workspace_2025/perception_ws/build/controller/install.log --single-version-externally-managed install_data
