[1.671s] Invoking command in '/home/keshav/ros_workspace_2025/perception_ws/src/fixedWing': PYTHONPATH=/home/keshav/ros_workspace_2025/perception_ws/build/fixedWing/prefix_override:/usr/lib/python3/dist-packages/colcon_core/task/python/colcon_distutils_commands:/home/keshav/ros_workspace_2025/perception_ws/install/fixedWing/lib/python3.10/site-packages:${PYTHONPATH} /usr/bin/python3 -W ignore:setup.py install is deprecated -W ignore:easy_install command is deprecated setup.py egg_info --egg-base ../../build/fixedWing build --build-base /home/keshav/ros_workspace_2025/perception_ws/build/fixedWing/build install --record /home/keshav/ros_workspace_2025/perception_ws/build/fixedWing/install.log --single-version-externally-managed install_data
[1.769s] /home/keshav/.local/lib/python3.10/site-packages/setuptools/_distutils/dist.py:270: UserWarning: Unknown distribution option: 'tests_require'
[1.769s]   warnings.warn(msg)
[1.850s] running egg_info
[1.870s] writing ../../build/fixedWing/fixedWing.egg-info/PKG-INFO
[1.870s] writing dependency_links to ../../build/fixedWing/fixedWing.egg-info/dependency_links.txt
[1.870s] writing requirements to ../../build/fixedWing/fixedWing.egg-info/requires.txt
[1.871s] writing top-level names to ../../build/fixedWing/fixedWing.egg-info/top_level.txt
[1.912s] reading manifest file '../../build/fixedWing/fixedWing.egg-info/SOURCES.txt'
[1.915s] writing manifest file '../../build/fixedWing/fixedWing.egg-info/SOURCES.txt'
[1.915s] running build
[1.915s] running build_py
[1.915s] copying fixedWing/fixedWingTakeOff.py -> /home/keshav/ros_workspace_2025/perception_ws/build/fixedWing/build/lib/fixedWing
[1.916s] copying fixedWing/__init__.py -> /home/keshav/ros_workspace_2025/perception_ws/build/fixedWing/build/lib/fixedWing
[1.916s] running install
[1.924s] running install_lib
[1.949s] running install_data
[1.950s] copying resource/fixedWing -> /home/keshav/ros_workspace_2025/perception_ws/install/fixedWing/share/ament_index/resource_index/packages
[1.950s] copying package.xml -> /home/keshav/ros_workspace_2025/perception_ws/install/fixedWing/share/fixedWing
[1.951s] running install_egg_info
[1.977s] removing '/home/keshav/ros_workspace_2025/perception_ws/install/fixedWing/lib/python3.10/site-packages/fixedWing-0.0.0-py3.10.egg-info' (and everything under it)
[1.977s] Copying ../../build/fixedWing/fixedWing.egg-info to /home/keshav/ros_workspace_2025/perception_ws/install/fixedWing/lib/python3.10/site-packages/fixedWing-0.0.0-py3.10.egg-info
[1.977s] running install_scripts
[2.211s] writing list of installed files to '/home/keshav/ros_workspace_2025/perception_ws/build/fixedWing/install.log'
[2.244s] Invoked command in '/home/keshav/ros_workspace_2025/perception_ws/src/fixedWing' returned '0': PYTHONPATH=/home/keshav/ros_workspace_2025/perception_ws/build/fixedWing/prefix_override:/usr/lib/python3/dist-packages/colcon_core/task/python/colcon_distutils_commands:/home/keshav/ros_workspace_2025/perception_ws/install/fixedWing/lib/python3.10/site-packages:${PYTHONPATH} /usr/bin/python3 -W ignore:setup.py install is deprecated -W ignore:easy_install command is deprecated setup.py egg_info --egg-base ../../build/fixedWing build --build-base /home/keshav/ros_workspace_2025/perception_ws/build/fixedWing/build install --record /home/keshav/ros_workspace_2025/perception_ws/build/fixedWing/install.log --single-version-externally-managed install_data
