[0.100s] DEBUG:colcon:Command line arguments: ['/usr/bin/colcon', 'build']
[0.100s] DEBUG:colcon:Parsed command line arguments: Namespace(log_base=None, log_level=None, verb_name='build', build_base='build', install_base='install', merge_install=False, symlink_install=False, test_result_base=None, continue_on_error=False, executor='parallel', parallel_workers=20, event_handlers=None, ignore_user_meta=False, metas=['./colcon.meta'], base_paths=['.'], packages_ignore=None, packages_ignore_regex=None, paths=None, packages_up_to=None, packages_up_to_regex=None, packages_above=None, packages_above_and_dependencies=None, packages_above_depth=None, packages_select_by_dep=None, packages_skip_by_dep=None, packages_skip_up_to=None, packages_select_build_failed=False, packages_skip_build_finished=False, packages_select_test_failures=False, packages_skip_test_passed=False, packages_select=None, packages_skip=None, packages_select_regex=None, packages_skip_regex=None, packages_start=None, packages_end=None, allow_overriding=[], cmake_args=None, cmake_target=None, cmake_target_skip_unavailable=False, cmake_clean_cache=False, cmake_clean_first=False, cmake_force_configure=False, ament_cmake_args=None, catkin_cmake_args=None, catkin_skip_building_tests=False, verb_parser=<colcon_defaults.argument_parser.defaults.DefaultArgumentsDecorator object at 0x7db269afa770>, verb_extension=<colcon_core.verb.build.BuildVerb object at 0x7db269afa320>, main=<bound method BuildVerb.main of <colcon_core.verb.build.BuildVerb object at 0x7db269afa320>>)
[0.133s] Level 1:colcon.colcon_core.package_discovery:discover_packages(colcon_meta) check parameters
[0.133s] Level 1:colcon.colcon_core.package_discovery:discover_packages(recursive) check parameters
[0.133s] Level 1:colcon.colcon_core.package_discovery:discover_packages(ignore) check parameters
[0.133s] Level 1:colcon.colcon_core.package_discovery:discover_packages(path) check parameters
[0.133s] Level 1:colcon.colcon_core.package_discovery:discover_packages(colcon_meta) discover
[0.133s] Level 1:colcon.colcon_core.package_discovery:discover_packages(recursive) discover
[0.133s] INFO:colcon.colcon_core.package_discovery:Crawling recursively for packages in '/home/conor/Documents/aero2025/ros_workspace_2025/perception_ws'
[0.134s] Level 1:colcon.colcon_core.package_identification:_identify(.) by extensions ['ignore', 'ignore_ament_install']
[0.134s] Level 1:colcon.colcon_core.package_identification:_identify(.) by extension 'ignore'
[0.134s] Level 1:colcon.colcon_core.package_identification:_identify(.) by extension 'ignore_ament_install'
[0.134s] Level 1:colcon.colcon_core.package_identification:_identify(.) by extensions ['colcon_pkg']
[0.134s] Level 1:colcon.colcon_core.package_identification:_identify(.) by extension 'colcon_pkg'
[0.134s] Level 1:colcon.colcon_core.package_identification:_identify(.) by extensions ['colcon_meta']
[0.134s] Level 1:colcon.colcon_core.package_identification:_identify(.) by extension 'colcon_meta'
[0.134s] Level 1:colcon.colcon_core.package_identification:_identify(.) by extensions ['ros']
[0.134s] Level 1:colcon.colcon_core.package_identification:_identify(.) by extension 'ros'
[0.151s] Level 1:colcon.colcon_core.package_identification:_identify(.) by extensions ['cmake', 'python']
[0.151s] Level 1:colcon.colcon_core.package_identification:_identify(.) by extension 'cmake'
[0.151s] Level 1:colcon.colcon_core.package_identification:_identify(.) by extension 'python'
[0.151s] Level 1:colcon.colcon_core.package_identification:_identify(.) by extensions ['python_setup_py']
[0.152s] Level 1:colcon.colcon_core.package_identification:_identify(.) by extension 'python_setup_py'
[0.152s] Level 1:colcon.colcon_core.package_identification:_identify(build) by extensions ['ignore', 'ignore_ament_install']
[0.152s] Level 1:colcon.colcon_core.package_identification:_identify(build) by extension 'ignore'
[0.152s] Level 1:colcon.colcon_core.package_identification:_identify(build) ignored
[0.152s] Level 1:colcon.colcon_core.package_identification:_identify(install) by extensions ['ignore', 'ignore_ament_install']
[0.152s] Level 1:colcon.colcon_core.package_identification:_identify(install) by extension 'ignore'
[0.152s] Level 1:colcon.colcon_core.package_identification:_identify(install) ignored
[0.152s] Level 1:colcon.colcon_core.package_identification:_identify(log) by extensions ['ignore', 'ignore_ament_install']
[0.153s] Level 1:colcon.colcon_core.package_identification:_identify(log) by extension 'ignore'
[0.153s] Level 1:colcon.colcon_core.package_identification:_identify(log) ignored
[0.153s] Level 1:colcon.colcon_core.package_identification:_identify(src) by extensions ['ignore', 'ignore_ament_install']
[0.154s] Level 1:colcon.colcon_core.package_identification:_identify(src) by extension 'ignore'
[0.154s] Level 1:colcon.colcon_core.package_identification:_identify(src) by extension 'ignore_ament_install'
[0.154s] Level 1:colcon.colcon_core.package_identification:_identify(src) by extensions ['colcon_pkg']
[0.154s] Level 1:colcon.colcon_core.package_identification:_identify(src) by extension 'colcon_pkg'
[0.154s] Level 1:colcon.colcon_core.package_identification:_identify(src) by extensions ['colcon_meta']
[0.154s] Level 1:colcon.colcon_core.package_identification:_identify(src) by extension 'colcon_meta'
[0.154s] Level 1:colcon.colcon_core.package_identification:_identify(src) by extensions ['ros']
[0.154s] Level 1:colcon.colcon_core.package_identification:_identify(src) by extension 'ros'
[0.154s] Level 1:colcon.colcon_core.package_identification:_identify(src) by extensions ['cmake', 'python']
[0.154s] Level 1:colcon.colcon_core.package_identification:_identify(src) by extension 'cmake'
[0.154s] Level 1:colcon.colcon_core.package_identification:_identify(src) by extension 'python'
[0.154s] Level 1:colcon.colcon_core.package_identification:_identify(src) by extensions ['python_setup_py']
[0.154s] Level 1:colcon.colcon_core.package_identification:_identify(src) by extension 'python_setup_py'
[0.155s] Level 1:colcon.colcon_core.package_identification:_identify(src/controller) by extensions ['ignore', 'ignore_ament_install']
[0.155s] Level 1:colcon.colcon_core.package_identification:_identify(src/controller) by extension 'ignore'
[0.155s] Level 1:colcon.colcon_core.package_identification:_identify(src/controller) by extension 'ignore_ament_install'
[0.155s] Level 1:colcon.colcon_core.package_identification:_identify(src/controller) by extensions ['colcon_pkg']
[0.155s] Level 1:colcon.colcon_core.package_identification:_identify(src/controller) by extension 'colcon_pkg'
[0.155s] Level 1:colcon.colcon_core.package_identification:_identify(src/controller) by extensions ['colcon_meta']
[0.155s] Level 1:colcon.colcon_core.package_identification:_identify(src/controller) by extension 'colcon_meta'
[0.155s] Level 1:colcon.colcon_core.package_identification:_identify(src/controller) by extensions ['ros']
[0.155s] Level 1:colcon.colcon_core.package_identification:_identify(src/controller) by extension 'ros'
[0.158s] DEBUG:colcon.colcon_core.package_identification:Package 'src/controller' with type 'ros.ament_python' and name 'controller'
[0.158s] Level 1:colcon.colcon_core.package_identification:_identify(src/px4_msgs) by extensions ['ignore', 'ignore_ament_install']
[0.158s] Level 1:colcon.colcon_core.package_identification:_identify(src/px4_msgs) by extension 'ignore'
[0.158s] Level 1:colcon.colcon_core.package_identification:_identify(src/px4_msgs) by extension 'ignore_ament_install'
[0.158s] Level 1:colcon.colcon_core.package_identification:_identify(src/px4_msgs) by extensions ['colcon_pkg']
[0.158s] Level 1:colcon.colcon_core.package_identification:_identify(src/px4_msgs) by extension 'colcon_pkg'
[0.158s] Level 1:colcon.colcon_core.package_identification:_identify(src/px4_msgs) by extensions ['colcon_meta']
[0.158s] Level 1:colcon.colcon_core.package_identification:_identify(src/px4_msgs) by extension 'colcon_meta'
[0.158s] Level 1:colcon.colcon_core.package_identification:_identify(src/px4_msgs) by extensions ['ros']
[0.158s] Level 1:colcon.colcon_core.package_identification:_identify(src/px4_msgs) by extension 'ros'
[0.159s] DEBUG:colcon.colcon_core.package_identification:Package 'src/px4_msgs' with type 'ros.ament_cmake' and name 'px4_msgs'
[0.159s] Level 1:colcon.colcon_core.package_identification:_identify(src/px4_ros_com) by extensions ['ignore', 'ignore_ament_install']
[0.159s] Level 1:colcon.colcon_core.package_identification:_identify(src/px4_ros_com) by extension 'ignore'
[0.159s] Level 1:colcon.colcon_core.package_identification:_identify(src/px4_ros_com) by extension 'ignore_ament_install'
[0.159s] Level 1:colcon.colcon_core.package_identification:_identify(src/px4_ros_com) by extensions ['colcon_pkg']
[0.159s] Level 1:colcon.colcon_core.package_identification:_identify(src/px4_ros_com) by extension 'colcon_pkg'
[0.160s] Level 1:colcon.colcon_core.package_identification:_identify(src/px4_ros_com) by extensions ['colcon_meta']
[0.160s] Level 1:colcon.colcon_core.package_identification:_identify(src/px4_ros_com) by extension 'colcon_meta'
[0.160s] Level 1:colcon.colcon_core.package_identification:_identify(src/px4_ros_com) by extensions ['ros']
[0.160s] Level 1:colcon.colcon_core.package_identification:_identify(src/px4_ros_com) by extension 'ros'
[0.161s] DEBUG:colcon.colcon_core.package_identification:Package 'src/px4_ros_com' with type 'ros.ament_cmake' and name 'px4_ros_com'
[0.161s] Level 1:colcon.colcon_core.package_discovery:discover_packages(recursive) using defaults
[0.161s] Level 1:colcon.colcon_core.package_discovery:discover_packages(ignore) discover
[0.161s] Level 1:colcon.colcon_core.package_discovery:discover_packages(ignore) using defaults
[0.161s] Level 1:colcon.colcon_core.package_discovery:discover_packages(path) discover
[0.161s] Level 1:colcon.colcon_core.package_discovery:discover_packages(path) using defaults
[0.181s] Level 1:colcon.colcon_core.package_discovery:discover_packages(prefix_path) check parameters
[0.181s] Level 1:colcon.colcon_core.package_discovery:discover_packages(prefix_path) discover
[0.182s] DEBUG:colcon.colcon_installed_package_information.package_discovery:Found 3 installed packages in /home/conor/Documents/PX4_dev/ros2_px_ws/install
[0.183s] DEBUG:colcon.colcon_installed_package_information.package_discovery:Found 3 installed packages in /home/conor/Documents/aero2025/ros_workspace_2025/perception_ws/install
[0.184s] DEBUG:colcon.colcon_installed_package_information.package_discovery:Found 352 installed packages in /opt/ros/humble
[0.185s] Level 1:colcon.colcon_core.package_discovery:discover_packages(prefix_path) using defaults
[0.229s] Level 5:colcon.colcon_core.verb:set package 'controller' build argument 'cmake_args' from command line to 'None'
[0.229s] Level 5:colcon.colcon_core.verb:set package 'controller' build argument 'cmake_target' from command line to 'None'
[0.229s] Level 5:colcon.colcon_core.verb:set package 'controller' build argument 'cmake_target_skip_unavailable' from command line to 'False'
[0.230s] Level 5:colcon.colcon_core.verb:set package 'controller' build argument 'cmake_clean_cache' from command line to 'False'
[0.230s] Level 5:colcon.colcon_core.verb:set package 'controller' build argument 'cmake_clean_first' from command line to 'False'
[0.230s] Level 5:colcon.colcon_core.verb:set package 'controller' build argument 'cmake_force_configure' from command line to 'False'
[0.230s] Level 5:colcon.colcon_core.verb:set package 'controller' build argument 'ament_cmake_args' from command line to 'None'
[0.230s] Level 5:colcon.colcon_core.verb:set package 'controller' build argument 'catkin_cmake_args' from command line to 'None'
[0.230s] Level 5:colcon.colcon_core.verb:set package 'controller' build argument 'catkin_skip_building_tests' from command line to 'False'
[0.230s] DEBUG:colcon.colcon_core.verb:Building package 'controller' with the following arguments: {'ament_cmake_args': None, 'build_base': '/home/conor/Documents/aero2025/ros_workspace_2025/perception_ws/build/controller', 'catkin_cmake_args': None, 'catkin_skip_building_tests': False, 'cmake_args': None, 'cmake_clean_cache': False, 'cmake_clean_first': False, 'cmake_force_configure': False, 'cmake_target': None, 'cmake_target_skip_unavailable': False, 'install_base': '/home/conor/Documents/aero2025/ros_workspace_2025/perception_ws/install/controller', 'merge_install': False, 'path': '/home/conor/Documents/aero2025/ros_workspace_2025/perception_ws/src/controller', 'symlink_install': False, 'test_result_base': None}
[0.230s] Level 5:colcon.colcon_core.verb:set package 'px4_msgs' build argument 'cmake_args' from command line to 'None'
[0.230s] Level 5:colcon.colcon_core.verb:set package 'px4_msgs' build argument 'cmake_target' from command line to 'None'
[0.230s] Level 5:colcon.colcon_core.verb:set package 'px4_msgs' build argument 'cmake_target_skip_unavailable' from command line to 'False'
[0.230s] Level 5:colcon.colcon_core.verb:set package 'px4_msgs' build argument 'cmake_clean_cache' from command line to 'False'
[0.230s] Level 5:colcon.colcon_core.verb:set package 'px4_msgs' build argument 'cmake_clean_first' from command line to 'False'
[0.230s] Level 5:colcon.colcon_core.verb:set package 'px4_msgs' build argument 'cmake_force_configure' from command line to 'False'
[0.230s] Level 5:colcon.colcon_core.verb:set package 'px4_msgs' build argument 'ament_cmake_args' from command line to 'None'
[0.230s] Level 5:colcon.colcon_core.verb:set package 'px4_msgs' build argument 'catkin_cmake_args' from command line to 'None'
[0.230s] Level 5:colcon.colcon_core.verb:set package 'px4_msgs' build argument 'catkin_skip_building_tests' from command line to 'False'
[0.230s] DEBUG:colcon.colcon_core.verb:Building package 'px4_msgs' with the following arguments: {'ament_cmake_args': None, 'build_base': '/home/conor/Documents/aero2025/ros_workspace_2025/perception_ws/build/px4_msgs', 'catkin_cmake_args': None, 'catkin_skip_building_tests': False, 'cmake_args': None, 'cmake_clean_cache': False, 'cmake_clean_first': False, 'cmake_force_configure': False, 'cmake_target': None, 'cmake_target_skip_unavailable': False, 'install_base': '/home/conor/Documents/aero2025/ros_workspace_2025/perception_ws/install/px4_msgs', 'merge_install': False, 'path': '/home/conor/Documents/aero2025/ros_workspace_2025/perception_ws/src/px4_msgs', 'symlink_install': False, 'test_result_base': None}
[0.230s] Level 5:colcon.colcon_core.verb:set package 'px4_ros_com' build argument 'cmake_args' from command line to 'None'
[0.230s] Level 5:colcon.colcon_core.verb:set package 'px4_ros_com' build argument 'cmake_target' from command line to 'None'
[0.230s] Level 5:colcon.colcon_core.verb:set package 'px4_ros_com' build argument 'cmake_target_skip_unavailable' from command line to 'False'
[0.230s] Level 5:colcon.colcon_core.verb:set package 'px4_ros_com' build argument 'cmake_clean_cache' from command line to 'False'
[0.230s] Level 5:colcon.colcon_core.verb:set package 'px4_ros_com' build argument 'cmake_clean_first' from command line to 'False'
[0.230s] Level 5:colcon.colcon_core.verb:set package 'px4_ros_com' build argument 'cmake_force_configure' from command line to 'False'
[0.230s] Level 5:colcon.colcon_core.verb:set package 'px4_ros_com' build argument 'ament_cmake_args' from command line to 'None'
[0.230s] Level 5:colcon.colcon_core.verb:set package 'px4_ros_com' build argument 'catkin_cmake_args' from command line to 'None'
[0.231s] Level 5:colcon.colcon_core.verb:set package 'px4_ros_com' build argument 'catkin_skip_building_tests' from command line to 'False'
[0.231s] DEBUG:colcon.colcon_core.verb:Building package 'px4_ros_com' with the following arguments: {'ament_cmake_args': None, 'build_base': '/home/conor/Documents/aero2025/ros_workspace_2025/perception_ws/build/px4_ros_com', 'catkin_cmake_args': None, 'catkin_skip_building_tests': False, 'cmake_args': None, 'cmake_clean_cache': False, 'cmake_clean_first': False, 'cmake_force_configure': False, 'cmake_target': None, 'cmake_target_skip_unavailable': False, 'install_base': '/home/conor/Documents/aero2025/ros_workspace_2025/perception_ws/install/px4_ros_com', 'merge_install': False, 'path': '/home/conor/Documents/aero2025/ros_workspace_2025/perception_ws/src/px4_ros_com', 'symlink_install': False, 'test_result_base': None}
[0.231s] INFO:colcon.colcon_core.executor:Executing jobs using 'parallel' executor
[0.232s] DEBUG:colcon.colcon_parallel_executor.executor.parallel:run_until_complete
[0.232s] INFO:colcon.colcon_ros.task.ament_cmake.build:Building ROS package in '/home/conor/Documents/aero2025/ros_workspace_2025/perception_ws/src/px4_msgs' with build type 'ament_cmake'
[0.232s] INFO:colcon.colcon_cmake.task.cmake.build:Building CMake package in '/home/conor/Documents/aero2025/ros_workspace_2025/perception_ws/src/px4_msgs'
[0.234s] INFO:colcon.colcon_core.plugin_system:Skipping extension 'colcon_core.shell.bat': Not used on non-Windows systems
[0.234s] INFO:colcon.colcon_core.shell:Skip shell extension 'powershell' for command environment: Not usable outside of PowerShell
[0.234s] DEBUG:colcon.colcon_core.shell:Skip shell extension 'dsv' for command environment
[0.238s] INFO:colcon.colcon_ros.task.ament_python.build:Building ROS package in '/home/conor/Documents/aero2025/ros_workspace_2025/perception_ws/src/controller' with build type 'ament_python'
[0.238s] Level 1:colcon.colcon_core.shell:create_environment_hook('controller', 'ament_prefix_path')
[0.239s] INFO:colcon.colcon_core.shell:Creating environment hook '/home/conor/Documents/aero2025/ros_workspace_2025/perception_ws/install/controller/share/controller/hook/ament_prefix_path.ps1'
[0.240s] INFO:colcon.colcon_core.shell:Creating environment descriptor '/home/conor/Documents/aero2025/ros_workspace_2025/perception_ws/install/controller/share/controller/hook/ament_prefix_path.dsv'
[0.240s] INFO:colcon.colcon_core.shell:Creating environment hook '/home/conor/Documents/aero2025/ros_workspace_2025/perception_ws/install/controller/share/controller/hook/ament_prefix_path.sh'
[0.241s] INFO:colcon.colcon_core.shell:Skip shell extension 'powershell' for command environment: Not usable outside of PowerShell
[0.242s] DEBUG:colcon.colcon_core.shell:Skip shell extension 'dsv' for command environment
[0.252s] DEBUG:colcon.colcon_core.event_handler.log_command:Invoking command in '/home/conor/Documents/aero2025/ros_workspace_2025/perception_ws/build/px4_msgs': CMAKE_PREFIX_PATH=${CMAKE_PREFIX_PATH}:/home/conor/Documents/aero2025/ros_workspace_2025/perception_ws/install/controller:/home/conor/Documents/PX4_dev/ros2_px_ws/install/vtol_ctrl:/opt/ros/humble /usr/bin/cmake --build /home/conor/Documents/aero2025/ros_workspace_2025/perception_ws/build/px4_msgs -- -j20 -l20
[0.454s] INFO:colcon.colcon_core.task.python.build:Building Python package in '/home/conor/Documents/aero2025/ros_workspace_2025/perception_ws/src/controller'
[0.454s] INFO:colcon.colcon_core.shell:Skip shell extension 'powershell' for command environment: Not usable outside of PowerShell
[0.454s] DEBUG:colcon.colcon_core.shell:Skip shell extension 'dsv' for command environment
[1.074s] DEBUG:colcon.colcon_core.event_handler.log_command:Invoking command in '/home/conor/Documents/aero2025/ros_workspace_2025/perception_ws/src/controller': PYTHONPATH=/home/conor/Documents/aero2025/ros_workspace_2025/perception_ws/build/controller/prefix_override:/usr/lib/python3/dist-packages/colcon_core/task/python/colcon_distutils_commands:/home/conor/Documents/aero2025/ros_workspace_2025/perception_ws/install/controller/lib/python3.10/site-packages:${PYTHONPATH} /usr/bin/python3 -W ignore:setup.py install is deprecated setup.py egg_info --egg-base ../../build/controller build --build-base /home/conor/Documents/aero2025/ros_workspace_2025/perception_ws/build/controller/build install --record /home/conor/Documents/aero2025/ros_workspace_2025/perception_ws/build/controller/install.log --single-version-externally-managed install_data
[1.350s] DEBUG:colcon.colcon_core.event_handler.log_command:Invoked command in '/home/conor/Documents/aero2025/ros_workspace_2025/perception_ws/build/px4_msgs' returned '0': CMAKE_PREFIX_PATH=${CMAKE_PREFIX_PATH}:/home/conor/Documents/aero2025/ros_workspace_2025/perception_ws/install/controller:/home/conor/Documents/PX4_dev/ros2_px_ws/install/vtol_ctrl:/opt/ros/humble /usr/bin/cmake --build /home/conor/Documents/aero2025/ros_workspace_2025/perception_ws/build/px4_msgs -- -j20 -l20
[1.584s] DEBUG:colcon.colcon_core.event_handler.log_command:Invoked command in '/home/conor/Documents/aero2025/ros_workspace_2025/perception_ws/src/controller' returned '0': PYTHONPATH=/home/conor/Documents/aero2025/ros_workspace_2025/perception_ws/build/controller/prefix_override:/usr/lib/python3/dist-packages/colcon_core/task/python/colcon_distutils_commands:/home/conor/Documents/aero2025/ros_workspace_2025/perception_ws/install/controller/lib/python3.10/site-packages:${PYTHONPATH} /usr/bin/python3 -W ignore:setup.py install is deprecated setup.py egg_info --egg-base ../../build/controller build --build-base /home/conor/Documents/aero2025/ros_workspace_2025/perception_ws/build/controller/build install --record /home/conor/Documents/aero2025/ros_workspace_2025/perception_ws/build/controller/install.log --single-version-externally-managed install_data
[1.585s] Level 1:colcon.colcon_core.environment:checking '/home/conor/Documents/aero2025/ros_workspace_2025/perception_ws/install/controller' for CMake module files
[1.586s] Level 1:colcon.colcon_core.environment:checking '/home/conor/Documents/aero2025/ros_workspace_2025/perception_ws/install/controller' for CMake config files
[1.586s] Level 1:colcon.colcon_core.environment:checking '/home/conor/Documents/aero2025/ros_workspace_2025/perception_ws/install/controller/lib'
[1.587s] Level 1:colcon.colcon_core.environment:checking '/home/conor/Documents/aero2025/ros_workspace_2025/perception_ws/install/controller/bin'
[1.587s] Level 1:colcon.colcon_core.environment:checking '/home/conor/Documents/aero2025/ros_workspace_2025/perception_ws/install/controller/lib/pkgconfig/controller.pc'
[1.587s] Level 1:colcon.colcon_core.environment:checking '/home/conor/Documents/aero2025/ros_workspace_2025/perception_ws/install/controller/lib/python3.10/site-packages'
[1.587s] Level 1:colcon.colcon_core.shell:create_environment_hook('controller', 'pythonpath')
[1.587s] INFO:colcon.colcon_core.shell:Creating environment hook '/home/conor/Documents/aero2025/ros_workspace_2025/perception_ws/install/controller/share/controller/hook/pythonpath.ps1'
[1.588s] INFO:colcon.colcon_core.shell:Creating environment descriptor '/home/conor/Documents/aero2025/ros_workspace_2025/perception_ws/install/controller/share/controller/hook/pythonpath.dsv'
[1.588s] INFO:colcon.colcon_core.shell:Creating environment hook '/home/conor/Documents/aero2025/ros_workspace_2025/perception_ws/install/controller/share/controller/hook/pythonpath.sh'
[1.589s] Level 1:colcon.colcon_core.environment:checking '/home/conor/Documents/aero2025/ros_workspace_2025/perception_ws/install/controller/bin'
[1.589s] Level 1:colcon.colcon_core.environment:create_environment_scripts_only(controller)
[1.589s] INFO:colcon.colcon_core.shell:Creating package script '/home/conor/Documents/aero2025/ros_workspace_2025/perception_ws/install/controller/share/controller/package.ps1'
[1.590s] INFO:colcon.colcon_core.shell:Creating package descriptor '/home/conor/Documents/aero2025/ros_workspace_2025/perception_ws/install/controller/share/controller/package.dsv'
[1.591s] INFO:colcon.colcon_core.shell:Creating package script '/home/conor/Documents/aero2025/ros_workspace_2025/perception_ws/install/controller/share/controller/package.sh'
[1.593s] INFO:colcon.colcon_core.shell:Creating package script '/home/conor/Documents/aero2025/ros_workspace_2025/perception_ws/install/controller/share/controller/package.bash'
[1.593s] INFO:colcon.colcon_core.shell:Creating package script '/home/conor/Documents/aero2025/ros_workspace_2025/perception_ws/install/controller/share/controller/package.zsh'
[1.594s] Level 1:colcon.colcon_core.environment:create_file_with_runtime_dependencies(/home/conor/Documents/aero2025/ros_workspace_2025/perception_ws/install/controller/share/colcon-core/packages/controller)
[8.345s] DEBUG:colcon.colcon_core.event_handler.log_command:Invoking command in '/home/conor/Documents/aero2025/ros_workspace_2025/perception_ws/build/px4_msgs': CMAKE_PREFIX_PATH=${CMAKE_PREFIX_PATH}:/home/conor/Documents/aero2025/ros_workspace_2025/perception_ws/install/controller:/home/conor/Documents/PX4_dev/ros2_px_ws/install/vtol_ctrl:/opt/ros/humble /usr/bin/cmake --install /home/conor/Documents/aero2025/ros_workspace_2025/perception_ws/build/px4_msgs
[8.802s] Level 1:colcon.colcon_core.environment:create_environment_scripts_only(px4_msgs)
[8.802s] Level 1:colcon.colcon_core.environment:checking '/home/conor/Documents/aero2025/ros_workspace_2025/perception_ws/install/px4_msgs' for CMake module files
[8.803s] DEBUG:colcon.colcon_core.event_handler.log_command:Invoked command in '/home/conor/Documents/aero2025/ros_workspace_2025/perception_ws/build/px4_msgs' returned '0': CMAKE_PREFIX_PATH=${CMAKE_PREFIX_PATH}:/home/conor/Documents/aero2025/ros_workspace_2025/perception_ws/install/controller:/home/conor/Documents/PX4_dev/ros2_px_ws/install/vtol_ctrl:/opt/ros/humble /usr/bin/cmake --install /home/conor/Documents/aero2025/ros_workspace_2025/perception_ws/build/px4_msgs
[8.803s] Level 1:colcon.colcon_core.environment:checking '/home/conor/Documents/aero2025/ros_workspace_2025/perception_ws/install/px4_msgs' for CMake config files
[8.804s] Level 1:colcon.colcon_core.shell:create_environment_hook('px4_msgs', 'cmake_prefix_path')
[8.804s] INFO:colcon.colcon_core.shell:Creating environment hook '/home/conor/Documents/aero2025/ros_workspace_2025/perception_ws/install/px4_msgs/share/px4_msgs/hook/cmake_prefix_path.ps1'
[8.805s] INFO:colcon.colcon_core.shell:Creating environment descriptor '/home/conor/Documents/aero2025/ros_workspace_2025/perception_ws/install/px4_msgs/share/px4_msgs/hook/cmake_prefix_path.dsv'
[8.805s] INFO:colcon.colcon_core.shell:Creating environment hook '/home/conor/Documents/aero2025/ros_workspace_2025/perception_ws/install/px4_msgs/share/px4_msgs/hook/cmake_prefix_path.sh'
[8.805s] Level 1:colcon.colcon_core.environment:checking '/home/conor/Documents/aero2025/ros_workspace_2025/perception_ws/install/px4_msgs/lib'
[8.805s] Level 1:colcon.colcon_core.shell:create_environment_hook('px4_msgs', 'ld_library_path_lib')
[8.805s] INFO:colcon.colcon_core.shell:Creating environment hook '/home/conor/Documents/aero2025/ros_workspace_2025/perception_ws/install/px4_msgs/share/px4_msgs/hook/ld_library_path_lib.ps1'
[8.806s] INFO:colcon.colcon_core.shell:Creating environment descriptor '/home/conor/Documents/aero2025/ros_workspace_2025/perception_ws/install/px4_msgs/share/px4_msgs/hook/ld_library_path_lib.dsv'
[8.806s] INFO:colcon.colcon_core.shell:Creating environment hook '/home/conor/Documents/aero2025/ros_workspace_2025/perception_ws/install/px4_msgs/share/px4_msgs/hook/ld_library_path_lib.sh'
[8.806s] Level 1:colcon.colcon_core.environment:checking '/home/conor/Documents/aero2025/ros_workspace_2025/perception_ws/install/px4_msgs/bin'
[8.806s] Level 1:colcon.colcon_core.environment:checking '/home/conor/Documents/aero2025/ros_workspace_2025/perception_ws/install/px4_msgs/lib/pkgconfig/px4_msgs.pc'
[8.806s] Level 1:colcon.colcon_core.environment:checking '/home/conor/Documents/aero2025/ros_workspace_2025/perception_ws/install/px4_msgs/lib/python3.10/site-packages'
[8.806s] Level 1:colcon.colcon_core.environment:checking '/home/conor/Documents/aero2025/ros_workspace_2025/perception_ws/install/px4_msgs/bin'
[8.807s] INFO:colcon.colcon_core.shell:Creating package script '/home/conor/Documents/aero2025/ros_workspace_2025/perception_ws/install/px4_msgs/share/px4_msgs/package.ps1'
[8.807s] INFO:colcon.colcon_core.shell:Creating package descriptor '/home/conor/Documents/aero2025/ros_workspace_2025/perception_ws/install/px4_msgs/share/px4_msgs/package.dsv'
[8.807s] INFO:colcon.colcon_core.shell:Creating package script '/home/conor/Documents/aero2025/ros_workspace_2025/perception_ws/install/px4_msgs/share/px4_msgs/package.sh'
[8.808s] INFO:colcon.colcon_core.shell:Creating package script '/home/conor/Documents/aero2025/ros_workspace_2025/perception_ws/install/px4_msgs/share/px4_msgs/package.bash'
[8.808s] INFO:colcon.colcon_core.shell:Creating package script '/home/conor/Documents/aero2025/ros_workspace_2025/perception_ws/install/px4_msgs/share/px4_msgs/package.zsh'
[8.808s] Level 1:colcon.colcon_core.environment:create_file_with_runtime_dependencies(/home/conor/Documents/aero2025/ros_workspace_2025/perception_ws/install/px4_msgs/share/colcon-core/packages/px4_msgs)
[15.863s] Level 1:colcon.colcon_core.environment:create_environment_scripts_only(px4_msgs)
[15.864s] Level 1:colcon.colcon_core.environment:checking '/home/conor/Documents/aero2025/ros_workspace_2025/perception_ws/install/px4_msgs' for CMake module files
[15.865s] Level 1:colcon.colcon_core.environment:checking '/home/conor/Documents/aero2025/ros_workspace_2025/perception_ws/install/px4_msgs' for CMake config files
[15.866s] Level 1:colcon.colcon_core.shell:create_environment_hook('px4_msgs', 'cmake_prefix_path')
[15.867s] INFO:colcon.colcon_core.shell:Creating environment hook '/home/conor/Documents/aero2025/ros_workspace_2025/perception_ws/install/px4_msgs/share/px4_msgs/hook/cmake_prefix_path.ps1'
[15.867s] INFO:colcon.colcon_core.shell:Creating environment descriptor '/home/conor/Documents/aero2025/ros_workspace_2025/perception_ws/install/px4_msgs/share/px4_msgs/hook/cmake_prefix_path.dsv'
[15.868s] INFO:colcon.colcon_core.shell:Creating environment hook '/home/conor/Documents/aero2025/ros_workspace_2025/perception_ws/install/px4_msgs/share/px4_msgs/hook/cmake_prefix_path.sh'
[15.869s] Level 1:colcon.colcon_core.environment:checking '/home/conor/Documents/aero2025/ros_workspace_2025/perception_ws/install/px4_msgs/lib'
[15.869s] Level 1:colcon.colcon_core.shell:create_environment_hook('px4_msgs', 'ld_library_path_lib')
[15.869s] INFO:colcon.colcon_core.shell:Creating environment hook '/home/conor/Documents/aero2025/ros_workspace_2025/perception_ws/install/px4_msgs/share/px4_msgs/hook/ld_library_path_lib.ps1'
[15.870s] INFO:colcon.colcon_core.shell:Creating environment descriptor '/home/conor/Documents/aero2025/ros_workspace_2025/perception_ws/install/px4_msgs/share/px4_msgs/hook/ld_library_path_lib.dsv'
[15.870s] INFO:colcon.colcon_core.shell:Creating environment hook '/home/conor/Documents/aero2025/ros_workspace_2025/perception_ws/install/px4_msgs/share/px4_msgs/hook/ld_library_path_lib.sh'
[15.870s] Level 1:colcon.colcon_core.environment:checking '/home/conor/Documents/aero2025/ros_workspace_2025/perception_ws/install/px4_msgs/bin'
[15.870s] Level 1:colcon.colcon_core.environment:checking '/home/conor/Documents/aero2025/ros_workspace_2025/perception_ws/install/px4_msgs/lib/pkgconfig/px4_msgs.pc'
[15.871s] Level 1:colcon.colcon_core.environment:checking '/home/conor/Documents/aero2025/ros_workspace_2025/perception_ws/install/px4_msgs/lib/python3.10/site-packages'
[15.871s] Level 1:colcon.colcon_core.environment:checking '/home/conor/Documents/aero2025/ros_workspace_2025/perception_ws/install/px4_msgs/bin'
[15.871s] INFO:colcon.colcon_core.shell:Creating package script '/home/conor/Documents/aero2025/ros_workspace_2025/perception_ws/install/px4_msgs/share/px4_msgs/package.ps1'
[15.872s] INFO:colcon.colcon_core.shell:Creating package descriptor '/home/conor/Documents/aero2025/ros_workspace_2025/perception_ws/install/px4_msgs/share/px4_msgs/package.dsv'
[15.872s] INFO:colcon.colcon_core.shell:Creating package script '/home/conor/Documents/aero2025/ros_workspace_2025/perception_ws/install/px4_msgs/share/px4_msgs/package.sh'
[15.876s] INFO:colcon.colcon_core.shell:Creating package script '/home/conor/Documents/aero2025/ros_workspace_2025/perception_ws/install/px4_msgs/share/px4_msgs/package.bash'
[15.876s] INFO:colcon.colcon_core.shell:Creating package script '/home/conor/Documents/aero2025/ros_workspace_2025/perception_ws/install/px4_msgs/share/px4_msgs/package.zsh'
[15.877s] Level 1:colcon.colcon_core.environment:create_file_with_runtime_dependencies(/home/conor/Documents/aero2025/ros_workspace_2025/perception_ws/install/px4_msgs/share/colcon-core/packages/px4_msgs)
[15.877s] INFO:colcon.colcon_ros.task.ament_cmake.build:Building ROS package in '/home/conor/Documents/aero2025/ros_workspace_2025/perception_ws/src/px4_ros_com' with build type 'ament_cmake'
[15.877s] INFO:colcon.colcon_cmake.task.cmake.build:Building CMake package in '/home/conor/Documents/aero2025/ros_workspace_2025/perception_ws/src/px4_ros_com'
[15.877s] INFO:colcon.colcon_core.shell:Skip shell extension 'powershell' for command environment: Not usable outside of PowerShell
[15.878s] DEBUG:colcon.colcon_core.shell:Skip shell extension 'dsv' for command environment
[15.892s] DEBUG:colcon.colcon_core.event_handler.log_command:Invoking command in '/home/conor/Documents/aero2025/ros_workspace_2025/perception_ws/build/px4_ros_com': CMAKE_PREFIX_PATH=/home/conor/Documents/aero2025/ros_workspace_2025/perception_ws/install/px4_msgs:/home/conor/Documents/aero2025/ros_workspace_2025/perception_ws/install/px4_ros_com:/home/conor/Documents/PX4_dev/ros2_px_ws/install/px4_msgs:/home/conor/Documents/PX4_dev/ros2_px_ws/install/pointcloud_to_laserscan:/home/conor/Documents/aero2025/ros_workspace_2025/perception_ws/install/controller:/home/conor/Documents/PX4_dev/ros2_px_ws/install/vtol_ctrl:/opt/ros/humble LD_LIBRARY_PATH=/home/conor/Documents/aero2025/ros_workspace_2025/perception_ws/install/px4_msgs/lib:/usr/local/cuda/lib64:/home/conor/Documents/aero2025/ros_workspace_2025/perception_ws/install/px4_ros_com/lib:/usr/local/cuda/lib64:/home/conor/Documents/PX4_dev/ros2_px_ws/install/px4_msgs/lib:/home/conor/Documents/PX4_dev/ros2_px_ws/install/pointcloud_to_laserscan/lib:/opt/ros/humble/opt/rviz_ogre_vendor/lib:/opt/ros/humble/lib/x86_64-linux-gnu:/opt/ros/humble/lib /usr/bin/cmake --build /home/conor/Documents/aero2025/ros_workspace_2025/perception_ws/build/px4_ros_com -- -j20 -l20
[16.282s] DEBUG:colcon.colcon_core.event_handler.log_command:Invoked command in '/home/conor/Documents/aero2025/ros_workspace_2025/perception_ws/build/px4_ros_com' returned '0': CMAKE_PREFIX_PATH=/home/conor/Documents/aero2025/ros_workspace_2025/perception_ws/install/px4_msgs:/home/conor/Documents/aero2025/ros_workspace_2025/perception_ws/install/px4_ros_com:/home/conor/Documents/PX4_dev/ros2_px_ws/install/px4_msgs:/home/conor/Documents/PX4_dev/ros2_px_ws/install/pointcloud_to_laserscan:/home/conor/Documents/aero2025/ros_workspace_2025/perception_ws/install/controller:/home/conor/Documents/PX4_dev/ros2_px_ws/install/vtol_ctrl:/opt/ros/humble LD_LIBRARY_PATH=/home/conor/Documents/aero2025/ros_workspace_2025/perception_ws/install/px4_msgs/lib:/usr/local/cuda/lib64:/home/conor/Documents/aero2025/ros_workspace_2025/perception_ws/install/px4_ros_com/lib:/usr/local/cuda/lib64:/home/conor/Documents/PX4_dev/ros2_px_ws/install/px4_msgs/lib:/home/conor/Documents/PX4_dev/ros2_px_ws/install/pointcloud_to_laserscan/lib:/opt/ros/humble/opt/rviz_ogre_vendor/lib:/opt/ros/humble/lib/x86_64-linux-gnu:/opt/ros/humble/lib /usr/bin/cmake --build /home/conor/Documents/aero2025/ros_workspace_2025/perception_ws/build/px4_ros_com -- -j20 -l20
[16.353s] DEBUG:colcon.colcon_core.event_handler.log_command:Invoking command in '/home/conor/Documents/aero2025/ros_workspace_2025/perception_ws/build/px4_ros_com': CMAKE_PREFIX_PATH=/home/conor/Documents/aero2025/ros_workspace_2025/perception_ws/install/px4_msgs:/home/conor/Documents/aero2025/ros_workspace_2025/perception_ws/install/px4_ros_com:/home/conor/Documents/PX4_dev/ros2_px_ws/install/px4_msgs:/home/conor/Documents/PX4_dev/ros2_px_ws/install/pointcloud_to_laserscan:/home/conor/Documents/aero2025/ros_workspace_2025/perception_ws/install/controller:/home/conor/Documents/PX4_dev/ros2_px_ws/install/vtol_ctrl:/opt/ros/humble LD_LIBRARY_PATH=/home/conor/Documents/aero2025/ros_workspace_2025/perception_ws/install/px4_msgs/lib:/usr/local/cuda/lib64:/home/conor/Documents/aero2025/ros_workspace_2025/perception_ws/install/px4_ros_com/lib:/usr/local/cuda/lib64:/home/conor/Documents/PX4_dev/ros2_px_ws/install/px4_msgs/lib:/home/conor/Documents/PX4_dev/ros2_px_ws/install/pointcloud_to_laserscan/lib:/opt/ros/humble/opt/rviz_ogre_vendor/lib:/opt/ros/humble/lib/x86_64-linux-gnu:/opt/ros/humble/lib /usr/bin/cmake --install /home/conor/Documents/aero2025/ros_workspace_2025/perception_ws/build/px4_ros_com
[16.407s] Level 1:colcon.colcon_core.environment:create_environment_scripts_only(px4_ros_com)
[16.408s] Level 1:colcon.colcon_core.environment:checking '/home/conor/Documents/aero2025/ros_workspace_2025/perception_ws/install/px4_ros_com' for CMake module files
[16.408s] DEBUG:colcon.colcon_core.event_handler.log_command:Invoked command in '/home/conor/Documents/aero2025/ros_workspace_2025/perception_ws/build/px4_ros_com' returned '0': CMAKE_PREFIX_PATH=/home/conor/Documents/aero2025/ros_workspace_2025/perception_ws/install/px4_msgs:/home/conor/Documents/aero2025/ros_workspace_2025/perception_ws/install/px4_ros_com:/home/conor/Documents/PX4_dev/ros2_px_ws/install/px4_msgs:/home/conor/Documents/PX4_dev/ros2_px_ws/install/pointcloud_to_laserscan:/home/conor/Documents/aero2025/ros_workspace_2025/perception_ws/install/controller:/home/conor/Documents/PX4_dev/ros2_px_ws/install/vtol_ctrl:/opt/ros/humble LD_LIBRARY_PATH=/home/conor/Documents/aero2025/ros_workspace_2025/perception_ws/install/px4_msgs/lib:/usr/local/cuda/lib64:/home/conor/Documents/aero2025/ros_workspace_2025/perception_ws/install/px4_ros_com/lib:/usr/local/cuda/lib64:/home/conor/Documents/PX4_dev/ros2_px_ws/install/px4_msgs/lib:/home/conor/Documents/PX4_dev/ros2_px_ws/install/pointcloud_to_laserscan/lib:/opt/ros/humble/opt/rviz_ogre_vendor/lib:/opt/ros/humble/lib/x86_64-linux-gnu:/opt/ros/humble/lib /usr/bin/cmake --install /home/conor/Documents/aero2025/ros_workspace_2025/perception_ws/build/px4_ros_com
[16.409s] Level 1:colcon.colcon_core.environment:checking '/home/conor/Documents/aero2025/ros_workspace_2025/perception_ws/install/px4_ros_com' for CMake config files
[16.409s] Level 1:colcon.colcon_core.shell:create_environment_hook('px4_ros_com', 'cmake_prefix_path')
[16.409s] INFO:colcon.colcon_core.shell:Creating environment hook '/home/conor/Documents/aero2025/ros_workspace_2025/perception_ws/install/px4_ros_com/share/px4_ros_com/hook/cmake_prefix_path.ps1'
[16.410s] INFO:colcon.colcon_core.shell:Creating environment descriptor '/home/conor/Documents/aero2025/ros_workspace_2025/perception_ws/install/px4_ros_com/share/px4_ros_com/hook/cmake_prefix_path.dsv'
[16.410s] INFO:colcon.colcon_core.shell:Creating environment hook '/home/conor/Documents/aero2025/ros_workspace_2025/perception_ws/install/px4_ros_com/share/px4_ros_com/hook/cmake_prefix_path.sh'
[16.410s] Level 1:colcon.colcon_core.environment:checking '/home/conor/Documents/aero2025/ros_workspace_2025/perception_ws/install/px4_ros_com/lib'
[16.410s] Level 1:colcon.colcon_core.shell:create_environment_hook('px4_ros_com', 'ld_library_path_lib')
[16.410s] INFO:colcon.colcon_core.shell:Creating environment hook '/home/conor/Documents/aero2025/ros_workspace_2025/perception_ws/install/px4_ros_com/share/px4_ros_com/hook/ld_library_path_lib.ps1'
[16.411s] INFO:colcon.colcon_core.shell:Creating environment descriptor '/home/conor/Documents/aero2025/ros_workspace_2025/perception_ws/install/px4_ros_com/share/px4_ros_com/hook/ld_library_path_lib.dsv'
[16.411s] INFO:colcon.colcon_core.shell:Creating environment hook '/home/conor/Documents/aero2025/ros_workspace_2025/perception_ws/install/px4_ros_com/share/px4_ros_com/hook/ld_library_path_lib.sh'
[16.411s] Level 1:colcon.colcon_core.environment:checking '/home/conor/Documents/aero2025/ros_workspace_2025/perception_ws/install/px4_ros_com/bin'
[16.411s] Level 1:colcon.colcon_core.environment:checking '/home/conor/Documents/aero2025/ros_workspace_2025/perception_ws/install/px4_ros_com/lib/pkgconfig/px4_ros_com.pc'
[16.411s] Level 1:colcon.colcon_core.environment:checking '/home/conor/Documents/aero2025/ros_workspace_2025/perception_ws/install/px4_ros_com/lib/python3.10/site-packages'
[16.411s] Level 1:colcon.colcon_core.environment:checking '/home/conor/Documents/aero2025/ros_workspace_2025/perception_ws/install/px4_ros_com/bin'
[16.412s] INFO:colcon.colcon_core.shell:Creating package script '/home/conor/Documents/aero2025/ros_workspace_2025/perception_ws/install/px4_ros_com/share/px4_ros_com/package.ps1'
[16.412s] INFO:colcon.colcon_core.shell:Creating package descriptor '/home/conor/Documents/aero2025/ros_workspace_2025/perception_ws/install/px4_ros_com/share/px4_ros_com/package.dsv'
[16.412s] INFO:colcon.colcon_core.shell:Creating package script '/home/conor/Documents/aero2025/ros_workspace_2025/perception_ws/install/px4_ros_com/share/px4_ros_com/package.sh'
[16.412s] INFO:colcon.colcon_core.shell:Creating package script '/home/conor/Documents/aero2025/ros_workspace_2025/perception_ws/install/px4_ros_com/share/px4_ros_com/package.bash'
[16.413s] INFO:colcon.colcon_core.shell:Creating package script '/home/conor/Documents/aero2025/ros_workspace_2025/perception_ws/install/px4_ros_com/share/px4_ros_com/package.zsh'
[16.413s] Level 1:colcon.colcon_core.environment:create_file_with_runtime_dependencies(/home/conor/Documents/aero2025/ros_workspace_2025/perception_ws/install/px4_ros_com/share/colcon-core/packages/px4_ros_com)
[16.473s] Level 1:colcon.colcon_core.environment:create_environment_scripts_only(px4_ros_com)
[16.473s] Level 1:colcon.colcon_core.environment:checking '/home/conor/Documents/aero2025/ros_workspace_2025/perception_ws/install/px4_ros_com' for CMake module files
[16.473s] Level 1:colcon.colcon_core.environment:checking '/home/conor/Documents/aero2025/ros_workspace_2025/perception_ws/install/px4_ros_com' for CMake config files
[16.474s] Level 1:colcon.colcon_core.shell:create_environment_hook('px4_ros_com', 'cmake_prefix_path')
[16.474s] INFO:colcon.colcon_core.shell:Creating environment hook '/home/conor/Documents/aero2025/ros_workspace_2025/perception_ws/install/px4_ros_com/share/px4_ros_com/hook/cmake_prefix_path.ps1'
[16.474s] INFO:colcon.colcon_core.shell:Creating environment descriptor '/home/conor/Documents/aero2025/ros_workspace_2025/perception_ws/install/px4_ros_com/share/px4_ros_com/hook/cmake_prefix_path.dsv'
[16.475s] INFO:colcon.colcon_core.shell:Creating environment hook '/home/conor/Documents/aero2025/ros_workspace_2025/perception_ws/install/px4_ros_com/share/px4_ros_com/hook/cmake_prefix_path.sh'
[16.475s] Level 1:colcon.colcon_core.environment:checking '/home/conor/Documents/aero2025/ros_workspace_2025/perception_ws/install/px4_ros_com/lib'
[16.475s] Level 1:colcon.colcon_core.shell:create_environment_hook('px4_ros_com', 'ld_library_path_lib')
[16.476s] INFO:colcon.colcon_core.shell:Creating environment hook '/home/conor/Documents/aero2025/ros_workspace_2025/perception_ws/install/px4_ros_com/share/px4_ros_com/hook/ld_library_path_lib.ps1'
[16.476s] INFO:colcon.colcon_core.shell:Creating environment descriptor '/home/conor/Documents/aero2025/ros_workspace_2025/perception_ws/install/px4_ros_com/share/px4_ros_com/hook/ld_library_path_lib.dsv'
[16.476s] INFO:colcon.colcon_core.shell:Creating environment hook '/home/conor/Documents/aero2025/ros_workspace_2025/perception_ws/install/px4_ros_com/share/px4_ros_com/hook/ld_library_path_lib.sh'
[16.476s] Level 1:colcon.colcon_core.environment:checking '/home/conor/Documents/aero2025/ros_workspace_2025/perception_ws/install/px4_ros_com/bin'
[16.477s] Level 1:colcon.colcon_core.environment:checking '/home/conor/Documents/aero2025/ros_workspace_2025/perception_ws/install/px4_ros_com/lib/pkgconfig/px4_ros_com.pc'
[16.477s] Level 1:colcon.colcon_core.environment:checking '/home/conor/Documents/aero2025/ros_workspace_2025/perception_ws/install/px4_ros_com/lib/python3.10/site-packages'
[16.477s] Level 1:colcon.colcon_core.environment:checking '/home/conor/Documents/aero2025/ros_workspace_2025/perception_ws/install/px4_ros_com/bin'
[16.477s] INFO:colcon.colcon_core.shell:Creating package script '/home/conor/Documents/aero2025/ros_workspace_2025/perception_ws/install/px4_ros_com/share/px4_ros_com/package.ps1'
[16.478s] INFO:colcon.colcon_core.shell:Creating package descriptor '/home/conor/Documents/aero2025/ros_workspace_2025/perception_ws/install/px4_ros_com/share/px4_ros_com/package.dsv'
[16.478s] INFO:colcon.colcon_core.shell:Creating package script '/home/conor/Documents/aero2025/ros_workspace_2025/perception_ws/install/px4_ros_com/share/px4_ros_com/package.sh'
[16.478s] INFO:colcon.colcon_core.shell:Creating package script '/home/conor/Documents/aero2025/ros_workspace_2025/perception_ws/install/px4_ros_com/share/px4_ros_com/package.bash'
[16.479s] INFO:colcon.colcon_core.shell:Creating package script '/home/conor/Documents/aero2025/ros_workspace_2025/perception_ws/install/px4_ros_com/share/px4_ros_com/package.zsh'
[16.479s] Level 1:colcon.colcon_core.environment:create_file_with_runtime_dependencies(/home/conor/Documents/aero2025/ros_workspace_2025/perception_ws/install/px4_ros_com/share/colcon-core/packages/px4_ros_com)
[16.479s] DEBUG:colcon.colcon_parallel_executor.executor.parallel:closing loop
[16.479s] DEBUG:colcon.colcon_parallel_executor.executor.parallel:loop closed
[16.479s] DEBUG:colcon.colcon_parallel_executor.executor.parallel:run_until_complete finished with '0'
[16.479s] DEBUG:colcon.colcon_core.event_reactor:joining thread
[16.485s] INFO:colcon.colcon_core.plugin_system:Skipping extension 'colcon_notification.desktop_notification.terminal_notifier': Not used on non-Darwin systems
[16.485s] INFO:colcon.colcon_core.plugin_system:Skipping extension 'colcon_notification.desktop_notification.win32': Not used on non-Windows systems
[16.485s] INFO:colcon.colcon_notification.desktop_notification:Sending desktop notification using 'notify2'
[16.496s] DEBUG:colcon.colcon_core.event_reactor:joined thread
[16.497s] INFO:colcon.colcon_core.shell:Creating prefix script '/home/conor/Documents/aero2025/ros_workspace_2025/perception_ws/install/local_setup.ps1'
[16.497s] INFO:colcon.colcon_core.shell:Creating prefix util module '/home/conor/Documents/aero2025/ros_workspace_2025/perception_ws/install/_local_setup_util_ps1.py'
[16.499s] INFO:colcon.colcon_core.shell:Creating prefix chain script '/home/conor/Documents/aero2025/ros_workspace_2025/perception_ws/install/setup.ps1'
[16.501s] INFO:colcon.colcon_core.shell:Creating prefix script '/home/conor/Documents/aero2025/ros_workspace_2025/perception_ws/install/local_setup.sh'
[16.502s] INFO:colcon.colcon_core.shell:Creating prefix util module '/home/conor/Documents/aero2025/ros_workspace_2025/perception_ws/install/_local_setup_util_sh.py'
[16.502s] INFO:colcon.colcon_core.shell:Creating prefix chain script '/home/conor/Documents/aero2025/ros_workspace_2025/perception_ws/install/setup.sh'
[16.504s] INFO:colcon.colcon_core.shell:Creating prefix script '/home/conor/Documents/aero2025/ros_workspace_2025/perception_ws/install/local_setup.bash'
[16.504s] INFO:colcon.colcon_core.shell:Creating prefix chain script '/home/conor/Documents/aero2025/ros_workspace_2025/perception_ws/install/setup.bash'
[16.506s] INFO:colcon.colcon_core.shell:Creating prefix script '/home/conor/Documents/aero2025/ros_workspace_2025/perception_ws/install/local_setup.zsh'
[16.506s] INFO:colcon.colcon_core.shell:Creating prefix chain script '/home/conor/Documents/aero2025/ros_workspace_2025/perception_ws/install/setup.zsh'
