[0.557s] Invoking command in '/home/zephra/ros_workspace_2025/perception_ws/src/controller': PYTHONPATH=/home/zephra/ros_workspace_2025/perception_ws/build/controller/prefix_override:/usr/lib/python3/dist-packages/colcon_core/task/python/colcon_distutils_commands:/home/zephra/ros_workspace_2025/perception_ws/install/controller/lib/python3.10/site-packages:${PYTHONPATH} /usr/bin/python3 -W ignore:setup.py install is deprecated -W ignore:easy_install command is deprecated setup.py egg_info --egg-base ../../build/controller build --build-base /home/zephra/ros_workspace_2025/perception_ws/build/controller/build install --record /home/zephra/ros_workspace_2025/perception_ws/build/controller/install.log --single-version-externally-managed install_data
[0.906s] running egg_info
[0.907s] writing ../../build/controller/controller.egg-info/PKG-INFO
[0.907s] writing dependency_links to ../../build/controller/controller.egg-info/dependency_links.txt
[0.907s] writing entry points to ../../build/controller/controller.egg-info/entry_points.txt
[0.907s] writing requirements to ../../build/controller/controller.egg-info/requires.txt
[0.907s] writing top-level names to ../../build/controller/controller.egg-info/top_level.txt
[0.909s] reading manifest file '../../build/controller/controller.egg-info/SOURCES.txt'
[0.910s] writing manifest file '../../build/controller/controller.egg-info/SOURCES.txt'
[0.910s] running build
[0.910s] running build_py
[0.910s] copying controller/circle.py -> /home/zephra/ros_workspace_2025/perception_ws/build/controller/build/lib/controller
[0.911s] copying controller/figure8.py -> /home/zephra/ros_workspace_2025/perception_ws/build/controller/build/lib/controller
[0.911s] running install
[0.911s] running install_lib
[0.912s] copying /home/zephra/ros_workspace_2025/perception_ws/build/controller/build/lib/controller/circle.py -> /home/zephra/ros_workspace_2025/perception_ws/install/controller/lib/python3.10/site-packages/controller
[0.912s] copying /home/zephra/ros_workspace_2025/perception_ws/build/controller/build/lib/controller/figure8.py -> /home/zephra/ros_workspace_2025/perception_ws/install/controller/lib/python3.10/site-packages/controller
[0.913s] byte-compiling /home/zephra/ros_workspace_2025/perception_ws/install/controller/lib/python3.10/site-packages/controller/circle.py to circle.cpython-310.pyc
[0.914s] byte-compiling /home/zephra/ros_workspace_2025/perception_ws/install/controller/lib/python3.10/site-packages/controller/figure8.py to figure8.cpython-310.pyc
[0.915s] running install_data
[0.915s] running install_egg_info
[0.917s] removing '/home/zephra/ros_workspace_2025/perception_ws/install/controller/lib/python3.10/site-packages/controller-0.0.0-py3.10.egg-info' (and everything under it)
[0.917s] Copying ../../build/controller/controller.egg-info to /home/zephra/ros_workspace_2025/perception_ws/install/controller/lib/python3.10/site-packages/controller-0.0.0-py3.10.egg-info
[0.918s] running install_scripts
[0.939s] writing list of installed files to '/home/zephra/ros_workspace_2025/perception_ws/build/controller/install.log'
[0.967s] Invoked command in '/home/zephra/ros_workspace_2025/perception_ws/src/controller' returned '0': PYTHONPATH=/home/zephra/ros_workspace_2025/perception_ws/build/controller/prefix_override:/usr/lib/python3/dist-packages/colcon_core/task/python/colcon_distutils_commands:/home/zephra/ros_workspace_2025/perception_ws/install/controller/lib/python3.10/site-packages:${PYTHONPATH} /usr/bin/python3 -W ignore:setup.py install is deprecated -W ignore:easy_install command is deprecated setup.py egg_info --egg-base ../../build/controller build --build-base /home/zephra/ros_workspace_2025/perception_ws/build/controller/build install --record /home/zephra/ros_workspace_2025/perception_ws/build/controller/install.log --single-version-externally-managed install_data
