running egg_info
creating ../../build/fixedWing/fixedWing.egg-info
writing ../../build/fixedWing/fixedWing.egg-info/PKG-INFO
writing dependency_links to ../../build/fixedWing/fixedWing.egg-info/dependency_links.txt
writing requirements to ../../build/fixedWing/fixedWing.egg-info/requires.txt
writing top-level names to ../../build/fixedWing/fixedWing.egg-info/top_level.txt
writing manifest file '../../build/fixedWing/fixedWing.egg-info/SOURCES.txt'
reading manifest file '../../build/fixedWing/fixedWing.egg-info/SOURCES.txt'
writing manifest file '../../build/fixedWing/fixedWing.egg-info/SOURCES.txt'
running build
running build_py
creating /home/keshav/ros_workspace_2025/perception_ws/build/fixedWing/build/lib/fixedWing
copying fixedWing/fixedWingTakeOff.py -> /home/keshav/ros_workspace_2025/perception_ws/build/fixedWing/build/lib/fixedWing
copying fixedWing/__init__.py -> /home/keshav/ros_workspace_2025/perception_ws/build/fixedWing/build/lib/fixedWing
running install
running install_lib
creating /home/keshav/ros_workspace_2025/perception_ws/install/fixedWing/lib/python3.10/site-packages/fixedWing
copying /home/keshav/ros_workspace_2025/perception_ws/build/fixedWing/build/lib/fixedWing/fixedWingTakeOff.py -> /home/keshav/ros_workspace_2025/perception_ws/install/fixedWing/lib/python3.10/site-packages/fixedWing
copying /home/keshav/ros_workspace_2025/perception_ws/build/fixedWing/build/lib/fixedWing/__init__.py -> /home/keshav/ros_workspace_2025/perception_ws/install/fixedWing/lib/python3.10/site-packages/fixedWing
byte-compiling /home/keshav/ros_workspace_2025/perception_ws/install/fixedWing/lib/python3.10/site-packages/fixedWing/fixedWingTakeOff.py to fixedWingTakeOff.cpython-310.pyc
byte-compiling /home/keshav/ros_workspace_2025/perception_ws/install/fixedWing/lib/python3.10/site-packages/fixedWing/__init__.py to __init__.cpython-310.pyc
running install_data
creating /home/keshav/ros_workspace_2025/perception_ws/install/fixedWing/share/ament_index/resource_index/packages
copying resource/fixedWing -> /home/keshav/ros_workspace_2025/perception_ws/install/fixedWing/share/ament_index/resource_index/packages
copying package.xml -> /home/keshav/ros_workspace_2025/perception_ws/install/fixedWing/share/fixedWing
running install_egg_info
Copying ../../build/fixedWing/fixedWing.egg-info to /home/keshav/ros_workspace_2025/perception_ws/install/fixedWing/lib/python3.10/site-packages/fixedWing-0.0.0-py3.10.egg-info
running install_scripts
writing list of installed files to '/home/keshav/ros_workspace_2025/perception_ws/build/fixedWing/install.log'
