[0.991s] Invoking command in '/home/keshav/ros_workspace_2025/perception_ws/src/fixedWing': PYTHONPATH=/home/keshav/ros_workspace_2025/perception_ws/build/fixedWing/prefix_override:/usr/lib/python3/dist-packages/colcon_core/task/python/colcon_distutils_commands:/home/keshav/ros_workspace_2025/perception_ws/install/fixedWing/lib/python3.10/site-packages:${PYTHONPATH} /usr/bin/python3 -W ignore:setup.py install is deprecated -W ignore:easy_install command is deprecated setup.py egg_info --egg-base ../../build/fixedWing build --build-base /home/keshav/ros_workspace_2025/perception_ws/build/fixedWing/build install --record /home/keshav/ros_workspace_2025/perception_ws/build/fixedWing/install.log --single-version-externally-managed install_data
[1.131s] /home/keshav/.local/lib/python3.10/site-packages/setuptools/_distutils/dist.py:270: UserWarning: Unknown distribution option: 'tests_require'
[1.131s]   warnings.warn(msg)
[1.231s] running egg_info
[1.248s] creating ../../build/fixedWing/fixedWing.egg-info
[1.248s] writing ../../build/fixedWing/fixedWing.egg-info/PKG-INFO
[1.249s] writing dependency_links to ../../build/fixedWing/fixedWing.egg-info/dependency_links.txt
[1.249s] writing requirements to ../../build/fixedWing/fixedWing.egg-info/requires.txt
[1.249s] writing top-level names to ../../build/fixedWing/fixedWing.egg-info/top_level.txt
[1.249s] writing manifest file '../../build/fixedWing/fixedWing.egg-info/SOURCES.txt'
[1.283s] reading manifest file '../../build/fixedWing/fixedWing.egg-info/SOURCES.txt'
[1.284s] writing manifest file '../../build/fixedWing/fixedWing.egg-info/SOURCES.txt'
[1.284s] running build
[1.284s] running build_py
[1.285s] creating /home/keshav/ros_workspace_2025/perception_ws/build/fixedWing/build/lib/fixedWing
[1.285s] copying fixedWing/fixedWingTakeOff.py -> /home/keshav/ros_workspace_2025/perception_ws/build/fixedWing/build/lib/fixedWing
[1.285s] copying fixedWing/__init__.py -> /home/keshav/ros_workspace_2025/perception_ws/build/fixedWing/build/lib/fixedWing
[1.285s] running install
[1.290s] running install_lib
[1.306s] creating /home/keshav/ros_workspace_2025/perception_ws/install/fixedWing/lib/python3.10/site-packages/fixedWing
[1.306s] copying /home/keshav/ros_workspace_2025/perception_ws/build/fixedWing/build/lib/fixedWing/fixedWingTakeOff.py -> /home/keshav/ros_workspace_2025/perception_ws/install/fixedWing/lib/python3.10/site-packages/fixedWing
[1.306s] copying /home/keshav/ros_workspace_2025/perception_ws/build/fixedWing/build/lib/fixedWing/__init__.py -> /home/keshav/ros_workspace_2025/perception_ws/install/fixedWing/lib/python3.10/site-packages/fixedWing
[1.307s] byte-compiling /home/keshav/ros_workspace_2025/perception_ws/install/fixedWing/lib/python3.10/site-packages/fixedWing/fixedWingTakeOff.py to fixedWingTakeOff.cpython-310.pyc
[1.308s] byte-compiling /home/keshav/ros_workspace_2025/perception_ws/install/fixedWing/lib/python3.10/site-packages/fixedWing/__init__.py to __init__.cpython-310.pyc
[1.308s] running install_data
[1.308s] creating /home/keshav/ros_workspace_2025/perception_ws/install/fixedWing/share/ament_index/resource_index/packages
[1.308s] copying resource/fixedWing -> /home/keshav/ros_workspace_2025/perception_ws/install/fixedWing/share/ament_index/resource_index/packages
[1.308s] copying package.xml -> /home/keshav/ros_workspace_2025/perception_ws/install/fixedWing/share/fixedWing
[1.309s] running install_egg_info
[1.326s] Copying ../../build/fixedWing/fixedWing.egg-info to /home/keshav/ros_workspace_2025/perception_ws/install/fixedWing/lib/python3.10/site-packages/fixedWing-0.0.0-py3.10.egg-info
[1.327s] running install_scripts
[1.458s] writing list of installed files to '/home/keshav/ros_workspace_2025/perception_ws/build/fixedWing/install.log'
[1.488s] Invoked command in '/home/keshav/ros_workspace_2025/perception_ws/src/fixedWing' returned '0': PYTHONPATH=/home/keshav/ros_workspace_2025/perception_ws/build/fixedWing/prefix_override:/usr/lib/python3/dist-packages/colcon_core/task/python/colcon_distutils_commands:/home/keshav/ros_workspace_2025/perception_ws/install/fixedWing/lib/python3.10/site-packages:${PYTHONPATH} /usr/bin/python3 -W ignore:setup.py install is deprecated -W ignore:easy_install command is deprecated setup.py egg_info --egg-base ../../build/fixedWing build --build-base /home/keshav/ros_workspace_2025/perception_ws/build/fixedWing/build install --record /home/keshav/ros_workspace_2025/perception_ws/build/fixedWing/install.log --single-version-externally-managed install_data
