[0.324s] Invoking command in '/home/zephra/ros_workspace_2025/perception_ws/src/controller': PYTHONPATH=/home/zephra/ros_workspace_2025/perception_ws/build/controller/prefix_override:/usr/lib/python3/dist-packages/colcon_core/task/python/colcon_distutils_commands:/home/zephra/ros_workspace_2025/perception_ws/install/controller/lib/python3.10/site-packages:${PYTHONPATH} /usr/bin/python3 -W ignore:setup.py install is deprecated -W ignore:easy_install command is deprecated setup.py egg_info --egg-base ../../build/controller build --build-base /home/zephra/ros_workspace_2025/perception_ws/build/controller/build install --record /home/zephra/ros_workspace_2025/perception_ws/build/controller/install.log --single-version-externally-managed install_data
[0.439s] running egg_info
[0.439s] writing ../../build/controller/controller.egg-info/PKG-INFO
[0.439s] writing dependency_links to ../../build/controller/controller.egg-info/dependency_links.txt
[0.439s] writing entry points to ../../build/controller/controller.egg-info/entry_points.txt
[0.440s] writing requirements to ../../build/controller/controller.egg-info/requires.txt
[0.440s] writing top-level names to ../../build/controller/controller.egg-info/top_level.txt
[0.441s] reading manifest file '../../build/controller/controller.egg-info/SOURCES.txt'
[0.441s] writing manifest file '../../build/controller/controller.egg-info/SOURCES.txt'
[0.441s] running build
[0.441s] running build_py
[0.441s] copying controller/camera.py -> /home/zephra/ros_workspace_2025/perception_ws/build/controller/build/lib/controller
[0.441s] running install
[0.442s] running install_lib
[0.442s] copying /home/zephra/ros_workspace_2025/perception_ws/build/controller/build/lib/controller/camera.py -> /home/zephra/ros_workspace_2025/perception_ws/install/controller/lib/python3.10/site-packages/controller
[0.442s] byte-compiling /home/zephra/ros_workspace_2025/perception_ws/install/controller/lib/python3.10/site-packages/controller/camera.py to camera.cpython-310.pyc
[0.443s] running install_data
[0.443s] running install_egg_info
[0.444s] removing '/home/zephra/ros_workspace_2025/perception_ws/install/controller/lib/python3.10/site-packages/controller-0.0.0-py3.10.egg-info' (and everything under it)
[0.444s] Copying ../../build/controller/controller.egg-info to /home/zephra/ros_workspace_2025/perception_ws/install/controller/lib/python3.10/site-packages/controller-0.0.0-py3.10.egg-info
[0.444s] running install_scripts
[0.457s] writing list of installed files to '/home/zephra/ros_workspace_2025/perception_ws/build/controller/install.log'
[0.473s] Invoked command in '/home/zephra/ros_workspace_2025/perception_ws/src/controller' returned '0': PYTHONPATH=/home/zephra/ros_workspace_2025/perception_ws/build/controller/prefix_override:/usr/lib/python3/dist-packages/colcon_core/task/python/colcon_distutils_commands:/home/zephra/ros_workspace_2025/perception_ws/install/controller/lib/python3.10/site-packages:${PYTHONPATH} /usr/bin/python3 -W ignore:setup.py install is deprecated -W ignore:easy_install command is deprecated setup.py egg_info --egg-base ../../build/controller build --build-base /home/zephra/ros_workspace_2025/perception_ws/build/controller/build install --record /home/zephra/ros_workspace_2025/perception_ws/build/controller/install.log --single-version-externally-managed install_data
