[0.070s] DEBUG:colcon:Command line arguments: ['/usr/bin/colcon', 'list', '-p', '--base-paths', '/home/em/keshavTest/ros_workspace_2025/perception_ws']
[0.071s] DEBUG:colcon:Parsed command line arguments: Namespace(log_base=None, log_level=None, verb_name='list', build_base='build', ignore_user_meta=False, metas=['./colcon.meta'], base_paths=['/home/em/keshavTest/ros_workspace_2025/perception_ws'], packages_ignore=None, packages_ignore_regex=None, paths=None, packages_up_to=None, packages_up_to_regex=None, packages_above=None, packages_above_and_dependencies=None, packages_above_depth=None, packages_select_by_dep=None, packages_skip_by_dep=None, packages_skip_up_to=None, packages_select_build_failed=False, packages_skip_build_finished=False, packages_select_test_failures=False, packages_skip_test_passed=False, packages_select=None, packages_skip=None, packages_select_regex=None, packages_skip_regex=None, packages_start=None, packages_end=None, allow_overriding=[], topological_order=False, names_only=False, paths_only=True, topological_graph=False, topological_graph_dot=False, topological_graph_density=False, topological_graph_legend=False, topological_graph_dot_cluster=False, topological_graph_dot_include_skipped=False, mixin_files=None, mixin=None, verb_parser=<colcon_mixin.mixin.mixin_argument.MixinArgumentDecorator object at 0x7c365db90b80>, verb_extension=<colcon_package_information.verb.list.ListVerb object at 0x7c365db096c0>, main=<bound method ListVerb.main of <colcon_package_information.verb.list.ListVerb object at 0x7c365db096c0>>, mixin_verb=('list',))
[0.099s] Level 1:colcon.colcon_core.package_discovery:discover_packages(colcon_meta) check parameters
[0.099s] Level 1:colcon.colcon_core.package_discovery:discover_packages(recursive) check parameters
[0.099s] Level 1:colcon.colcon_core.package_discovery:discover_packages(ignore) check parameters
[0.099s] Level 1:colcon.colcon_core.package_discovery:discover_packages(path) check parameters
[0.099s] Level 1:colcon.colcon_core.package_discovery:discover_packages(recursive) discover
[0.100s] INFO:colcon.colcon_core.package_discovery:Crawling recursively for packages in '/home/em/keshavTest/ros_workspace_2025/perception_ws'
[0.100s] Level 1:colcon.colcon_core.package_identification:_identify(/home/em/keshavTest/ros_workspace_2025/perception_ws) by extensions ['ignore', 'ignore_ament_install']
[0.100s] Level 1:colcon.colcon_core.package_identification:_identify(/home/em/keshavTest/ros_workspace_2025/perception_ws) by extension 'ignore'
[0.100s] Level 1:colcon.colcon_core.package_identification:_identify(/home/em/keshavTest/ros_workspace_2025/perception_ws) by extension 'ignore_ament_install'
[0.100s] Level 1:colcon.colcon_core.package_identification:_identify(/home/em/keshavTest/ros_workspace_2025/perception_ws) by extensions ['colcon_pkg']
[0.100s] Level 1:colcon.colcon_core.package_identification:_identify(/home/em/keshavTest/ros_workspace_2025/perception_ws) by extension 'colcon_pkg'
[0.100s] Level 1:colcon.colcon_core.package_identification:_identify(/home/em/keshavTest/ros_workspace_2025/perception_ws) by extensions ['colcon_meta']
[0.100s] Level 1:colcon.colcon_core.package_identification:_identify(/home/em/keshavTest/ros_workspace_2025/perception_ws) by extension 'colcon_meta'
[0.100s] Level 1:colcon.colcon_core.package_identification:_identify(/home/em/keshavTest/ros_workspace_2025/perception_ws) by extensions ['ros']
[0.100s] Level 1:colcon.colcon_core.package_identification:_identify(/home/em/keshavTest/ros_workspace_2025/perception_ws) by extension 'ros'
[0.111s] Level 1:colcon.colcon_core.package_identification:_identify(/home/em/keshavTest/ros_workspace_2025/perception_ws) by extensions ['cmake', 'python']
[0.111s] Level 1:colcon.colcon_core.package_identification:_identify(/home/em/keshavTest/ros_workspace_2025/perception_ws) by extension 'cmake'
[0.111s] Level 1:colcon.colcon_core.package_identification:_identify(/home/em/keshavTest/ros_workspace_2025/perception_ws) by extension 'python'
[0.111s] Level 1:colcon.colcon_core.package_identification:_identify(/home/em/keshavTest/ros_workspace_2025/perception_ws) by extensions ['python_setup_py']
[0.111s] Level 1:colcon.colcon_core.package_identification:_identify(/home/em/keshavTest/ros_workspace_2025/perception_ws) by extension 'python_setup_py'
[0.111s] Level 1:colcon.colcon_core.package_identification:_identify(/home/em/keshavTest/ros_workspace_2025/perception_ws/build) by extensions ['ignore', 'ignore_ament_install']
[0.112s] Level 1:colcon.colcon_core.package_identification:_identify(/home/em/keshavTest/ros_workspace_2025/perception_ws/build) by extension 'ignore'
[0.112s] Level 1:colcon.colcon_core.package_identification:_identify(/home/em/keshavTest/ros_workspace_2025/perception_ws/build) ignored
[0.112s] Level 1:colcon.colcon_core.package_identification:_identify(/home/em/keshavTest/ros_workspace_2025/perception_ws/install) by extensions ['ignore', 'ignore_ament_install']
[0.112s] Level 1:colcon.colcon_core.package_identification:_identify(/home/em/keshavTest/ros_workspace_2025/perception_ws/install) by extension 'ignore'
[0.112s] Level 1:colcon.colcon_core.package_identification:_identify(/home/em/keshavTest/ros_workspace_2025/perception_ws/install) ignored
[0.112s] Level 1:colcon.colcon_core.package_identification:_identify(/home/em/keshavTest/ros_workspace_2025/perception_ws/log) by extensions ['ignore', 'ignore_ament_install']
[0.112s] Level 1:colcon.colcon_core.package_identification:_identify(/home/em/keshavTest/ros_workspace_2025/perception_ws/log) by extension 'ignore'
[0.112s] Level 1:colcon.colcon_core.package_identification:_identify(/home/em/keshavTest/ros_workspace_2025/perception_ws/log) ignored
[0.112s] Level 1:colcon.colcon_core.package_identification:_identify(/home/em/keshavTest/ros_workspace_2025/perception_ws/src) by extensions ['ignore', 'ignore_ament_install']
[0.112s] Level 1:colcon.colcon_core.package_identification:_identify(/home/em/keshavTest/ros_workspace_2025/perception_ws/src) by extension 'ignore'
[0.112s] Level 1:colcon.colcon_core.package_identification:_identify(/home/em/keshavTest/ros_workspace_2025/perception_ws/src) by extension 'ignore_ament_install'
[0.112s] Level 1:colcon.colcon_core.package_identification:_identify(/home/em/keshavTest/ros_workspace_2025/perception_ws/src) by extensions ['colcon_pkg']
[0.112s] Level 1:colcon.colcon_core.package_identification:_identify(/home/em/keshavTest/ros_workspace_2025/perception_ws/src) by extension 'colcon_pkg'
[0.112s] Level 1:colcon.colcon_core.package_identification:_identify(/home/em/keshavTest/ros_workspace_2025/perception_ws/src) by extensions ['colcon_meta']
[0.112s] Level 1:colcon.colcon_core.package_identification:_identify(/home/em/keshavTest/ros_workspace_2025/perception_ws/src) by extension 'colcon_meta'
[0.112s] Level 1:colcon.colcon_core.package_identification:_identify(/home/em/keshavTest/ros_workspace_2025/perception_ws/src) by extensions ['ros']
[0.112s] Level 1:colcon.colcon_core.package_identification:_identify(/home/em/keshavTest/ros_workspace_2025/perception_ws/src) by extension 'ros'
[0.112s] Level 1:colcon.colcon_core.package_identification:_identify(/home/em/keshavTest/ros_workspace_2025/perception_ws/src) by extensions ['cmake', 'python']
[0.112s] Level 1:colcon.colcon_core.package_identification:_identify(/home/em/keshavTest/ros_workspace_2025/perception_ws/src) by extension 'cmake'
[0.112s] Level 1:colcon.colcon_core.package_identification:_identify(/home/em/keshavTest/ros_workspace_2025/perception_ws/src) by extension 'python'
[0.112s] Level 1:colcon.colcon_core.package_identification:_identify(/home/em/keshavTest/ros_workspace_2025/perception_ws/src) by extensions ['python_setup_py']
[0.112s] Level 1:colcon.colcon_core.package_identification:_identify(/home/em/keshavTest/ros_workspace_2025/perception_ws/src) by extension 'python_setup_py'
[0.112s] Level 1:colcon.colcon_core.package_identification:_identify(/home/em/keshavTest/ros_workspace_2025/perception_ws/src/bucketDetector) by extensions ['ignore', 'ignore_ament_install']
[0.112s] Level 1:colcon.colcon_core.package_identification:_identify(/home/em/keshavTest/ros_workspace_2025/perception_ws/src/bucketDetector) by extension 'ignore'
[0.112s] Level 1:colcon.colcon_core.package_identification:_identify(/home/em/keshavTest/ros_workspace_2025/perception_ws/src/bucketDetector) by extension 'ignore_ament_install'
[0.113s] Level 1:colcon.colcon_core.package_identification:_identify(/home/em/keshavTest/ros_workspace_2025/perception_ws/src/bucketDetector) by extensions ['colcon_pkg']
[0.113s] Level 1:colcon.colcon_core.package_identification:_identify(/home/em/keshavTest/ros_workspace_2025/perception_ws/src/bucketDetector) by extension 'colcon_pkg'
[0.113s] Level 1:colcon.colcon_core.package_identification:_identify(/home/em/keshavTest/ros_workspace_2025/perception_ws/src/bucketDetector) by extensions ['colcon_meta']
[0.113s] Level 1:colcon.colcon_core.package_identification:_identify(/home/em/keshavTest/ros_workspace_2025/perception_ws/src/bucketDetector) by extension 'colcon_meta'
[0.113s] Level 1:colcon.colcon_core.package_identification:_identify(/home/em/keshavTest/ros_workspace_2025/perception_ws/src/bucketDetector) by extensions ['ros']
[0.113s] Level 1:colcon.colcon_core.package_identification:_identify(/home/em/keshavTest/ros_workspace_2025/perception_ws/src/bucketDetector) by extension 'ros'
[0.114s] DEBUG:colcon.colcon_core.package_identification:Package '/home/em/keshavTest/ros_workspace_2025/perception_ws/src/bucketDetector' with type 'ros.ament_python' and name 'bucketDetector'
[0.115s] Level 1:colcon.colcon_core.package_identification:_identify(/home/em/keshavTest/ros_workspace_2025/perception_ws/src/controller) by extensions ['ignore', 'ignore_ament_install']
[0.115s] Level 1:colcon.colcon_core.package_identification:_identify(/home/em/keshavTest/ros_workspace_2025/perception_ws/src/controller) by extension 'ignore'
[0.115s] Level 1:colcon.colcon_core.package_identification:_identify(/home/em/keshavTest/ros_workspace_2025/perception_ws/src/controller) by extension 'ignore_ament_install'
[0.115s] Level 1:colcon.colcon_core.package_identification:_identify(/home/em/keshavTest/ros_workspace_2025/perception_ws/src/controller) by extensions ['colcon_pkg']
[0.115s] Level 1:colcon.colcon_core.package_identification:_identify(/home/em/keshavTest/ros_workspace_2025/perception_ws/src/controller) by extension 'colcon_pkg'
[0.115s] Level 1:colcon.colcon_core.package_identification:_identify(/home/em/keshavTest/ros_workspace_2025/perception_ws/src/controller) by extensions ['colcon_meta']
[0.115s] Level 1:colcon.colcon_core.package_identification:_identify(/home/em/keshavTest/ros_workspace_2025/perception_ws/src/controller) by extension 'colcon_meta'
[0.115s] Level 1:colcon.colcon_core.package_identification:_identify(/home/em/keshavTest/ros_workspace_2025/perception_ws/src/controller) by extensions ['ros']
[0.115s] Level 1:colcon.colcon_core.package_identification:_identify(/home/em/keshavTest/ros_workspace_2025/perception_ws/src/controller) by extension 'ros'
[0.115s] DEBUG:colcon.colcon_core.package_identification:Package '/home/em/keshavTest/ros_workspace_2025/perception_ws/src/controller' with type 'ros.ament_python' and name 'controller'
[0.115s] Level 1:colcon.colcon_core.package_identification:_identify(/home/em/keshavTest/ros_workspace_2025/perception_ws/src/fixedWing) by extensions ['ignore', 'ignore_ament_install']
[0.115s] Level 1:colcon.colcon_core.package_identification:_identify(/home/em/keshavTest/ros_workspace_2025/perception_ws/src/fixedWing) by extension 'ignore'
[0.115s] Level 1:colcon.colcon_core.package_identification:_identify(/home/em/keshavTest/ros_workspace_2025/perception_ws/src/fixedWing) by extension 'ignore_ament_install'
[0.116s] Level 1:colcon.colcon_core.package_identification:_identify(/home/em/keshavTest/ros_workspace_2025/perception_ws/src/fixedWing) by extensions ['colcon_pkg']
[0.116s] Level 1:colcon.colcon_core.package_identification:_identify(/home/em/keshavTest/ros_workspace_2025/perception_ws/src/fixedWing) by extension 'colcon_pkg'
[0.116s] Level 1:colcon.colcon_core.package_identification:_identify(/home/em/keshavTest/ros_workspace_2025/perception_ws/src/fixedWing) by extensions ['colcon_meta']
[0.116s] Level 1:colcon.colcon_core.package_identification:_identify(/home/em/keshavTest/ros_workspace_2025/perception_ws/src/fixedWing) by extension 'colcon_meta'
[0.116s] Level 1:colcon.colcon_core.package_identification:_identify(/home/em/keshavTest/ros_workspace_2025/perception_ws/src/fixedWing) by extensions ['ros']
[0.116s] Level 1:colcon.colcon_core.package_identification:_identify(/home/em/keshavTest/ros_workspace_2025/perception_ws/src/fixedWing) by extension 'ros'
[0.116s] DEBUG:colcon.colcon_core.package_identification:Package '/home/em/keshavTest/ros_workspace_2025/perception_ws/src/fixedWing' with type 'ros.ament_python' and name 'fixedWing'
[0.116s] Level 1:colcon.colcon_core.package_identification:_identify(/home/em/keshavTest/ros_workspace_2025/perception_ws/src/px4_msgs) by extensions ['ignore', 'ignore_ament_install']
[0.116s] Level 1:colcon.colcon_core.package_identification:_identify(/home/em/keshavTest/ros_workspace_2025/perception_ws/src/px4_msgs) by extension 'ignore'
[0.116s] Level 1:colcon.colcon_core.package_identification:_identify(/home/em/keshavTest/ros_workspace_2025/perception_ws/src/px4_msgs) by extension 'ignore_ament_install'
[0.116s] Level 1:colcon.colcon_core.package_identification:_identify(/home/em/keshavTest/ros_workspace_2025/perception_ws/src/px4_msgs) by extensions ['colcon_pkg']
[0.116s] Level 1:colcon.colcon_core.package_identification:_identify(/home/em/keshavTest/ros_workspace_2025/perception_ws/src/px4_msgs) by extension 'colcon_pkg'
[0.116s] Level 1:colcon.colcon_core.package_identification:_identify(/home/em/keshavTest/ros_workspace_2025/perception_ws/src/px4_msgs) by extensions ['colcon_meta']
[0.116s] Level 1:colcon.colcon_core.package_identification:_identify(/home/em/keshavTest/ros_workspace_2025/perception_ws/src/px4_msgs) by extension 'colcon_meta'
[0.116s] Level 1:colcon.colcon_core.package_identification:_identify(/home/em/keshavTest/ros_workspace_2025/perception_ws/src/px4_msgs) by extensions ['ros']
[0.116s] Level 1:colcon.colcon_core.package_identification:_identify(/home/em/keshavTest/ros_workspace_2025/perception_ws/src/px4_msgs) by extension 'ros'
[0.117s] DEBUG:colcon.colcon_core.package_identification:Package '/home/em/keshavTest/ros_workspace_2025/perception_ws/src/px4_msgs' with type 'ros.ament_cmake' and name 'px4_msgs'
[0.117s] Level 1:colcon.colcon_core.package_discovery:discover_packages(recursive) using defaults
