[0.109s] DEBUG:colcon:Command line arguments: ['/usr/bin/colcon', 'build']
[0.109s] DEBUG:colcon:Parsed command line arguments: Namespace(log_base=None, log_level=None, verb_name='build', build_base='build', install_base='install', merge_install=False, symlink_install=False, test_result_base=None, continue_on_error=False, executor='parallel', parallel_workers=12, event_handlers=None, ignore_user_meta=False, metas=['./colcon.meta'], base_paths=['.'], packages_ignore=None, packages_ignore_regex=None, paths=None, packages_up_to=None, packages_up_to_regex=None, packages_above=None, packages_above_and_dependencies=None, packages_above_depth=None, packages_select_by_dep=None, packages_skip_by_dep=None, packages_skip_up_to=None, packages_select_build_failed=False, packages_skip_build_finished=False, packages_select_test_failures=False, packages_skip_test_passed=False, packages_select=None, packages_skip=None, packages_select_regex=None, packages_skip_regex=None, packages_start=None, packages_end=None, allow_overriding=[], cmake_args=None, cmake_target=None, cmake_target_skip_unavailable=False, cmake_clean_cache=False, cmake_clean_first=False, cmake_force_configure=False, ament_cmake_args=None, catkin_cmake_args=None, catkin_skip_building_tests=False, mixin_files=None, mixin=None, verb_parser=<colcon_mixin.mixin.mixin_argument.MixinArgumentDecorator object at 0x77efc3857a30>, verb_extension=<colcon_core.verb.build.BuildVerb object at 0x77efc381d3c0>, main=<bound method BuildVerb.main of <colcon_core.verb.build.BuildVerb object at 0x77efc381d3c0>>, mixin_verb=('build',))
[0.143s] Level 1:colcon.colcon_core.package_discovery:discover_packages(colcon_meta) check parameters
[0.143s] Level 1:colcon.colcon_core.package_discovery:discover_packages(recursive) check parameters
[0.143s] Level 1:colcon.colcon_core.package_discovery:discover_packages(ignore) check parameters
[0.143s] Level 1:colcon.colcon_core.package_discovery:discover_packages(path) check parameters
[0.143s] Level 1:colcon.colcon_core.package_discovery:discover_packages(colcon_meta) discover
[0.144s] Level 1:colcon.colcon_core.package_discovery:discover_packages(recursive) discover
[0.144s] INFO:colcon.colcon_core.package_discovery:Crawling recursively for packages in '/home/keshav/ros_workspace_2025/perception_ws'
[0.144s] Level 1:colcon.colcon_core.package_identification:_identify(.) by extensions ['ignore', 'ignore_ament_install']
[0.144s] Level 1:colcon.colcon_core.package_identification:_identify(.) by extension 'ignore'
[0.144s] Level 1:colcon.colcon_core.package_identification:_identify(.) by extension 'ignore_ament_install'
[0.144s] Level 1:colcon.colcon_core.package_identification:_identify(.) by extensions ['colcon_pkg']
[0.144s] Level 1:colcon.colcon_core.package_identification:_identify(.) by extension 'colcon_pkg'
[0.144s] Level 1:colcon.colcon_core.package_identification:_identify(.) by extensions ['colcon_meta']
[0.144s] Level 1:colcon.colcon_core.package_identification:_identify(.) by extension 'colcon_meta'
[0.144s] Level 1:colcon.colcon_core.package_identification:_identify(.) by extensions ['ros']
[0.144s] Level 1:colcon.colcon_core.package_identification:_identify(.) by extension 'ros'
[0.161s] Level 1:colcon.colcon_core.package_identification:_identify(.) by extensions ['cmake', 'python']
[0.161s] Level 1:colcon.colcon_core.package_identification:_identify(.) by extension 'cmake'
[0.161s] Level 1:colcon.colcon_core.package_identification:_identify(.) by extension 'python'
[0.161s] Level 1:colcon.colcon_core.package_identification:_identify(.) by extensions ['python_setup_py']
[0.161s] Level 1:colcon.colcon_core.package_identification:_identify(.) by extension 'python_setup_py'
[0.161s] Level 1:colcon.colcon_core.package_identification:_identify(build) by extensions ['ignore', 'ignore_ament_install']
[0.161s] Level 1:colcon.colcon_core.package_identification:_identify(build) by extension 'ignore'
[0.161s] Level 1:colcon.colcon_core.package_identification:_identify(build) ignored
[0.161s] Level 1:colcon.colcon_core.package_identification:_identify(install) by extensions ['ignore', 'ignore_ament_install']
[0.162s] Level 1:colcon.colcon_core.package_identification:_identify(install) by extension 'ignore'
[0.162s] Level 1:colcon.colcon_core.package_identification:_identify(install) ignored
[0.162s] Level 1:colcon.colcon_core.package_identification:_identify(log) by extensions ['ignore', 'ignore_ament_install']
[0.162s] Level 1:colcon.colcon_core.package_identification:_identify(log) by extension 'ignore'
[0.162s] Level 1:colcon.colcon_core.package_identification:_identify(log) ignored
[0.162s] Level 1:colcon.colcon_core.package_identification:_identify(src) by extensions ['ignore', 'ignore_ament_install']
[0.162s] Level 1:colcon.colcon_core.package_identification:_identify(src) by extension 'ignore'
[0.162s] Level 1:colcon.colcon_core.package_identification:_identify(src) by extension 'ignore_ament_install'
[0.162s] Level 1:colcon.colcon_core.package_identification:_identify(src) by extensions ['colcon_pkg']
[0.162s] Level 1:colcon.colcon_core.package_identification:_identify(src) by extension 'colcon_pkg'
[0.162s] Level 1:colcon.colcon_core.package_identification:_identify(src) by extensions ['colcon_meta']
[0.162s] Level 1:colcon.colcon_core.package_identification:_identify(src) by extension 'colcon_meta'
[0.162s] Level 1:colcon.colcon_core.package_identification:_identify(src) by extensions ['ros']
[0.162s] Level 1:colcon.colcon_core.package_identification:_identify(src) by extension 'ros'
[0.162s] Level 1:colcon.colcon_core.package_identification:_identify(src) by extensions ['cmake', 'python']
[0.162s] Level 1:colcon.colcon_core.package_identification:_identify(src) by extension 'cmake'
[0.162s] Level 1:colcon.colcon_core.package_identification:_identify(src) by extension 'python'
[0.162s] Level 1:colcon.colcon_core.package_identification:_identify(src) by extensions ['python_setup_py']
[0.162s] Level 1:colcon.colcon_core.package_identification:_identify(src) by extension 'python_setup_py'
[0.163s] Level 1:colcon.colcon_core.package_identification:_identify(src/bucketDetector) by extensions ['ignore', 'ignore_ament_install']
[0.163s] Level 1:colcon.colcon_core.package_identification:_identify(src/bucketDetector) by extension 'ignore'
[0.163s] Level 1:colcon.colcon_core.package_identification:_identify(src/bucketDetector) by extension 'ignore_ament_install'
[0.163s] Level 1:colcon.colcon_core.package_identification:_identify(src/bucketDetector) by extensions ['colcon_pkg']
[0.163s] Level 1:colcon.colcon_core.package_identification:_identify(src/bucketDetector) by extension 'colcon_pkg'
[0.163s] Level 1:colcon.colcon_core.package_identification:_identify(src/bucketDetector) by extensions ['colcon_meta']
[0.163s] Level 1:colcon.colcon_core.package_identification:_identify(src/bucketDetector) by extension 'colcon_meta'
[0.163s] Level 1:colcon.colcon_core.package_identification:_identify(src/bucketDetector) by extensions ['ros']
[0.163s] Level 1:colcon.colcon_core.package_identification:_identify(src/bucketDetector) by extension 'ros'
[0.166s] DEBUG:colcon.colcon_core.package_identification:Package 'src/bucketDetector' with type 'ros.ament_python' and name 'bucketDetector'
[0.166s] Level 1:colcon.colcon_core.package_identification:_identify(src/controller) by extensions ['ignore', 'ignore_ament_install']
[0.166s] Level 1:colcon.colcon_core.package_identification:_identify(src/controller) by extension 'ignore'
[0.166s] Level 1:colcon.colcon_core.package_identification:_identify(src/controller) by extension 'ignore_ament_install'
[0.166s] Level 1:colcon.colcon_core.package_identification:_identify(src/controller) by extensions ['colcon_pkg']
[0.166s] Level 1:colcon.colcon_core.package_identification:_identify(src/controller) by extension 'colcon_pkg'
[0.166s] Level 1:colcon.colcon_core.package_identification:_identify(src/controller) by extensions ['colcon_meta']
[0.166s] Level 1:colcon.colcon_core.package_identification:_identify(src/controller) by extension 'colcon_meta'
[0.166s] Level 1:colcon.colcon_core.package_identification:_identify(src/controller) by extensions ['ros']
[0.166s] Level 1:colcon.colcon_core.package_identification:_identify(src/controller) by extension 'ros'
[0.167s] DEBUG:colcon.colcon_core.package_identification:Package 'src/controller' with type 'ros.ament_python' and name 'controller'
[0.167s] Level 1:colcon.colcon_core.package_identification:_identify(src/fixedWing) by extensions ['ignore', 'ignore_ament_install']
[0.167s] Level 1:colcon.colcon_core.package_identification:_identify(src/fixedWing) by extension 'ignore'
[0.167s] Level 1:colcon.colcon_core.package_identification:_identify(src/fixedWing) by extension 'ignore_ament_install'
[0.167s] Level 1:colcon.colcon_core.package_identification:_identify(src/fixedWing) by extensions ['colcon_pkg']
[0.167s] Level 1:colcon.colcon_core.package_identification:_identify(src/fixedWing) by extension 'colcon_pkg'
[0.167s] Level 1:colcon.colcon_core.package_identification:_identify(src/fixedWing) by extensions ['colcon_meta']
[0.167s] Level 1:colcon.colcon_core.package_identification:_identify(src/fixedWing) by extension 'colcon_meta'
[0.167s] Level 1:colcon.colcon_core.package_identification:_identify(src/fixedWing) by extensions ['ros']
[0.167s] Level 1:colcon.colcon_core.package_identification:_identify(src/fixedWing) by extension 'ros'
[0.168s] DEBUG:colcon.colcon_core.package_identification:Package 'src/fixedWing' with type 'ros.ament_python' and name 'fixedWing'
[0.168s] Level 1:colcon.colcon_core.package_identification:_identify(src/px4_msgs) by extensions ['ignore', 'ignore_ament_install']
[0.168s] Level 1:colcon.colcon_core.package_identification:_identify(src/px4_msgs) by extension 'ignore'
[0.168s] Level 1:colcon.colcon_core.package_identification:_identify(src/px4_msgs) by extension 'ignore_ament_install'
[0.168s] Level 1:colcon.colcon_core.package_identification:_identify(src/px4_msgs) by extensions ['colcon_pkg']
[0.168s] Level 1:colcon.colcon_core.package_identification:_identify(src/px4_msgs) by extension 'colcon_pkg'
[0.169s] Level 1:colcon.colcon_core.package_identification:_identify(src/px4_msgs) by extensions ['colcon_meta']
[0.169s] Level 1:colcon.colcon_core.package_identification:_identify(src/px4_msgs) by extension 'colcon_meta'
[0.169s] Level 1:colcon.colcon_core.package_identification:_identify(src/px4_msgs) by extensions ['ros']
[0.169s] Level 1:colcon.colcon_core.package_identification:_identify(src/px4_msgs) by extension 'ros'
[0.169s] DEBUG:colcon.colcon_core.package_identification:Package 'src/px4_msgs' with type 'ros.ament_cmake' and name 'px4_msgs'
[0.170s] Level 1:colcon.colcon_core.package_identification:_identify(src/px4_ros_com) by extensions ['ignore', 'ignore_ament_install']
[0.170s] Level 1:colcon.colcon_core.package_identification:_identify(src/px4_ros_com) by extension 'ignore'
[0.170s] Level 1:colcon.colcon_core.package_identification:_identify(src/px4_ros_com) by extension 'ignore_ament_install'
[0.170s] Level 1:colcon.colcon_core.package_identification:_identify(src/px4_ros_com) by extensions ['colcon_pkg']
[0.170s] Level 1:colcon.colcon_core.package_identification:_identify(src/px4_ros_com) by extension 'colcon_pkg'
[0.170s] Level 1:colcon.colcon_core.package_identification:_identify(src/px4_ros_com) by extensions ['colcon_meta']
[0.170s] Level 1:colcon.colcon_core.package_identification:_identify(src/px4_ros_com) by extension 'colcon_meta'
[0.170s] Level 1:colcon.colcon_core.package_identification:_identify(src/px4_ros_com) by extensions ['ros']
[0.170s] Level 1:colcon.colcon_core.package_identification:_identify(src/px4_ros_com) by extension 'ros'
[0.171s] DEBUG:colcon.colcon_core.package_identification:Package 'src/px4_ros_com' with type 'ros.ament_cmake' and name 'px4_ros_com'
[0.171s] Level 1:colcon.colcon_core.package_discovery:discover_packages(recursive) using defaults
[0.171s] Level 1:colcon.colcon_core.package_discovery:discover_packages(ignore) discover
[0.171s] Level 1:colcon.colcon_core.package_discovery:discover_packages(ignore) using defaults
[0.171s] Level 1:colcon.colcon_core.package_discovery:discover_packages(path) discover
[0.171s] Level 1:colcon.colcon_core.package_discovery:discover_packages(path) using defaults
[0.193s] Level 1:colcon.colcon_core.package_discovery:discover_packages(prefix_path) check parameters
[0.193s] Level 1:colcon.colcon_core.package_discovery:discover_packages(prefix_path) discover
[0.196s] DEBUG:colcon.colcon_installed_package_information.package_discovery:Found 5 installed packages in /home/keshav/ros_workspace_2025/perception_ws/install
[0.198s] DEBUG:colcon.colcon_installed_package_information.package_discovery:Found 279 installed packages in /opt/ros/humble
[0.199s] Level 1:colcon.colcon_core.package_discovery:discover_packages(prefix_path) using defaults
[0.234s] Level 5:colcon.colcon_core.verb:set package 'bucketDetector' build argument 'cmake_args' from command line to 'None'
[0.234s] Level 5:colcon.colcon_core.verb:set package 'bucketDetector' build argument 'cmake_target' from command line to 'None'
[0.234s] Level 5:colcon.colcon_core.verb:set package 'bucketDetector' build argument 'cmake_target_skip_unavailable' from command line to 'False'
[0.234s] Level 5:colcon.colcon_core.verb:set package 'bucketDetector' build argument 'cmake_clean_cache' from command line to 'False'
[0.234s] Level 5:colcon.colcon_core.verb:set package 'bucketDetector' build argument 'cmake_clean_first' from command line to 'False'
[0.234s] Level 5:colcon.colcon_core.verb:set package 'bucketDetector' build argument 'cmake_force_configure' from command line to 'False'
[0.234s] Level 5:colcon.colcon_core.verb:set package 'bucketDetector' build argument 'ament_cmake_args' from command line to 'None'
[0.234s] Level 5:colcon.colcon_core.verb:set package 'bucketDetector' build argument 'catkin_cmake_args' from command line to 'None'
[0.234s] Level 5:colcon.colcon_core.verb:set package 'bucketDetector' build argument 'catkin_skip_building_tests' from command line to 'False'
[0.235s] DEBUG:colcon.colcon_core.verb:Building package 'bucketDetector' with the following arguments: {'ament_cmake_args': None, 'build_base': '/home/keshav/ros_workspace_2025/perception_ws/build/bucketDetector', 'catkin_cmake_args': None, 'catkin_skip_building_tests': False, 'cmake_args': None, 'cmake_clean_cache': False, 'cmake_clean_first': False, 'cmake_force_configure': False, 'cmake_target': None, 'cmake_target_skip_unavailable': False, 'install_base': '/home/keshav/ros_workspace_2025/perception_ws/install/bucketDetector', 'merge_install': False, 'path': '/home/keshav/ros_workspace_2025/perception_ws/src/bucketDetector', 'symlink_install': False, 'test_result_base': None}
[0.235s] Level 5:colcon.colcon_core.verb:set package 'controller' build argument 'cmake_args' from command line to 'None'
[0.235s] Level 5:colcon.colcon_core.verb:set package 'controller' build argument 'cmake_target' from command line to 'None'
[0.235s] Level 5:colcon.colcon_core.verb:set package 'controller' build argument 'cmake_target_skip_unavailable' from command line to 'False'
[0.235s] Level 5:colcon.colcon_core.verb:set package 'controller' build argument 'cmake_clean_cache' from command line to 'False'
[0.235s] Level 5:colcon.colcon_core.verb:set package 'controller' build argument 'cmake_clean_first' from command line to 'False'
[0.235s] Level 5:colcon.colcon_core.verb:set package 'controller' build argument 'cmake_force_configure' from command line to 'False'
[0.235s] Level 5:colcon.colcon_core.verb:set package 'controller' build argument 'ament_cmake_args' from command line to 'None'
[0.235s] Level 5:colcon.colcon_core.verb:set package 'controller' build argument 'catkin_cmake_args' from command line to 'None'
[0.235s] Level 5:colcon.colcon_core.verb:set package 'controller' build argument 'catkin_skip_building_tests' from command line to 'False'
[0.235s] DEBUG:colcon.colcon_core.verb:Building package 'controller' with the following arguments: {'ament_cmake_args': None, 'build_base': '/home/keshav/ros_workspace_2025/perception_ws/build/controller', 'catkin_cmake_args': None, 'catkin_skip_building_tests': False, 'cmake_args': None, 'cmake_clean_cache': False, 'cmake_clean_first': False, 'cmake_force_configure': False, 'cmake_target': None, 'cmake_target_skip_unavailable': False, 'install_base': '/home/keshav/ros_workspace_2025/perception_ws/install/controller', 'merge_install': False, 'path': '/home/keshav/ros_workspace_2025/perception_ws/src/controller', 'symlink_install': False, 'test_result_base': None}
[0.235s] Level 5:colcon.colcon_core.verb:set package 'fixedWing' build argument 'cmake_args' from command line to 'None'
[0.235s] Level 5:colcon.colcon_core.verb:set package 'fixedWing' build argument 'cmake_target' from command line to 'None'
[0.235s] Level 5:colcon.colcon_core.verb:set package 'fixedWing' build argument 'cmake_target_skip_unavailable' from command line to 'False'
[0.235s] Level 5:colcon.colcon_core.verb:set package 'fixedWing' build argument 'cmake_clean_cache' from command line to 'False'
[0.235s] Level 5:colcon.colcon_core.verb:set package 'fixedWing' build argument 'cmake_clean_first' from command line to 'False'
[0.235s] Level 5:colcon.colcon_core.verb:set package 'fixedWing' build argument 'cmake_force_configure' from command line to 'False'
[0.236s] Level 5:colcon.colcon_core.verb:set package 'fixedWing' build argument 'ament_cmake_args' from command line to 'None'
[0.236s] Level 5:colcon.colcon_core.verb:set package 'fixedWing' build argument 'catkin_cmake_args' from command line to 'None'
[0.236s] Level 5:colcon.colcon_core.verb:set package 'fixedWing' build argument 'catkin_skip_building_tests' from command line to 'False'
[0.236s] DEBUG:colcon.colcon_core.verb:Building package 'fixedWing' with the following arguments: {'ament_cmake_args': None, 'build_base': '/home/keshav/ros_workspace_2025/perception_ws/build/fixedWing', 'catkin_cmake_args': None, 'catkin_skip_building_tests': False, 'cmake_args': None, 'cmake_clean_cache': False, 'cmake_clean_first': False, 'cmake_force_configure': False, 'cmake_target': None, 'cmake_target_skip_unavailable': False, 'install_base': '/home/keshav/ros_workspace_2025/perception_ws/install/fixedWing', 'merge_install': False, 'path': '/home/keshav/ros_workspace_2025/perception_ws/src/fixedWing', 'symlink_install': False, 'test_result_base': None}
[0.236s] Level 5:colcon.colcon_core.verb:set package 'px4_msgs' build argument 'cmake_args' from command line to 'None'
[0.236s] Level 5:colcon.colcon_core.verb:set package 'px4_msgs' build argument 'cmake_target' from command line to 'None'
[0.236s] Level 5:colcon.colcon_core.verb:set package 'px4_msgs' build argument 'cmake_target_skip_unavailable' from command line to 'False'
[0.236s] Level 5:colcon.colcon_core.verb:set package 'px4_msgs' build argument 'cmake_clean_cache' from command line to 'False'
[0.236s] Level 5:colcon.colcon_core.verb:set package 'px4_msgs' build argument 'cmake_clean_first' from command line to 'False'
[0.236s] Level 5:colcon.colcon_core.verb:set package 'px4_msgs' build argument 'cmake_force_configure' from command line to 'False'
[0.236s] Level 5:colcon.colcon_core.verb:set package 'px4_msgs' build argument 'ament_cmake_args' from command line to 'None'
[0.236s] Level 5:colcon.colcon_core.verb:set package 'px4_msgs' build argument 'catkin_cmake_args' from command line to 'None'
[0.236s] Level 5:colcon.colcon_core.verb:set package 'px4_msgs' build argument 'catkin_skip_building_tests' from command line to 'False'
[0.236s] DEBUG:colcon.colcon_core.verb:Building package 'px4_msgs' with the following arguments: {'ament_cmake_args': None, 'build_base': '/home/keshav/ros_workspace_2025/perception_ws/build/px4_msgs', 'catkin_cmake_args': None, 'catkin_skip_building_tests': False, 'cmake_args': None, 'cmake_clean_cache': False, 'cmake_clean_first': False, 'cmake_force_configure': False, 'cmake_target': None, 'cmake_target_skip_unavailable': False, 'install_base': '/home/keshav/ros_workspace_2025/perception_ws/install/px4_msgs', 'merge_install': False, 'path': '/home/keshav/ros_workspace_2025/perception_ws/src/px4_msgs', 'symlink_install': False, 'test_result_base': None}
[0.236s] Level 5:colcon.colcon_core.verb:set package 'px4_ros_com' build argument 'cmake_args' from command line to 'None'
[0.236s] Level 5:colcon.colcon_core.verb:set package 'px4_ros_com' build argument 'cmake_target' from command line to 'None'
[0.236s] Level 5:colcon.colcon_core.verb:set package 'px4_ros_com' build argument 'cmake_target_skip_unavailable' from command line to 'False'
[0.236s] Level 5:colcon.colcon_core.verb:set package 'px4_ros_com' build argument 'cmake_clean_cache' from command line to 'False'
[0.236s] Level 5:colcon.colcon_core.verb:set package 'px4_ros_com' build argument 'cmake_clean_first' from command line to 'False'
[0.236s] Level 5:colcon.colcon_core.verb:set package 'px4_ros_com' build argument 'cmake_force_configure' from command line to 'False'
[0.237s] Level 5:colcon.colcon_core.verb:set package 'px4_ros_com' build argument 'ament_cmake_args' from command line to 'None'
[0.237s] Level 5:colcon.colcon_core.verb:set package 'px4_ros_com' build argument 'catkin_cmake_args' from command line to 'None'
[0.237s] Level 5:colcon.colcon_core.verb:set package 'px4_ros_com' build argument 'catkin_skip_building_tests' from command line to 'False'
[0.237s] DEBUG:colcon.colcon_core.verb:Building package 'px4_ros_com' with the following arguments: {'ament_cmake_args': None, 'build_base': '/home/keshav/ros_workspace_2025/perception_ws/build/px4_ros_com', 'catkin_cmake_args': None, 'catkin_skip_building_tests': False, 'cmake_args': None, 'cmake_clean_cache': False, 'cmake_clean_first': False, 'cmake_force_configure': False, 'cmake_target': None, 'cmake_target_skip_unavailable': False, 'install_base': '/home/keshav/ros_workspace_2025/perception_ws/install/px4_ros_com', 'merge_install': False, 'path': '/home/keshav/ros_workspace_2025/perception_ws/src/px4_ros_com', 'symlink_install': False, 'test_result_base': None}
[0.237s] INFO:colcon.colcon_core.executor:Executing jobs using 'parallel' executor
[0.237s] DEBUG:colcon.colcon_parallel_executor.executor.parallel:run_until_complete
[0.238s] INFO:colcon.colcon_ros.task.ament_cmake.build:Building ROS package in '/home/keshav/ros_workspace_2025/perception_ws/src/px4_msgs' with build type 'ament_cmake'
[0.238s] INFO:colcon.colcon_cmake.task.cmake.build:Building CMake package in '/home/keshav/ros_workspace_2025/perception_ws/src/px4_msgs'
[0.240s] INFO:colcon.colcon_core.plugin_system:Skipping extension 'colcon_core.shell.bat': Not used on non-Windows systems
[0.240s] INFO:colcon.colcon_core.shell:Skip shell extension 'powershell' for command environment: Not usable outside of PowerShell
[0.241s] DEBUG:colcon.colcon_core.shell:Skip shell extension 'dsv' for command environment
[0.244s] INFO:colcon.colcon_ros.task.ament_python.build:Building ROS package in '/home/keshav/ros_workspace_2025/perception_ws/src/bucketDetector' with build type 'ament_python'
[0.244s] Level 1:colcon.colcon_core.shell:create_environment_hook('bucketDetector', 'ament_prefix_path')
[0.244s] INFO:colcon.colcon_core.shell:Creating environment hook '/home/keshav/ros_workspace_2025/perception_ws/install/bucketDetector/share/bucketDetector/hook/ament_prefix_path.ps1'
[0.245s] INFO:colcon.colcon_core.shell:Creating environment descriptor '/home/keshav/ros_workspace_2025/perception_ws/install/bucketDetector/share/bucketDetector/hook/ament_prefix_path.dsv'
[0.245s] INFO:colcon.colcon_core.shell:Creating environment hook '/home/keshav/ros_workspace_2025/perception_ws/install/bucketDetector/share/bucketDetector/hook/ament_prefix_path.sh'
[0.246s] INFO:colcon.colcon_core.shell:Skip shell extension 'powershell' for command environment: Not usable outside of PowerShell
[0.246s] DEBUG:colcon.colcon_core.shell:Skip shell extension 'dsv' for command environment
[0.250s] INFO:colcon.colcon_ros.task.ament_python.build:Building ROS package in '/home/keshav/ros_workspace_2025/perception_ws/src/controller' with build type 'ament_python'
[0.250s] Level 1:colcon.colcon_core.shell:create_environment_hook('controller', 'ament_prefix_path')
[0.250s] INFO:colcon.colcon_core.shell:Creating environment hook '/home/keshav/ros_workspace_2025/perception_ws/install/controller/share/controller/hook/ament_prefix_path.ps1'
[0.251s] INFO:colcon.colcon_core.shell:Creating environment descriptor '/home/keshav/ros_workspace_2025/perception_ws/install/controller/share/controller/hook/ament_prefix_path.dsv'
[0.252s] INFO:colcon.colcon_core.shell:Creating environment hook '/home/keshav/ros_workspace_2025/perception_ws/install/controller/share/controller/hook/ament_prefix_path.sh'
[0.253s] INFO:colcon.colcon_core.shell:Skip shell extension 'powershell' for command environment: Not usable outside of PowerShell
[0.253s] DEBUG:colcon.colcon_core.shell:Skip shell extension 'dsv' for command environment
[0.256s] INFO:colcon.colcon_ros.task.ament_python.build:Building ROS package in '/home/keshav/ros_workspace_2025/perception_ws/src/fixedWing' with build type 'ament_python'
[0.256s] Level 1:colcon.colcon_core.shell:create_environment_hook('fixedWing', 'ament_prefix_path')
[0.256s] INFO:colcon.colcon_core.shell:Creating environment hook '/home/keshav/ros_workspace_2025/perception_ws/install/fixedWing/share/fixedWing/hook/ament_prefix_path.ps1'
[0.257s] INFO:colcon.colcon_core.shell:Creating environment descriptor '/home/keshav/ros_workspace_2025/perception_ws/install/fixedWing/share/fixedWing/hook/ament_prefix_path.dsv'
[0.258s] INFO:colcon.colcon_core.shell:Creating environment hook '/home/keshav/ros_workspace_2025/perception_ws/install/fixedWing/share/fixedWing/hook/ament_prefix_path.sh'
[0.259s] INFO:colcon.colcon_core.shell:Skip shell extension 'powershell' for command environment: Not usable outside of PowerShell
[0.259s] DEBUG:colcon.colcon_core.shell:Skip shell extension 'dsv' for command environment
[0.267s] DEBUG:colcon.colcon_core.event_handler.log_command:Invoking command in '/home/keshav/ros_workspace_2025/perception_ws/build/px4_msgs': CMAKE_PREFIX_PATH=${CMAKE_PREFIX_PATH}:/home/keshav/ros_workspace_2025/perception_ws/install/fixedWing:/home/keshav/ros_workspace_2025/perception_ws/install/controller:/home/keshav/ros_workspace_2025/perception_ws/install/bucketDetector:/opt/ros/humble /usr/bin/cmake --build /home/keshav/ros_workspace_2025/perception_ws/build/px4_msgs -- -j12 -l12
[0.490s] INFO:colcon.colcon_core.task.python.build:Building Python package in '/home/keshav/ros_workspace_2025/perception_ws/src/bucketDetector'
[0.491s] INFO:colcon.colcon_core.shell:Skip shell extension 'powershell' for command environment: Not usable outside of PowerShell
[0.491s] DEBUG:colcon.colcon_core.shell:Skip shell extension 'dsv' for command environment
[0.695s] INFO:colcon.colcon_core.task.python.build:Building Python package in '/home/keshav/ros_workspace_2025/perception_ws/src/controller'
[0.695s] INFO:colcon.colcon_core.shell:Skip shell extension 'powershell' for command environment: Not usable outside of PowerShell
[0.695s] DEBUG:colcon.colcon_core.shell:Skip shell extension 'dsv' for command environment
[0.905s] INFO:colcon.colcon_core.task.python.build:Building Python package in '/home/keshav/ros_workspace_2025/perception_ws/src/fixedWing'
[0.906s] INFO:colcon.colcon_core.shell:Skip shell extension 'powershell' for command environment: Not usable outside of PowerShell
[0.906s] DEBUG:colcon.colcon_core.shell:Skip shell extension 'dsv' for command environment
[1.609s] DEBUG:colcon.colcon_core.event_handler.log_command:Invoked command in '/home/keshav/ros_workspace_2025/perception_ws/build/px4_msgs' returned '0': CMAKE_PREFIX_PATH=${CMAKE_PREFIX_PATH}:/home/keshav/ros_workspace_2025/perception_ws/install/fixedWing:/home/keshav/ros_workspace_2025/perception_ws/install/controller:/home/keshav/ros_workspace_2025/perception_ws/install/bucketDetector:/opt/ros/humble /usr/bin/cmake --build /home/keshav/ros_workspace_2025/perception_ws/build/px4_msgs -- -j12 -l12
[1.619s] DEBUG:colcon.colcon_core.event_handler.log_command:Invoking command in '/home/keshav/ros_workspace_2025/perception_ws/build/px4_msgs': CMAKE_PREFIX_PATH=${CMAKE_PREFIX_PATH}:/home/keshav/ros_workspace_2025/perception_ws/install/fixedWing:/home/keshav/ros_workspace_2025/perception_ws/install/controller:/home/keshav/ros_workspace_2025/perception_ws/install/bucketDetector:/opt/ros/humble /usr/bin/cmake --install /home/keshav/ros_workspace_2025/perception_ws/build/px4_msgs
[1.816s] DEBUG:colcon.colcon_core.event_handler.log_command:Invoking command in '/home/keshav/ros_workspace_2025/perception_ws/src/bucketDetector': PYTHONPATH=/home/keshav/ros_workspace_2025/perception_ws/build/bucketDetector/prefix_override:/usr/lib/python3/dist-packages/colcon_core/task/python/colcon_distutils_commands:/home/keshav/ros_workspace_2025/perception_ws/install/bucketDetector/lib/python3.10/site-packages:${PYTHONPATH} /usr/bin/python3 -W ignore:setup.py install is deprecated -W ignore:easy_install command is deprecated setup.py egg_info --egg-base ../../build/bucketDetector build --build-base /home/keshav/ros_workspace_2025/perception_ws/build/bucketDetector/build install --record /home/keshav/ros_workspace_2025/perception_ws/build/bucketDetector/install.log --single-version-externally-managed install_data
[1.867s] DEBUG:colcon.colcon_core.event_handler.log_command:Invoking command in '/home/keshav/ros_workspace_2025/perception_ws/src/controller': PYTHONPATH=/home/keshav/ros_workspace_2025/perception_ws/build/controller/prefix_override:/usr/lib/python3/dist-packages/colcon_core/task/python/colcon_distutils_commands:/home/keshav/ros_workspace_2025/perception_ws/install/controller/lib/python3.10/site-packages:${PYTHONPATH} /usr/bin/python3 -W ignore:setup.py install is deprecated -W ignore:easy_install command is deprecated setup.py egg_info --egg-base ../../build/controller build --build-base /home/keshav/ros_workspace_2025/perception_ws/build/controller/build install --record /home/keshav/ros_workspace_2025/perception_ws/build/controller/install.log --single-version-externally-managed install_data
[1.927s] DEBUG:colcon.colcon_core.event_handler.log_command:Invoking command in '/home/keshav/ros_workspace_2025/perception_ws/src/fixedWing': PYTHONPATH=/home/keshav/ros_workspace_2025/perception_ws/build/fixedWing/prefix_override:/usr/lib/python3/dist-packages/colcon_core/task/python/colcon_distutils_commands:/home/keshav/ros_workspace_2025/perception_ws/install/fixedWing/lib/python3.10/site-packages:${PYTHONPATH} /usr/bin/python3 -W ignore:setup.py install is deprecated -W ignore:easy_install command is deprecated setup.py egg_info --egg-base ../../build/fixedWing build --build-base /home/keshav/ros_workspace_2025/perception_ws/build/fixedWing/build install --record /home/keshav/ros_workspace_2025/perception_ws/build/fixedWing/install.log --single-version-externally-managed install_data
[2.120s] Level 1:colcon.colcon_core.environment:create_environment_scripts_only(px4_msgs)
[2.121s] DEBUG:colcon.colcon_core.event_handler.log_command:Invoked command in '/home/keshav/ros_workspace_2025/perception_ws/build/px4_msgs' returned '0': CMAKE_PREFIX_PATH=${CMAKE_PREFIX_PATH}:/home/keshav/ros_workspace_2025/perception_ws/install/fixedWing:/home/keshav/ros_workspace_2025/perception_ws/install/controller:/home/keshav/ros_workspace_2025/perception_ws/install/bucketDetector:/opt/ros/humble /usr/bin/cmake --install /home/keshav/ros_workspace_2025/perception_ws/build/px4_msgs
[2.125s] Level 1:colcon.colcon_core.environment:checking '/home/keshav/ros_workspace_2025/perception_ws/install/px4_msgs' for CMake module files
[2.127s] Level 1:colcon.colcon_core.environment:checking '/home/keshav/ros_workspace_2025/perception_ws/install/px4_msgs' for CMake config files
[2.127s] Level 1:colcon.colcon_core.shell:create_environment_hook('px4_msgs', 'cmake_prefix_path')
[2.128s] INFO:colcon.colcon_core.shell:Creating environment hook '/home/keshav/ros_workspace_2025/perception_ws/install/px4_msgs/share/px4_msgs/hook/cmake_prefix_path.ps1'
[2.128s] INFO:colcon.colcon_core.shell:Creating environment descriptor '/home/keshav/ros_workspace_2025/perception_ws/install/px4_msgs/share/px4_msgs/hook/cmake_prefix_path.dsv'
[2.129s] INFO:colcon.colcon_core.shell:Creating environment hook '/home/keshav/ros_workspace_2025/perception_ws/install/px4_msgs/share/px4_msgs/hook/cmake_prefix_path.sh'
[2.130s] Level 1:colcon.colcon_core.environment:checking '/home/keshav/ros_workspace_2025/perception_ws/install/px4_msgs/lib'
[2.130s] Level 1:colcon.colcon_core.shell:create_environment_hook('px4_msgs', 'ld_library_path_lib')
[2.130s] INFO:colcon.colcon_core.shell:Creating environment hook '/home/keshav/ros_workspace_2025/perception_ws/install/px4_msgs/share/px4_msgs/hook/ld_library_path_lib.ps1'
[2.131s] INFO:colcon.colcon_core.shell:Creating environment descriptor '/home/keshav/ros_workspace_2025/perception_ws/install/px4_msgs/share/px4_msgs/hook/ld_library_path_lib.dsv'
[2.131s] INFO:colcon.colcon_core.shell:Creating environment hook '/home/keshav/ros_workspace_2025/perception_ws/install/px4_msgs/share/px4_msgs/hook/ld_library_path_lib.sh'
[2.131s] Level 1:colcon.colcon_core.environment:checking '/home/keshav/ros_workspace_2025/perception_ws/install/px4_msgs/bin'
[2.132s] Level 1:colcon.colcon_core.environment:checking '/home/keshav/ros_workspace_2025/perception_ws/install/px4_msgs/lib/pkgconfig/px4_msgs.pc'
[2.132s] Level 1:colcon.colcon_core.environment:checking '/home/keshav/ros_workspace_2025/perception_ws/install/px4_msgs/lib/python3.10/site-packages'
[2.132s] Level 1:colcon.colcon_core.environment:checking '/home/keshav/ros_workspace_2025/perception_ws/install/px4_msgs/bin'
[2.133s] INFO:colcon.colcon_core.shell:Creating package script '/home/keshav/ros_workspace_2025/perception_ws/install/px4_msgs/share/px4_msgs/package.ps1'
[2.134s] INFO:colcon.colcon_core.shell:Creating package descriptor '/home/keshav/ros_workspace_2025/perception_ws/install/px4_msgs/share/px4_msgs/package.dsv'
[2.135s] INFO:colcon.colcon_core.shell:Creating package script '/home/keshav/ros_workspace_2025/perception_ws/install/px4_msgs/share/px4_msgs/package.sh'
[2.136s] INFO:colcon.colcon_core.shell:Creating package script '/home/keshav/ros_workspace_2025/perception_ws/install/px4_msgs/share/px4_msgs/package.bash'
[2.137s] INFO:colcon.colcon_core.shell:Creating package script '/home/keshav/ros_workspace_2025/perception_ws/install/px4_msgs/share/px4_msgs/package.zsh'
[2.138s] Level 1:colcon.colcon_core.environment:create_file_with_runtime_dependencies(/home/keshav/ros_workspace_2025/perception_ws/install/px4_msgs/share/colcon-core/packages/px4_msgs)
[2.139s] Level 1:colcon.colcon_core.environment:create_environment_scripts_only(px4_msgs)
[2.139s] Level 1:colcon.colcon_core.environment:checking '/home/keshav/ros_workspace_2025/perception_ws/install/px4_msgs' for CMake module files
[2.140s] Level 1:colcon.colcon_core.environment:checking '/home/keshav/ros_workspace_2025/perception_ws/install/px4_msgs' for CMake config files
[2.140s] Level 1:colcon.colcon_core.shell:create_environment_hook('px4_msgs', 'cmake_prefix_path')
[2.141s] INFO:colcon.colcon_core.shell:Creating environment hook '/home/keshav/ros_workspace_2025/perception_ws/install/px4_msgs/share/px4_msgs/hook/cmake_prefix_path.ps1'
[2.142s] INFO:colcon.colcon_core.shell:Creating environment descriptor '/home/keshav/ros_workspace_2025/perception_ws/install/px4_msgs/share/px4_msgs/hook/cmake_prefix_path.dsv'
[2.142s] INFO:colcon.colcon_core.shell:Creating environment hook '/home/keshav/ros_workspace_2025/perception_ws/install/px4_msgs/share/px4_msgs/hook/cmake_prefix_path.sh'
[2.143s] Level 1:colcon.colcon_core.environment:checking '/home/keshav/ros_workspace_2025/perception_ws/install/px4_msgs/lib'
[2.143s] Level 1:colcon.colcon_core.shell:create_environment_hook('px4_msgs', 'ld_library_path_lib')
[2.143s] INFO:colcon.colcon_core.shell:Creating environment hook '/home/keshav/ros_workspace_2025/perception_ws/install/px4_msgs/share/px4_msgs/hook/ld_library_path_lib.ps1'
[2.144s] INFO:colcon.colcon_core.shell:Creating environment descriptor '/home/keshav/ros_workspace_2025/perception_ws/install/px4_msgs/share/px4_msgs/hook/ld_library_path_lib.dsv'
[2.144s] INFO:colcon.colcon_core.shell:Creating environment hook '/home/keshav/ros_workspace_2025/perception_ws/install/px4_msgs/share/px4_msgs/hook/ld_library_path_lib.sh'
[2.144s] Level 1:colcon.colcon_core.environment:checking '/home/keshav/ros_workspace_2025/perception_ws/install/px4_msgs/bin'
[2.145s] Level 1:colcon.colcon_core.environment:checking '/home/keshav/ros_workspace_2025/perception_ws/install/px4_msgs/lib/pkgconfig/px4_msgs.pc'
[2.145s] Level 1:colcon.colcon_core.environment:checking '/home/keshav/ros_workspace_2025/perception_ws/install/px4_msgs/lib/python3.10/site-packages'
[2.145s] Level 1:colcon.colcon_core.environment:checking '/home/keshav/ros_workspace_2025/perception_ws/install/px4_msgs/bin'
[2.146s] INFO:colcon.colcon_core.shell:Creating package script '/home/keshav/ros_workspace_2025/perception_ws/install/px4_msgs/share/px4_msgs/package.ps1'
[2.146s] INFO:colcon.colcon_core.shell:Creating package descriptor '/home/keshav/ros_workspace_2025/perception_ws/install/px4_msgs/share/px4_msgs/package.dsv'
[2.147s] INFO:colcon.colcon_core.shell:Creating package script '/home/keshav/ros_workspace_2025/perception_ws/install/px4_msgs/share/px4_msgs/package.sh'
[2.148s] INFO:colcon.colcon_core.shell:Creating package script '/home/keshav/ros_workspace_2025/perception_ws/install/px4_msgs/share/px4_msgs/package.bash'
[2.148s] INFO:colcon.colcon_core.shell:Creating package script '/home/keshav/ros_workspace_2025/perception_ws/install/px4_msgs/share/px4_msgs/package.zsh'
[2.149s] Level 1:colcon.colcon_core.environment:create_file_with_runtime_dependencies(/home/keshav/ros_workspace_2025/perception_ws/install/px4_msgs/share/colcon-core/packages/px4_msgs)
[2.149s] INFO:colcon.colcon_ros.task.ament_cmake.build:Building ROS package in '/home/keshav/ros_workspace_2025/perception_ws/src/px4_ros_com' with build type 'ament_cmake'
[2.149s] INFO:colcon.colcon_cmake.task.cmake.build:Building CMake package in '/home/keshav/ros_workspace_2025/perception_ws/src/px4_ros_com'
[2.150s] INFO:colcon.colcon_core.shell:Skip shell extension 'powershell' for command environment: Not usable outside of PowerShell
[2.150s] DEBUG:colcon.colcon_core.shell:Skip shell extension 'dsv' for command environment
[2.168s] DEBUG:colcon.colcon_core.event_handler.log_command:Invoking command in '/home/keshav/ros_workspace_2025/perception_ws/build/px4_ros_com': CMAKE_PREFIX_PATH=/home/keshav/ros_workspace_2025/perception_ws/install/px4_msgs:/home/keshav/ros_workspace_2025/perception_ws/install/px4_ros_com:/home/keshav/ros_workspace_2025/perception_ws/install/fixedWing:/home/keshav/ros_workspace_2025/perception_ws/install/controller:/home/keshav/ros_workspace_2025/perception_ws/install/bucketDetector:/opt/ros/humble LD_LIBRARY_PATH=/home/keshav/ros_workspace_2025/perception_ws/install/px4_msgs/lib:/home/keshav/ros_workspace_2025/perception_ws/install/px4_ros_com/lib:/opt/ros/humble/opt/rviz_ogre_vendor/lib:/opt/ros/humble/lib/x86_64-linux-gnu:/opt/ros/humble/lib /usr/bin/cmake --build /home/keshav/ros_workspace_2025/perception_ws/build/px4_ros_com -- -j12 -l12
[2.346s] Level 1:colcon.colcon_core.environment:checking '/home/keshav/ros_workspace_2025/perception_ws/install/bucketDetector' for CMake module files
[2.346s] DEBUG:colcon.colcon_core.event_handler.log_command:Invoked command in '/home/keshav/ros_workspace_2025/perception_ws/src/bucketDetector' returned '0': PYTHONPATH=/home/keshav/ros_workspace_2025/perception_ws/build/bucketDetector/prefix_override:/usr/lib/python3/dist-packages/colcon_core/task/python/colcon_distutils_commands:/home/keshav/ros_workspace_2025/perception_ws/install/bucketDetector/lib/python3.10/site-packages:${PYTHONPATH} /usr/bin/python3 -W ignore:setup.py install is deprecated -W ignore:easy_install command is deprecated setup.py egg_info --egg-base ../../build/bucketDetector build --build-base /home/keshav/ros_workspace_2025/perception_ws/build/bucketDetector/build install --record /home/keshav/ros_workspace_2025/perception_ws/build/bucketDetector/install.log --single-version-externally-managed install_data
[2.347s] Level 1:colcon.colcon_core.environment:checking '/home/keshav/ros_workspace_2025/perception_ws/install/bucketDetector' for CMake config files
[2.348s] Level 1:colcon.colcon_core.environment:checking '/home/keshav/ros_workspace_2025/perception_ws/install/bucketDetector/lib'
[2.348s] Level 1:colcon.colcon_core.environment:checking '/home/keshav/ros_workspace_2025/perception_ws/install/bucketDetector/bin'
[2.348s] Level 1:colcon.colcon_core.environment:checking '/home/keshav/ros_workspace_2025/perception_ws/install/bucketDetector/lib/pkgconfig/bucketDetector.pc'
[2.348s] Level 1:colcon.colcon_core.environment:checking '/home/keshav/ros_workspace_2025/perception_ws/install/bucketDetector/lib/python3.10/site-packages'
[2.348s] Level 1:colcon.colcon_core.shell:create_environment_hook('bucketDetector', 'pythonpath')
[2.349s] INFO:colcon.colcon_core.shell:Creating environment hook '/home/keshav/ros_workspace_2025/perception_ws/install/bucketDetector/share/bucketDetector/hook/pythonpath.ps1'
[2.349s] INFO:colcon.colcon_core.shell:Creating environment descriptor '/home/keshav/ros_workspace_2025/perception_ws/install/bucketDetector/share/bucketDetector/hook/pythonpath.dsv'
[2.349s] INFO:colcon.colcon_core.shell:Creating environment hook '/home/keshav/ros_workspace_2025/perception_ws/install/bucketDetector/share/bucketDetector/hook/pythonpath.sh'
[2.350s] Level 1:colcon.colcon_core.environment:checking '/home/keshav/ros_workspace_2025/perception_ws/install/bucketDetector/bin'
[2.350s] Level 1:colcon.colcon_core.environment:create_environment_scripts_only(bucketDetector)
[2.350s] INFO:colcon.colcon_core.shell:Creating package script '/home/keshav/ros_workspace_2025/perception_ws/install/bucketDetector/share/bucketDetector/package.ps1'
[2.351s] INFO:colcon.colcon_core.shell:Creating package descriptor '/home/keshav/ros_workspace_2025/perception_ws/install/bucketDetector/share/bucketDetector/package.dsv'
[2.351s] INFO:colcon.colcon_core.shell:Creating package script '/home/keshav/ros_workspace_2025/perception_ws/install/bucketDetector/share/bucketDetector/package.sh'
[2.351s] INFO:colcon.colcon_core.shell:Creating package script '/home/keshav/ros_workspace_2025/perception_ws/install/bucketDetector/share/bucketDetector/package.bash'
[2.352s] INFO:colcon.colcon_core.shell:Creating package script '/home/keshav/ros_workspace_2025/perception_ws/install/bucketDetector/share/bucketDetector/package.zsh'
[2.352s] Level 1:colcon.colcon_core.environment:create_file_with_runtime_dependencies(/home/keshav/ros_workspace_2025/perception_ws/install/bucketDetector/share/colcon-core/packages/bucketDetector)
[2.486s] Level 1:colcon.colcon_core.environment:checking '/home/keshav/ros_workspace_2025/perception_ws/install/controller' for CMake module files
[2.486s] DEBUG:colcon.colcon_core.event_handler.log_command:Invoked command in '/home/keshav/ros_workspace_2025/perception_ws/src/controller' returned '0': PYTHONPATH=/home/keshav/ros_workspace_2025/perception_ws/build/controller/prefix_override:/usr/lib/python3/dist-packages/colcon_core/task/python/colcon_distutils_commands:/home/keshav/ros_workspace_2025/perception_ws/install/controller/lib/python3.10/site-packages:${PYTHONPATH} /usr/bin/python3 -W ignore:setup.py install is deprecated -W ignore:easy_install command is deprecated setup.py egg_info --egg-base ../../build/controller build --build-base /home/keshav/ros_workspace_2025/perception_ws/build/controller/build install --record /home/keshav/ros_workspace_2025/perception_ws/build/controller/install.log --single-version-externally-managed install_data
[2.487s] Level 1:colcon.colcon_core.environment:checking '/home/keshav/ros_workspace_2025/perception_ws/install/controller' for CMake config files
[2.487s] Level 1:colcon.colcon_core.environment:checking '/home/keshav/ros_workspace_2025/perception_ws/install/controller/lib'
[2.487s] Level 1:colcon.colcon_core.environment:checking '/home/keshav/ros_workspace_2025/perception_ws/install/controller/bin'
[2.487s] Level 1:colcon.colcon_core.environment:checking '/home/keshav/ros_workspace_2025/perception_ws/install/controller/lib/pkgconfig/controller.pc'
[2.488s] Level 1:colcon.colcon_core.environment:checking '/home/keshav/ros_workspace_2025/perception_ws/install/controller/lib/python3.10/site-packages'
[2.488s] Level 1:colcon.colcon_core.shell:create_environment_hook('controller', 'pythonpath')
[2.488s] INFO:colcon.colcon_core.shell:Creating environment hook '/home/keshav/ros_workspace_2025/perception_ws/install/controller/share/controller/hook/pythonpath.ps1'
[2.488s] INFO:colcon.colcon_core.shell:Creating environment descriptor '/home/keshav/ros_workspace_2025/perception_ws/install/controller/share/controller/hook/pythonpath.dsv'
[2.489s] INFO:colcon.colcon_core.shell:Creating environment hook '/home/keshav/ros_workspace_2025/perception_ws/install/controller/share/controller/hook/pythonpath.sh'
[2.489s] Level 1:colcon.colcon_core.environment:checking '/home/keshav/ros_workspace_2025/perception_ws/install/controller/bin'
[2.489s] Level 1:colcon.colcon_core.environment:create_environment_scripts_only(controller)
[2.490s] INFO:colcon.colcon_core.shell:Creating package script '/home/keshav/ros_workspace_2025/perception_ws/install/controller/share/controller/package.ps1'
[2.490s] INFO:colcon.colcon_core.shell:Creating package descriptor '/home/keshav/ros_workspace_2025/perception_ws/install/controller/share/controller/package.dsv'
[2.491s] INFO:colcon.colcon_core.shell:Creating package script '/home/keshav/ros_workspace_2025/perception_ws/install/controller/share/controller/package.sh'
[2.491s] INFO:colcon.colcon_core.shell:Creating package script '/home/keshav/ros_workspace_2025/perception_ws/install/controller/share/controller/package.bash'
[2.492s] INFO:colcon.colcon_core.shell:Creating package script '/home/keshav/ros_workspace_2025/perception_ws/install/controller/share/controller/package.zsh'
[2.492s] Level 1:colcon.colcon_core.environment:create_file_with_runtime_dependencies(/home/keshav/ros_workspace_2025/perception_ws/install/controller/share/colcon-core/packages/controller)
[2.500s] Level 1:colcon.colcon_core.environment:checking '/home/keshav/ros_workspace_2025/perception_ws/install/fixedWing' for CMake module files
[2.501s] DEBUG:colcon.colcon_core.event_handler.log_command:Invoked command in '/home/keshav/ros_workspace_2025/perception_ws/src/fixedWing' returned '0': PYTHONPATH=/home/keshav/ros_workspace_2025/perception_ws/build/fixedWing/prefix_override:/usr/lib/python3/dist-packages/colcon_core/task/python/colcon_distutils_commands:/home/keshav/ros_workspace_2025/perception_ws/install/fixedWing/lib/python3.10/site-packages:${PYTHONPATH} /usr/bin/python3 -W ignore:setup.py install is deprecated -W ignore:easy_install command is deprecated setup.py egg_info --egg-base ../../build/fixedWing build --build-base /home/keshav/ros_workspace_2025/perception_ws/build/fixedWing/build install --record /home/keshav/ros_workspace_2025/perception_ws/build/fixedWing/install.log --single-version-externally-managed install_data
[2.501s] Level 1:colcon.colcon_core.environment:checking '/home/keshav/ros_workspace_2025/perception_ws/install/fixedWing' for CMake config files
[2.502s] Level 1:colcon.colcon_core.environment:checking '/home/keshav/ros_workspace_2025/perception_ws/install/fixedWing/lib'
[2.502s] Level 1:colcon.colcon_core.environment:checking '/home/keshav/ros_workspace_2025/perception_ws/install/fixedWing/bin'
[2.502s] Level 1:colcon.colcon_core.environment:checking '/home/keshav/ros_workspace_2025/perception_ws/install/fixedWing/lib/pkgconfig/fixedWing.pc'
[2.502s] Level 1:colcon.colcon_core.environment:checking '/home/keshav/ros_workspace_2025/perception_ws/install/fixedWing/lib/python3.10/site-packages'
[2.502s] Level 1:colcon.colcon_core.shell:create_environment_hook('fixedWing', 'pythonpath')
[2.502s] INFO:colcon.colcon_core.shell:Creating environment hook '/home/keshav/ros_workspace_2025/perception_ws/install/fixedWing/share/fixedWing/hook/pythonpath.ps1'
[2.503s] INFO:colcon.colcon_core.shell:Creating environment descriptor '/home/keshav/ros_workspace_2025/perception_ws/install/fixedWing/share/fixedWing/hook/pythonpath.dsv'
[2.503s] INFO:colcon.colcon_core.shell:Creating environment hook '/home/keshav/ros_workspace_2025/perception_ws/install/fixedWing/share/fixedWing/hook/pythonpath.sh'
[2.504s] Level 1:colcon.colcon_core.environment:checking '/home/keshav/ros_workspace_2025/perception_ws/install/fixedWing/bin'
[2.504s] Level 1:colcon.colcon_core.environment:create_environment_scripts_only(fixedWing)
[2.504s] INFO:colcon.colcon_core.shell:Creating package script '/home/keshav/ros_workspace_2025/perception_ws/install/fixedWing/share/fixedWing/package.ps1'
[2.504s] INFO:colcon.colcon_core.shell:Creating package descriptor '/home/keshav/ros_workspace_2025/perception_ws/install/fixedWing/share/fixedWing/package.dsv'
[2.505s] INFO:colcon.colcon_core.shell:Creating package script '/home/keshav/ros_workspace_2025/perception_ws/install/fixedWing/share/fixedWing/package.sh'
[2.505s] INFO:colcon.colcon_core.shell:Creating package script '/home/keshav/ros_workspace_2025/perception_ws/install/fixedWing/share/fixedWing/package.bash'
[2.506s] INFO:colcon.colcon_core.shell:Creating package script '/home/keshav/ros_workspace_2025/perception_ws/install/fixedWing/share/fixedWing/package.zsh'
[2.506s] Level 1:colcon.colcon_core.environment:create_file_with_runtime_dependencies(/home/keshav/ros_workspace_2025/perception_ws/install/fixedWing/share/colcon-core/packages/fixedWing)
[2.675s] DEBUG:colcon.colcon_core.event_handler.log_command:Invoked command in '/home/keshav/ros_workspace_2025/perception_ws/build/px4_ros_com' returned '0': CMAKE_PREFIX_PATH=/home/keshav/ros_workspace_2025/perception_ws/install/px4_msgs:/home/keshav/ros_workspace_2025/perception_ws/install/px4_ros_com:/home/keshav/ros_workspace_2025/perception_ws/install/fixedWing:/home/keshav/ros_workspace_2025/perception_ws/install/controller:/home/keshav/ros_workspace_2025/perception_ws/install/bucketDetector:/opt/ros/humble LD_LIBRARY_PATH=/home/keshav/ros_workspace_2025/perception_ws/install/px4_msgs/lib:/home/keshav/ros_workspace_2025/perception_ws/install/px4_ros_com/lib:/opt/ros/humble/opt/rviz_ogre_vendor/lib:/opt/ros/humble/lib/x86_64-linux-gnu:/opt/ros/humble/lib /usr/bin/cmake --build /home/keshav/ros_workspace_2025/perception_ws/build/px4_ros_com -- -j12 -l12
[2.676s] DEBUG:colcon.colcon_core.event_handler.log_command:Invoking command in '/home/keshav/ros_workspace_2025/perception_ws/build/px4_ros_com': CMAKE_PREFIX_PATH=/home/keshav/ros_workspace_2025/perception_ws/install/px4_msgs:/home/keshav/ros_workspace_2025/perception_ws/install/px4_ros_com:/home/keshav/ros_workspace_2025/perception_ws/install/fixedWing:/home/keshav/ros_workspace_2025/perception_ws/install/controller:/home/keshav/ros_workspace_2025/perception_ws/install/bucketDetector:/opt/ros/humble LD_LIBRARY_PATH=/home/keshav/ros_workspace_2025/perception_ws/install/px4_msgs/lib:/home/keshav/ros_workspace_2025/perception_ws/install/px4_ros_com/lib:/opt/ros/humble/opt/rviz_ogre_vendor/lib:/opt/ros/humble/lib/x86_64-linux-gnu:/opt/ros/humble/lib /usr/bin/cmake --install /home/keshav/ros_workspace_2025/perception_ws/build/px4_ros_com
[2.730s] Level 1:colcon.colcon_core.environment:create_environment_scripts_only(px4_ros_com)
[2.731s] Level 1:colcon.colcon_core.environment:checking '/home/keshav/ros_workspace_2025/perception_ws/install/px4_ros_com' for CMake module files
[2.731s] DEBUG:colcon.colcon_core.event_handler.log_command:Invoked command in '/home/keshav/ros_workspace_2025/perception_ws/build/px4_ros_com' returned '0': CMAKE_PREFIX_PATH=/home/keshav/ros_workspace_2025/perception_ws/install/px4_msgs:/home/keshav/ros_workspace_2025/perception_ws/install/px4_ros_com:/home/keshav/ros_workspace_2025/perception_ws/install/fixedWing:/home/keshav/ros_workspace_2025/perception_ws/install/controller:/home/keshav/ros_workspace_2025/perception_ws/install/bucketDetector:/opt/ros/humble LD_LIBRARY_PATH=/home/keshav/ros_workspace_2025/perception_ws/install/px4_msgs/lib:/home/keshav/ros_workspace_2025/perception_ws/install/px4_ros_com/lib:/opt/ros/humble/opt/rviz_ogre_vendor/lib:/opt/ros/humble/lib/x86_64-linux-gnu:/opt/ros/humble/lib /usr/bin/cmake --install /home/keshav/ros_workspace_2025/perception_ws/build/px4_ros_com
[2.732s] Level 1:colcon.colcon_core.environment:checking '/home/keshav/ros_workspace_2025/perception_ws/install/px4_ros_com' for CMake config files
[2.732s] Level 1:colcon.colcon_core.shell:create_environment_hook('px4_ros_com', 'cmake_prefix_path')
[2.732s] INFO:colcon.colcon_core.shell:Creating environment hook '/home/keshav/ros_workspace_2025/perception_ws/install/px4_ros_com/share/px4_ros_com/hook/cmake_prefix_path.ps1'
[2.733s] INFO:colcon.colcon_core.shell:Creating environment descriptor '/home/keshav/ros_workspace_2025/perception_ws/install/px4_ros_com/share/px4_ros_com/hook/cmake_prefix_path.dsv'
[2.733s] INFO:colcon.colcon_core.shell:Creating environment hook '/home/keshav/ros_workspace_2025/perception_ws/install/px4_ros_com/share/px4_ros_com/hook/cmake_prefix_path.sh'
[2.734s] Level 1:colcon.colcon_core.environment:checking '/home/keshav/ros_workspace_2025/perception_ws/install/px4_ros_com/lib'
[2.734s] Level 1:colcon.colcon_core.shell:create_environment_hook('px4_ros_com', 'ld_library_path_lib')
[2.735s] INFO:colcon.colcon_core.shell:Creating environment hook '/home/keshav/ros_workspace_2025/perception_ws/install/px4_ros_com/share/px4_ros_com/hook/ld_library_path_lib.ps1'
[2.735s] INFO:colcon.colcon_core.shell:Creating environment descriptor '/home/keshav/ros_workspace_2025/perception_ws/install/px4_ros_com/share/px4_ros_com/hook/ld_library_path_lib.dsv'
[2.736s] INFO:colcon.colcon_core.shell:Creating environment hook '/home/keshav/ros_workspace_2025/perception_ws/install/px4_ros_com/share/px4_ros_com/hook/ld_library_path_lib.sh'
[2.736s] Level 1:colcon.colcon_core.environment:checking '/home/keshav/ros_workspace_2025/perception_ws/install/px4_ros_com/bin'
[2.736s] Level 1:colcon.colcon_core.environment:checking '/home/keshav/ros_workspace_2025/perception_ws/install/px4_ros_com/lib/pkgconfig/px4_ros_com.pc'
[2.736s] Level 1:colcon.colcon_core.environment:checking '/home/keshav/ros_workspace_2025/perception_ws/install/px4_ros_com/lib/python3.10/site-packages'
[2.737s] Level 1:colcon.colcon_core.environment:checking '/home/keshav/ros_workspace_2025/perception_ws/install/px4_ros_com/bin'
[2.737s] INFO:colcon.colcon_core.shell:Creating package script '/home/keshav/ros_workspace_2025/perception_ws/install/px4_ros_com/share/px4_ros_com/package.ps1'
[2.738s] INFO:colcon.colcon_core.shell:Creating package descriptor '/home/keshav/ros_workspace_2025/perception_ws/install/px4_ros_com/share/px4_ros_com/package.dsv'
[2.738s] INFO:colcon.colcon_core.shell:Creating package script '/home/keshav/ros_workspace_2025/perception_ws/install/px4_ros_com/share/px4_ros_com/package.sh'
[2.739s] INFO:colcon.colcon_core.shell:Creating package script '/home/keshav/ros_workspace_2025/perception_ws/install/px4_ros_com/share/px4_ros_com/package.bash'
[2.740s] INFO:colcon.colcon_core.shell:Creating package script '/home/keshav/ros_workspace_2025/perception_ws/install/px4_ros_com/share/px4_ros_com/package.zsh'
[2.740s] Level 1:colcon.colcon_core.environment:create_file_with_runtime_dependencies(/home/keshav/ros_workspace_2025/perception_ws/install/px4_ros_com/share/colcon-core/packages/px4_ros_com)
[2.741s] Level 1:colcon.colcon_core.environment:create_environment_scripts_only(px4_ros_com)
[2.741s] Level 1:colcon.colcon_core.environment:checking '/home/keshav/ros_workspace_2025/perception_ws/install/px4_ros_com' for CMake module files
[2.742s] Level 1:colcon.colcon_core.environment:checking '/home/keshav/ros_workspace_2025/perception_ws/install/px4_ros_com' for CMake config files
[2.742s] Level 1:colcon.colcon_core.shell:create_environment_hook('px4_ros_com', 'cmake_prefix_path')
[2.742s] INFO:colcon.colcon_core.shell:Creating environment hook '/home/keshav/ros_workspace_2025/perception_ws/install/px4_ros_com/share/px4_ros_com/hook/cmake_prefix_path.ps1'
[2.743s] INFO:colcon.colcon_core.shell:Creating environment descriptor '/home/keshav/ros_workspace_2025/perception_ws/install/px4_ros_com/share/px4_ros_com/hook/cmake_prefix_path.dsv'
[2.743s] INFO:colcon.colcon_core.shell:Creating environment hook '/home/keshav/ros_workspace_2025/perception_ws/install/px4_ros_com/share/px4_ros_com/hook/cmake_prefix_path.sh'
[2.743s] Level 1:colcon.colcon_core.environment:checking '/home/keshav/ros_workspace_2025/perception_ws/install/px4_ros_com/lib'
[2.743s] Level 1:colcon.colcon_core.shell:create_environment_hook('px4_ros_com', 'ld_library_path_lib')
[2.744s] INFO:colcon.colcon_core.shell:Creating environment hook '/home/keshav/ros_workspace_2025/perception_ws/install/px4_ros_com/share/px4_ros_com/hook/ld_library_path_lib.ps1'
[2.744s] INFO:colcon.colcon_core.shell:Creating environment descriptor '/home/keshav/ros_workspace_2025/perception_ws/install/px4_ros_com/share/px4_ros_com/hook/ld_library_path_lib.dsv'
[2.744s] INFO:colcon.colcon_core.shell:Creating environment hook '/home/keshav/ros_workspace_2025/perception_ws/install/px4_ros_com/share/px4_ros_com/hook/ld_library_path_lib.sh'
[2.745s] Level 1:colcon.colcon_core.environment:checking '/home/keshav/ros_workspace_2025/perception_ws/install/px4_ros_com/bin'
[2.745s] Level 1:colcon.colcon_core.environment:checking '/home/keshav/ros_workspace_2025/perception_ws/install/px4_ros_com/lib/pkgconfig/px4_ros_com.pc'
[2.745s] Level 1:colcon.colcon_core.environment:checking '/home/keshav/ros_workspace_2025/perception_ws/install/px4_ros_com/lib/python3.10/site-packages'
[2.745s] Level 1:colcon.colcon_core.environment:checking '/home/keshav/ros_workspace_2025/perception_ws/install/px4_ros_com/bin'
[2.745s] INFO:colcon.colcon_core.shell:Creating package script '/home/keshav/ros_workspace_2025/perception_ws/install/px4_ros_com/share/px4_ros_com/package.ps1'
[2.746s] INFO:colcon.colcon_core.shell:Creating package descriptor '/home/keshav/ros_workspace_2025/perception_ws/install/px4_ros_com/share/px4_ros_com/package.dsv'
[2.746s] INFO:colcon.colcon_core.shell:Creating package script '/home/keshav/ros_workspace_2025/perception_ws/install/px4_ros_com/share/px4_ros_com/package.sh'
[2.747s] INFO:colcon.colcon_core.shell:Creating package script '/home/keshav/ros_workspace_2025/perception_ws/install/px4_ros_com/share/px4_ros_com/package.bash'
[2.747s] INFO:colcon.colcon_core.shell:Creating package script '/home/keshav/ros_workspace_2025/perception_ws/install/px4_ros_com/share/px4_ros_com/package.zsh'
[2.747s] Level 1:colcon.colcon_core.environment:create_file_with_runtime_dependencies(/home/keshav/ros_workspace_2025/perception_ws/install/px4_ros_com/share/colcon-core/packages/px4_ros_com)
[2.748s] DEBUG:colcon.colcon_parallel_executor.executor.parallel:closing loop
[2.748s] DEBUG:colcon.colcon_parallel_executor.executor.parallel:loop closed
[2.748s] DEBUG:colcon.colcon_parallel_executor.executor.parallel:run_until_complete finished with '0'
[2.748s] DEBUG:colcon.colcon_core.event_reactor:joining thread
[2.755s] INFO:colcon.colcon_core.plugin_system:Skipping extension 'colcon_notification.desktop_notification.terminal_notifier': Not used on non-Darwin systems
[2.755s] INFO:colcon.colcon_core.plugin_system:Skipping extension 'colcon_notification.desktop_notification.win32': Not used on non-Windows systems
[2.755s] INFO:colcon.colcon_notification.desktop_notification:Sending desktop notification using 'notify2'
[2.766s] DEBUG:colcon.colcon_core.event_reactor:joined thread
[2.767s] INFO:colcon.colcon_core.shell:Creating prefix script '/home/keshav/ros_workspace_2025/perception_ws/install/local_setup.ps1'
[2.768s] INFO:colcon.colcon_core.shell:Creating prefix util module '/home/keshav/ros_workspace_2025/perception_ws/install/_local_setup_util_ps1.py'
[2.771s] INFO:colcon.colcon_core.shell:Creating prefix chain script '/home/keshav/ros_workspace_2025/perception_ws/install/setup.ps1'
[2.772s] INFO:colcon.colcon_core.shell:Creating prefix script '/home/keshav/ros_workspace_2025/perception_ws/install/local_setup.sh'
[2.773s] INFO:colcon.colcon_core.shell:Creating prefix util module '/home/keshav/ros_workspace_2025/perception_ws/install/_local_setup_util_sh.py'
[2.773s] INFO:colcon.colcon_core.shell:Creating prefix chain script '/home/keshav/ros_workspace_2025/perception_ws/install/setup.sh'
[2.775s] INFO:colcon.colcon_core.shell:Creating prefix script '/home/keshav/ros_workspace_2025/perception_ws/install/local_setup.bash'
[2.775s] INFO:colcon.colcon_core.shell:Creating prefix chain script '/home/keshav/ros_workspace_2025/perception_ws/install/setup.bash'
[2.776s] INFO:colcon.colcon_core.shell:Creating prefix script '/home/keshav/ros_workspace_2025/perception_ws/install/local_setup.zsh'
[2.777s] INFO:colcon.colcon_core.shell:Creating prefix chain script '/home/keshav/ros_workspace_2025/perception_ws/install/setup.zsh'
