[0.083s] DEBUG:colcon:Command line arguments: ['/usr/bin/colcon', 'build']
[0.083s] DEBUG:colcon:Parsed command line arguments: Namespace(log_base=None, log_level=None, verb_name='build', build_base='build', install_base='install', merge_install=False, symlink_install=False, test_result_base=None, continue_on_error=False, executor='parallel', parallel_workers=20, event_handlers=None, ignore_user_meta=False, metas=['./colcon.meta'], base_paths=['.'], packages_ignore=None, packages_ignore_regex=None, paths=None, packages_up_to=None, packages_up_to_regex=None, packages_above=None, packages_above_and_dependencies=None, packages_above_depth=None, packages_select_by_dep=None, packages_skip_by_dep=None, packages_skip_up_to=None, packages_select_build_failed=False, packages_skip_build_finished=False, packages_select_test_failures=False, packages_skip_test_passed=False, packages_select=None, packages_skip=None, packages_select_regex=None, packages_skip_regex=None, packages_start=None, packages_end=None, allow_overriding=[], cmake_args=None, cmake_target=None, cmake_target_skip_unavailable=False, cmake_clean_cache=False, cmake_clean_first=False, cmake_force_configure=False, ament_cmake_args=None, catkin_cmake_args=None, catkin_skip_building_tests=False, verb_parser=<colcon_defaults.argument_parser.defaults.DefaultArgumentsDecorator object at 0x719dbf44a2c0>, verb_extension=<colcon_core.verb.build.BuildVerb object at 0x719dbf449e70>, main=<bound method BuildVerb.main of <colcon_core.verb.build.BuildVerb object at 0x719dbf449e70>>)
[0.115s] Level 1:colcon.colcon_core.package_discovery:discover_packages(colcon_meta) check parameters
[0.115s] Level 1:colcon.colcon_core.package_discovery:discover_packages(recursive) check parameters
[0.115s] Level 1:colcon.colcon_core.package_discovery:discover_packages(ignore) check parameters
[0.115s] Level 1:colcon.colcon_core.package_discovery:discover_packages(path) check parameters
[0.115s] Level 1:colcon.colcon_core.package_discovery:discover_packages(colcon_meta) discover
[0.116s] Level 1:colcon.colcon_core.package_discovery:discover_packages(recursive) discover
[0.116s] INFO:colcon.colcon_core.package_discovery:Crawling recursively for packages in '/home/conor/Documents/aero2025/ros_workspace_2025/perception_ws'
[0.116s] Level 1:colcon.colcon_core.package_identification:_identify(.) by extensions ['ignore', 'ignore_ament_install']
[0.116s] Level 1:colcon.colcon_core.package_identification:_identify(.) by extension 'ignore'
[0.116s] Level 1:colcon.colcon_core.package_identification:_identify(.) by extension 'ignore_ament_install'
[0.116s] Level 1:colcon.colcon_core.package_identification:_identify(.) by extensions ['colcon_pkg']
[0.116s] Level 1:colcon.colcon_core.package_identification:_identify(.) by extension 'colcon_pkg'
[0.116s] Level 1:colcon.colcon_core.package_identification:_identify(.) by extensions ['colcon_meta']
[0.116s] Level 1:colcon.colcon_core.package_identification:_identify(.) by extension 'colcon_meta'
[0.116s] Level 1:colcon.colcon_core.package_identification:_identify(.) by extensions ['ros']
[0.116s] Level 1:colcon.colcon_core.package_identification:_identify(.) by extension 'ros'
[0.129s] Level 1:colcon.colcon_core.package_identification:_identify(.) by extensions ['cmake', 'python']
[0.129s] Level 1:colcon.colcon_core.package_identification:_identify(.) by extension 'cmake'
[0.129s] Level 1:colcon.colcon_core.package_identification:_identify(.) by extension 'python'
[0.129s] Level 1:colcon.colcon_core.package_identification:_identify(.) by extensions ['python_setup_py']
[0.129s] Level 1:colcon.colcon_core.package_identification:_identify(.) by extension 'python_setup_py'
[0.129s] Level 1:colcon.colcon_core.package_identification:_identify(build) by extensions ['ignore', 'ignore_ament_install']
[0.129s] Level 1:colcon.colcon_core.package_identification:_identify(build) by extension 'ignore'
[0.129s] Level 1:colcon.colcon_core.package_identification:_identify(build) ignored
[0.130s] Level 1:colcon.colcon_core.package_identification:_identify(install) by extensions ['ignore', 'ignore_ament_install']
[0.130s] Level 1:colcon.colcon_core.package_identification:_identify(install) by extension 'ignore'
[0.130s] Level 1:colcon.colcon_core.package_identification:_identify(install) ignored
[0.130s] Level 1:colcon.colcon_core.package_identification:_identify(log) by extensions ['ignore', 'ignore_ament_install']
[0.130s] Level 1:colcon.colcon_core.package_identification:_identify(log) by extension 'ignore'
[0.130s] Level 1:colcon.colcon_core.package_identification:_identify(log) ignored
[0.130s] Level 1:colcon.colcon_core.package_identification:_identify(src) by extensions ['ignore', 'ignore_ament_install']
[0.130s] Level 1:colcon.colcon_core.package_identification:_identify(src) by extension 'ignore'
[0.130s] Level 1:colcon.colcon_core.package_identification:_identify(src) by extension 'ignore_ament_install'
[0.130s] Level 1:colcon.colcon_core.package_identification:_identify(src) by extensions ['colcon_pkg']
[0.130s] Level 1:colcon.colcon_core.package_identification:_identify(src) by extension 'colcon_pkg'
[0.130s] Level 1:colcon.colcon_core.package_identification:_identify(src) by extensions ['colcon_meta']
[0.130s] Level 1:colcon.colcon_core.package_identification:_identify(src) by extension 'colcon_meta'
[0.130s] Level 1:colcon.colcon_core.package_identification:_identify(src) by extensions ['ros']
[0.131s] Level 1:colcon.colcon_core.package_identification:_identify(src) by extension 'ros'
[0.131s] Level 1:colcon.colcon_core.package_identification:_identify(src) by extensions ['cmake', 'python']
[0.131s] Level 1:colcon.colcon_core.package_identification:_identify(src) by extension 'cmake'
[0.131s] Level 1:colcon.colcon_core.package_identification:_identify(src) by extension 'python'
[0.131s] Level 1:colcon.colcon_core.package_identification:_identify(src) by extensions ['python_setup_py']
[0.131s] Level 1:colcon.colcon_core.package_identification:_identify(src) by extension 'python_setup_py'
[0.131s] Level 1:colcon.colcon_core.package_identification:_identify(src/controller) by extensions ['ignore', 'ignore_ament_install']
[0.131s] Level 1:colcon.colcon_core.package_identification:_identify(src/controller) by extension 'ignore'
[0.131s] Level 1:colcon.colcon_core.package_identification:_identify(src/controller) by extension 'ignore_ament_install'
[0.131s] Level 1:colcon.colcon_core.package_identification:_identify(src/controller) by extensions ['colcon_pkg']
[0.131s] Level 1:colcon.colcon_core.package_identification:_identify(src/controller) by extension 'colcon_pkg'
[0.131s] Level 1:colcon.colcon_core.package_identification:_identify(src/controller) by extensions ['colcon_meta']
[0.131s] Level 1:colcon.colcon_core.package_identification:_identify(src/controller) by extension 'colcon_meta'
[0.131s] Level 1:colcon.colcon_core.package_identification:_identify(src/controller) by extensions ['ros']
[0.131s] Level 1:colcon.colcon_core.package_identification:_identify(src/controller) by extension 'ros'
[0.134s] DEBUG:colcon.colcon_core.package_identification:Package 'src/controller' with type 'ros.ament_python' and name 'controller'
[0.134s] Level 1:colcon.colcon_core.package_identification:_identify(src/px4_msgs) by extensions ['ignore', 'ignore_ament_install']
[0.134s] Level 1:colcon.colcon_core.package_identification:_identify(src/px4_msgs) by extension 'ignore'
[0.134s] Level 1:colcon.colcon_core.package_identification:_identify(src/px4_msgs) by extension 'ignore_ament_install'
[0.134s] Level 1:colcon.colcon_core.package_identification:_identify(src/px4_msgs) by extensions ['colcon_pkg']
[0.134s] Level 1:colcon.colcon_core.package_identification:_identify(src/px4_msgs) by extension 'colcon_pkg'
[0.134s] Level 1:colcon.colcon_core.package_identification:_identify(src/px4_msgs) by extensions ['colcon_meta']
[0.134s] Level 1:colcon.colcon_core.package_identification:_identify(src/px4_msgs) by extension 'colcon_meta'
[0.134s] Level 1:colcon.colcon_core.package_identification:_identify(src/px4_msgs) by extensions ['ros']
[0.134s] Level 1:colcon.colcon_core.package_identification:_identify(src/px4_msgs) by extension 'ros'
[0.135s] DEBUG:colcon.colcon_core.package_identification:Package 'src/px4_msgs' with type 'ros.ament_cmake' and name 'px4_msgs'
[0.135s] Level 1:colcon.colcon_core.package_identification:_identify(src/px4_ros_com) by extensions ['ignore', 'ignore_ament_install']
[0.135s] Level 1:colcon.colcon_core.package_identification:_identify(src/px4_ros_com) by extension 'ignore'
[0.135s] Level 1:colcon.colcon_core.package_identification:_identify(src/px4_ros_com) by extension 'ignore_ament_install'
[0.135s] Level 1:colcon.colcon_core.package_identification:_identify(src/px4_ros_com) by extensions ['colcon_pkg']
[0.135s] Level 1:colcon.colcon_core.package_identification:_identify(src/px4_ros_com) by extension 'colcon_pkg'
[0.135s] Level 1:colcon.colcon_core.package_identification:_identify(src/px4_ros_com) by extensions ['colcon_meta']
[0.135s] Level 1:colcon.colcon_core.package_identification:_identify(src/px4_ros_com) by extension 'colcon_meta'
[0.135s] Level 1:colcon.colcon_core.package_identification:_identify(src/px4_ros_com) by extensions ['ros']
[0.135s] Level 1:colcon.colcon_core.package_identification:_identify(src/px4_ros_com) by extension 'ros'
[0.136s] DEBUG:colcon.colcon_core.package_identification:Package 'src/px4_ros_com' with type 'ros.ament_cmake' and name 'px4_ros_com'
[0.136s] Level 1:colcon.colcon_core.package_discovery:discover_packages(recursive) using defaults
[0.136s] Level 1:colcon.colcon_core.package_discovery:discover_packages(ignore) discover
[0.136s] Level 1:colcon.colcon_core.package_discovery:discover_packages(ignore) using defaults
[0.136s] Level 1:colcon.colcon_core.package_discovery:discover_packages(path) discover
[0.136s] Level 1:colcon.colcon_core.package_discovery:discover_packages(path) using defaults
[0.153s] Level 1:colcon.colcon_core.package_discovery:discover_packages(prefix_path) check parameters
[0.154s] Level 1:colcon.colcon_core.package_discovery:discover_packages(prefix_path) discover
[0.155s] DEBUG:colcon.colcon_installed_package_information.package_discovery:Found 3 installed packages in /home/conor/Documents/PX4_dev/ros2_px_ws/install
[0.156s] DEBUG:colcon.colcon_installed_package_information.package_discovery:Found 352 installed packages in /opt/ros/humble
[0.157s] Level 1:colcon.colcon_core.package_discovery:discover_packages(prefix_path) using defaults
[0.188s] Level 5:colcon.colcon_core.verb:set package 'controller' build argument 'cmake_args' from command line to 'None'
[0.188s] Level 5:colcon.colcon_core.verb:set package 'controller' build argument 'cmake_target' from command line to 'None'
[0.189s] Level 5:colcon.colcon_core.verb:set package 'controller' build argument 'cmake_target_skip_unavailable' from command line to 'False'
[0.189s] Level 5:colcon.colcon_core.verb:set package 'controller' build argument 'cmake_clean_cache' from command line to 'False'
[0.189s] Level 5:colcon.colcon_core.verb:set package 'controller' build argument 'cmake_clean_first' from command line to 'False'
[0.189s] Level 5:colcon.colcon_core.verb:set package 'controller' build argument 'cmake_force_configure' from command line to 'False'
[0.189s] Level 5:colcon.colcon_core.verb:set package 'controller' build argument 'ament_cmake_args' from command line to 'None'
[0.189s] Level 5:colcon.colcon_core.verb:set package 'controller' build argument 'catkin_cmake_args' from command line to 'None'
[0.189s] Level 5:colcon.colcon_core.verb:set package 'controller' build argument 'catkin_skip_building_tests' from command line to 'False'
[0.189s] DEBUG:colcon.colcon_core.verb:Building package 'controller' with the following arguments: {'ament_cmake_args': None, 'build_base': '/home/conor/Documents/aero2025/ros_workspace_2025/perception_ws/build/controller', 'catkin_cmake_args': None, 'catkin_skip_building_tests': False, 'cmake_args': None, 'cmake_clean_cache': False, 'cmake_clean_first': False, 'cmake_force_configure': False, 'cmake_target': None, 'cmake_target_skip_unavailable': False, 'install_base': '/home/conor/Documents/aero2025/ros_workspace_2025/perception_ws/install/controller', 'merge_install': False, 'path': '/home/conor/Documents/aero2025/ros_workspace_2025/perception_ws/src/controller', 'symlink_install': False, 'test_result_base': None}
[0.189s] Level 5:colcon.colcon_core.verb:set package 'px4_msgs' build argument 'cmake_args' from command line to 'None'
[0.189s] Level 5:colcon.colcon_core.verb:set package 'px4_msgs' build argument 'cmake_target' from command line to 'None'
[0.189s] Level 5:colcon.colcon_core.verb:set package 'px4_msgs' build argument 'cmake_target_skip_unavailable' from command line to 'False'
[0.189s] Level 5:colcon.colcon_core.verb:set package 'px4_msgs' build argument 'cmake_clean_cache' from command line to 'False'
[0.189s] Level 5:colcon.colcon_core.verb:set package 'px4_msgs' build argument 'cmake_clean_first' from command line to 'False'
[0.189s] Level 5:colcon.colcon_core.verb:set package 'px4_msgs' build argument 'cmake_force_configure' from command line to 'False'
[0.189s] Level 5:colcon.colcon_core.verb:set package 'px4_msgs' build argument 'ament_cmake_args' from command line to 'None'
[0.189s] Level 5:colcon.colcon_core.verb:set package 'px4_msgs' build argument 'catkin_cmake_args' from command line to 'None'
[0.189s] Level 5:colcon.colcon_core.verb:set package 'px4_msgs' build argument 'catkin_skip_building_tests' from command line to 'False'
[0.189s] DEBUG:colcon.colcon_core.verb:Building package 'px4_msgs' with the following arguments: {'ament_cmake_args': None, 'build_base': '/home/conor/Documents/aero2025/ros_workspace_2025/perception_ws/build/px4_msgs', 'catkin_cmake_args': None, 'catkin_skip_building_tests': False, 'cmake_args': None, 'cmake_clean_cache': False, 'cmake_clean_first': False, 'cmake_force_configure': False, 'cmake_target': None, 'cmake_target_skip_unavailable': False, 'install_base': '/home/conor/Documents/aero2025/ros_workspace_2025/perception_ws/install/px4_msgs', 'merge_install': False, 'path': '/home/conor/Documents/aero2025/ros_workspace_2025/perception_ws/src/px4_msgs', 'symlink_install': False, 'test_result_base': None}
[0.190s] Level 5:colcon.colcon_core.verb:set package 'px4_ros_com' build argument 'cmake_args' from command line to 'None'
[0.190s] Level 5:colcon.colcon_core.verb:set package 'px4_ros_com' build argument 'cmake_target' from command line to 'None'
[0.190s] Level 5:colcon.colcon_core.verb:set package 'px4_ros_com' build argument 'cmake_target_skip_unavailable' from command line to 'False'
[0.190s] Level 5:colcon.colcon_core.verb:set package 'px4_ros_com' build argument 'cmake_clean_cache' from command line to 'False'
[0.190s] Level 5:colcon.colcon_core.verb:set package 'px4_ros_com' build argument 'cmake_clean_first' from command line to 'False'
[0.190s] Level 5:colcon.colcon_core.verb:set package 'px4_ros_com' build argument 'cmake_force_configure' from command line to 'False'
[0.190s] Level 5:colcon.colcon_core.verb:set package 'px4_ros_com' build argument 'ament_cmake_args' from command line to 'None'
[0.190s] Level 5:colcon.colcon_core.verb:set package 'px4_ros_com' build argument 'catkin_cmake_args' from command line to 'None'
[0.190s] Level 5:colcon.colcon_core.verb:set package 'px4_ros_com' build argument 'catkin_skip_building_tests' from command line to 'False'
[0.190s] DEBUG:colcon.colcon_core.verb:Building package 'px4_ros_com' with the following arguments: {'ament_cmake_args': None, 'build_base': '/home/conor/Documents/aero2025/ros_workspace_2025/perception_ws/build/px4_ros_com', 'catkin_cmake_args': None, 'catkin_skip_building_tests': False, 'cmake_args': None, 'cmake_clean_cache': False, 'cmake_clean_first': False, 'cmake_force_configure': False, 'cmake_target': None, 'cmake_target_skip_unavailable': False, 'install_base': '/home/conor/Documents/aero2025/ros_workspace_2025/perception_ws/install/px4_ros_com', 'merge_install': False, 'path': '/home/conor/Documents/aero2025/ros_workspace_2025/perception_ws/src/px4_ros_com', 'symlink_install': False, 'test_result_base': None}
[0.190s] INFO:colcon.colcon_core.executor:Executing jobs using 'parallel' executor
[0.191s] DEBUG:colcon.colcon_parallel_executor.executor.parallel:run_until_complete
[0.191s] INFO:colcon.colcon_ros.task.ament_cmake.build:Building ROS package in '/home/conor/Documents/aero2025/ros_workspace_2025/perception_ws/src/px4_msgs' with build type 'ament_cmake'
[0.191s] INFO:colcon.colcon_cmake.task.cmake.build:Building CMake package in '/home/conor/Documents/aero2025/ros_workspace_2025/perception_ws/src/px4_msgs'
[0.193s] INFO:colcon.colcon_core.plugin_system:Skipping extension 'colcon_core.shell.bat': Not used on non-Windows systems
[0.193s] INFO:colcon.colcon_core.shell:Skip shell extension 'powershell' for command environment: Not usable outside of PowerShell
[0.193s] DEBUG:colcon.colcon_core.shell:Skip shell extension 'dsv' for command environment
[0.198s] INFO:colcon.colcon_ros.task.ament_python.build:Building ROS package in '/home/conor/Documents/aero2025/ros_workspace_2025/perception_ws/src/controller' with build type 'ament_python'
[0.198s] Level 1:colcon.colcon_core.shell:create_environment_hook('controller', 'ament_prefix_path')
[0.199s] INFO:colcon.colcon_core.shell:Creating environment hook '/home/conor/Documents/aero2025/ros_workspace_2025/perception_ws/install/controller/share/controller/hook/ament_prefix_path.ps1'
[0.200s] INFO:colcon.colcon_core.shell:Creating environment descriptor '/home/conor/Documents/aero2025/ros_workspace_2025/perception_ws/install/controller/share/controller/hook/ament_prefix_path.dsv'
[0.200s] INFO:colcon.colcon_core.shell:Creating environment hook '/home/conor/Documents/aero2025/ros_workspace_2025/perception_ws/install/controller/share/controller/hook/ament_prefix_path.sh'
[0.201s] INFO:colcon.colcon_core.shell:Skip shell extension 'powershell' for command environment: Not usable outside of PowerShell
[0.201s] DEBUG:colcon.colcon_core.shell:Skip shell extension 'dsv' for command environment
[0.211s] DEBUG:colcon.colcon_core.event_handler.log_command:Invoking command in '/home/conor/Documents/aero2025/ros_workspace_2025/perception_ws/build/px4_msgs': CMAKE_PREFIX_PATH=${CMAKE_PREFIX_PATH}:/home/conor/Documents/PX4_dev/ros2_px_ws/install/vtol_ctrl:/opt/ros/humble /usr/bin/cmake --build /home/conor/Documents/aero2025/ros_workspace_2025/perception_ws/build/px4_msgs -- -j20 -l20
[0.382s] INFO:colcon.colcon_core.task.python.build:Building Python package in '/home/conor/Documents/aero2025/ros_workspace_2025/perception_ws/src/controller'
[0.383s] INFO:colcon.colcon_core.shell:Skip shell extension 'powershell' for command environment: Not usable outside of PowerShell
[0.383s] DEBUG:colcon.colcon_core.shell:Skip shell extension 'dsv' for command environment
[0.898s] DEBUG:colcon.colcon_core.event_handler.log_command:Invoking command in '/home/conor/Documents/aero2025/ros_workspace_2025/perception_ws/src/controller': PYTHONPATH=/home/conor/Documents/aero2025/ros_workspace_2025/perception_ws/build/controller/prefix_override:/usr/lib/python3/dist-packages/colcon_core/task/python/colcon_distutils_commands:/home/conor/Documents/aero2025/ros_workspace_2025/perception_ws/install/controller/lib/python3.10/site-packages:${PYTHONPATH} /usr/bin/python3 -W ignore:setup.py install is deprecated setup.py egg_info --egg-base ../../build/controller build --build-base /home/conor/Documents/aero2025/ros_workspace_2025/perception_ws/build/controller/build install --record /home/conor/Documents/aero2025/ros_workspace_2025/perception_ws/build/controller/install.log --single-version-externally-managed install_data
[1.111s] DEBUG:colcon.colcon_core.event_handler.log_command:Invoked command in '/home/conor/Documents/aero2025/ros_workspace_2025/perception_ws/build/px4_msgs' returned '0': CMAKE_PREFIX_PATH=${CMAKE_PREFIX_PATH}:/home/conor/Documents/PX4_dev/ros2_px_ws/install/vtol_ctrl:/opt/ros/humble /usr/bin/cmake --build /home/conor/Documents/aero2025/ros_workspace_2025/perception_ws/build/px4_msgs -- -j20 -l20
[1.320s] DEBUG:colcon.colcon_core.event_handler.log_command:Invoked command in '/home/conor/Documents/aero2025/ros_workspace_2025/perception_ws/src/controller' returned '0': PYTHONPATH=/home/conor/Documents/aero2025/ros_workspace_2025/perception_ws/build/controller/prefix_override:/usr/lib/python3/dist-packages/colcon_core/task/python/colcon_distutils_commands:/home/conor/Documents/aero2025/ros_workspace_2025/perception_ws/install/controller/lib/python3.10/site-packages:${PYTHONPATH} /usr/bin/python3 -W ignore:setup.py install is deprecated setup.py egg_info --egg-base ../../build/controller build --build-base /home/conor/Documents/aero2025/ros_workspace_2025/perception_ws/build/controller/build install --record /home/conor/Documents/aero2025/ros_workspace_2025/perception_ws/build/controller/install.log --single-version-externally-managed install_data
[1.323s] Level 1:colcon.colcon_core.environment:checking '/home/conor/Documents/aero2025/ros_workspace_2025/perception_ws/install/controller' for CMake module files
[1.324s] Level 1:colcon.colcon_core.environment:checking '/home/conor/Documents/aero2025/ros_workspace_2025/perception_ws/install/controller' for CMake config files
[1.324s] Level 1:colcon.colcon_core.environment:checking '/home/conor/Documents/aero2025/ros_workspace_2025/perception_ws/install/controller/lib'
[1.325s] Level 1:colcon.colcon_core.environment:checking '/home/conor/Documents/aero2025/ros_workspace_2025/perception_ws/install/controller/bin'
[1.325s] Level 1:colcon.colcon_core.environment:checking '/home/conor/Documents/aero2025/ros_workspace_2025/perception_ws/install/controller/lib/pkgconfig/controller.pc'
[1.325s] Level 1:colcon.colcon_core.environment:checking '/home/conor/Documents/aero2025/ros_workspace_2025/perception_ws/install/controller/lib/python3.10/site-packages'
[1.325s] Level 1:colcon.colcon_core.shell:create_environment_hook('controller', 'pythonpath')
[1.325s] INFO:colcon.colcon_core.shell:Creating environment hook '/home/conor/Documents/aero2025/ros_workspace_2025/perception_ws/install/controller/share/controller/hook/pythonpath.ps1'
[1.326s] INFO:colcon.colcon_core.shell:Creating environment descriptor '/home/conor/Documents/aero2025/ros_workspace_2025/perception_ws/install/controller/share/controller/hook/pythonpath.dsv'
[1.326s] INFO:colcon.colcon_core.shell:Creating environment hook '/home/conor/Documents/aero2025/ros_workspace_2025/perception_ws/install/controller/share/controller/hook/pythonpath.sh'
[1.327s] Level 1:colcon.colcon_core.environment:checking '/home/conor/Documents/aero2025/ros_workspace_2025/perception_ws/install/controller/bin'
[1.327s] Level 1:colcon.colcon_core.environment:create_environment_scripts_only(controller)
[1.327s] INFO:colcon.colcon_core.shell:Creating package script '/home/conor/Documents/aero2025/ros_workspace_2025/perception_ws/install/controller/share/controller/package.ps1'
[1.328s] INFO:colcon.colcon_core.shell:Creating package descriptor '/home/conor/Documents/aero2025/ros_workspace_2025/perception_ws/install/controller/share/controller/package.dsv'
[1.329s] INFO:colcon.colcon_core.shell:Creating package script '/home/conor/Documents/aero2025/ros_workspace_2025/perception_ws/install/controller/share/controller/package.sh'
[1.329s] INFO:colcon.colcon_core.shell:Creating package script '/home/conor/Documents/aero2025/ros_workspace_2025/perception_ws/install/controller/share/controller/package.bash'
[1.330s] INFO:colcon.colcon_core.shell:Creating package script '/home/conor/Documents/aero2025/ros_workspace_2025/perception_ws/install/controller/share/controller/package.zsh'
[1.331s] Level 1:colcon.colcon_core.environment:create_file_with_runtime_dependencies(/home/conor/Documents/aero2025/ros_workspace_2025/perception_ws/install/controller/share/colcon-core/packages/controller)
[7.175s] DEBUG:colcon.colcon_core.event_handler.log_command:Invoking command in '/home/conor/Documents/aero2025/ros_workspace_2025/perception_ws/build/px4_msgs': CMAKE_PREFIX_PATH=${CMAKE_PREFIX_PATH}:/home/conor/Documents/PX4_dev/ros2_px_ws/install/vtol_ctrl:/opt/ros/humble /usr/bin/cmake --install /home/conor/Documents/aero2025/ros_workspace_2025/perception_ws/build/px4_msgs
[7.553s] Level 1:colcon.colcon_core.environment:create_environment_scripts_only(px4_msgs)
[7.553s] Level 1:colcon.colcon_core.environment:checking '/home/conor/Documents/aero2025/ros_workspace_2025/perception_ws/install/px4_msgs' for CMake module files
[7.554s] DEBUG:colcon.colcon_core.event_handler.log_command:Invoked command in '/home/conor/Documents/aero2025/ros_workspace_2025/perception_ws/build/px4_msgs' returned '0': CMAKE_PREFIX_PATH=${CMAKE_PREFIX_PATH}:/home/conor/Documents/PX4_dev/ros2_px_ws/install/vtol_ctrl:/opt/ros/humble /usr/bin/cmake --install /home/conor/Documents/aero2025/ros_workspace_2025/perception_ws/build/px4_msgs
[7.555s] Level 1:colcon.colcon_core.environment:checking '/home/conor/Documents/aero2025/ros_workspace_2025/perception_ws/install/px4_msgs' for CMake config files
[7.556s] Level 1:colcon.colcon_core.shell:create_environment_hook('px4_msgs', 'cmake_prefix_path')
[7.557s] INFO:colcon.colcon_core.shell:Creating environment hook '/home/conor/Documents/aero2025/ros_workspace_2025/perception_ws/install/px4_msgs/share/px4_msgs/hook/cmake_prefix_path.ps1'
[7.557s] INFO:colcon.colcon_core.shell:Creating environment descriptor '/home/conor/Documents/aero2025/ros_workspace_2025/perception_ws/install/px4_msgs/share/px4_msgs/hook/cmake_prefix_path.dsv'
[7.558s] INFO:colcon.colcon_core.shell:Creating environment hook '/home/conor/Documents/aero2025/ros_workspace_2025/perception_ws/install/px4_msgs/share/px4_msgs/hook/cmake_prefix_path.sh'
[7.558s] Level 1:colcon.colcon_core.environment:checking '/home/conor/Documents/aero2025/ros_workspace_2025/perception_ws/install/px4_msgs/lib'
[7.558s] Level 1:colcon.colcon_core.shell:create_environment_hook('px4_msgs', 'ld_library_path_lib')
[7.559s] INFO:colcon.colcon_core.shell:Creating environment hook '/home/conor/Documents/aero2025/ros_workspace_2025/perception_ws/install/px4_msgs/share/px4_msgs/hook/ld_library_path_lib.ps1'
[7.559s] INFO:colcon.colcon_core.shell:Creating environment descriptor '/home/conor/Documents/aero2025/ros_workspace_2025/perception_ws/install/px4_msgs/share/px4_msgs/hook/ld_library_path_lib.dsv'
[7.559s] INFO:colcon.colcon_core.shell:Creating environment hook '/home/conor/Documents/aero2025/ros_workspace_2025/perception_ws/install/px4_msgs/share/px4_msgs/hook/ld_library_path_lib.sh'
[7.560s] Level 1:colcon.colcon_core.environment:checking '/home/conor/Documents/aero2025/ros_workspace_2025/perception_ws/install/px4_msgs/bin'
[7.560s] Level 1:colcon.colcon_core.environment:checking '/home/conor/Documents/aero2025/ros_workspace_2025/perception_ws/install/px4_msgs/lib/pkgconfig/px4_msgs.pc'
[7.560s] Level 1:colcon.colcon_core.environment:checking '/home/conor/Documents/aero2025/ros_workspace_2025/perception_ws/install/px4_msgs/lib/python3.10/site-packages'
[7.560s] Level 1:colcon.colcon_core.environment:checking '/home/conor/Documents/aero2025/ros_workspace_2025/perception_ws/install/px4_msgs/bin'
[7.560s] INFO:colcon.colcon_core.shell:Creating package script '/home/conor/Documents/aero2025/ros_workspace_2025/perception_ws/install/px4_msgs/share/px4_msgs/package.ps1'
[7.561s] INFO:colcon.colcon_core.shell:Creating package descriptor '/home/conor/Documents/aero2025/ros_workspace_2025/perception_ws/install/px4_msgs/share/px4_msgs/package.dsv'
[7.561s] INFO:colcon.colcon_core.shell:Creating package script '/home/conor/Documents/aero2025/ros_workspace_2025/perception_ws/install/px4_msgs/share/px4_msgs/package.sh'
[7.562s] INFO:colcon.colcon_core.shell:Creating package script '/home/conor/Documents/aero2025/ros_workspace_2025/perception_ws/install/px4_msgs/share/px4_msgs/package.bash'
[7.562s] INFO:colcon.colcon_core.shell:Creating package script '/home/conor/Documents/aero2025/ros_workspace_2025/perception_ws/install/px4_msgs/share/px4_msgs/package.zsh'
[7.562s] Level 1:colcon.colcon_core.environment:create_file_with_runtime_dependencies(/home/conor/Documents/aero2025/ros_workspace_2025/perception_ws/install/px4_msgs/share/colcon-core/packages/px4_msgs)
[13.614s] Level 1:colcon.colcon_core.environment:create_environment_scripts_only(px4_msgs)
[13.615s] Level 1:colcon.colcon_core.environment:checking '/home/conor/Documents/aero2025/ros_workspace_2025/perception_ws/install/px4_msgs' for CMake module files
[13.616s] Level 1:colcon.colcon_core.environment:checking '/home/conor/Documents/aero2025/ros_workspace_2025/perception_ws/install/px4_msgs' for CMake config files
[13.617s] Level 1:colcon.colcon_core.shell:create_environment_hook('px4_msgs', 'cmake_prefix_path')
[13.617s] INFO:colcon.colcon_core.shell:Creating environment hook '/home/conor/Documents/aero2025/ros_workspace_2025/perception_ws/install/px4_msgs/share/px4_msgs/hook/cmake_prefix_path.ps1'
[13.618s] INFO:colcon.colcon_core.shell:Creating environment descriptor '/home/conor/Documents/aero2025/ros_workspace_2025/perception_ws/install/px4_msgs/share/px4_msgs/hook/cmake_prefix_path.dsv'
[13.618s] INFO:colcon.colcon_core.shell:Creating environment hook '/home/conor/Documents/aero2025/ros_workspace_2025/perception_ws/install/px4_msgs/share/px4_msgs/hook/cmake_prefix_path.sh'
[13.619s] Level 1:colcon.colcon_core.environment:checking '/home/conor/Documents/aero2025/ros_workspace_2025/perception_ws/install/px4_msgs/lib'
[13.619s] Level 1:colcon.colcon_core.shell:create_environment_hook('px4_msgs', 'ld_library_path_lib')
[13.620s] INFO:colcon.colcon_core.shell:Creating environment hook '/home/conor/Documents/aero2025/ros_workspace_2025/perception_ws/install/px4_msgs/share/px4_msgs/hook/ld_library_path_lib.ps1'
[13.620s] INFO:colcon.colcon_core.shell:Creating environment descriptor '/home/conor/Documents/aero2025/ros_workspace_2025/perception_ws/install/px4_msgs/share/px4_msgs/hook/ld_library_path_lib.dsv'
[13.621s] INFO:colcon.colcon_core.shell:Creating environment hook '/home/conor/Documents/aero2025/ros_workspace_2025/perception_ws/install/px4_msgs/share/px4_msgs/hook/ld_library_path_lib.sh'
[13.621s] Level 1:colcon.colcon_core.environment:checking '/home/conor/Documents/aero2025/ros_workspace_2025/perception_ws/install/px4_msgs/bin'
[13.621s] Level 1:colcon.colcon_core.environment:checking '/home/conor/Documents/aero2025/ros_workspace_2025/perception_ws/install/px4_msgs/lib/pkgconfig/px4_msgs.pc'
[13.621s] Level 1:colcon.colcon_core.environment:checking '/home/conor/Documents/aero2025/ros_workspace_2025/perception_ws/install/px4_msgs/lib/python3.10/site-packages'
[13.622s] Level 1:colcon.colcon_core.environment:checking '/home/conor/Documents/aero2025/ros_workspace_2025/perception_ws/install/px4_msgs/bin'
[13.622s] INFO:colcon.colcon_core.shell:Creating package script '/home/conor/Documents/aero2025/ros_workspace_2025/perception_ws/install/px4_msgs/share/px4_msgs/package.ps1'
[13.623s] INFO:colcon.colcon_core.shell:Creating package descriptor '/home/conor/Documents/aero2025/ros_workspace_2025/perception_ws/install/px4_msgs/share/px4_msgs/package.dsv'
[13.623s] INFO:colcon.colcon_core.shell:Creating package script '/home/conor/Documents/aero2025/ros_workspace_2025/perception_ws/install/px4_msgs/share/px4_msgs/package.sh'
[13.624s] INFO:colcon.colcon_core.shell:Creating package script '/home/conor/Documents/aero2025/ros_workspace_2025/perception_ws/install/px4_msgs/share/px4_msgs/package.bash'
[13.624s] INFO:colcon.colcon_core.shell:Creating package script '/home/conor/Documents/aero2025/ros_workspace_2025/perception_ws/install/px4_msgs/share/px4_msgs/package.zsh'
[13.624s] Level 1:colcon.colcon_core.environment:create_file_with_runtime_dependencies(/home/conor/Documents/aero2025/ros_workspace_2025/perception_ws/install/px4_msgs/share/colcon-core/packages/px4_msgs)
[13.625s] INFO:colcon.colcon_ros.task.ament_cmake.build:Building ROS package in '/home/conor/Documents/aero2025/ros_workspace_2025/perception_ws/src/px4_ros_com' with build type 'ament_cmake'
[13.625s] INFO:colcon.colcon_cmake.task.cmake.build:Building CMake package in '/home/conor/Documents/aero2025/ros_workspace_2025/perception_ws/src/px4_ros_com'
[13.625s] INFO:colcon.colcon_core.shell:Skip shell extension 'powershell' for command environment: Not usable outside of PowerShell
[13.625s] DEBUG:colcon.colcon_core.shell:Skip shell extension 'dsv' for command environment
[13.636s] DEBUG:colcon.colcon_core.event_handler.log_command:Invoking command in '/home/conor/Documents/aero2025/ros_workspace_2025/perception_ws/build/px4_ros_com': AMENT_PREFIX_PATH=/home/conor/Documents/aero2025/ros_workspace_2025/perception_ws/install/px4_msgs:${AMENT_PREFIX_PATH} CMAKE_PREFIX_PATH=/home/conor/Documents/aero2025/ros_workspace_2025/perception_ws/install/px4_msgs:/home/conor/Documents/PX4_dev/ros2_px_ws/install/px4_msgs:/home/conor/Documents/PX4_dev/ros2_px_ws/install/pointcloud_to_laserscan:/home/conor/Documents/PX4_dev/ros2_px_ws/install/vtol_ctrl:/opt/ros/humble LD_LIBRARY_PATH=/home/conor/Documents/aero2025/ros_workspace_2025/perception_ws/install/px4_msgs/lib:${LD_LIBRARY_PATH} PYTHONPATH=/home/conor/Documents/aero2025/ros_workspace_2025/perception_ws/install/px4_msgs/local/lib/python3.10/dist-packages:${PYTHONPATH} /usr/bin/cmake --build /home/conor/Documents/aero2025/ros_workspace_2025/perception_ws/build/px4_ros_com -- -j20 -l20
[13.984s] DEBUG:colcon.colcon_core.event_handler.log_command:Invoked command in '/home/conor/Documents/aero2025/ros_workspace_2025/perception_ws/build/px4_ros_com' returned '0': AMENT_PREFIX_PATH=/home/conor/Documents/aero2025/ros_workspace_2025/perception_ws/install/px4_msgs:${AMENT_PREFIX_PATH} CMAKE_PREFIX_PATH=/home/conor/Documents/aero2025/ros_workspace_2025/perception_ws/install/px4_msgs:/home/conor/Documents/PX4_dev/ros2_px_ws/install/px4_msgs:/home/conor/Documents/PX4_dev/ros2_px_ws/install/pointcloud_to_laserscan:/home/conor/Documents/PX4_dev/ros2_px_ws/install/vtol_ctrl:/opt/ros/humble LD_LIBRARY_PATH=/home/conor/Documents/aero2025/ros_workspace_2025/perception_ws/install/px4_msgs/lib:${LD_LIBRARY_PATH} PYTHONPATH=/home/conor/Documents/aero2025/ros_workspace_2025/perception_ws/install/px4_msgs/local/lib/python3.10/dist-packages:${PYTHONPATH} /usr/bin/cmake --build /home/conor/Documents/aero2025/ros_workspace_2025/perception_ws/build/px4_ros_com -- -j20 -l20
[14.035s] DEBUG:colcon.colcon_core.event_handler.log_command:Invoking command in '/home/conor/Documents/aero2025/ros_workspace_2025/perception_ws/build/px4_ros_com': AMENT_PREFIX_PATH=/home/conor/Documents/aero2025/ros_workspace_2025/perception_ws/install/px4_msgs:${AMENT_PREFIX_PATH} CMAKE_PREFIX_PATH=/home/conor/Documents/aero2025/ros_workspace_2025/perception_ws/install/px4_msgs:/home/conor/Documents/PX4_dev/ros2_px_ws/install/px4_msgs:/home/conor/Documents/PX4_dev/ros2_px_ws/install/pointcloud_to_laserscan:/home/conor/Documents/PX4_dev/ros2_px_ws/install/vtol_ctrl:/opt/ros/humble LD_LIBRARY_PATH=/home/conor/Documents/aero2025/ros_workspace_2025/perception_ws/install/px4_msgs/lib:${LD_LIBRARY_PATH} PYTHONPATH=/home/conor/Documents/aero2025/ros_workspace_2025/perception_ws/install/px4_msgs/local/lib/python3.10/dist-packages:${PYTHONPATH} /usr/bin/cmake --install /home/conor/Documents/aero2025/ros_workspace_2025/perception_ws/build/px4_ros_com
[14.083s] Level 1:colcon.colcon_core.environment:create_environment_scripts_only(px4_ros_com)
[14.084s] Level 1:colcon.colcon_core.environment:checking '/home/conor/Documents/aero2025/ros_workspace_2025/perception_ws/install/px4_ros_com' for CMake module files
[14.084s] DEBUG:colcon.colcon_core.event_handler.log_command:Invoked command in '/home/conor/Documents/aero2025/ros_workspace_2025/perception_ws/build/px4_ros_com' returned '0': AMENT_PREFIX_PATH=/home/conor/Documents/aero2025/ros_workspace_2025/perception_ws/install/px4_msgs:${AMENT_PREFIX_PATH} CMAKE_PREFIX_PATH=/home/conor/Documents/aero2025/ros_workspace_2025/perception_ws/install/px4_msgs:/home/conor/Documents/PX4_dev/ros2_px_ws/install/px4_msgs:/home/conor/Documents/PX4_dev/ros2_px_ws/install/pointcloud_to_laserscan:/home/conor/Documents/PX4_dev/ros2_px_ws/install/vtol_ctrl:/opt/ros/humble LD_LIBRARY_PATH=/home/conor/Documents/aero2025/ros_workspace_2025/perception_ws/install/px4_msgs/lib:${LD_LIBRARY_PATH} PYTHONPATH=/home/conor/Documents/aero2025/ros_workspace_2025/perception_ws/install/px4_msgs/local/lib/python3.10/dist-packages:${PYTHONPATH} /usr/bin/cmake --install /home/conor/Documents/aero2025/ros_workspace_2025/perception_ws/build/px4_ros_com
[14.084s] Level 1:colcon.colcon_core.environment:checking '/home/conor/Documents/aero2025/ros_workspace_2025/perception_ws/install/px4_ros_com' for CMake config files
[14.085s] Level 1:colcon.colcon_core.shell:create_environment_hook('px4_ros_com', 'cmake_prefix_path')
[14.085s] INFO:colcon.colcon_core.shell:Creating environment hook '/home/conor/Documents/aero2025/ros_workspace_2025/perception_ws/install/px4_ros_com/share/px4_ros_com/hook/cmake_prefix_path.ps1'
[14.085s] INFO:colcon.colcon_core.shell:Creating environment descriptor '/home/conor/Documents/aero2025/ros_workspace_2025/perception_ws/install/px4_ros_com/share/px4_ros_com/hook/cmake_prefix_path.dsv'
[14.085s] INFO:colcon.colcon_core.shell:Creating environment hook '/home/conor/Documents/aero2025/ros_workspace_2025/perception_ws/install/px4_ros_com/share/px4_ros_com/hook/cmake_prefix_path.sh'
[14.086s] Level 1:colcon.colcon_core.environment:checking '/home/conor/Documents/aero2025/ros_workspace_2025/perception_ws/install/px4_ros_com/lib'
[14.086s] Level 1:colcon.colcon_core.shell:create_environment_hook('px4_ros_com', 'ld_library_path_lib')
[14.086s] INFO:colcon.colcon_core.shell:Creating environment hook '/home/conor/Documents/aero2025/ros_workspace_2025/perception_ws/install/px4_ros_com/share/px4_ros_com/hook/ld_library_path_lib.ps1'
[14.086s] INFO:colcon.colcon_core.shell:Creating environment descriptor '/home/conor/Documents/aero2025/ros_workspace_2025/perception_ws/install/px4_ros_com/share/px4_ros_com/hook/ld_library_path_lib.dsv'
[14.086s] INFO:colcon.colcon_core.shell:Creating environment hook '/home/conor/Documents/aero2025/ros_workspace_2025/perception_ws/install/px4_ros_com/share/px4_ros_com/hook/ld_library_path_lib.sh'
[14.086s] Level 1:colcon.colcon_core.environment:checking '/home/conor/Documents/aero2025/ros_workspace_2025/perception_ws/install/px4_ros_com/bin'
[14.086s] Level 1:colcon.colcon_core.environment:checking '/home/conor/Documents/aero2025/ros_workspace_2025/perception_ws/install/px4_ros_com/lib/pkgconfig/px4_ros_com.pc'
[14.087s] Level 1:colcon.colcon_core.environment:checking '/home/conor/Documents/aero2025/ros_workspace_2025/perception_ws/install/px4_ros_com/lib/python3.10/site-packages'
[14.087s] Level 1:colcon.colcon_core.environment:checking '/home/conor/Documents/aero2025/ros_workspace_2025/perception_ws/install/px4_ros_com/bin'
[14.087s] INFO:colcon.colcon_core.shell:Creating package script '/home/conor/Documents/aero2025/ros_workspace_2025/perception_ws/install/px4_ros_com/share/px4_ros_com/package.ps1'
[14.087s] INFO:colcon.colcon_core.shell:Creating package descriptor '/home/conor/Documents/aero2025/ros_workspace_2025/perception_ws/install/px4_ros_com/share/px4_ros_com/package.dsv'
[14.088s] INFO:colcon.colcon_core.shell:Creating package script '/home/conor/Documents/aero2025/ros_workspace_2025/perception_ws/install/px4_ros_com/share/px4_ros_com/package.sh'
[14.088s] INFO:colcon.colcon_core.shell:Creating package script '/home/conor/Documents/aero2025/ros_workspace_2025/perception_ws/install/px4_ros_com/share/px4_ros_com/package.bash'
[14.088s] INFO:colcon.colcon_core.shell:Creating package script '/home/conor/Documents/aero2025/ros_workspace_2025/perception_ws/install/px4_ros_com/share/px4_ros_com/package.zsh'
[14.089s] Level 1:colcon.colcon_core.environment:create_file_with_runtime_dependencies(/home/conor/Documents/aero2025/ros_workspace_2025/perception_ws/install/px4_ros_com/share/colcon-core/packages/px4_ros_com)
[14.139s] Level 1:colcon.colcon_core.environment:create_environment_scripts_only(px4_ros_com)
[14.140s] Level 1:colcon.colcon_core.environment:checking '/home/conor/Documents/aero2025/ros_workspace_2025/perception_ws/install/px4_ros_com' for CMake module files
[14.140s] Level 1:colcon.colcon_core.environment:checking '/home/conor/Documents/aero2025/ros_workspace_2025/perception_ws/install/px4_ros_com' for CMake config files
[14.141s] Level 1:colcon.colcon_core.shell:create_environment_hook('px4_ros_com', 'cmake_prefix_path')
[14.141s] INFO:colcon.colcon_core.shell:Creating environment hook '/home/conor/Documents/aero2025/ros_workspace_2025/perception_ws/install/px4_ros_com/share/px4_ros_com/hook/cmake_prefix_path.ps1'
[14.142s] INFO:colcon.colcon_core.shell:Creating environment descriptor '/home/conor/Documents/aero2025/ros_workspace_2025/perception_ws/install/px4_ros_com/share/px4_ros_com/hook/cmake_prefix_path.dsv'
[14.142s] INFO:colcon.colcon_core.shell:Creating environment hook '/home/conor/Documents/aero2025/ros_workspace_2025/perception_ws/install/px4_ros_com/share/px4_ros_com/hook/cmake_prefix_path.sh'
[14.143s] Level 1:colcon.colcon_core.environment:checking '/home/conor/Documents/aero2025/ros_workspace_2025/perception_ws/install/px4_ros_com/lib'
[14.143s] Level 1:colcon.colcon_core.shell:create_environment_hook('px4_ros_com', 'ld_library_path_lib')
[14.144s] INFO:colcon.colcon_core.shell:Creating environment hook '/home/conor/Documents/aero2025/ros_workspace_2025/perception_ws/install/px4_ros_com/share/px4_ros_com/hook/ld_library_path_lib.ps1'
[14.144s] INFO:colcon.colcon_core.shell:Creating environment descriptor '/home/conor/Documents/aero2025/ros_workspace_2025/perception_ws/install/px4_ros_com/share/px4_ros_com/hook/ld_library_path_lib.dsv'
[14.145s] INFO:colcon.colcon_core.shell:Creating environment hook '/home/conor/Documents/aero2025/ros_workspace_2025/perception_ws/install/px4_ros_com/share/px4_ros_com/hook/ld_library_path_lib.sh'
[14.145s] Level 1:colcon.colcon_core.environment:checking '/home/conor/Documents/aero2025/ros_workspace_2025/perception_ws/install/px4_ros_com/bin'
[14.145s] Level 1:colcon.colcon_core.environment:checking '/home/conor/Documents/aero2025/ros_workspace_2025/perception_ws/install/px4_ros_com/lib/pkgconfig/px4_ros_com.pc'
[14.145s] Level 1:colcon.colcon_core.environment:checking '/home/conor/Documents/aero2025/ros_workspace_2025/perception_ws/install/px4_ros_com/lib/python3.10/site-packages'
[14.146s] Level 1:colcon.colcon_core.environment:checking '/home/conor/Documents/aero2025/ros_workspace_2025/perception_ws/install/px4_ros_com/bin'
[14.146s] INFO:colcon.colcon_core.shell:Creating package script '/home/conor/Documents/aero2025/ros_workspace_2025/perception_ws/install/px4_ros_com/share/px4_ros_com/package.ps1'
[14.147s] INFO:colcon.colcon_core.shell:Creating package descriptor '/home/conor/Documents/aero2025/ros_workspace_2025/perception_ws/install/px4_ros_com/share/px4_ros_com/package.dsv'
[14.148s] INFO:colcon.colcon_core.shell:Creating package script '/home/conor/Documents/aero2025/ros_workspace_2025/perception_ws/install/px4_ros_com/share/px4_ros_com/package.sh'
[14.148s] INFO:colcon.colcon_core.shell:Creating package script '/home/conor/Documents/aero2025/ros_workspace_2025/perception_ws/install/px4_ros_com/share/px4_ros_com/package.bash'
[14.149s] INFO:colcon.colcon_core.shell:Creating package script '/home/conor/Documents/aero2025/ros_workspace_2025/perception_ws/install/px4_ros_com/share/px4_ros_com/package.zsh'
[14.149s] Level 1:colcon.colcon_core.environment:create_file_with_runtime_dependencies(/home/conor/Documents/aero2025/ros_workspace_2025/perception_ws/install/px4_ros_com/share/colcon-core/packages/px4_ros_com)
[14.149s] DEBUG:colcon.colcon_parallel_executor.executor.parallel:closing loop
[14.150s] DEBUG:colcon.colcon_parallel_executor.executor.parallel:loop closed
[14.150s] DEBUG:colcon.colcon_parallel_executor.executor.parallel:run_until_complete finished with '0'
[14.150s] DEBUG:colcon.colcon_core.event_reactor:joining thread
[14.154s] INFO:colcon.colcon_core.plugin_system:Skipping extension 'colcon_notification.desktop_notification.terminal_notifier': Not used on non-Darwin systems
[14.154s] INFO:colcon.colcon_core.plugin_system:Skipping extension 'colcon_notification.desktop_notification.win32': Not used on non-Windows systems
[14.154s] INFO:colcon.colcon_notification.desktop_notification:Sending desktop notification using 'notify2'
[14.168s] DEBUG:colcon.colcon_core.event_reactor:joined thread
[14.168s] INFO:colcon.colcon_core.shell:Creating prefix script '/home/conor/Documents/aero2025/ros_workspace_2025/perception_ws/install/local_setup.ps1'
[14.169s] INFO:colcon.colcon_core.shell:Creating prefix util module '/home/conor/Documents/aero2025/ros_workspace_2025/perception_ws/install/_local_setup_util_ps1.py'
[14.170s] INFO:colcon.colcon_core.shell:Creating prefix chain script '/home/conor/Documents/aero2025/ros_workspace_2025/perception_ws/install/setup.ps1'
[14.171s] INFO:colcon.colcon_core.shell:Creating prefix script '/home/conor/Documents/aero2025/ros_workspace_2025/perception_ws/install/local_setup.sh'
[14.171s] INFO:colcon.colcon_core.shell:Creating prefix util module '/home/conor/Documents/aero2025/ros_workspace_2025/perception_ws/install/_local_setup_util_sh.py'
[14.172s] INFO:colcon.colcon_core.shell:Creating prefix chain script '/home/conor/Documents/aero2025/ros_workspace_2025/perception_ws/install/setup.sh'
[14.173s] INFO:colcon.colcon_core.shell:Creating prefix script '/home/conor/Documents/aero2025/ros_workspace_2025/perception_ws/install/local_setup.bash'
[14.174s] INFO:colcon.colcon_core.shell:Creating prefix chain script '/home/conor/Documents/aero2025/ros_workspace_2025/perception_ws/install/setup.bash'
[14.175s] INFO:colcon.colcon_core.shell:Creating prefix script '/home/conor/Documents/aero2025/ros_workspace_2025/perception_ws/install/local_setup.zsh'
[14.175s] INFO:colcon.colcon_core.shell:Creating prefix chain script '/home/conor/Documents/aero2025/ros_workspace_2025/perception_ws/install/setup.zsh'
