[0.604s] Invoking command in '/home/em/keshavTest/ros_workspace_2025/perception_ws/src/controller': PYTHONPATH=/home/em/keshavTest/ros_workspace_2025/perception_ws/build/controller/prefix_override:/usr/lib/python3/dist-packages/colcon_core/task/python/colcon_distutils_commands:/home/em/keshavTest/ros_workspace_2025/perception_ws/install/controller/lib/python3.10/site-packages:${PYTHONPATH} /usr/bin/python3 -W ignore:setup.py install is deprecated setup.py egg_info --egg-base ../../build/controller build --build-base /home/em/keshavTest/ros_workspace_2025/perception_ws/build/controller/build install --record /home/em/keshavTest/ros_workspace_2025/perception_ws/build/controller/install.log --single-version-externally-managed install_data
[0.685s] /home/em/.local/lib/python3.10/site-packages/setuptools/_distutils/dist.py:261: UserWarning: Unknown distribution option: 'tests_require'
[0.686s]   warnings.warn(msg)
[0.727s] running egg_info
[0.734s] writing ../../build/controller/controller.egg-info/PKG-INFO
[0.734s] writing dependency_links to ../../build/controller/controller.egg-info/dependency_links.txt
[0.734s] writing requirements to ../../build/controller/controller.egg-info/requires.txt
[0.734s] writing top-level names to ../../build/controller/controller.egg-info/top_level.txt
[0.748s] reading manifest file '../../build/controller/controller.egg-info/SOURCES.txt'
[0.749s] writing manifest file '../../build/controller/controller.egg-info/SOURCES.txt'
[0.749s] running build
[0.749s] running build_py
[0.749s] copying controller/__init__.py -> /home/em/keshavTest/ros_workspace_2025/perception_ws/build/controller/build/lib/controller
[0.749s] copying controller/takeoff_and_land.py -> /home/em/keshavTest/ros_workspace_2025/perception_ws/build/controller/build/lib/controller
[0.749s] copying controller/text.py -> /home/em/keshavTest/ros_workspace_2025/perception_ws/build/controller/build/lib/controller
[0.749s] copying controller/plane_fly.py -> /home/em/keshavTest/ros_workspace_2025/perception_ws/build/controller/build/lib/controller
[0.749s] copying controller/camera.py -> /home/em/keshavTest/ros_workspace_2025/perception_ws/build/controller/build/lib/controller
[0.750s] running install
[0.752s] running install_lib
[0.759s] running install_data
[0.759s] copying resource/controller -> /home/em/keshavTest/ros_workspace_2025/perception_ws/install/controller/share/ament_index/resource_index/packages
[0.759s] copying package.xml -> /home/em/keshavTest/ros_workspace_2025/perception_ws/install/controller/share/controller
[0.759s] running install_egg_info
[0.767s] removing '/home/em/keshavTest/ros_workspace_2025/perception_ws/install/controller/lib/python3.10/site-packages/controller-0.0.0-py3.10.egg-info' (and everything under it)
[0.767s] Copying ../../build/controller/controller.egg-info to /home/em/keshavTest/ros_workspace_2025/perception_ws/install/controller/lib/python3.10/site-packages/controller-0.0.0-py3.10.egg-info
[0.767s] running install_scripts
[0.826s] writing list of installed files to '/home/em/keshavTest/ros_workspace_2025/perception_ws/build/controller/install.log'
[0.840s] Invoked command in '/home/em/keshavTest/ros_workspace_2025/perception_ws/src/controller' returned '0': PYTHONPATH=/home/em/keshavTest/ros_workspace_2025/perception_ws/build/controller/prefix_override:/usr/lib/python3/dist-packages/colcon_core/task/python/colcon_distutils_commands:/home/em/keshavTest/ros_workspace_2025/perception_ws/install/controller/lib/python3.10/site-packages:${PYTHONPATH} /usr/bin/python3 -W ignore:setup.py install is deprecated setup.py egg_info --egg-base ../../build/controller build --build-base /home/em/keshavTest/ros_workspace_2025/perception_ws/build/controller/build install --record /home/em/keshavTest/ros_workspace_2025/perception_ws/build/controller/install.log --single-version-externally-managed install_data
