[0.389s] Invoking command in '/home/zephra/ros_workspace_2025/perception_ws/src/controller': PYTHONPATH=/home/zephra/ros_workspace_2025/perception_ws/build/controller/prefix_override:/usr/lib/python3/dist-packages/colcon_core/task/python/colcon_distutils_commands:/home/zephra/ros_workspace_2025/perception_ws/install/controller/lib/python3.10/site-packages:${PYTHONPATH} /usr/bin/python3 -W ignore:setup.py install is deprecated -W ignore:easy_install command is deprecated setup.py egg_info --egg-base ../../build/controller build --build-base /home/zephra/ros_workspace_2025/perception_ws/build/controller/build install --record /home/zephra/ros_workspace_2025/perception_ws/build/controller/install.log --single-version-externally-managed install_data
[0.575s] running egg_info
[0.576s] writing ../../build/controller/controller.egg-info/PKG-INFO
[0.576s] writing dependency_links to ../../build/controller/controller.egg-info/dependency_links.txt
[0.576s] writing entry points to ../../build/controller/controller.egg-info/entry_points.txt
[0.576s] writing requirements to ../../build/controller/controller.egg-info/requires.txt
[0.576s] writing top-level names to ../../build/controller/controller.egg-info/top_level.txt
[0.577s] reading manifest file '../../build/controller/controller.egg-info/SOURCES.txt'
[0.577s] writing manifest file '../../build/controller/controller.egg-info/SOURCES.txt'
[0.578s] running build
[0.578s] running build_py
[0.578s] copying controller/takeoff_and_land.py -> /home/zephra/ros_workspace_2025/perception_ws/build/controller/build/lib/controller
[0.578s] running install
[0.578s] running install_lib
[0.579s] copying /home/zephra/ros_workspace_2025/perception_ws/build/controller/build/lib/controller/takeoff_and_land.py -> /home/zephra/ros_workspace_2025/perception_ws/install/controller/lib/python3.10/site-packages/controller
[0.579s] byte-compiling /home/zephra/ros_workspace_2025/perception_ws/install/controller/lib/python3.10/site-packages/controller/takeoff_and_land.py to takeoff_and_land.cpython-310.pyc
[0.580s] running install_data
[0.580s] running install_egg_info
[0.582s] removing '/home/zephra/ros_workspace_2025/perception_ws/install/controller/lib/python3.10/site-packages/controller-0.0.0-py3.10.egg-info' (and everything under it)
[0.582s] Copying ../../build/controller/controller.egg-info to /home/zephra/ros_workspace_2025/perception_ws/install/controller/lib/python3.10/site-packages/controller-0.0.0-py3.10.egg-info
[0.582s] running install_scripts
[0.598s] writing list of installed files to '/home/zephra/ros_workspace_2025/perception_ws/build/controller/install.log'
[0.618s] Invoked command in '/home/zephra/ros_workspace_2025/perception_ws/src/controller' returned '0': PYTHONPATH=/home/zephra/ros_workspace_2025/perception_ws/build/controller/prefix_override:/usr/lib/python3/dist-packages/colcon_core/task/python/colcon_distutils_commands:/home/zephra/ros_workspace_2025/perception_ws/install/controller/lib/python3.10/site-packages:${PYTHONPATH} /usr/bin/python3 -W ignore:setup.py install is deprecated -W ignore:easy_install command is deprecated setup.py egg_info --egg-base ../../build/controller build --build-base /home/zephra/ros_workspace_2025/perception_ws/build/controller/build install --record /home/zephra/ros_workspace_2025/perception_ws/build/controller/install.log --single-version-externally-managed install_data
