[1.707s] Invoking command in '/home/keshav/ros_workspace_2025/perception_ws/src/bucketDetector': PYTHONPATH=/home/keshav/ros_workspace_2025/perception_ws/build/bucketDetector/prefix_override:/usr/lib/python3/dist-packages/colcon_core/task/python/colcon_distutils_commands:/home/keshav/ros_workspace_2025/perception_ws/install/bucketDetector/lib/python3.10/site-packages:${PYTHONPATH} /usr/bin/python3 -W ignore:setup.py install is deprecated -W ignore:easy_install command is deprecated setup.py egg_info --egg-base ../../build/bucketDetector build --build-base /home/keshav/ros_workspace_2025/perception_ws/build/bucketDetector/build install --record /home/keshav/ros_workspace_2025/perception_ws/build/bucketDetector/install.log --single-version-externally-managed install_data
[2.188s] /home/keshav/.local/lib/python3.10/site-packages/setuptools/_distutils/dist.py:270: UserWarning: Unknown distribution option: 'tests_require'
[2.188s]   warnings.warn(msg)
[2.220s] running egg_info
[2.227s] writing ../../build/bucketDetector/bucketDetector.egg-info/PKG-INFO
[2.228s] writing dependency_links to ../../build/bucketDetector/bucketDetector.egg-info/dependency_links.txt
[2.228s] writing entry points to ../../build/bucketDetector/bucketDetector.egg-info/entry_points.txt
[2.228s] writing requirements to ../../build/bucketDetector/bucketDetector.egg-info/requires.txt
[2.229s] writing top-level names to ../../build/bucketDetector/bucketDetector.egg-info/top_level.txt
[2.241s] reading manifest file '../../build/bucketDetector/bucketDetector.egg-info/SOURCES.txt'
[2.241s] writing manifest file '../../build/bucketDetector/bucketDetector.egg-info/SOURCES.txt'
[2.241s] running build
[2.241s] running build_py
[2.242s] copying bucketDetector/bucket.py -> /home/keshav/ros_workspace_2025/perception_ws/build/bucketDetector/build/lib/bucketDetector
[2.242s] copying bucketDetector/bucketDetector.py -> /home/keshav/ros_workspace_2025/perception_ws/build/bucketDetector/build/lib/bucketDetector
[2.242s] copying bucketDetector/__init__.py -> /home/keshav/ros_workspace_2025/perception_ws/build/bucketDetector/build/lib/bucketDetector
[2.242s] running install
[2.243s] running install_lib
[2.248s] copying /home/keshav/ros_workspace_2025/perception_ws/build/bucketDetector/build/lib/bucketDetector/bucket.py -> /home/keshav/ros_workspace_2025/perception_ws/install/bucketDetector/lib/python3.10/site-packages/bucketDetector
[2.248s] copying /home/keshav/ros_workspace_2025/perception_ws/build/bucketDetector/build/lib/bucketDetector/bucketDetector.py -> /home/keshav/ros_workspace_2025/perception_ws/install/bucketDetector/lib/python3.10/site-packages/bucketDetector
[2.248s] byte-compiling /home/keshav/ros_workspace_2025/perception_ws/install/bucketDetector/lib/python3.10/site-packages/bucketDetector/bucket.py to bucket.cpython-310.pyc
[2.248s] byte-compiling /home/keshav/ros_workspace_2025/perception_ws/install/bucketDetector/lib/python3.10/site-packages/bucketDetector/bucketDetector.py to bucketDetector.cpython-310.pyc
[2.248s] running install_data
[2.248s] copying resource/bucketDetector -> /home/keshav/ros_workspace_2025/perception_ws/install/bucketDetector/share/ament_index/resource_index/packages
[2.249s] copying package.xml -> /home/keshav/ros_workspace_2025/perception_ws/install/bucketDetector/share/bucketDetector
[2.249s] running install_egg_info
[2.251s] removing '/home/keshav/ros_workspace_2025/perception_ws/install/bucketDetector/lib/python3.10/site-packages/bucketDetector-0.0.0-py3.10.egg-info' (and everything under it)
[2.251s] Copying ../../build/bucketDetector/bucketDetector.egg-info to /home/keshav/ros_workspace_2025/perception_ws/install/bucketDetector/lib/python3.10/site-packages/bucketDetector-0.0.0-py3.10.egg-info
[2.251s] running install_scripts
[2.403s] Installing bucket_detector script to /home/keshav/ros_workspace_2025/perception_ws/install/bucketDetector/lib/bucketDetector
[2.404s] writing list of installed files to '/home/keshav/ros_workspace_2025/perception_ws/build/bucketDetector/install.log'
[2.455s] Invoked command in '/home/keshav/ros_workspace_2025/perception_ws/src/bucketDetector' returned '0': PYTHONPATH=/home/keshav/ros_workspace_2025/perception_ws/build/bucketDetector/prefix_override:/usr/lib/python3/dist-packages/colcon_core/task/python/colcon_distutils_commands:/home/keshav/ros_workspace_2025/perception_ws/install/bucketDetector/lib/python3.10/site-packages:${PYTHONPATH} /usr/bin/python3 -W ignore:setup.py install is deprecated -W ignore:easy_install command is deprecated setup.py egg_info --egg-base ../../build/bucketDetector build --build-base /home/keshav/ros_workspace_2025/perception_ws/build/bucketDetector/build install --record /home/keshav/ros_workspace_2025/perception_ws/build/bucketDetector/install.log --single-version-externally-managed install_data
