[1.666s] Invoking command in '/home/keshav/ros_workspace_2025/perception_ws/src/fixedWing': PYTHONPATH=/home/keshav/ros_workspace_2025/perception_ws/build/fixedWing/prefix_override:/usr/lib/python3/dist-packages/colcon_core/task/python/colcon_distutils_commands:/home/keshav/ros_workspace_2025/perception_ws/install/fixedWing/lib/python3.10/site-packages:${PYTHONPATH} /usr/bin/python3 -W ignore:setup.py install is deprecated -W ignore:easy_install command is deprecated setup.py egg_info --egg-base ../../build/fixedWing build --build-base /home/keshav/ros_workspace_2025/perception_ws/build/fixedWing/build install --record /home/keshav/ros_workspace_2025/perception_ws/build/fixedWing/install.log --single-version-externally-managed install_data
[2.187s] /home/keshav/.local/lib/python3.10/site-packages/setuptools/_distutils/dist.py:270: UserWarning: Unknown distribution option: 'tests_require'
[2.187s]   warnings.warn(msg)
[2.218s] running egg_info
[2.225s] writing ../../build/fixedWing/fixedWing.egg-info/PKG-INFO
[2.225s] writing dependency_links to ../../build/fixedWing/fixedWing.egg-info/dependency_links.txt
[2.225s] writing requirements to ../../build/fixedWing/fixedWing.egg-info/requires.txt
[2.225s] writing top-level names to ../../build/fixedWing/fixedWing.egg-info/top_level.txt
[2.236s] reading manifest file '../../build/fixedWing/fixedWing.egg-info/SOURCES.txt'
[2.236s] writing manifest file '../../build/fixedWing/fixedWing.egg-info/SOURCES.txt'
[2.237s] running build
[2.237s] running build_py
[2.237s] copying fixedWing/fixedWingTakeOff.py -> /home/keshav/ros_workspace_2025/perception_ws/build/fixedWing/build/lib/fixedWing
[2.237s] copying fixedWing/__init__.py -> /home/keshav/ros_workspace_2025/perception_ws/build/fixedWing/build/lib/fixedWing
[2.237s] running install
[2.238s] running install_lib
[2.240s] running install_data
[2.240s] copying resource/fixedWing -> /home/keshav/ros_workspace_2025/perception_ws/install/fixedWing/share/ament_index/resource_index/packages
[2.240s] copying package.xml -> /home/keshav/ros_workspace_2025/perception_ws/install/fixedWing/share/fixedWing
[2.240s] running install_egg_info
[2.241s] removing '/home/keshav/ros_workspace_2025/perception_ws/install/fixedWing/lib/python3.10/site-packages/fixedWing-0.0.0-py3.10.egg-info' (and everything under it)
[2.241s] Copying ../../build/fixedWing/fixedWing.egg-info to /home/keshav/ros_workspace_2025/perception_ws/install/fixedWing/lib/python3.10/site-packages/fixedWing-0.0.0-py3.10.egg-info
[2.241s] running install_scripts
[2.345s] writing list of installed files to '/home/keshav/ros_workspace_2025/perception_ws/build/fixedWing/install.log'
[2.378s] Invoked command in '/home/keshav/ros_workspace_2025/perception_ws/src/fixedWing' returned '0': PYTHONPATH=/home/keshav/ros_workspace_2025/perception_ws/build/fixedWing/prefix_override:/usr/lib/python3/dist-packages/colcon_core/task/python/colcon_distutils_commands:/home/keshav/ros_workspace_2025/perception_ws/install/fixedWing/lib/python3.10/site-packages:${PYTHONPATH} /usr/bin/python3 -W ignore:setup.py install is deprecated -W ignore:easy_install command is deprecated setup.py egg_info --egg-base ../../build/fixedWing build --build-base /home/keshav/ros_workspace_2025/perception_ws/build/fixedWing/build install --record /home/keshav/ros_workspace_2025/perception_ws/build/fixedWing/install.log --single-version-externally-managed install_data
