[0.807s] Invoking command in '/home/conor/Documents/aero2025/ros_workspace_2025/perception_ws/src/controller': PYTHONPATH=/home/conor/Documents/aero2025/ros_workspace_2025/perception_ws/build/controller/prefix_override:/usr/lib/python3/dist-packages/colcon_core/task/python/colcon_distutils_commands:/home/conor/Documents/aero2025/ros_workspace_2025/perception_ws/install/controller/lib/python3.10/site-packages:${PYTHONPATH} /usr/bin/python3 -W ignore:setup.py install is deprecated setup.py egg_info --egg-base ../../build/controller build --build-base /home/conor/Documents/aero2025/ros_workspace_2025/perception_ws/build/controller/build install --record /home/conor/Documents/aero2025/ros_workspace_2025/perception_ws/build/controller/install.log --single-version-externally-managed install_data
[1.045s] running egg_info
[1.061s] writing ../../build/controller/controller.egg-info/PKG-INFO
[1.061s] writing dependency_links to ../../build/controller/controller.egg-info/dependency_links.txt
[1.061s] deleting ../../build/controller/controller.egg-info/entry_points.txt
[1.061s] writing requirements to ../../build/controller/controller.egg-info/requires.txt
[1.061s] writing top-level names to ../../build/controller/controller.egg-info/top_level.txt
[1.094s] reading manifest file '../../build/controller/controller.egg-info/SOURCES.txt'
[1.095s] writing manifest file '../../build/controller/controller.egg-info/SOURCES.txt'
[1.095s] running build
[1.095s] running build_py
[1.095s] copying controller/takeoff_and_land.py -> /home/conor/Documents/aero2025/ros_workspace_2025/perception_ws/build/controller/build/lib/controller
[1.095s] copying controller/camera.py -> /home/conor/Documents/aero2025/ros_workspace_2025/perception_ws/build/controller/build/lib/controller
[1.096s] copying controller/__init__.py -> /home/conor/Documents/aero2025/ros_workspace_2025/perception_ws/build/controller/build/lib/controller
[1.096s] running install
[1.100s] running install_lib
[1.115s] running install_data
[1.115s] copying resource/controller -> /home/conor/Documents/aero2025/ros_workspace_2025/perception_ws/install/controller/share/ament_index/resource_index/packages
[1.115s] copying package.xml -> /home/conor/Documents/aero2025/ros_workspace_2025/perception_ws/install/controller/share/controller
[1.116s] running install_egg_info
[1.132s] removing '/home/conor/Documents/aero2025/ros_workspace_2025/perception_ws/install/controller/lib/python3.10/site-packages/controller-0.0.0-py3.10.egg-info' (and everything under it)
[1.132s] Copying ../../build/controller/controller.egg-info to /home/conor/Documents/aero2025/ros_workspace_2025/perception_ws/install/controller/lib/python3.10/site-packages/controller-0.0.0-py3.10.egg-info
[1.133s] running install_scripts
[1.279s] writing list of installed files to '/home/conor/Documents/aero2025/ros_workspace_2025/perception_ws/build/controller/install.log'
[1.306s] Invoked command in '/home/conor/Documents/aero2025/ros_workspace_2025/perception_ws/src/controller' returned '0': PYTHONPATH=/home/conor/Documents/aero2025/ros_workspace_2025/perception_ws/build/controller/prefix_override:/usr/lib/python3/dist-packages/colcon_core/task/python/colcon_distutils_commands:/home/conor/Documents/aero2025/ros_workspace_2025/perception_ws/install/controller/lib/python3.10/site-packages:${PYTHONPATH} /usr/bin/python3 -W ignore:setup.py install is deprecated setup.py egg_info --egg-base ../../build/controller build --build-base /home/conor/Documents/aero2025/ros_workspace_2025/perception_ws/build/controller/build install --record /home/conor/Documents/aero2025/ros_workspace_2025/perception_ws/build/controller/install.log --single-version-externally-managed install_data
