[0.337s] Invoking command in '/home/zephra/ros_workspace_2025/perception_ws/src/controller': PYTHONPATH=/home/zephra/ros_workspace_2025/perception_ws/build/controller/prefix_override:/usr/lib/python3/dist-packages/colcon_core/task/python/colcon_distutils_commands:/home/zephra/ros_workspace_2025/perception_ws/install/controller/lib/python3.10/site-packages:${PYTHONPATH} /usr/bin/python3 -W ignore:setup.py install is deprecated -W ignore:easy_install command is deprecated setup.py egg_info --egg-base ../../build/controller build --build-base /home/zephra/ros_workspace_2025/perception_ws/build/controller/build install --record /home/zephra/ros_workspace_2025/perception_ws/build/controller/install.log --single-version-externally-managed install_data
[0.460s] running egg_info
[0.460s] creating ../../build/controller/controller.egg-info
[0.461s] writing ../../build/controller/controller.egg-info/PKG-INFO
[0.461s] writing dependency_links to ../../build/controller/controller.egg-info/dependency_links.txt
[0.461s] writing entry points to ../../build/controller/controller.egg-info/entry_points.txt
[0.461s] writing requirements to ../../build/controller/controller.egg-info/requires.txt
[0.461s] writing top-level names to ../../build/controller/controller.egg-info/top_level.txt
[0.461s] writing manifest file '../../build/controller/controller.egg-info/SOURCES.txt'
[0.462s] reading manifest file '../../build/controller/controller.egg-info/SOURCES.txt'
[0.462s] writing manifest file '../../build/controller/controller.egg-info/SOURCES.txt'
[0.462s] running build
[0.462s] running build_py
[0.462s] creating /home/zephra/ros_workspace_2025/perception_ws/build/controller/build
[0.462s] creating /home/zephra/ros_workspace_2025/perception_ws/build/controller/build/lib
[0.462s] creating /home/zephra/ros_workspace_2025/perception_ws/build/controller/build/lib/controller
[0.462s] copying controller/__init__.py -> /home/zephra/ros_workspace_2025/perception_ws/build/controller/build/lib/controller
[0.463s] copying controller/camera.py -> /home/zephra/ros_workspace_2025/perception_ws/build/controller/build/lib/controller
[0.463s] running install
[0.463s] running install_lib
[0.463s] creating /home/zephra/ros_workspace_2025/perception_ws/install/controller/lib/python3.10/site-packages/controller
[0.463s] copying /home/zephra/ros_workspace_2025/perception_ws/build/controller/build/lib/controller/__init__.py -> /home/zephra/ros_workspace_2025/perception_ws/install/controller/lib/python3.10/site-packages/controller
[0.463s] copying /home/zephra/ros_workspace_2025/perception_ws/build/controller/build/lib/controller/camera.py -> /home/zephra/ros_workspace_2025/perception_ws/install/controller/lib/python3.10/site-packages/controller
[0.463s] byte-compiling /home/zephra/ros_workspace_2025/perception_ws/install/controller/lib/python3.10/site-packages/controller/__init__.py to __init__.cpython-310.pyc
[0.463s] byte-compiling /home/zephra/ros_workspace_2025/perception_ws/install/controller/lib/python3.10/site-packages/controller/camera.py to camera.cpython-310.pyc
[0.463s] running install_data
[0.463s] creating /home/zephra/ros_workspace_2025/perception_ws/install/controller/share/ament_index
[0.463s] creating /home/zephra/ros_workspace_2025/perception_ws/install/controller/share/ament_index/resource_index
[0.463s] creating /home/zephra/ros_workspace_2025/perception_ws/install/controller/share/ament_index/resource_index/packages
[0.463s] copying resource/controller -> /home/zephra/ros_workspace_2025/perception_ws/install/controller/share/ament_index/resource_index/packages
[0.464s] copying package.xml -> /home/zephra/ros_workspace_2025/perception_ws/install/controller/share/controller
[0.464s] running install_egg_info
[0.464s] Copying ../../build/controller/controller.egg-info to /home/zephra/ros_workspace_2025/perception_ws/install/controller/lib/python3.10/site-packages/controller-0.0.0-py3.10.egg-info
[0.465s] running install_scripts
[0.478s] writing list of installed files to '/home/zephra/ros_workspace_2025/perception_ws/build/controller/install.log'
[0.493s] Invoked command in '/home/zephra/ros_workspace_2025/perception_ws/src/controller' returned '0': PYTHONPATH=/home/zephra/ros_workspace_2025/perception_ws/build/controller/prefix_override:/usr/lib/python3/dist-packages/colcon_core/task/python/colcon_distutils_commands:/home/zephra/ros_workspace_2025/perception_ws/install/controller/lib/python3.10/site-packages:${PYTHONPATH} /usr/bin/python3 -W ignore:setup.py install is deprecated -W ignore:easy_install command is deprecated setup.py egg_info --egg-base ../../build/controller build --build-base /home/zephra/ros_workspace_2025/perception_ws/build/controller/build install --record /home/zephra/ros_workspace_2025/perception_ws/build/controller/install.log --single-version-externally-managed install_data
