running egg_info
writing ../../build/controller/controller.egg-info/PKG-INFO
writing dependency_links to ../../build/controller/controller.egg-info/dependency_links.txt
writing entry points to ../../build/controller/controller.egg-info/entry_points.txt
writing requirements to ../../build/controller/controller.egg-info/requires.txt
writing top-level names to ../../build/controller/controller.egg-info/top_level.txt
reading manifest file '../../build/controller/controller.egg-info/SOURCES.txt'
writing manifest file '../../build/controller/controller.egg-info/SOURCES.txt'
running build
running build_py
copying controller/figure_8.py -> /home/zephra/ros_workspace_2025/perception_ws/build/controller/build/lib/controller
running install
running install_lib
copying /home/zephra/ros_workspace_2025/perception_ws/build/controller/build/lib/controller/figure_8.py -> /home/zephra/ros_workspace_2025/perception_ws/install/controller/lib/python3.10/site-packages/controller
byte-compiling /home/zephra/ros_workspace_2025/perception_ws/install/controller/lib/python3.10/site-packages/controller/figure_8.py to figure_8.cpython-310.pyc
Sorry: IndentationError: expected an indented block after 'if' statement on line 184 (figure_8.py, line 185)
running install_data
running install_egg_info
removing '/home/zephra/ros_workspace_2025/perception_ws/install/controller/lib/python3.10/site-packages/controller-0.0.0-py3.10.egg-info' (and everything under it)
Copying ../../build/controller/controller.egg-info to /home/zephra/ros_workspace_2025/perception_ws/install/controller/lib/python3.10/site-packages/controller-0.0.0-py3.10.egg-info
running install_scripts
writing list of installed files to '/home/zephra/ros_workspace_2025/perception_ws/build/controller/install.log'
